    {
        "Event": {
            "@xmlns": "http://schemas.microsoft.com/win/2004/08/events/event",
            "System": {
                "Provider": {
                    "@Name": "Microsoft-Windows-Servicing",
                    "@Guid": "{bd12f3b8-fc40-4a61-a307-b7a013a069c1}"
                },
                "EventID": {
                    "@Qualifiers": "",
                    "#text": "9"
                },
                "Version": "0",
                "Level": "0",
                "Task": "1",
                "Opcode": "0",
                "Keywords": "0x8000000000000000",
                "TimeCreated": {
                    "@SystemTime": "2022-11-24 09:19:35.303011+00:00"
                },
                "EventRecordID": "189",
                "Correlation": {
                    "@ActivityID": "{ab681a1d-5be7-4218-b62e-b392d4f31c10}",
                    "@RelatedActivityID": ""
                },
                "Execution": {
                    "@ProcessID": "10840",
                    "@ThreadID": "12320"
                },
                "Channel": "Setup",
                "Computer": "N900B7FFD.kbceu.kbcnet.tech",
                "Security": {
                    "@UserID": "S-1-5-18"
                }
            },
            "UserData": {
                "CbsUpdateChangeState": {
                    "@xmlns": "http://manifests.microsoft.com/win/2004/08/windows/setup_provider",
                    "UpdateName": "MSRDC-Infrastructure",
                    "PackageIdentifier": "Microsoft-Windows-RDC",
                    "ErrorCode": "0x0",
                    "Client": "DISM Package Manager Provider"
                }
            }
        }
    },
    {
        "Event": {
            "@xmlns": "http://schemas.microsoft.com/win/2004/08/events/event",
            "System": {
                "Provider": {
                    "@Name": "Microsoft-Windows-Servicing",
                    "@Guid": "{bd12f3b8-fc40-4a61-a307-b7a013a069c1}"
                },
                "EventID": {
                    "@Qualifiers": "",
                    "#text": "7"
                },
                "Version": "0",
                "Level": "0",
                "Task": "1",
                "Opcode": "0",
                "Keywords": "0x8000000000000000",
                "TimeCreated": {
                    "@SystemTime": "2023-02-11 14:39:03.119717+00:00"
                },
                "EventRecordID": "205",
                "Correlation": {
                    "@ActivityID": "{b3709a31-0e71-471f-a546-03aa9cd1ced9}",
                    "@RelatedActivityID": ""
                },
                "Execution": {
                    "@ProcessID": "18216",
                    "@ThreadID": "2932"
                },
                "Channel": "Setup",
                "Computer": "N900B7FFD.kbceu.kbcnet.tech",
                "Security": {
                    "@UserID": "S-1-5-18"
                }
            },
            "UserData": {
                "CbsUpdateChangeState": {
                    "@xmlns": "http://manifests.microsoft.com/win/2004/08/windows/setup_provider",
                    "UpdateName": "HypervisorPlatform",
                    "PackageIdentifier": "Microsoft-Windows-HyperV-OptionalFeature-HypervisorPlatform-Disabled",
                    "ErrorCode": null,
                    "Client": "DISM Package Manager Provider"
                }
            }
        }
    },
    {
        "Event": {
            "@xmlns": "http://schemas.microsoft.com/win/2004/08/events/event",
            "System": {
                "Provider": {
                    "@Name": "Microsoft-Windows-Servicing",
                    "@Guid": "{bd12f3b8-fc40-4a61-a307-b7a013a069c1}"
                },
                "EventID": {
                    "@Qualifiers": "",
                    "#text": "9"
                },
                "Version": "0",
                "Level": "0",
                "Task": "1",
                "Opcode": "0",
                "Keywords": "0x8000000000000000",
                "TimeCreated": {
                    "@SystemTime": "2023-02-11 14:39:04.884703+00:00"
                },
                "EventRecordID": "206",
                "Correlation": {
                    "@ActivityID": "{b3709a31-0e71-471f-a546-03aa9cd1ced9}",
                    "@RelatedActivityID": ""
                },
                "Execution": {
                    "@ProcessID": "18216",
                    "@ThreadID": "2932"
                },
                "Channel": "Setup",
                "Computer": "N900B7FFD.kbceu.kbcnet.tech",
                "Security": {
                    "@UserID": "S-1-5-18"
                }
            },
            "UserData": {
                "CbsUpdateChangeState": {
                    "@xmlns": "http://manifests.microsoft.com/win/2004/08/windows/setup_provider",
                    "UpdateName": "HypervisorPlatform",
                    "PackageIdentifier": "Microsoft-Windows-HyperV-OptionalFeature-HypervisorPlatform-Disabled",
                    "ErrorCode": "0x0",
                    "Client": "DISM Package Manager Provider"
                }
            }
        }
    }
]