[
    {
        "Event": {
            "@xmlns": "http://schemas.microsoft.com/win/2004/08/events/event",
            "System": {
                "Provider": {
                    "@Name": "Microsoft-Windows-PowerShell",
                    "@Guid": "{a0c1853b-5c40-4b15-8766-3cf1c58f985a}"
                },
                "EventID": {
                    "@Qualifiers": "",
                    "#text": "4104"
                },
                "Version": "1",
                "Level": "5",
                "Task": "102",
                "Opcode": "15",
                "Keywords": "0x0000000000000000",
                "TimeCreated": {
                    "@SystemTime": "2021-10-25 18:04:24.089350+00:00"
                },
                "EventRecordID": "4460",
                "Correlation": {
                    "@ActivityID": "{8523902b-c984-0000-1c5a-248584c9d701}",
                    "@RelatedActivityID": ""
                },
                "Execution": {
                    "@ProcessID": "216",
                    "@ThreadID": "2212"
                },
                "Channel": "Microsoft-Windows-PowerShell/Operational",
                "Computer": "FS03.offsec.lan",
                "Security": {
                    "@UserID": "S-1-5-21-4230534742-2542757381-3142984815-1111"
                }
            },
            "EventData": {
                "Data": [
                    {
                        "@Name": "MessageNumber",
                        "#text": "1"
                    },
                    {
                        "@Name": "MessageTotal",
                        "#text": "1"
                    },
                    {
                        "@Name": "ScriptBlockText",
                        "#text": "Clear-EventLog -LogName application, system -confirm"
                    },
                    {
                        "@Name": "ScriptBlockId",
                        "#text": "34a9d898-6ca0-4a44-8046-ec7e191a8426"
                    }
                ]
            }
        }
    },
    {
        "Event": {
            "@xmlns": "http://schemas.microsoft.com/win/2004/08/events/event",
            "System": {
                "Provider": {
                    "@Name": "PowerShell"
                },
                "EventID": {
                    "@Qualifiers": "0",
                    "#text": "800"
                },
                "Level": "4",
                "Task": "8",
                "Keywords": "0x0080000000000000",
                "TimeCreated": {
                    "@SystemTime": "2021-10-25 18:04:30+00:00"
                },
                "EventRecordID": "1609",
                "Channel": "Windows PowerShell",
                "Computer": "FS03.offsec.lan",
                "Security": {
                    "@UserID": ""
                }
            },
            "EventData": {
                "Data": "<string>Clear-EventLog -LogName application, system -confirm</string>\n<string>\tDetailSequence=1\n\tDetailTotal=1\n\n\tSequenceNumber=1018\n\n\tUserId=OFFSEC\\admmig\n\tHostName=ConsoleHost\n\tHostVersion=4.0\n\tHostId=270059aa-c0a7-4ab1-b1bc-97ce5be47ddc\n\tHostApplication=C:\\Windows\\System32\\WindowsPowerShell\\v1.0\\powershell.exe\n\tEngineVersion=4.0\n\tRunspaceId=24e761f4-725e-4782-8bbc-11d34f5ee241\n\tPipelineId=61\n\tScriptName=\n\tCommandLine=Clear-EventLog -LogName application, system -confirm</string>\n<string>CommandInvocation(Clear-EventLog): \"Clear-EventLog\"\nParameterBinding(Clear-EventLog): name=\"LogName\"; value=\"application, system\"\nParameterBinding(Clear-EventLog): name=\"Confirm\"; value=\"True\"\n</string>",
                "Binary": null
            }
        }
    },
    {
        "Event": {
            "@xmlns": "http://schemas.microsoft.com/win/2004/08/events/event",
            "System": {
                "Provider": {
                    "@Name": "PowerShell"
                },
                "EventID": {
                    "@Qualifiers": "0",
                    "#text": "800"
                },
                "Level": "4",
                "Task": "8",
                "Keywords": "0x0080000000000000",
                "TimeCreated": {
                    "@SystemTime": "2021-10-25 18:04:30+00:00"
                },
                "EventRecordID": "1610",
                "Channel": "Windows PowerShell",
                "Computer": "FS03.offsec.lan",
                "Security": {
                    "@UserID": ""
                }
            },
            "EventData": {
                "Data": "<string>\tDetailSequence=1\n\tDetailTotal=1\n\n\tSequenceNumber=1020\n\n\tUserId=OFFSEC\\admmig\n\tHostName=ConsoleHost\n\tHostVersion=4.0\n\tHostId=270059aa-c0a7-4ab1-b1bc-97ce5be47ddc\n\tHostApplication=C:\\Windows\\System32\\WindowsPowerShell\\v1.0\\powershell.exe\n\tEngineVersion=4.0\n\tRunspaceId=24e761f4-725e-4782-8bbc-11d34f5ee241\n\tPipelineId=61\n\tScriptName=\n\tCommandLine=</string>\n<string></string>\n<string>CommandInvocation(Out-Default): \"Out-Default\"\n</string>",
                "Binary": null
            }
        }
    },
    {
        "Event": {
            "@xmlns": "http://schemas.microsoft.com/win/2004/08/events/event",
            "System": {
                "Provider": {
                    "@Name": "Microsoft-Windows-PowerShell",
                    "@Guid": "{a0c1853b-5c40-4b15-8766-3cf1c58f985a}"
                },
                "EventID": {
                    "@Qualifiers": "",
                    "#text": "4103"
                },
                "Version": "1",
                "Level": "4",
                "Task": "106",
                "Opcode": "20",
                "Keywords": "0x0000000000000000",
                "TimeCreated": {
                    "@SystemTime": "2021-10-25 18:04:30.334471+00:00"
                },
                "EventRecordID": "4461",
                "Correlation": {
                    "@ActivityID": "{8523902b-c984-0000-8c5a-248584c9d701}",
                    "@RelatedActivityID": ""
                },
                "Execution": {
                    "@ProcessID": "216",
                    "@ThreadID": "2212"
                },
                "Channel": "Microsoft-Windows-PowerShell/Operational",
                "Computer": "FS03.offsec.lan",
                "Security": {
                    "@UserID": "S-1-5-21-4230534742-2542757381-3142984815-1111"
                }
            },
            "EventData": {
                "Data": [
                    {
                        "@Name": "ContextInfo",
                        "#text": "Severity = Informational\n        Host Name = ConsoleHost\n        Host Version = 4.0\n        Host ID = 270059aa-c0a7-4ab1-b1bc-97ce5be47ddc\n        Host Application = C:\\Windows\\System32\\WindowsPowerShell\\v1.0\\powershell.exe\n        Engine Version = 4.0\n        Runspace ID = 24e761f4-725e-4782-8bbc-11d34f5ee241\n        Pipeline ID = 61\n        Command Name = Clear-EventLog\n        Command Type = Cmdlet\n        Script Name = \n        Command Path = \n        Sequence Number = 1019\n        User = OFFSEC\\admmig\n        Shell ID = Microsoft.PowerShell"
                    },
                    {
                        "@Name": "UserData"
                    },
                    {
                        "@Name": "Payload",
                        "#text": "CommandInvocation(Clear-EventLog): \"Clear-EventLog\"\nParameterBinding(Clear-EventLog): name=\"LogName\"; value=\"application, system\"\nParameterBinding(Clear-EventLog): name=\"Confirm\"; value=\"True\""
                    }
                ]
            }
        }
    },
    {
        "Event": {
            "@xmlns": "http://schemas.microsoft.com/win/2004/08/events/event",
            "System": {
                "Provider": {
                    "@Name": "Microsoft-Windows-PowerShell",
                    "@Guid": "{a0c1853b-5c40-4b15-8766-3cf1c58f985a}"
                },
                "EventID": {
                    "@Qualifiers": "",
                    "#text": "4103"
                },
                "Version": "1",
                "Level": "4",
                "Task": "106",
                "Opcode": "20",
                "Keywords": "0x0000000000000000",
                "TimeCreated": {
                    "@SystemTime": "2021-10-25 18:04:30.334471+00:00"
                },
                "EventRecordID": "4462",
                "Correlation": {
                    "@ActivityID": "{8523902b-c984-0000-8b5a-248584c9d701}",
                    "@RelatedActivityID": ""
                },
                "Execution": {
                    "@ProcessID": "216",
                    "@ThreadID": "2212"
                },
                "Channel": "Microsoft-Windows-PowerShell/Operational",
                "Computer": "FS03.offsec.lan",
                "Security": {
                    "@UserID": "S-1-5-21-4230534742-2542757381-3142984815-1111"
                }
            },
            "EventData": {
                "Data": [
                    {
                        "@Name": "ContextInfo",
                        "#text": "Severity = Informational\n        Host Name = ConsoleHost\n        Host Version = 4.0\n        Host ID = 270059aa-c0a7-4ab1-b1bc-97ce5be47ddc\n        Host Application = C:\\Windows\\System32\\WindowsPowerShell\\v1.0\\powershell.exe\n        Engine Version = 4.0\n        Runspace ID = 24e761f4-725e-4782-8bbc-11d34f5ee241\n        Pipeline ID = 61\n        Command Name = \n        Command Type = Script\n        Script Name = \n        Command Path = \n        Sequence Number = 1021\n        User = OFFSEC\\admmig\n        Shell ID = Microsoft.PowerShell"
                    },
                    {
                        "@Name": "UserData"
                    },
                    {
                        "@Name": "Payload",
                        "#text": "CommandInvocation(Out-Default): \"Out-Default\""
                    }
                ]
            }
        }
    },
    {
        "Event": {
            "@xmlns": "http://schemas.microsoft.com/win/2004/08/events/event",
            "System": {
                "Provider": {
                    "@Name": "Microsoft-Windows-PowerShell",
                    "@Guid": "{a0c1853b-5c40-4b15-8766-3cf1c58f985a}"
                },
                "EventID": {
                    "@Qualifiers": "",
                    "#text": "4104"
                },
                "Version": "1",
                "Level": "5",
                "Task": "102",
                "Opcode": "15",
                "Keywords": "0x0000000000000000",
                "TimeCreated": {
                    "@SystemTime": "2021-10-25 18:04:30.350077+00:00"
                },
                "EventRecordID": "4463",
                "Correlation": {
                    "@ActivityID": "{8523902b-c984-0000-8b5a-248584c9d701}",
                    "@RelatedActivityID": ""
                },
                "Execution": {
                    "@ProcessID": "216",
                    "@ThreadID": "2212"
                },
                "Channel": "Microsoft-Windows-PowerShell/Operational",
                "Computer": "FS03.offsec.lan",
                "Security": {
                    "@UserID": "S-1-5-21-4230534742-2542757381-3142984815-1111"
                }
            },
            "EventData": {
                "Data": [
                    {
                        "@Name": "MessageNumber",
                        "#text": "1"
                    },
                    {
                        "@Name": "MessageTotal",
                        "#text": "1"
                    },
                    {
                        "@Name": "ScriptBlockText",
                        "#text": "prompt"
                    },
                    {
                        "@Name": "ScriptBlockId",
                        "#text": "a9303d86-1da1-4ff3-b33b-3492ff77ff9a"
                    }
                ]
            }
        }
    }
]