    {
        "Event": {
            "@xmlns": "http://schemas.microsoft.com/win/2004/08/events/event",
            "System": {
                "Provider": {
                    "@Name": "Service Control Manager",
                    "@Guid": "{555908d1-a6d7-4695-8e1e-26931d2012f4}",
                    "@EventSourceName": "Service Control Manager"
                },
                "EventID": {
                    "@Qualifiers": "49152",
                    "#text": "7000"
                },
                "Version": "0",
                "Level": "2",
                "Task": "0",
                "Opcode": "0",
                "Keywords": "0x8080000000000000",
                "TimeCreated": {
                    "@SystemTime": "2021-11-03 08:18:56.278320+00:00"
                },
                "EventRecordID": "9764",
                "Correlation": {
                    "@ActivityID": "",
                    "@RelatedActivityID": ""
                },
                "Execution": {
                    "@ProcessID": "484",
                    "@ThreadID": "2512"
                },
                "Channel": "System",
                "Computer": "FS03.offsec.lan",
                "Security": {
                    "@UserID": ""
                }
            },
            "EventData": {
                "Data": [
                    {
                        "@Name": "param1",
                        "#text": "OyAiU2VjdXJpdHkgdG90YWwgZXZlbnRzIiA9ICRib3guVmFsdWUuU2VjdXJpdHlUb3RhbEV2ZW50czsgIlNlY3VyaXR5IExvZyBTaXplIChNQikiID0gJGJveC5WYWx1ZS5TZWN1cml0eUV2ZW50TG"
                    },
                    {
                        "@Name": "param2",
                        "#text": "%%1053"
                    }
                ],
                "Binary": "cwBlAGcAMQA1ADMAAAA="
            }
        }
    },
    {
        "Event": {
            "@xmlns": "http://schemas.microsoft.com/win/2004/08/events/event",
            "System": {
                "Provider": {
                    "@Name": "Service Control Manager",
                    "@Guid": "{555908d1-a6d7-4695-8e1e-26931d2012f4}",
                    "@EventSourceName": "Service Control Manager"
                },
                "EventID": {
                    "@Qualifiers": "16384",
                    "#text": "7045"
                },
                "Version": "0",
                "Level": "4",
                "Task": "0",
                "Opcode": "0",
                "Keywords": "0x8080000000000000",
                "TimeCreated": {
                    "@SystemTime": "2021-11-03 08:18:57.355190+00:00"
                },
                "EventRecordID": "9765",
                "Correlation": {
                    "@ActivityID": "",
                    "@RelatedActivityID": ""
                },
                "Execution": {
                    "@ProcessID": "484",
                    "@ThreadID": "2512"
                },
                "Channel": "System",
                "Computer": "FS03.offsec.lan",
                "Security": {
                    "@UserID": "S-1-5-21-4230534742-2542757381-3142984815-1111"
                }
            },
            "EventData": {
                "Data": [
                    {
                        "@Name": "ServiceName",
                        "#text": "9nU2l6ZTsgDQogICAgICAgICAgICAiU3lzdGVtIChFUFMpIiA9ICRib3guVmFsdWUuU3lzdGVtRVBTOyAiU3lzdGVtIDFzdCBFdmVudCIgPSAkYm94LlZhbHVlLlN5c3RlbUZpcnN0RXZlbnRUaW1l"
                    },
                    {
                        "@Name": "ImagePath",
                        "#text": "c:\\windows\\system32\\cmd.exe /c powershell -command \"Get-Service \"seg154\" | select -Expand DisplayName |out-file -append tmp_payload.txt\""
                    },
                    {
                        "@Name": "ServiceType",
                        "#text": "user mode service"
                    },
                    {
                        "@Name": "StartType",
                        "#text": "demand start"
                    },
                    {
                        "@Name": "AccountName",
                        "#text": "LocalSystem"
                    }
                ]
            }
        }
    },
    {
        "Event": {
            "@xmlns": "http://schemas.microsoft.com/win/2004/08/events/event",
            "System": {
                "Provider": {
                    "@Name": "Service Control Manager",
                    "@Guid": "{555908d1-a6d7-4695-8e1e-26931d2012f4}",
                    "@EventSourceName": "Service Control Manager"
                },
                "EventID": {
                    "@Qualifiers": "49152",
                    "#text": "7009"
                },
                "Version": "0",
                "Level": "2",
                "Task": "0",
                "Opcode": "0",
                "Keywords": "0x8080000000000000",
                "TimeCreated": {
                    "@SystemTime": "2021-11-03 08:18:57.730186+00:00"
                },
                "EventRecordID": "9766",
                "Correlation": {
                    "@ActivityID": "",
                    "@RelatedActivityID": ""
                },
                "Execution": {
                    "@ProcessID": "484",
                    "@ThreadID": "2512"
                },
                "Channel": "System",
                "Computer": "FS03.offsec.lan",
                "Security": {
                    "@UserID": ""
                }
            },
            "EventData": {
                "Data": [
                    {
                        "@Name": "param1",
                        "#text": "30000"
                    },
                    {
                        "@Name": "param2",
                        "#text": "9nU2l6ZTsgDQogICAgICAgICAgICAiU3lzdGVtIChFUFMpIiA9ICRib3guVmFsdWUuU3lzdGVtRVBTOyAiU3lzdGVtIDFzdCBFdmVudCIgPSAkYm94LlZhbHVlLlN5c3RlbUZpcnN0RXZlbnRUaW1l"
                    }
                ],
                "Binary": "cwBlAGcAMQA1ADQAAAA="
            }
        }
    },
    {
        "Event": {
            "@xmlns": "http://schemas.microsoft.com/win/2004/08/events/event",
            "System": {
                "Provider": {
                    "@Name": "Service Control Manager",
                    "@Guid": "{555908d1-a6d7-4695-8e1e-26931d2012f4}",
                    "@EventSourceName": "Service Control Manager"
                },
                "EventID": {
                    "@Qualifiers": "49152",
                    "#text": "7000"
                },
                "Version": "0",
                "Level": "2",
                "Task": "0",
                "Opcode": "0",
                "Keywords": "0x8080000000000000",
                "TimeCreated": {
                    "@SystemTime": "2021-11-03 08:18:57.730186+00:00"
                },
                "EventRecordID": "9767",
                "Correlation": {
                    "@ActivityID": "",
                    "@RelatedActivityID": ""
                },
                "Execution": {
                    "@ProcessID": "484",
                    "@ThreadID": "2512"
                },
                "Channel": "System",
                "Computer": "FS03.offsec.lan",
                "Security": {
                    "@UserID": ""
                }
            },
            "EventData": {
                "Data": [
                    {
                        "@Name": "param1",
                        "#text": "9nU2l6ZTsgDQogICAgICAgICAgICAiU3lzdGVtIChFUFMpIiA9ICRib3guVmFsdWUuU3lzdGVtRVBTOyAiU3lzdGVtIDFzdCBFdmVudCIgPSAkYm94LlZhbHVlLlN5c3RlbUZpcnN0RXZlbnRUaW1l"
                    },
                    {
                        "@Name": "param2",
                        "#text": "%%1053"
                    }
                ],
                "Binary": "cwBlAGcAMQA1ADQAAAA="
            }
        }
    },
    {
        "Event": {
            "@xmlns": "http://schemas.microsoft.com/win/2004/08/events/event",
            "System": {
                "Provider": {
                    "@Name": "Service Control Manager",
                    "@Guid": "{555908d1-a6d7-4695-8e1e-26931d2012f4}",
                    "@EventSourceName": "Service Control Manager"
                },
                "EventID": {
                    "@Qualifiers": "16384",
                    "#text": "7045"
                },
                "Version": "0",
                "Level": "4",
                "Task": "0",
                "Opcode": "0",
                "Keywords": "0x8080000000000000",
                "TimeCreated": {
                    "@SystemTime": "2021-11-03 08:18:58.798513+00:00"
                },
                "EventRecordID": "9768",
                "Correlation": {
                    "@ActivityID": "",
                    "@RelatedActivityID": ""
                },
                "Execution": {
                    "@ProcessID": "484",
                    "@ThreadID": "2512"
                },
                "Channel": "System",
                "Computer": "FS03.offsec.lan",
                "Security": {
                    "@UserID": "S-1-5-21-4230534742-2542757381-3142984815-1111"
                }
            },
            "EventData": {
                "Data": [
                    {
                        "@Name": "ServiceName",
                        "#text": "OyAiU3lzdGVtIGxhc3QgRXZlbnQiID0gJGJveC5WYWx1ZS5TeXN0ZW1MYXN0RXZlbnRUaW1lOyAiU3lzdGVtIHRvdGFsIGV2ZW50cyIgPSAkYm94LlZhbHVlLlN5c3RlbVRvdGFsRXZlbnRzOyAiU3"
                    },
                    {
                        "@Name": "ImagePath",
                        "#text": "c:\\windows\\system32\\cmd.exe /c powershell -command \"Get-Service \"seg155\" | select -Expand DisplayName |out-file -append tmp_payload.txt\""
                    },
                    {
                        "@Name": "ServiceType",
                        "#text": "user mode service"
                    },
                    {
                        "@Name": "StartType",
                        "#text": "demand start"
                    },
                    {
                        "@Name": "AccountName",
                        "#text": "LocalSystem"
                    }
                ]
            }
        }
    },
    {
        "Event": {
            "@xmlns": "http://schemas.microsoft.com/win/2004/08/events/event",
            "System": {
                "Provider": {
                    "@Name": "Service Control Manager",
                    "@Guid": "{555908d1-a6d7-4695-8e1e-26931d2012f4}",
                    "@EventSourceName": "Service Control Manager"
                },
                "EventID": {
                    "@Qualifiers": "49152",
                    "#text": "7009"
                },
                "Version": "0",
                "Level": "2",
                "Task": "0",
                "Opcode": "0",
                "Keywords": "0x8080000000000000",
                "TimeCreated": {
                    "@SystemTime": "2021-11-03 08:18:59.168209+00:00"
                },
                "EventRecordID": "9769",
                "Correlation": {
                    "@ActivityID": "",
                    "@RelatedActivityID": ""
                },
                "Execution": {
                    "@ProcessID": "484",
                    "@ThreadID": "2512"
                },
                "Channel": "System",
                "Computer": "FS03.offsec.lan",
                "Security": {
                    "@UserID": ""
                }
            },
            "EventData": {
                "Data": [
                    {
                        "@Name": "param1",
                        "#text": "30000"
                    },
                    {
                        "@Name": "param2",
                        "#text": "OyAiU3lzdGVtIGxhc3QgRXZlbnQiID0gJGJveC5WYWx1ZS5TeXN0ZW1MYXN0RXZlbnRUaW1lOyAiU3lzdGVtIHRvdGFsIGV2ZW50cyIgPSAkYm94LlZhbHVlLlN5c3RlbVRvdGFsRXZlbnRzOyAiU3"
                    }
                ],
                "Binary": "cwBlAGcAMQA1ADUAAAA="
            }
        }
    },
    {
        "Event": {
            "@xmlns": "http://schemas.microsoft.com/win/2004/08/events/event",
            "System": {
                "Provider": {
                    "@Name": "Service Control Manager",
                    "@Guid": "{555908d1-a6d7-4695-8e1e-26931d2012f4}",
                    "@EventSourceName": "Service Control Manager"
                },
                "EventID": {
                    "@Qualifiers": "49152",
                    "#text": "7000"
                },
                "Version": "0",
                "Level": "2",
                "Task": "0",
                "Opcode": "0",
                "Keywords": "0x8080000000000000",
                "TimeCreated": {
                    "@SystemTime": "2021-11-03 08:18:59.168209+00:00"
                },
                "EventRecordID": "9770",
                "Correlation": {
                    "@ActivityID": "",
                    "@RelatedActivityID": ""
                },
                "Execution": {
                    "@ProcessID": "484",
                    "@ThreadID": "2512"
                },
                "Channel": "System",
                "Computer": "FS03.offsec.lan",
                "Security": {
                    "@UserID": ""
                }
            },
            "EventData": {
                "Data": [
                    {
                        "@Name": "param1",
                        "#text": "OyAiU3lzdGVtIGxhc3QgRXZlbnQiID0gJGJveC5WYWx1ZS5TeXN0ZW1MYXN0RXZlbnRUaW1lOyAiU3lzdGVtIHRvdGFsIGV2ZW50cyIgPSAkYm94LlZhbHVlLlN5c3RlbVRvdGFsRXZlbnRzOyAiU3"
                    },
                    {
                        "@Name": "param2",
                        "#text": "%%1053"
                    }
                ],
                "Binary": "cwBlAGcAMQA1ADUAAAA="
            }
        }
    },
    {
        "Event": {
            "@xmlns": "http://schemas.microsoft.com/win/2004/08/events/event",
            "System": {
                "Provider": {
                    "@Name": "Service Control Manager",
                    "@Guid": "{555908d1-a6d7-4695-8e1e-26931d2012f4}",
                    "@EventSourceName": "Service Control Manager"
                },
                "EventID": {
                    "@Qualifiers": "16384",
                    "#text": "7045"
                },
                "Version": "0",
                "Level": "4",
                "Task": "0",
                "Opcode": "0",
                "Keywords": "0x8080000000000000",
                "TimeCreated": {
                    "@SystemTime": "2021-11-03 08:19:00.236683+00:00"
                },
                "EventRecordID": "9771",
                "Correlation": {
                    "@ActivityID": "",
                    "@RelatedActivityID": ""
                },
                "Execution": {
                    "@ProcessID": "484",
                    "@ThreadID": "2512"
                },
                "Channel": "System",
                "Computer": "FS03.offsec.lan",
                "Security": {
                    "@UserID": "S-1-5-21-4230534742-2542757381-3142984815-1111"
                }
            },
            "EventData": {
                "Data": [
                    {
                        "@Name": "ServiceName",
                        "#text": "lzdGVtIExvZyBTaXplIChNQikiID0gJGJveC5WYWx1ZS5TeXN0ZW1FdmVudExvZ1NpemU7DQogICAgICAgICAgICAiVG90YWwgKEVQUykiID0gJGJveC5WYWx1ZS5Ub3RhbEVQUzsgIlByb2ZpbGUg"
                    },
                    {
                        "@Name": "ImagePath",
                        "#text": "c:\\windows\\system32\\cmd.exe /c powershell -command \"Get-Service \"seg156\" | select -Expand DisplayName |out-file -append tmp_payload.txt\""
                    },
                    {
                        "@Name": "ServiceType",
                        "#text": "user mode service"
                    },
                    {
                        "@Name": "StartType",
                        "#text": "demand start"
                    },
                    {
                        "@Name": "AccountName",
                        "#text": "LocalSystem"
                    }
                ]
            }
        }
    },
    {
        "Event": {
            "@xmlns": "http://schemas.microsoft.com/win/2004/08/events/event",
            "System": {
                "Provider": {
                    "@Name": "Service Control Manager",
                    "@Guid": "{555908d1-a6d7-4695-8e1e-26931d2012f4}",
                    "@EventSourceName": "Service Control Manager"
                },
                "EventID": {
                    "@Qualifiers": "49152",
                    "#text": "7009"
                },
                "Version": "0",
                "Level": "2",
                "Task": "0",
                "Opcode": "0",
                "Keywords": "0x8080000000000000",
                "TimeCreated": {
                    "@SystemTime": "2021-11-03 08:19:00.642927+00:00"
                },
                "EventRecordID": "9772",
                "Correlation": {
                    "@ActivityID": "",
                    "@RelatedActivityID": ""
                },
                "Execution": {
                    "@ProcessID": "484",
                    "@ThreadID": "2512"
                },
                "Channel": "System",
                "Computer": "FS03.offsec.lan",
                "Security": {
                    "@UserID": ""
                }
            },
            "EventData": {
                "Data": [
                    {
                        "@Name": "param1",
                        "#text": "30000"
                    },
                    {
                        "@Name": "param2",
                        "#text": "lzdGVtIExvZyBTaXplIChNQikiID0gJGJveC5WYWx1ZS5TeXN0ZW1FdmVudExvZ1NpemU7DQogICAgICAgICAgICAiVG90YWwgKEVQUykiID0gJGJveC5WYWx1ZS5Ub3RhbEVQUzsgIlByb2ZpbGUg"
                    }
                ],
                "Binary": "cwBlAGcAMQA1ADYAAAA="
            }
        }
    },
    {
        "Event": {
            "@xmlns": "http://schemas.microsoft.com/win/2004/08/events/event",
            "System": {
                "Provider": {
                    "@Name": "Service Control Manager",
                    "@Guid": "{555908d1-a6d7-4695-8e1e-26931d2012f4}",
                    "@EventSourceName": "Service Control Manager"
                },
                "EventID": {
                    "@Qualifiers": "49152",
                    "#text": "7000"
                },
                "Version": "0",
                "Level": "2",
                "Task": "0",
                "Opcode": "0",
                "Keywords": "0x8080000000000000",
                "TimeCreated": {
                    "@SystemTime": "2021-11-03 08:19:00.642927+00:00"
                },
                "EventRecordID": "9773",
                "Correlation": {
                    "@ActivityID": "",
                    "@RelatedActivityID": ""
                },
                "Execution": {
                    "@ProcessID": "484",
                    "@ThreadID": "2512"
                },
                "Channel": "System",
                "Computer": "FS03.offsec.lan",
                "Security": {
                    "@UserID": ""
                }
            },
            "EventData": {
                "Data": [
                    {
                        "@Name": "param1",
                        "#text": "lzdGVtIExvZyBTaXplIChNQikiID0gJGJveC5WYWx1ZS5TeXN0ZW1FdmVudExvZ1NpemU7DQogICAgICAgICAgICAiVG90YWwgKEVQUykiID0gJGJveC5WYWx1ZS5Ub3RhbEVQUzsgIlByb2ZpbGUg"
                    },
                    {
                        "@Name": "param2",
                        "#text": "%%1053"
                    }
                ],
                "Binary": "cwBlAGcAMQA1ADYAAAA="
            }
        }
    },
    {
        "Event": {
            "@xmlns": "http://schemas.microsoft.com/win/2004/08/events/event",
            "System": {
                "Provider": {
                    "@Name": "Service Control Manager",
                    "@Guid": "{555908d1-a6d7-4695-8e1e-26931d2012f4}",
                    "@EventSourceName": "Service Control Manager"
                },
                "EventID": {
                    "@Qualifiers": "16384",
                    "#text": "7045"
                },
                "Version": "0",
                "Level": "4",
                "Task": "0",
                "Opcode": "0",
                "Keywords": "0x8080000000000000",
                "TimeCreated": {
                    "@SystemTime": "2021-11-03 08:19:01.719881+00:00"
                },
                "EventRecordID": "9774",
                "Correlation": {
                    "@ActivityID": "",
                    "@RelatedActivityID": ""
                },
                "Execution": {
                    "@ProcessID": "484",
                    "@ThreadID": "2512"
                },
                "Channel": "System",
                "Computer": "FS03.offsec.lan",
                "Security": {
                    "@UserID": "S-1-5-21-4230534742-2542757381-3142984815-1111"
                }
            },
            "EventData": {
                "Data": [
                    {
                        "@Name": "ServiceName",
                        "#text": "U3VnZ2VzdGlvbiAoMyBTZWMgUG9sbGluZyBJbnRlcnZhbCkiID0gJGJveC5WYWx1ZS5Qcm9maWxlU3VnZ2VzdGlvbjt9KQ0KDQogICAgICAgIH0NCg0KDQogICAgICAgIFdyaXRlLUxvZyAkSU5QVV"
                    },
                    {
                        "@Name": "ImagePath",
                        "#text": "c:\\windows\\system32\\cmd.exe /c powershell -command \"Get-Service \"seg157\" | select -Expand DisplayName |out-file -append tmp_payload.txt\""
                    },
                    {
                        "@Name": "ServiceType",
                        "#text": "user mode service"
                    },
                    {
                        "@Name": "StartType",
                        "#text": "demand start"
                    },
                    {
                        "@Name": "AccountName",
                        "#text": "LocalSystem"
                    }
                ]
            }
        }
    },
    {
        "Event": {
            "@xmlns": "http://schemas.microsoft.com/win/2004/08/events/event",
            "System": {
                "Provider": {
                    "@Name": "Service Control Manager",
                    "@Guid": "{555908d1-a6d7-4695-8e1e-26931d2012f4}",
                    "@EventSourceName": "Service Control Manager"
                },
                "EventID": {
                    "@Qualifiers": "49152",
                    "#text": "7009"
                },
                "Version": "0",
                "Level": "2",
                "Task": "0",
                "Opcode": "0",
                "Keywords": "0x8080000000000000",
                "TimeCreated": {
                    "@SystemTime": "2021-11-03 08:19:02.082077+00:00"
                },
                "EventRecordID": "9775",
                "Correlation": {
                    "@ActivityID": "",
                    "@RelatedActivityID": ""
                },
                "Execution": {
                    "@ProcessID": "484",
                    "@ThreadID": "2512"
                },
                "Channel": "System",
                "Computer": "FS03.offsec.lan",
                "Security": {
                    "@UserID": ""
                }
            },
            "EventData": {
                "Data": [
                    {
                        "@Name": "param1",
                        "#text": "30000"
                    },
                    {
                        "@Name": "param2",
                        "#text": "U3VnZ2VzdGlvbiAoMyBTZWMgUG9sbGluZyBJbnRlcnZhbCkiID0gJGJveC5WYWx1ZS5Qcm9maWxlU3VnZ2VzdGlvbjt9KQ0KDQogICAgICAgIH0NCg0KDQogICAgICAgIFdyaXRlLUxvZyAkSU5QVV"
                    }
                ],
                "Binary": "cwBlAGcAMQA1ADcAAAA="
            }
        }
    },
    {
        "Event": {
            "@xmlns": "http://schemas.microsoft.com/win/2004/08/events/event",
            "System": {
                "Provider": {
                    "@Name": "Service Control Manager",
                    "@Guid": "{555908d1-a6d7-4695-8e1e-26931d2012f4}",
                    "@EventSourceName": "Service Control Manager"
                },
                "EventID": {
                    "@Qualifiers": "49152",
                    "#text": "7000"
                },
                "Version": "0",
                "Level": "2",
                "Task": "0",
                "Opcode": "0",
                "Keywords": "0x8080000000000000",
                "TimeCreated": {
                    "@SystemTime": "2021-11-03 08:19:02.082077+00:00"
                },
                "EventRecordID": "9776",
                "Correlation": {
                    "@ActivityID": "",
                    "@RelatedActivityID": ""
                },
                "Execution": {
                    "@ProcessID": "484",
                    "@ThreadID": "2512"
                },
                "Channel": "System",
                "Computer": "FS03.offsec.lan",
                "Security": {
                    "@UserID": ""
                }
            },
            "EventData": {
                "Data": [
                    {
                        "@Name": "param1",
                        "#text": "U3VnZ2VzdGlvbiAoMyBTZWMgUG9sbGluZyBJbnRlcnZhbCkiID0gJGJveC5WYWx1ZS5Qcm9maWxlU3VnZ2VzdGlvbjt9KQ0KDQogICAgICAgIH0NCg0KDQogICAgICAgIFdyaXRlLUxvZyAkSU5QVV"
                    },
                    {
                        "@Name": "param2",
                        "#text": "%%1053"
                    }
                ],
                "Binary": "cwBlAGcAMQA1ADcAAAA="
            }
        }
    },
    {
        "Event": {
            "@xmlns": "http://schemas.microsoft.com/win/2004/08/events/event",
            "System": {
                "Provider": {
                    "@Name": "Service Control Manager",
                    "@Guid": "{555908d1-a6d7-4695-8e1e-26931d2012f4}",
                    "@EventSourceName": "Service Control Manager"
                },
                "EventID": {
                    "@Qualifiers": "16384",
                    "#text": "7045"
                },
                "Version": "0",
                "Level": "4",
                "Task": "0",
                "Opcode": "0",
                "Keywords": "0x8080000000000000",
                "TimeCreated": {
                    "@SystemTime": "2021-11-03 08:19:03.160200+00:00"
                },
                "EventRecordID": "9777",
                "Correlation": {
                    "@ActivityID": "",
                    "@RelatedActivityID": ""
                },
                "Execution": {
                    "@ProcessID": "484",
                    "@ThreadID": "2512"
                },
                "Channel": "System",
                "Computer": "FS03.offsec.lan",
                "Security": {
                    "@UserID": "S-1-5-21-4230534742-2542757381-3142984815-1111"
                }
            },
            "EventData": {
                "Data": [
                    {
                        "@Name": "ServiceName",
                        "#text": "RfTE9HICJTZWxlY3QgRXZlbnQgTG9nIEV4cG9ydCBMb2NhdGlvbi4uLiINCg0KICAgICAgICAkRXhwb3J0Rm9sZGVyID0gU2VsZWN0LUV4cG9ydExvY2F0aW9uICJFdmVudCBMb2cgU3VtbWFyeSBS"
                    },
                    {
                        "@Name": "ImagePath",
                        "#text": "c:\\windows\\system32\\cmd.exe /c powershell -command \"Get-Service \"seg158\" | select -Expand DisplayName |out-file -append tmp_payload.txt\""
                    },
                    {
                        "@Name": "ServiceType",
                        "#text": "user mode service"
                    },
                    {
                        "@Name": "StartType",
                        "#text": "demand start"
                    },
                    {
                        "@Name": "AccountName",
                        "#text": "LocalSystem"
                    }
                ]
            }
        }
    },
    {
        "Event": {
            "@xmlns": "http://schemas.microsoft.com/win/2004/08/events/event",
            "System": {
                "Provider": {
                    "@Name": "Service Control Manager",
                    "@Guid": "{555908d1-a6d7-4695-8e1e-26931d2012f4}",
                    "@EventSourceName": "Service Control Manager"
                },
                "EventID": {
                    "@Qualifiers": "49152",
                    "#text": "7009"
                },
                "Version": "0",
                "Level": "2",
                "Task": "0",
                "Opcode": "0",
                "Keywords": "0x8080000000000000",
                "TimeCreated": {
                    "@SystemTime": "2021-11-03 08:19:03.519575+00:00"
                },
                "EventRecordID": "9778",
                "Correlation": {
                    "@ActivityID": "",
                    "@RelatedActivityID": ""
                },
                "Execution": {
                    "@ProcessID": "484",
                    "@ThreadID": "2512"
                },
                "Channel": "System",
                "Computer": "FS03.offsec.lan",
                "Security": {
                    "@UserID": ""
                }
            },
            "EventData": {
                "Data": [
                    {
                        "@Name": "param1",
                        "#text": "30000"
                    },
                    {
                        "@Name": "param2",
                        "#text": "RfTE9HICJTZWxlY3QgRXZlbnQgTG9nIEV4cG9ydCBMb2NhdGlvbi4uLiINCg0KICAgICAgICAkRXhwb3J0Rm9sZGVyID0gU2VsZWN0LUV4cG9ydExvY2F0aW9uICJFdmVudCBMb2cgU3VtbWFyeSBS"
                    }
                ],
                "Binary": "cwBlAGcAMQA1ADgAAAA="
            }
        }
    },
    {
        "Event": {
            "@xmlns": "http://schemas.microsoft.com/win/2004/08/events/event",
            "System": {
                "Provider": {
                    "@Name": "Service Control Manager",
                    "@Guid": "{555908d1-a6d7-4695-8e1e-26931d2012f4}",
                    "@EventSourceName": "Service Control Manager"
                },
                "EventID": {
                    "@Qualifiers": "49152",
                    "#text": "7000"
                },
                "Version": "0",
                "Level": "2",
                "Task": "0",
                "Opcode": "0",
                "Keywords": "0x8080000000000000",
                "TimeCreated": {
                    "@SystemTime": "2021-11-03 08:19:03.519575+00:00"
                },
                "EventRecordID": "9779",
                "Correlation": {
                    "@ActivityID": "",
                    "@RelatedActivityID": ""
                },
                "Execution": {
                    "@ProcessID": "484",
                    "@ThreadID": "2512"
                },
                "Channel": "System",
                "Computer": "FS03.offsec.lan",
                "Security": {
                    "@UserID": ""
                }
            },
            "EventData": {
                "Data": [
                    {
                        "@Name": "param1",
                        "#text": "RfTE9HICJTZWxlY3QgRXZlbnQgTG9nIEV4cG9ydCBMb2NhdGlvbi4uLiINCg0KICAgICAgICAkRXhwb3J0Rm9sZGVyID0gU2VsZWN0LUV4cG9ydExvY2F0aW9uICJFdmVudCBMb2cgU3VtbWFyeSBS"
                    },
                    {
                        "@Name": "param2",
                        "#text": "%%1053"
                    }
                ],
                "Binary": "cwBlAGcAMQA1ADgAAAA="
            }
        }
    },
    {
        "Event": {
            "@xmlns": "http://schemas.microsoft.com/win/2004/08/events/event",
            "System": {
                "Provider": {
                    "@Name": "Service Control Manager",
                    "@Guid": "{555908d1-a6d7-4695-8e1e-26931d2012f4}",
                    "@EventSourceName": "Service Control Manager"
                },
                "EventID": {
                    "@Qualifiers": "16384",
                    "#text": "7045"
                },
                "Version": "0",
                "Level": "4",
                "Task": "0",
                "Opcode": "0",
                "Keywords": "0x8080000000000000",
                "TimeCreated": {
                    "@SystemTime": "2021-11-03 08:19:04.601299+00:00"
                },
                "EventRecordID": "9780",
                "Correlation": {
                    "@ActivityID": "",
                    "@RelatedActivityID": ""
                },
                "Execution": {
                    "@ProcessID": "484",
                    "@ThreadID": "2512"
                },
                "Channel": "System",
                "Computer": "FS03.offsec.lan",
                "Security": {
                    "@UserID": "S-1-5-21-4230534742-2542757381-3142984815-1111"
                }
            },
            "EventData": {
                "Data": [
                    {
                        "@Name": "ServiceName",
                        "#text": "ZXBvcnQgRXhwb3J0IExvY2F0aW9uIiAiRGVza3RvcCINCiAgICAgICAgDQogICAgICAgICRFeHBvcnRMb2NhdGlvbiA9ICRFeHBvcnRGb2xkZXIgKyAiXEV2ZW50LUxvZy1TdW1tYXJ5LVJlcG9ydC"
                    },
                    {
                        "@Name": "ImagePath",
                        "#text": "c:\\windows\\system32\\cmd.exe /c powershell -command \"Get-Service \"seg159\" | select -Expand DisplayName |out-file -append tmp_payload.txt\""
                    },
                    {
                        "@Name": "ServiceType",
                        "#text": "user mode service"
                    },
                    {
                        "@Name": "StartType",
                        "#text": "demand start"
                    },
                    {
                        "@Name": "AccountName",
                        "#text": "LocalSystem"
                    }
                ]
            }
        }
    },
    {
        "Event": {
            "@xmlns": "http://schemas.microsoft.com/win/2004/08/events/event",
            "System": {
                "Provider": {
                    "@Name": "Service Control Manager",
                    "@Guid": "{555908d1-a6d7-4695-8e1e-26931d2012f4}",
                    "@EventSourceName": "Service Control Manager"
                },
                "EventID": {
                    "@Qualifiers": "49152",
                    "#text": "7009"
                },
                "Version": "0",
                "Level": "2",
                "Task": "0",
                "Opcode": "0",
                "Keywords": "0x8080000000000000",
                "TimeCreated": {
                    "@SystemTime": "2021-11-03 08:19:04.961941+00:00"
                },
                "EventRecordID": "9781",
                "Correlation": {
                    "@ActivityID": "",
                    "@RelatedActivityID": ""
                },
                "Execution": {
                    "@ProcessID": "484",
                    "@ThreadID": "2512"
                },
                "Channel": "System",
                "Computer": "FS03.offsec.lan",
                "Security": {
                    "@UserID": ""
                }
            },
            "EventData": {
                "Data": [
                    {
                        "@Name": "param1",
                        "#text": "30000"
                    },
                    {
                        "@Name": "param2",
                        "#text": "ZXBvcnQgRXhwb3J0IExvY2F0aW9uIiAiRGVza3RvcCINCiAgICAgICAgDQogICAgICAgICRFeHBvcnRMb2NhdGlvbiA9ICRFeHBvcnRGb2xkZXIgKyAiXEV2ZW50LUxvZy1TdW1tYXJ5LVJlcG9ydC"
                    }
                ],
                "Binary": "cwBlAGcAMQA1ADkAAAA="
            }
        }
    },
    {
        "Event": {
            "@xmlns": "http://schemas.microsoft.com/win/2004/08/events/event",
            "System": {
                "Provider": {
                    "@Name": "Service Control Manager",
                    "@Guid": "{555908d1-a6d7-4695-8e1e-26931d2012f4}",
                    "@EventSourceName": "Service Control Manager"
                },
                "EventID": {
                    "@Qualifiers": "49152",
                    "#text": "7000"
                },
                "Version": "0",
                "Level": "2",
                "Task": "0",
                "Opcode": "0",
                "Keywords": "0x8080000000000000",
                "TimeCreated": {
                    "@SystemTime": "2021-11-03 08:19:04.961941+00:00"
                },
                "EventRecordID": "9782",
                "Correlation": {
                    "@ActivityID": "",
                    "@RelatedActivityID": ""
                },
                "Execution": {
                    "@ProcessID": "484",
                    "@ThreadID": "2512"
                },
                "Channel": "System",
                "Computer": "FS03.offsec.lan",
                "Security": {
                    "@UserID": ""
                }
            },
            "EventData": {
                "Data": [
                    {
                        "@Name": "param1",
                        "#text": "ZXBvcnQgRXhwb3J0IExvY2F0aW9uIiAiRGVza3RvcCINCiAgICAgICAgDQogICAgICAgICRFeHBvcnRMb2NhdGlvbiA9ICRFeHBvcnRGb2xkZXIgKyAiXEV2ZW50LUxvZy1TdW1tYXJ5LVJlcG9ydC"
                    },
                    {
                        "@Name": "param2",
                        "#text": "%%1053"
                    }
                ],
                "Binary": "cwBlAGcAMQA1ADkAAAA="
            }
        }
    },
    {
        "Event": {
            "@xmlns": "http://schemas.microsoft.com/win/2004/08/events/event",
            "System": {
                "Provider": {
                    "@Name": "Service Control Manager",
                    "@Guid": "{555908d1-a6d7-4695-8e1e-26931d2012f4}",
                    "@EventSourceName": "Service Control Manager"
                },
                "EventID": {
                    "@Qualifiers": "16384",
                    "#text": "7045"
                },
                "Version": "0",
                "Level": "4",
                "Task": "0",
                "Opcode": "0",
                "Keywords": "0x8080000000000000",
                "TimeCreated": {
                    "@SystemTime": "2021-11-03 08:19:06.043095+00:00"
                },
                "EventRecordID": "9783",
                "Correlation": {
                    "@ActivityID": "",
                    "@RelatedActivityID": ""
                },
                "Execution": {
                    "@ProcessID": "484",
                    "@ThreadID": "2512"
                },
                "Channel": "System",
                "Computer": "FS03.offsec.lan",
                "Security": {
                    "@UserID": "S-1-5-21-4230534742-2542757381-3142984815-1111"
                }
            },
            "EventData": {
                "Data": [
                    {
                        "@Name": "ServiceName",
                        "#text": "0iICsgJChnZXQtZGF0ZSAtZiB5eXl5TU1kZGhobW1zcykgKyAiLmNzdiIgICAgICAgICAgICANCiAgICAgICAgICAgICAgICANCiAgICAgICAgV3JpdGUtTG9nICRJTkZPX0xPRyAiRXhwb3J0aW5n"
                    },
                    {
                        "@Name": "ImagePath",
                        "#text": "c:\\windows\\system32\\cmd.exe /c powershell -command \"Get-Service \"seg160\" | select -Expand DisplayName |out-file -append tmp_payload.txt\""
                    },
                    {
                        "@Name": "ServiceType",
                        "#text": "user mode service"
                    },
                    {
                        "@Name": "StartType",
                        "#text": "demand start"
                    },
                    {
                        "@Name": "AccountName",
                        "#text": "LocalSystem"
                    }
                ]
            }
        }
    },
    {
        "Event": {
            "@xmlns": "http://schemas.microsoft.com/win/2004/08/events/event",
            "System": {
                "Provider": {
                    "@Name": "Service Control Manager",
                    "@Guid": "{555908d1-a6d7-4695-8e1e-26931d2012f4}",
                    "@EventSourceName": "Service Control Manager"
                },
                "EventID": {
                    "@Qualifiers": "49152",
                    "#text": "7009"
                },
                "Version": "0",
                "Level": "2",
                "Task": "0",
                "Opcode": "0",
                "Keywords": "0x8080000000000000",
                "TimeCreated": {
                    "@SystemTime": "2021-11-03 08:19:06.418100+00:00"
                },
                "EventRecordID": "9784",
                "Correlation": {
                    "@ActivityID": "",
                    "@RelatedActivityID": ""
                },
                "Execution": {
                    "@ProcessID": "484",
                    "@ThreadID": "2512"
                },
                "Channel": "System",
                "Computer": "FS03.offsec.lan",
                "Security": {
                    "@UserID": ""
                }
            },
            "EventData": {
                "Data": [
                    {
                        "@Name": "param1",
                        "#text": "30000"
                    },
                    {
                        "@Name": "param2",
                        "#text": "0iICsgJChnZXQtZGF0ZSAtZiB5eXl5TU1kZGhobW1zcykgKyAiLmNzdiIgICAgICAgICAgICANCiAgICAgICAgICAgICAgICANCiAgICAgICAgV3JpdGUtTG9nICRJTkZPX0xPRyAiRXhwb3J0aW5n"
                    }
                ],
                "Binary": "cwBlAGcAMQA2ADAAAAA="
            }
        }
    },
    {
        "Event": {
            "@xmlns": "http://schemas.microsoft.com/win/2004/08/events/event",
            "System": {
                "Provider": {
                    "@Name": "Service Control Manager",
                    "@Guid": "{555908d1-a6d7-4695-8e1e-26931d2012f4}",
                    "@EventSourceName": "Service Control Manager"
                },
                "EventID": {
                    "@Qualifiers": "49152",
                    "#text": "7000"
                },
                "Version": "0",
                "Level": "2",
                "Task": "0",
                "Opcode": "0",
                "Keywords": "0x8080000000000000",
                "TimeCreated": {
                    "@SystemTime": "2021-11-03 08:19:06.418100+00:00"
                },
                "EventRecordID": "9785",
                "Correlation": {
                    "@ActivityID": "",
                    "@RelatedActivityID": ""
                },
                "Execution": {
                    "@ProcessID": "484",
                    "@ThreadID": "2512"
                },
                "Channel": "System",
                "Computer": "FS03.offsec.lan",
                "Security": {
                    "@UserID": ""
                }
            },
            "EventData": {
                "Data": [
                    {
                        "@Name": "param1",
                        "#text": "0iICsgJChnZXQtZGF0ZSAtZiB5eXl5TU1kZGhobW1zcykgKyAiLmNzdiIgICAgICAgICAgICANCiAgICAgICAgICAgICAgICANCiAgICAgICAgV3JpdGUtTG9nICRJTkZPX0xPRyAiRXhwb3J0aW5n"
                    },
                    {
                        "@Name": "param2",
                        "#text": "%%1053"
                    }
                ],
                "Binary": "cwBlAGcAMQA2ADAAAAA="
            }
        }
    },
    {
        "Event": {
            "@xmlns": "http://schemas.microsoft.com/win/2004/08/events/event",
            "System": {
                "Provider": {
                    "@Name": "Service Control Manager",
                    "@Guid": "{555908d1-a6d7-4695-8e1e-26931d2012f4}",
                    "@EventSourceName": "Service Control Manager"
                },
                "EventID": {
                    "@Qualifiers": "16384",
                    "#text": "7045"
                },
                "Version": "0",
                "Level": "4",
                "Task": "0",
                "Opcode": "0",
                "Keywords": "0x8080000000000000",
                "TimeCreated": {
                    "@SystemTime": "2021-11-03 08:19:07.496155+00:00"
                },
                "EventRecordID": "9786",
                "Correlation": {
                    "@ActivityID": "",
                    "@RelatedActivityID": ""
                },
                "Execution": {
                    "@ProcessID": "484",
                    "@ThreadID": "2512"
                },
                "Channel": "System",
                "Computer": "FS03.offsec.lan",
                "Security": {
                    "@UserID": "S-1-5-21-4230534742-2542757381-3142984815-1111"
                }
            },
            "EventData": {
                "Data": [
                    {
                        "@Name": "ServiceName",
                        "#text": "IExvZyBFdmVudHMgdG86ICRFeHBvcnRMb2NhdGlvbiINCg0KICAgICAgICAkT3V0cHV0VGFibGUgfCBFeHBvcnQtQ1NWICRFeHBvcnRMb2NhdGlvbiAtTm9UeXBlSW5mb3JtYXRpb24gLUZvcmNlDQ"
                    },
                    {
                        "@Name": "ImagePath",
                        "#text": "c:\\windows\\system32\\cmd.exe /c powershell -command \"Get-Service \"seg161\" | select -Expand DisplayName |out-file -append tmp_payload.txt\""
                    },
                    {
                        "@Name": "ServiceType",
                        "#text": "user mode service"
                    },
                    {
                        "@Name": "StartType",
                        "#text": "demand start"
                    },
                    {
                        "@Name": "AccountName",
                        "#text": "LocalSystem"
                    }
                ]
            }
        }
    },
    {
        "Event": {
            "@xmlns": "http://schemas.microsoft.com/win/2004/08/events/event",
            "System": {
                "Provider": {
                    "@Name": "Service Control Manager",
                    "@Guid": "{555908d1-a6d7-4695-8e1e-26931d2012f4}",
                    "@EventSourceName": "Service Control Manager"
                },
                "EventID": {
                    "@Qualifiers": "49152",
                    "#text": "7009"
                },
                "Version": "0",
                "Level": "2",
                "Task": "0",
                "Opcode": "0",
                "Keywords": "0x8080000000000000",
                "TimeCreated": {
                    "@SystemTime": "2021-11-03 08:19:07.873154+00:00"
                },
                "EventRecordID": "9787",
                "Correlation": {
                    "@ActivityID": "",
                    "@RelatedActivityID": ""
                },
                "Execution": {
                    "@ProcessID": "484",
                    "@ThreadID": "2512"
                },
                "Channel": "System",
                "Computer": "FS03.offsec.lan",
                "Security": {
                    "@UserID": ""
                }
            },
            "EventData": {
                "Data": [
                    {
                        "@Name": "param1",
                        "#text": "30000"
                    },
                    {
                        "@Name": "param2",
                        "#text": "IExvZyBFdmVudHMgdG86ICRFeHBvcnRMb2NhdGlvbiINCg0KICAgICAgICAkT3V0cHV0VGFibGUgfCBFeHBvcnQtQ1NWICRFeHBvcnRMb2NhdGlvbiAtTm9UeXBlSW5mb3JtYXRpb24gLUZvcmNlDQ"
                    }
                ],
                "Binary": "cwBlAGcAMQA2ADEAAAA="
            }
        }
    },
