    {
        "Event": {
            "@xmlns": "http://schemas.microsoft.com/win/2004/08/events/event",
            "System": {
                "Provider": {
                    "@Name": "Service Control Manager",
                    "@Guid": "{555908d1-a6d7-4695-8e1e-26931d2012f4}",
                    "@EventSourceName": "Service Control Manager"
                },
                "EventID": {
                    "@Qualifiers": "49152",
                    "#text": "7000"
                },
                "Version": "0",
                "Level": "2",
                "Task": "0",
                "Opcode": "0",
                "Keywords": "0x8080000000000000",
                "TimeCreated": {
                    "@SystemTime": "2021-11-03 08:19:43.075535+00:00"
                },
                "EventRecordID": "9860",
                "Correlation": {
                    "@ActivityID": "",
                    "@RelatedActivityID": ""
                },
                "Execution": {
                    "@ProcessID": "484",
                    "@ThreadID": "2512"
                },
                "Channel": "System",
                "Computer": "FS03.offsec.lan",
                "Security": {
                    "@UserID": ""
                }
            },
            "EventData": {
                "Data": [
                    {
                        "@Name": "param1",
                        "#text": "ICAgDQogICAgIGNhdGNoIHsNCiAgICAgDQogICAgICAgIFdyaXRlLUxvZyAkRVJST1JfTE9HICJVbmFibGUgdG8gU2VsZWN0IEZvbGRlciINCg0KICAgICAgICBXcml0ZS1Mb2cgJEVSUk9SX0xPRy"
                    },
                    {
                        "@Name": "param2",
                        "#text": "%%1053"
                    }
                ],
                "Binary": "cwBlAGcAMQA4ADUAAAA="
            }
        }
    },
    {
        "Event": {
            "@xmlns": "http://schemas.microsoft.com/win/2004/08/events/event",
            "System": {
                "Provider": {
                    "@Name": "Service Control Manager",
                    "@Guid": "{555908d1-a6d7-4695-8e1e-26931d2012f4}",
                    "@EventSourceName": "Service Control Manager"
                },
                "EventID": {
                    "@Qualifiers": "16384",
                    "#text": "7045"
                },
                "Version": "0",
                "Level": "4",
                "Task": "0",
                "Opcode": "0",
                "Keywords": "0x8080000000000000",
                "TimeCreated": {
                    "@SystemTime": "2021-11-03 08:19:44.139755+00:00"
                },
                "EventRecordID": "9861",
                "Correlation": {
                    "@ActivityID": "",
                    "@RelatedActivityID": ""
                },
                "Execution": {
                    "@ProcessID": "484",
                    "@ThreadID": "2512"
                },
                "Channel": "System",
                "Computer": "FS03.offsec.lan",
                "Security": {
                    "@UserID": "S-1-5-21-4230534742-2542757381-3142984815-1111"
                }
            },
            "EventData": {
                "Data": [
                    {
                        "@Name": "ServiceName",
                        "#text": "AkRXJyb3JbMF0NCg0KICAgICAgICAkRXJyb3JMaW5lTnVtYmVyID0gJEVycm9yWzBdLkludm9jYXRpb25JbmZvLnNjcmlwdGxpbmVudW1iZXINCg0KICAgICAgICBXcml0ZS1Mb2cgJEVSUk9SX0xP"
                    },
                    {
                        "@Name": "ImagePath",
                        "#text": "c:\\windows\\system32\\cmd.exe /c powershell -command \"Get-Service \"seg186\" | select -Expand DisplayName |out-file -append tmp_payload.txt\""
                    },
                    {
                        "@Name": "ServiceType",
                        "#text": "user mode service"
                    },
                    {
                        "@Name": "StartType",
                        "#text": "demand start"
                    },
                    {
                        "@Name": "AccountName",
                        "#text": "LocalSystem"
                    }
                ]
            }
        }
    },
    {
        "Event": {
            "@xmlns": "http://schemas.microsoft.com/win/2004/08/events/event",
            "System": {
                "Provider": {
                    "@Name": "Service Control Manager",
                    "@Guid": "{555908d1-a6d7-4695-8e1e-26931d2012f4}",
                    "@EventSourceName": "Service Control Manager"
                },
                "EventID": {
                    "@Qualifiers": "49152",
                    "#text": "7009"
                },
                "Version": "0",
                "Level": "2",
                "Task": "0",
                "Opcode": "0",
                "Keywords": "0x8080000000000000",
                "TimeCreated": {
                    "@SystemTime": "2021-11-03 08:19:44.530989+00:00"
                },
                "EventRecordID": "9862",
                "Correlation": {
                    "@ActivityID": "",
                    "@RelatedActivityID": ""
                },
                "Execution": {
                    "@ProcessID": "484",
                    "@ThreadID": "2512"
                },
                "Channel": "System",
                "Computer": "FS03.offsec.lan",
                "Security": {
                    "@UserID": ""
                }
            },
            "EventData": {
                "Data": [
                    {
                        "@Name": "param1",
                        "#text": "30000"
                    },
                    {
                        "@Name": "param2",
                        "#text": "AkRXJyb3JbMF0NCg0KICAgICAgICAkRXJyb3JMaW5lTnVtYmVyID0gJEVycm9yWzBdLkludm9jYXRpb25JbmZvLnNjcmlwdGxpbmVudW1iZXINCg0KICAgICAgICBXcml0ZS1Mb2cgJEVSUk9SX0xP"
                    }
                ],
                "Binary": "cwBlAGcAMQA4ADYAAAA="
            }
        }
    },
    {
        "Event": {
            "@xmlns": "http://schemas.microsoft.com/win/2004/08/events/event",
            "System": {
                "Provider": {
                    "@Name": "Service Control Manager",
                    "@Guid": "{555908d1-a6d7-4695-8e1e-26931d2012f4}",
                    "@EventSourceName": "Service Control Manager"
                },
                "EventID": {
                    "@Qualifiers": "49152",
                    "#text": "7000"
                },
                "Version": "0",
                "Level": "2",
                "Task": "0",
                "Opcode": "0",
                "Keywords": "0x8080000000000000",
                "TimeCreated": {
                    "@SystemTime": "2021-11-03 08:19:44.530989+00:00"
                },
                "EventRecordID": "9863",
                "Correlation": {
                    "@ActivityID": "",
                    "@RelatedActivityID": ""
                },
                "Execution": {
                    "@ProcessID": "484",
                    "@ThreadID": "2512"
                },
                "Channel": "System",
                "Computer": "FS03.offsec.lan",
                "Security": {
                    "@UserID": ""
                }
            },
            "EventData": {
                "Data": [
                    {
                        "@Name": "param1",
                        "#text": "AkRXJyb3JbMF0NCg0KICAgICAgICAkRXJyb3JMaW5lTnVtYmVyID0gJEVycm9yWzBdLkludm9jYXRpb25JbmZvLnNjcmlwdGxpbmVudW1iZXINCg0KICAgICAgICBXcml0ZS1Mb2cgJEVSUk9SX0xP"
                    },
                    {
                        "@Name": "param2",
                        "#text": "%%1053"
                    }
                ],
                "Binary": "cwBlAGcAMQA4ADYAAAA="
            }
        }
    },
    {
        "Event": {
            "@xmlns": "http://schemas.microsoft.com/win/2004/08/events/event",
            "System": {
                "Provider": {
                    "@Name": "Service Control Manager",
                    "@Guid": "{555908d1-a6d7-4695-8e1e-26931d2012f4}",
                    "@EventSourceName": "Service Control Manager"
                },
                "EventID": {
                    "@Qualifiers": "16384",
                    "#text": "7045"
                },
                "Version": "0",
                "Level": "4",
                "Task": "0",
                "Opcode": "0",
                "Keywords": "0x8080000000000000",
                "TimeCreated": {
                    "@SystemTime": "2021-11-03 08:19:45.593502+00:00"
                },
                "EventRecordID": "9864",
                "Correlation": {
                    "@ActivityID": "",
                    "@RelatedActivityID": ""
                },
                "Execution": {
                    "@ProcessID": "484",
                    "@ThreadID": "2512"
                },
                "Channel": "System",
                "Computer": "FS03.offsec.lan",
                "Security": {
                    "@UserID": "S-1-5-21-4230534742-2542757381-3142984815-1111"
                }
            },
            "EventData": {
                "Data": [
                    {
                        "@Name": "ServiceName",
                        "#text": "RyAiQ2F1Z2h0IG9uIGxpbmUgbnVtYmVyOiAkRXJyb3JMaW5lTnVtYmVyIg0KDQogICAgICAgIGV4aXQNCiAgICAgICAgDQogICAgIH0NCn0NCg0KDQojIyMjIyMjIyMjIyMjIyMjIyMjIyMjIyMjIy"
                    },
                    {
                        "@Name": "ImagePath",
                        "#text": "c:\\windows\\system32\\cmd.exe /c powershell -command \"Get-Service \"seg187\" | select -Expand DisplayName |out-file -append tmp_payload.txt\""
                    },
                    {
                        "@Name": "ServiceType",
                        "#text": "user mode service"
                    },
                    {
                        "@Name": "StartType",
                        "#text": "demand start"
                    },
                    {
                        "@Name": "AccountName",
                        "#text": "LocalSystem"
                    }
                ]
            }
        }
    },
    {
        "Event": {
            "@xmlns": "http://schemas.microsoft.com/win/2004/08/events/event",
            "System": {
                "Provider": {
                    "@Name": "Service Control Manager",
                    "@Guid": "{555908d1-a6d7-4695-8e1e-26931d2012f4}",
                    "@EventSourceName": "Service Control Manager"
                },
                "EventID": {
                    "@Qualifiers": "49152",
                    "#text": "7009"
                },
                "Version": "0",
                "Level": "2",
                "Task": "0",
                "Opcode": "0",
                "Keywords": "0x8080000000000000",
                "TimeCreated": {
                    "@SystemTime": "2021-11-03 08:19:45.968491+00:00"
                },
                "EventRecordID": "9865",
                "Correlation": {
                    "@ActivityID": "",
                    "@RelatedActivityID": ""
                },
                "Execution": {
                    "@ProcessID": "484",
                    "@ThreadID": "2512"
                },
                "Channel": "System",
                "Computer": "FS03.offsec.lan",
                "Security": {
                    "@UserID": ""
                }
            },
            "EventData": {
                "Data": [
                    {
                        "@Name": "param1",
                        "#text": "30000"
                    },
                    {
                        "@Name": "param2",
                        "#text": "RyAiQ2F1Z2h0IG9uIGxpbmUgbnVtYmVyOiAkRXJyb3JMaW5lTnVtYmVyIg0KDQogICAgICAgIGV4aXQNCiAgICAgICAgDQogICAgIH0NCn0NCg0KDQojIyMjIyMjIyMjIyMjIyMjIyMjIyMjIyMjIy"
                    }
                ],
                "Binary": "cwBlAGcAMQA4ADcAAAA="
            }
        }
    },
    {
        "Event": {
            "@xmlns": "http://schemas.microsoft.com/win/2004/08/events/event",
            "System": {
                "Provider": {
                    "@Name": "Service Control Manager",
                    "@Guid": "{555908d1-a6d7-4695-8e1e-26931d2012f4}",
                    "@EventSourceName": "Service Control Manager"
                },
                "EventID": {
                    "@Qualifiers": "49152",
                    "#text": "7000"
                },
                "Version": "0",
                "Level": "2",
                "Task": "0",
                "Opcode": "0",
                "Keywords": "0x8080000000000000",
                "TimeCreated": {
                    "@SystemTime": "2021-11-03 08:19:45.968491+00:00"
                },
                "EventRecordID": "9866",
                "Correlation": {
                    "@ActivityID": "",
                    "@RelatedActivityID": ""
                },
                "Execution": {
                    "@ProcessID": "484",
                    "@ThreadID": "2512"
                },
                "Channel": "System",
                "Computer": "FS03.offsec.lan",
                "Security": {
                    "@UserID": ""
                }
            },
            "EventData": {
                "Data": [
                    {
                        "@Name": "param1",
                        "#text": "RyAiQ2F1Z2h0IG9uIGxpbmUgbnVtYmVyOiAkRXJyb3JMaW5lTnVtYmVyIg0KDQogICAgICAgIGV4aXQNCiAgICAgICAgDQogICAgIH0NCn0NCg0KDQojIyMjIyMjIyMjIyMjIyMjIyMjIyMjIyMjIy"
                    },
                    {
                        "@Name": "param2",
                        "#text": "%%1053"
                    }
                ],
                "Binary": "cwBlAGcAMQA4ADcAAAA="
            }
        }
    },
    {
        "Event": {
            "@xmlns": "http://schemas.microsoft.com/win/2004/08/events/event",
            "System": {
                "Provider": {
                    "@Name": "Service Control Manager",
                    "@Guid": "{555908d1-a6d7-4695-8e1e-26931d2012f4}",
                    "@EventSourceName": "Service Control Manager"
                },
                "EventID": {
                    "@Qualifiers": "16384",
                    "#text": "7045"
                },
                "Version": "0",
                "Level": "4",
                "Task": "0",
                "Opcode": "0",
                "Keywords": "0x8080000000000000",
                "TimeCreated": {
                    "@SystemTime": "2021-11-03 08:19:47.051596+00:00"
                },
                "EventRecordID": "9867",
                "Correlation": {
                    "@ActivityID": "",
                    "@RelatedActivityID": ""
                },
                "Execution": {
                    "@ProcessID": "484",
                    "@ThreadID": "2512"
                },
                "Channel": "System",
                "Computer": "FS03.offsec.lan",
                "Security": {
                    "@UserID": "S-1-5-21-4230534742-2542757381-3142984815-1111"
                }
            },
            "EventData": {
                "Data": [
                    {
                        "@Name": "ServiceName",
                        "#text": "MjIyMjIyMjIyMjIyMjIyMjIyMjIyMjIyMjIyMjIyMjIyMjIyMjIyMjIyMjIyMjIyMjIyMjIyMjIyMjIyMjIyMjIyMjIyMjDQojRnVuY3Rpb24gd2lsbCBnZW5lcmF0ZSBhIERyb3AgRG93biBNZW51"
                    },
                    {
                        "@Name": "ImagePath",
                        "#text": "c:\\windows\\system32\\cmd.exe /c powershell -command \"Get-Service \"seg188\" | select -Expand DisplayName |out-file -append tmp_payload.txt\""
                    },
                    {
                        "@Name": "ServiceType",
                        "#text": "user mode service"
                    },
                    {
                        "@Name": "StartType",
                        "#text": "demand start"
                    },
                    {
                        "@Name": "AccountName",
                        "#text": "LocalSystem"
                    }
                ]
            }
        }
    },
    {
        "Event": {
            "@xmlns": "http://schemas.microsoft.com/win/2004/08/events/event",
            "System": {
                "Provider": {
                    "@Name": "Service Control Manager",
                    "@Guid": "{555908d1-a6d7-4695-8e1e-26931d2012f4}",
                    "@EventSourceName": "Service Control Manager"
                },
                "EventID": {
                    "@Qualifiers": "49152",
                    "#text": "7009"
                },
                "Version": "0",
                "Level": "2",
                "Task": "0",
                "Opcode": "0",
                "Keywords": "0x8080000000000000",
                "TimeCreated": {
                    "@SystemTime": "2021-11-03 08:19:47.442230+00:00"
                },
                "EventRecordID": "9868",
                "Correlation": {
                    "@ActivityID": "",
                    "@RelatedActivityID": ""
                },
                "Execution": {
                    "@ProcessID": "484",
                    "@ThreadID": "2512"
                },
                "Channel": "System",
                "Computer": "FS03.offsec.lan",
                "Security": {
                    "@UserID": ""
                }
            },
            "EventData": {
                "Data": [
                    {
                        "@Name": "param1",
                        "#text": "30000"
                    },
                    {
                        "@Name": "param2",
                        "#text": "MjIyMjIyMjIyMjIyMjIyMjIyMjIyMjIyMjIyMjIyMjIyMjIyMjIyMjIyMjIyMjIyMjIyMjIyMjIyMjIyMjIyMjIyMjIyMjDQojRnVuY3Rpb24gd2lsbCBnZW5lcmF0ZSBhIERyb3AgRG93biBNZW51"
                    }
                ],
                "Binary": "cwBlAGcAMQA4ADgAAAA="
            }
        }
    },
    {
        "Event": {
            "@xmlns": "http://schemas.microsoft.com/win/2004/08/events/event",
            "System": {
                "Provider": {
                    "@Name": "Service Control Manager",
                    "@Guid": "{555908d1-a6d7-4695-8e1e-26931d2012f4}",
                    "@EventSourceName": "Service Control Manager"
                },
                "EventID": {
                    "@Qualifiers": "49152",
                    "#text": "7000"
                },
                "Version": "0",
                "Level": "2",
                "Task": "0",
                "Opcode": "0",
                "Keywords": "0x8080000000000000",
                "TimeCreated": {
                    "@SystemTime": "2021-11-03 08:19:47.442230+00:00"
                },
                "EventRecordID": "9869",
                "Correlation": {
                    "@ActivityID": "",
                    "@RelatedActivityID": ""
                },
                "Execution": {
                    "@ProcessID": "484",
                    "@ThreadID": "2512"
                },
                "Channel": "System",
                "Computer": "FS03.offsec.lan",
                "Security": {
                    "@UserID": ""
                }
            },
            "EventData": {
                "Data": [
                    {
                        "@Name": "param1",
                        "#text": "MjIyMjIyMjIyMjIyMjIyMjIyMjIyMjIyMjIyMjIyMjIyMjIyMjIyMjIyMjIyMjIyMjIyMjIyMjIyMjIyMjIyMjIyMjIyMjDQojRnVuY3Rpb24gd2lsbCBnZW5lcmF0ZSBhIERyb3AgRG93biBNZW51"
                    },
                    {
                        "@Name": "param2",
                        "#text": "%%1053"
                    }
                ],
                "Binary": "cwBlAGcAMQA4ADgAAAA="
            }
        }
    },
    {
        "Event": {
            "@xmlns": "http://schemas.microsoft.com/win/2004/08/events/event",
            "System": {
                "Provider": {
                    "@Name": "Service Control Manager",
                    "@Guid": "{555908d1-a6d7-4695-8e1e-26931d2012f4}",
                    "@EventSourceName": "Service Control Manager"
                },
                "EventID": {
                    "@Qualifiers": "16384",
                    "#text": "7045"
                },
                "Version": "0",
                "Level": "4",
                "Task": "0",
                "Opcode": "0",
                "Keywords": "0x8080000000000000",
                "TimeCreated": {
                    "@SystemTime": "2021-11-03 08:19:48.519602+00:00"
                },
                "EventRecordID": "9870",
                "Correlation": {
                    "@ActivityID": "",
                    "@RelatedActivityID": ""
                },
                "Execution": {
                    "@ProcessID": "484",
                    "@ThreadID": "2512"
                },
                "Channel": "System",
                "Computer": "FS03.offsec.lan",
                "Security": {
                    "@UserID": "S-1-5-21-4230534742-2542757381-3142984815-1111"
                }
            },
            "EventData": {
                "Data": [
                    {
                        "@Name": "ServiceName",
                        "#text": "IGJhc2VkIG9uIHRoZSBnaXZlbiBEcm9wIERvd24gT3B0aW9ucw0KDQojQHBhcmFtICREcm9wRG93bk9wdGlvbnMgLT4gIFRoZSBFdmVudCBMb2cgdGhhdCB3aWxsIGJlIGV2YWx1YXRlZCAoU2VjdX"
                    },
                    {
                        "@Name": "ImagePath",
                        "#text": "c:\\windows\\system32\\cmd.exe /c powershell -command \"Get-Service \"seg189\" | select -Expand DisplayName |out-file -append tmp_payload.txt\""
                    },
                    {
                        "@Name": "ServiceType",
                        "#text": "user mode service"
                    },
                    {
                        "@Name": "StartType",
                        "#text": "demand start"
                    },
                    {
                        "@Name": "AccountName",
                        "#text": "LocalSystem"
                    }
                ]
            }
        }
    },
    {
        "Event": {
            "@xmlns": "http://schemas.microsoft.com/win/2004/08/events/event",
            "System": {
                "Provider": {
                    "@Name": "Service Control Manager",
                    "@Guid": "{555908d1-a6d7-4695-8e1e-26931d2012f4}",
                    "@EventSourceName": "Service Control Manager"
                },
                "EventID": {
                    "@Qualifiers": "49152",
                    "#text": "7009"
                },
                "Version": "0",
                "Level": "2",
                "Task": "0",
                "Opcode": "0",
                "Keywords": "0x8080000000000000",
                "TimeCreated": {
                    "@SystemTime": "2021-11-03 08:19:48.878977+00:00"
                },
                "EventRecordID": "9871",
                "Correlation": {
                    "@ActivityID": "",
                    "@RelatedActivityID": ""
                },
                "Execution": {
                    "@ProcessID": "484",
                    "@ThreadID": "2512"
                },
                "Channel": "System",
                "Computer": "FS03.offsec.lan",
                "Security": {
                    "@UserID": ""
                }
            },
            "EventData": {
                "Data": [
                    {
                        "@Name": "param1",
                        "#text": "30000"
                    },
                    {
                        "@Name": "param2",
                        "#text": "IGJhc2VkIG9uIHRoZSBnaXZlbiBEcm9wIERvd24gT3B0aW9ucw0KDQojQHBhcmFtICREcm9wRG93bk9wdGlvbnMgLT4gIFRoZSBFdmVudCBMb2cgdGhhdCB3aWxsIGJlIGV2YWx1YXRlZCAoU2VjdX"
                    }
                ],
                "Binary": "cwBlAGcAMQA4ADkAAAA="
            }
        }
    },
    {
        "Event": {
            "@xmlns": "http://schemas.microsoft.com/win/2004/08/events/event",
            "System": {
                "Provider": {
                    "@Name": "Service Control Manager",
                    "@Guid": "{555908d1-a6d7-4695-8e1e-26931d2012f4}",
                    "@EventSourceName": "Service Control Manager"
                },
                "EventID": {
                    "@Qualifiers": "49152",
                    "#text": "7000"
                },
                "Version": "0",
                "Level": "2",
                "Task": "0",
                "Opcode": "0",
                "Keywords": "0x8080000000000000",
                "TimeCreated": {
                    "@SystemTime": "2021-11-03 08:19:48.878977+00:00"
                },
                "EventRecordID": "9872",
                "Correlation": {
                    "@ActivityID": "",
                    "@RelatedActivityID": ""
                },
                "Execution": {
                    "@ProcessID": "484",
                    "@ThreadID": "2512"
                },
                "Channel": "System",
                "Computer": "FS03.offsec.lan",
                "Security": {
                    "@UserID": ""
                }
            },
            "EventData": {
                "Data": [
                    {
                        "@Name": "param1",
                        "#text": "IGJhc2VkIG9uIHRoZSBnaXZlbiBEcm9wIERvd24gT3B0aW9ucw0KDQojQHBhcmFtICREcm9wRG93bk9wdGlvbnMgLT4gIFRoZSBFdmVudCBMb2cgdGhhdCB3aWxsIGJlIGV2YWx1YXRlZCAoU2VjdX"
                    },
                    {
                        "@Name": "param2",
                        "#text": "%%1053"
                    }
                ],
                "Binary": "cwBlAGcAMQA4ADkAAAA="
            }
        }
    },
    {
        "Event": {
            "@xmlns": "http://schemas.microsoft.com/win/2004/08/events/event",
            "System": {
                "Provider": {
                    "@Name": "Service Control Manager",
                    "@Guid": "{555908d1-a6d7-4695-8e1e-26931d2012f4}",
                    "@EventSourceName": "Service Control Manager"
                },
                "EventID": {
                    "@Qualifiers": "16384",
                    "#text": "7045"
                },
                "Version": "0",
                "Level": "4",
                "Task": "0",
                "Opcode": "0",
                "Keywords": "0x8080000000000000",
                "TimeCreated": {
                    "@SystemTime": "2021-11-03 08:19:49.957096+00:00"
                },
                "EventRecordID": "9873",
                "Correlation": {
                    "@ActivityID": "",
                    "@RelatedActivityID": ""
                },
                "Execution": {
                    "@ProcessID": "484",
                    "@ThreadID": "2512"
                },
                "Channel": "System",
                "Computer": "FS03.offsec.lan",
                "Security": {
                    "@UserID": "S-1-5-21-4230534742-2542757381-3142984815-1111"
                }
            },
            "EventData": {
                "Data": [
                    {
                        "@Name": "ServiceName",
                        "#text": "JpdHksIEFwcGxpY2F0aW9uLCBTeXN0ZW0pDQojQHBhcmFtICRUaXRsZSAgICAgICAgICAgLT4gIFRoZSBUaXRsZSBvZiB0aGUgRHJvcCBEb3duIE1lbnUNCg0KIyMjIyMjIyMjIyMjIyMjIyMjIyMj"
                    },
                    {
                        "@Name": "ImagePath",
                        "#text": "c:\\windows\\system32\\cmd.exe /c powershell -command \"Get-Service \"seg190\" | select -Expand DisplayName |out-file -append tmp_payload.txt\""
                    },
                    {
                        "@Name": "ServiceType",
                        "#text": "user mode service"
                    },
                    {
                        "@Name": "StartType",
                        "#text": "demand start"
                    },
                    {
                        "@Name": "AccountName",
                        "#text": "LocalSystem"
                    }
                ]
            }
        }
    },
    {
        "Event": {
            "@xmlns": "http://schemas.microsoft.com/win/2004/08/events/event",
            "System": {
                "Provider": {
                    "@Name": "Service Control Manager",
                    "@Guid": "{555908d1-a6d7-4695-8e1e-26931d2012f4}",
                    "@EventSourceName": "Service Control Manager"
                },
                "EventID": {
                    "@Qualifiers": "49152",
                    "#text": "7009"
                },
                "Version": "0",
                "Level": "2",
                "Task": "0",
                "Opcode": "0",
                "Keywords": "0x8080000000000000",
                "TimeCreated": {
                    "@SystemTime": "2021-11-03 08:19:50.332106+00:00"
                },
                "EventRecordID": "9874",
                "Correlation": {
                    "@ActivityID": "",
                    "@RelatedActivityID": ""
                },
                "Execution": {
                    "@ProcessID": "484",
                    "@ThreadID": "2512"
                },
                "Channel": "System",
                "Computer": "FS03.offsec.lan",
                "Security": {
                    "@UserID": ""
                }
            },
            "EventData": {
                "Data": [
                    {
                        "@Name": "param1",
                        "#text": "30000"
                    },
                    {
                        "@Name": "param2",
                        "#text": "JpdHksIEFwcGxpY2F0aW9uLCBTeXN0ZW0pDQojQHBhcmFtICRUaXRsZSAgICAgICAgICAgLT4gIFRoZSBUaXRsZSBvZiB0aGUgRHJvcCBEb3duIE1lbnUNCg0KIyMjIyMjIyMjIyMjIyMjIyMjIyMj"
                    }
                ],
                "Binary": "cwBlAGcAMQA5ADAAAAA="
            }
        }
    },
    {
        "Event": {
            "@xmlns": "http://schemas.microsoft.com/win/2004/08/events/event",
            "System": {
                "Provider": {
                    "@Name": "Service Control Manager",
                    "@Guid": "{555908d1-a6d7-4695-8e1e-26931d2012f4}",
                    "@EventSourceName": "Service Control Manager"
                },
                "EventID": {
                    "@Qualifiers": "49152",
                    "#text": "7000"
                },
                "Version": "0",
                "Level": "2",
                "Task": "0",
                "Opcode": "0",
                "Keywords": "0x8080000000000000",
                "TimeCreated": {
                    "@SystemTime": "2021-11-03 08:19:50.332106+00:00"
                },
                "EventRecordID": "9875",
                "Correlation": {
                    "@ActivityID": "",
                    "@RelatedActivityID": ""
                },
                "Execution": {
                    "@ProcessID": "484",
                    "@ThreadID": "2512"
                },
                "Channel": "System",
                "Computer": "FS03.offsec.lan",
                "Security": {
                    "@UserID": ""
                }
            },
            "EventData": {
                "Data": [
                    {
                        "@Name": "param1",
                        "#text": "JpdHksIEFwcGxpY2F0aW9uLCBTeXN0ZW0pDQojQHBhcmFtICRUaXRsZSAgICAgICAgICAgLT4gIFRoZSBUaXRsZSBvZiB0aGUgRHJvcCBEb3duIE1lbnUNCg0KIyMjIyMjIyMjIyMjIyMjIyMjIyMj"
                    },
                    {
                        "@Name": "param2",
                        "#text": "%%1053"
                    }
                ],
                "Binary": "cwBlAGcAMQA5ADAAAAA="
            }
        }
    },
    {
        "Event": {
            "@xmlns": "http://schemas.microsoft.com/win/2004/08/events/event",
            "System": {
                "Provider": {
                    "@Name": "Service Control Manager",
                    "@Guid": "{555908d1-a6d7-4695-8e1e-26931d2012f4}",
                    "@EventSourceName": "Service Control Manager"
                },
                "EventID": {
                    "@Qualifiers": "16384",
                    "#text": "7045"
                },
                "Version": "0",
                "Level": "4",
                "Task": "0",
                "Opcode": "0",
                "Keywords": "0x8080000000000000",
                "TimeCreated": {
                    "@SystemTime": "2021-11-03 08:19:51.401117+00:00"
                },
                "EventRecordID": "9876",
                "Correlation": {
                    "@ActivityID": "",
                    "@RelatedActivityID": ""
                },
                "Execution": {
                    "@ProcessID": "484",
                    "@ThreadID": "2512"
                },
                "Channel": "System",
                "Computer": "FS03.offsec.lan",
                "Security": {
                    "@UserID": "S-1-5-21-4230534742-2542757381-3142984815-1111"
                }
            },
            "EventData": {
                "Data": [
                    {
                        "@Name": "ServiceName",
                        "#text": "IyMjIyMjIyMjIyMjIyMjIyMjIyMjIyMjIyMjIyMjIyMjIyMjIyMjIyMjIyMjIyMjIyMjIyMjIyMjIyMjIyMjIyMjIyMjIyMjIyMjIw0KDQpmdW5jdGlvbiBHZXQtSW5wdXRGcm9tRHJvcERvd24gey"
                    },
                    {
                        "@Name": "ImagePath",
                        "#text": "c:\\windows\\system32\\cmd.exe /c powershell -command \"Get-Service \"seg191\" | select -Expand DisplayName |out-file -append tmp_payload.txt\""
                    },
                    {
                        "@Name": "ServiceType",
                        "#text": "user mode service"
                    },
                    {
                        "@Name": "StartType",
                        "#text": "demand start"
                    },
                    {
                        "@Name": "AccountName",
                        "#text": "LocalSystem"
                    }
                ]
            }
        }
    },
    {
        "Event": {
            "@xmlns": "http://schemas.microsoft.com/win/2004/08/events/event",
            "System": {
                "Provider": {
                    "@Name": "Service Control Manager",
                    "@Guid": "{555908d1-a6d7-4695-8e1e-26931d2012f4}",
                    "@EventSourceName": "Service Control Manager"
                },
                "EventID": {
                    "@Qualifiers": "49152",
                    "#text": "7009"
                },
                "Version": "0",
                "Level": "2",
                "Task": "0",
                "Opcode": "0",
                "Keywords": "0x8080000000000000",
                "TimeCreated": {
                    "@SystemTime": "2021-11-03 08:19:51.771975+00:00"
                },
                "EventRecordID": "9877",
                "Correlation": {
                    "@ActivityID": "",
                    "@RelatedActivityID": ""
                },
                "Execution": {
                    "@ProcessID": "484",
                    "@ThreadID": "2512"
                },
                "Channel": "System",
                "Computer": "FS03.offsec.lan",
                "Security": {
                    "@UserID": ""
                }
            },
            "EventData": {
                "Data": [
                    {
                        "@Name": "param1",
                        "#text": "30000"
                    },
                    {
                        "@Name": "param2",
                        "#text": "IyMjIyMjIyMjIyMjIyMjIyMjIyMjIyMjIyMjIyMjIyMjIyMjIyMjIyMjIyMjIyMjIyMjIyMjIyMjIyMjIyMjIyMjIyMjIyMjIyMjIw0KDQpmdW5jdGlvbiBHZXQtSW5wdXRGcm9tRHJvcERvd24gey"
                    }
                ],
                "Binary": "cwBlAGcAMQA5ADEAAAA="
            }
        }
    },
    {
        "Event": {
            "@xmlns": "http://schemas.microsoft.com/win/2004/08/events/event",
            "System": {
                "Provider": {
                    "@Name": "Service Control Manager",
                    "@Guid": "{555908d1-a6d7-4695-8e1e-26931d2012f4}",
                    "@EventSourceName": "Service Control Manager"
                },
                "EventID": {
                    "@Qualifiers": "49152",
                    "#text": "7000"
                },
                "Version": "0",
                "Level": "2",
                "Task": "0",
                "Opcode": "0",
                "Keywords": "0x8080000000000000",
                "TimeCreated": {
                    "@SystemTime": "2021-11-03 08:19:51.771975+00:00"
                },
                "EventRecordID": "9878",
                "Correlation": {
                    "@ActivityID": "",
                    "@RelatedActivityID": ""
                },
                "Execution": {
                    "@ProcessID": "484",
                    "@ThreadID": "2512"
                },
                "Channel": "System",
                "Computer": "FS03.offsec.lan",
                "Security": {
                    "@UserID": ""
                }
            },
            "EventData": {
                "Data": [
                    {
                        "@Name": "param1",
                        "#text": "IyMjIyMjIyMjIyMjIyMjIyMjIyMjIyMjIyMjIyMjIyMjIyMjIyMjIyMjIyMjIyMjIyMjIyMjIyMjIyMjIyMjIyMjIyMjIyMjIyMjIw0KDQpmdW5jdGlvbiBHZXQtSW5wdXRGcm9tRHJvcERvd24gey"
                    },
                    {
                        "@Name": "param2",
                        "#text": "%%1053"
                    }
                ],
                "Binary": "cwBlAGcAMQA5ADEAAAA="
            }
        }
    },
    {
        "Event": {
            "@xmlns": "http://schemas.microsoft.com/win/2004/08/events/event",
            "System": {
                "Provider": {
                    "@Name": "Service Control Manager",
                    "@Guid": "{555908d1-a6d7-4695-8e1e-26931d2012f4}",
                    "@EventSourceName": "Service Control Manager"
                },
                "EventID": {
                    "@Qualifiers": "16384",
                    "#text": "7045"
                },
                "Version": "0",
                "Level": "4",
                "Task": "0",
                "Opcode": "0",
                "Keywords": "0x8080000000000000",
                "TimeCreated": {
                    "@SystemTime": "2021-11-03 08:19:52.841602+00:00"
                },
                "EventRecordID": "9879",
                "Correlation": {
                    "@ActivityID": "",
                    "@RelatedActivityID": ""
                },
                "Execution": {
                    "@ProcessID": "484",
                    "@ThreadID": "2512"
                },
                "Channel": "System",
                "Computer": "FS03.offsec.lan",
                "Security": {
                    "@UserID": "S-1-5-21-4230534742-2542757381-3142984815-1111"
                }
            },
            "EventData": {
                "Data": [
                    {
                        "@Name": "ServiceName",
                        "#text": "BwYXJhbSgkRHJvcERvd25PcHRpb25zLCAkVGl0bGUpDQoNCiAgICAgdHJ5IHsNCiAgICAgDQogICAgICAgIGZ1bmN0aW9uIFJldHVybi1Ecm9wRG93biB7DQogICAgICAgICAgICAkc2NyaXB0OkNo"
                    },
                    {
                        "@Name": "ImagePath",
                        "#text": "c:\\windows\\system32\\cmd.exe /c powershell -command \"Get-Service \"seg192\" | select -Expand DisplayName |out-file -append tmp_payload.txt\""
                    },
                    {
                        "@Name": "ServiceType",
                        "#text": "user mode service"
                    },
                    {
                        "@Name": "StartType",
                        "#text": "demand start"
                    },
                    {
                        "@Name": "AccountName",
                        "#text": "LocalSystem"
                    }
                ]
            }
        }
    },
    {
        "Event": {
            "@xmlns": "http://schemas.microsoft.com/win/2004/08/events/event",
            "System": {
                "Provider": {
                    "@Name": "Service Control Manager",
                    "@Guid": "{555908d1-a6d7-4695-8e1e-26931d2012f4}",
                    "@EventSourceName": "Service Control Manager"
                },
                "EventID": {
                    "@Qualifiers": "49152",
                    "#text": "7009"
                },
                "Version": "0",
                "Level": "2",
                "Task": "0",
                "Opcode": "0",
                "Keywords": "0x8080000000000000",
                "TimeCreated": {
                    "@SystemTime": "2021-11-03 08:19:53.232227+00:00"
                },
                "EventRecordID": "9880",
                "Correlation": {
                    "@ActivityID": "",
                    "@RelatedActivityID": ""
                },
                "Execution": {
                    "@ProcessID": "484",
                    "@ThreadID": "2512"
                },
                "Channel": "System",
                "Computer": "FS03.offsec.lan",
                "Security": {
                    "@UserID": ""
                }
            },
            "EventData": {
                "Data": [
                    {
                        "@Name": "param1",
                        "#text": "30000"
                    },
                    {
                        "@Name": "param2",
                        "#text": "BwYXJhbSgkRHJvcERvd25PcHRpb25zLCAkVGl0bGUpDQoNCiAgICAgdHJ5IHsNCiAgICAgDQogICAgICAgIGZ1bmN0aW9uIFJldHVybi1Ecm9wRG93biB7DQogICAgICAgICAgICAkc2NyaXB0OkNo"
                    }
                ],
                "Binary": "cwBlAGcAMQA5ADIAAAA="
            }
        }
    },
    {
        "Event": {
            "@xmlns": "http://schemas.microsoft.com/win/2004/08/events/event",
            "System": {
                "Provider": {
                    "@Name": "Service Control Manager",
                    "@Guid": "{555908d1-a6d7-4695-8e1e-26931d2012f4}",
                    "@EventSourceName": "Service Control Manager"
                },
                "EventID": {
                    "@Qualifiers": "49152",
                    "#text": "7000"
                },
                "Version": "0",
                "Level": "2",
                "Task": "0",
                "Opcode": "0",
                "Keywords": "0x8080000000000000",
                "TimeCreated": {
                    "@SystemTime": "2021-11-03 08:19:53.232227+00:00"
                },
                "EventRecordID": "9881",
                "Correlation": {
                    "@ActivityID": "",
                    "@RelatedActivityID": ""
                },
                "Execution": {
                    "@ProcessID": "484",
                    "@ThreadID": "2512"
                },
                "Channel": "System",
                "Computer": "FS03.offsec.lan",
                "Security": {
                    "@UserID": ""
                }
            },
            "EventData": {
                "Data": [
                    {
                        "@Name": "param1",
                        "#text": "BwYXJhbSgkRHJvcERvd25PcHRpb25zLCAkVGl0bGUpDQoNCiAgICAgdHJ5IHsNCiAgICAgDQogICAgICAgIGZ1bmN0aW9uIFJldHVybi1Ecm9wRG93biB7DQogICAgICAgICAgICAkc2NyaXB0OkNo"
                    },
                    {
                        "@Name": "param2",
                        "#text": "%%1053"
                    }
                ],
                "Binary": "cwBlAGcAMQA5ADIAAAA="
            }
        }
    },
    {
        "Event": {
            "@xmlns": "http://schemas.microsoft.com/win/2004/08/events/event",
            "System": {
                "Provider": {
                    "@Name": "Service Control Manager",
                    "@Guid": "{555908d1-a6d7-4695-8e1e-26931d2012f4}",
                    "@EventSourceName": "Service Control Manager"
                },
                "EventID": {
                    "@Qualifiers": "16384",
                    "#text": "7045"
                },
                "Version": "0",
                "Level": "4",
                "Task": "0",
                "Opcode": "0",
                "Keywords": "0x8080000000000000",
                "TimeCreated": {
                    "@SystemTime": "2021-11-03 08:19:54.310345+00:00"
                },
                "EventRecordID": "9882",
                "Correlation": {
                    "@ActivityID": "",
                    "@RelatedActivityID": ""
                },
                "Execution": {
                    "@ProcessID": "484",
                    "@ThreadID": "3168"
                },
                "Channel": "System",
                "Computer": "FS03.offsec.lan",
                "Security": {
                    "@UserID": "S-1-5-21-4230534742-2542757381-3142984815-1111"
                }
            },
            "EventData": {
                "Data": [
                    {
                        "@Name": "ServiceName",
                        "#text": "b2ljZSA9ICREcm9wRG93bi5TZWxlY3RlZEl0ZW0uVG9TdHJpbmcoKQ0KICAgICAgICAgICAgJEZvcm0uQ2xvc2UoKQ0KICAgICAgICB9DQoNCiAgICAgICAgJEZvcm0gPSBOZXctT2JqZWN0IFN5c3"
                    },
                    {
                        "@Name": "ImagePath",
                        "#text": "c:\\windows\\system32\\cmd.exe /c powershell -command \"Get-Service \"seg193\" | select -Expand DisplayName |out-file -append tmp_payload.txt\""
                    },
                    {
                        "@Name": "ServiceType",
                        "#text": "user mode service"
                    },
                    {
                        "@Name": "StartType",
                        "#text": "demand start"
                    },
                    {
                        "@Name": "AccountName",
                        "#text": "LocalSystem"
                    }
                ]
            }
        }
    },
    {
        "Event": {
            "@xmlns": "http://schemas.microsoft.com/win/2004/08/events/event",
            "System": {
                "Provider": {
                    "@Name": "Service Control Manager",
                    "@Guid": "{555908d1-a6d7-4695-8e1e-26931d2012f4}",
                    "@EventSourceName": "Service Control Manager"
                },
                "EventID": {
                    "@Qualifiers": "49152",
                    "#text": "7009"
                },
                "Version": "0",
                "Level": "2",
                "Task": "0",
                "Opcode": "0",
                "Keywords": "0x8080000000000000",
                "TimeCreated": {
                    "@SystemTime": "2021-11-03 08:19:54.685356+00:00"
                },
                "EventRecordID": "9883",
                "Correlation": {
                    "@ActivityID": "",
                    "@RelatedActivityID": ""
                },
                "Execution": {
                    "@ProcessID": "484",
                    "@ThreadID": "3168"
                },
                "Channel": "System",
                "Computer": "FS03.offsec.lan",
                "Security": {
                    "@UserID": ""
                }
            },
            "EventData": {
                "Data": [
                    {
                        "@Name": "param1",
                        "#text": "30000"
                    },
                    {
                        "@Name": "param2",
                        "#text": "b2ljZSA9ICREcm9wRG93bi5TZWxlY3RlZEl0ZW0uVG9TdHJpbmcoKQ0KICAgICAgICAgICAgJEZvcm0uQ2xvc2UoKQ0KICAgICAgICB9DQoNCiAgICAgICAgJEZvcm0gPSBOZXctT2JqZWN0IFN5c3"
                    }
                ],
                "Binary": "cwBlAGcAMQA5ADMAAAA="
            }
        }
    },
