    {
        "Event": {
            "@xmlns": "http://schemas.microsoft.com/win/2004/08/events/event",
            "System": {
                "Provider": {
                    "@Name": "Service Control Manager",
                    "@Guid": "{555908d1-a6d7-4695-8e1e-26931d2012f4}",
                    "@EventSourceName": "Service Control Manager"
                },
                "EventID": {
                    "@Qualifiers": "49152",
                    "#text": "7000"
                },
                "Version": "0",
                "Level": "2",
                "Task": "0",
                "Opcode": "0",
                "Keywords": "0x8080000000000000",
                "TimeCreated": {
                    "@SystemTime": "2021-11-03 08:17:22.242474+00:00"
                },
                "EventRecordID": "9572",
                "Correlation": {
                    "@ActivityID": "",
                    "@RelatedActivityID": ""
                },
                "Execution": {
                    "@ProcessID": "484",
                    "@ThreadID": "2972"
                },
                "Channel": "System",
                "Computer": "FS03.offsec.lan",
                "Security": {
                    "@UserID": ""
                }
            },
            "EventData": {
                "Data": [
                    {
                        "@Name": "param1",
                        "#text": "MjIyMjIyMjIyMjIyMjIyMjIyMjIyMjIyMjIyMjIyMjIyMjIyMjIyMjIyMjIyMjIyMjIyMjIyMjIyMjIyMjIyMjIyMjIyMjIyMjIyMjIyMNCg0KZnVuY3Rpb24gQ3JlYXRlLUxvZ1JlcG9ydCB7IHBh"
                    },
                    {
                        "@Name": "param2",
                        "#text": "%%1053"
                    }
                ],
                "Binary": "cwBlAGcAOAA4AAAA"
            }
        }
    },
    {
        "Event": {
            "@xmlns": "http://schemas.microsoft.com/win/2004/08/events/event",
            "System": {
                "Provider": {
                    "@Name": "Service Control Manager",
                    "@Guid": "{555908d1-a6d7-4695-8e1e-26931d2012f4}",
                    "@EventSourceName": "Service Control Manager"
                },
                "EventID": {
                    "@Qualifiers": "16384",
                    "#text": "7045"
                },
                "Version": "0",
                "Level": "4",
                "Task": "0",
                "Opcode": "0",
                "Keywords": "0x8080000000000000",
                "TimeCreated": {
                    "@SystemTime": "2021-11-03 08:17:23.325262+00:00"
                },
                "EventRecordID": "9573",
                "Correlation": {
                    "@ActivityID": "",
                    "@RelatedActivityID": ""
                },
                "Execution": {
                    "@ProcessID": "484",
                    "@ThreadID": "2972"
                },
                "Channel": "System",
                "Computer": "FS03.offsec.lan",
                "Security": {
                    "@UserID": "S-1-5-21-4230534742-2542757381-3142984815-1111"
                }
            },
            "EventData": {
                "Data": [
                    {
                        "@Name": "ServiceName",
                        "#text": "cmFtKCRDb21wdXRlcmxpc3QsICRDb21wdXRlckNvdW50LCAkQ29tcHV0ZXJMaXN0VHlwZSwgJE9TKSAgICANCg0KICAgIHRyeSB7DQogICAgICAgIA0KICAgICAgICAkUmVwb3J0ID0gQHt9DQogIC"
                    },
                    {
                        "@Name": "ImagePath",
                        "#text": "c:\\windows\\system32\\cmd.exe /c powershell -command \"Get-Service \"seg89\" | select -Expand DisplayName |out-file -append tmp_payload.txt\""
                    },
                    {
                        "@Name": "ServiceType",
                        "#text": "user mode service"
                    },
                    {
                        "@Name": "StartType",
                        "#text": "demand start"
                    },
                    {
                        "@Name": "AccountName",
                        "#text": "LocalSystem"
                    }
                ]
            }
        }
    },
    {
        "Event": {
            "@xmlns": "http://schemas.microsoft.com/win/2004/08/events/event",
            "System": {
                "Provider": {
                    "@Name": "Service Control Manager",
                    "@Guid": "{555908d1-a6d7-4695-8e1e-26931d2012f4}",
                    "@EventSourceName": "Service Control Manager"
                },
                "EventID": {
                    "@Qualifiers": "49152",
                    "#text": "7009"
                },
                "Version": "0",
                "Level": "2",
                "Task": "0",
                "Opcode": "0",
                "Keywords": "0x8080000000000000",
                "TimeCreated": {
                    "@SystemTime": "2021-11-03 08:17:23.684628+00:00"
                },
                "EventRecordID": "9574",
                "Correlation": {
                    "@ActivityID": "",
                    "@RelatedActivityID": ""
                },
                "Execution": {
                    "@ProcessID": "484",
                    "@ThreadID": "2972"
                },
                "Channel": "System",
                "Computer": "FS03.offsec.lan",
                "Security": {
                    "@UserID": ""
                }
            },
            "EventData": {
                "Data": [
                    {
                        "@Name": "param1",
                        "#text": "30000"
                    },
                    {
                        "@Name": "param2",
                        "#text": "cmFtKCRDb21wdXRlcmxpc3QsICRDb21wdXRlckNvdW50LCAkQ29tcHV0ZXJMaXN0VHlwZSwgJE9TKSAgICANCg0KICAgIHRyeSB7DQogICAgICAgIA0KICAgICAgICAkUmVwb3J0ID0gQHt9DQogIC"
                    }
                ],
                "Binary": "cwBlAGcAOAA5AAAA"
            }
        }
    },
    {
        "Event": {
            "@xmlns": "http://schemas.microsoft.com/win/2004/08/events/event",
            "System": {
                "Provider": {
                    "@Name": "Service Control Manager",
                    "@Guid": "{555908d1-a6d7-4695-8e1e-26931d2012f4}",
                    "@EventSourceName": "Service Control Manager"
                },
                "EventID": {
                    "@Qualifiers": "49152",
                    "#text": "7000"
                },
                "Version": "0",
                "Level": "2",
                "Task": "0",
                "Opcode": "0",
                "Keywords": "0x8080000000000000",
                "TimeCreated": {
                    "@SystemTime": "2021-11-03 08:17:23.684628+00:00"
                },
                "EventRecordID": "9575",
                "Correlation": {
                    "@ActivityID": "",
                    "@RelatedActivityID": ""
                },
                "Execution": {
                    "@ProcessID": "484",
                    "@ThreadID": "2972"
                },
                "Channel": "System",
                "Computer": "FS03.offsec.lan",
                "Security": {
                    "@UserID": ""
                }
            },
            "EventData": {
                "Data": [
                    {
                        "@Name": "param1",
                        "#text": "cmFtKCRDb21wdXRlcmxpc3QsICRDb21wdXRlckNvdW50LCAkQ29tcHV0ZXJMaXN0VHlwZSwgJE9TKSAgICANCg0KICAgIHRyeSB7DQogICAgICAgIA0KICAgICAgICAkUmVwb3J0ID0gQHt9DQogIC"
                    },
                    {
                        "@Name": "param2",
                        "#text": "%%1053"
                    }
                ],
                "Binary": "cwBlAGcAOAA5AAAA"
            }
        }
    },
    {
        "Event": {
            "@xmlns": "http://schemas.microsoft.com/win/2004/08/events/event",
            "System": {
                "Provider": {
                    "@Name": "Service Control Manager",
                    "@Guid": "{555908d1-a6d7-4695-8e1e-26931d2012f4}",
                    "@EventSourceName": "Service Control Manager"
                },
                "EventID": {
                    "@Qualifiers": "16384",
                    "#text": "7045"
                },
                "Version": "0",
                "Level": "4",
                "Task": "0",
                "Opcode": "0",
                "Keywords": "0x8080000000000000",
                "TimeCreated": {
                    "@SystemTime": "2021-11-03 08:17:24.762396+00:00"
                },
                "EventRecordID": "9576",
                "Correlation": {
                    "@ActivityID": "",
                    "@RelatedActivityID": ""
                },
                "Execution": {
                    "@ProcessID": "484",
                    "@ThreadID": "2972"
                },
                "Channel": "System",
                "Computer": "FS03.offsec.lan",
                "Security": {
                    "@UserID": "S-1-5-21-4230534742-2542757381-3142984815-1111"
                }
            },
            "EventData": {
                "Data": [
                    {
                        "@Name": "ServiceName",
                        "#text": "AgICAgICRQcm9ncmVzc0NvdW50ID0gMDsgICAgICAgIA0KDQogICAgICAgIGlmICgkQ29tcHV0ZXJMaXN0VHlwZSAtTkUgJExPQ0FMSE9TVF9PUFQpIHsNCg0KICAgICAgICAgICAgJEdsb2JhbDpD"
                    },
                    {
                        "@Name": "ImagePath",
                        "#text": "c:\\windows\\system32\\cmd.exe /c powershell -command \"Get-Service \"seg90\" | select -Expand DisplayName |out-file -append tmp_payload.txt\""
                    },
                    {
                        "@Name": "ServiceType",
                        "#text": "user mode service"
                    },
                    {
                        "@Name": "StartType",
                        "#text": "demand start"
                    },
                    {
                        "@Name": "AccountName",
                        "#text": "LocalSystem"
                    }
                ]
            }
        }
    },
    {
        "Event": {
            "@xmlns": "http://schemas.microsoft.com/win/2004/08/events/event",
            "System": {
                "Provider": {
                    "@Name": "Service Control Manager",
                    "@Guid": "{555908d1-a6d7-4695-8e1e-26931d2012f4}",
                    "@EventSourceName": "Service Control Manager"
                },
                "EventID": {
                    "@Qualifiers": "49152",
                    "#text": "7009"
                },
                "Version": "0",
                "Level": "2",
                "Task": "0",
                "Opcode": "0",
                "Keywords": "0x8080000000000000",
                "TimeCreated": {
                    "@SystemTime": "2021-11-03 08:17:25.150471+00:00"
                },
                "EventRecordID": "9577",
                "Correlation": {
                    "@ActivityID": "",
                    "@RelatedActivityID": ""
                },
                "Execution": {
                    "@ProcessID": "484",
                    "@ThreadID": "2972"
                },
                "Channel": "System",
                "Computer": "FS03.offsec.lan",
                "Security": {
                    "@UserID": ""
                }
            },
            "EventData": {
                "Data": [
                    {
                        "@Name": "param1",
                        "#text": "30000"
                    },
                    {
                        "@Name": "param2",
                        "#text": "AgICAgICRQcm9ncmVzc0NvdW50ID0gMDsgICAgICAgIA0KDQogICAgICAgIGlmICgkQ29tcHV0ZXJMaXN0VHlwZSAtTkUgJExPQ0FMSE9TVF9PUFQpIHsNCg0KICAgICAgICAgICAgJEdsb2JhbDpD"
                    }
                ],
                "Binary": "cwBlAGcAOQAwAAAA"
            }
        }
    },
    {
        "Event": {
            "@xmlns": "http://schemas.microsoft.com/win/2004/08/events/event",
            "System": {
                "Provider": {
                    "@Name": "Service Control Manager",
                    "@Guid": "{555908d1-a6d7-4695-8e1e-26931d2012f4}",
                    "@EventSourceName": "Service Control Manager"
                },
                "EventID": {
                    "@Qualifiers": "49152",
                    "#text": "7000"
                },
                "Version": "0",
                "Level": "2",
                "Task": "0",
                "Opcode": "0",
                "Keywords": "0x8080000000000000",
                "TimeCreated": {
                    "@SystemTime": "2021-11-03 08:17:25.150471+00:00"
                },
                "EventRecordID": "9578",
                "Correlation": {
                    "@ActivityID": "",
                    "@RelatedActivityID": ""
                },
                "Execution": {
                    "@ProcessID": "484",
                    "@ThreadID": "2972"
                },
                "Channel": "System",
                "Computer": "FS03.offsec.lan",
                "Security": {
                    "@UserID": ""
                }
            },
            "EventData": {
                "Data": [
                    {
                        "@Name": "param1",
                        "#text": "AgICAgICRQcm9ncmVzc0NvdW50ID0gMDsgICAgICAgIA0KDQogICAgICAgIGlmICgkQ29tcHV0ZXJMaXN0VHlwZSAtTkUgJExPQ0FMSE9TVF9PUFQpIHsNCg0KICAgICAgICAgICAgJEdsb2JhbDpD"
                    },
                    {
                        "@Name": "param2",
                        "#text": "%%1053"
                    }
                ],
                "Binary": "cwBlAGcAOQAwAAAA"
            }
        }
    },
    {
        "Event": {
            "@xmlns": "http://schemas.microsoft.com/win/2004/08/events/event",
            "System": {
                "Provider": {
                    "@Name": "Service Control Manager",
                    "@Guid": "{555908d1-a6d7-4695-8e1e-26931d2012f4}",
                    "@EventSourceName": "Service Control Manager"
                },
                "EventID": {
                    "@Qualifiers": "16384",
                    "#text": "7045"
                },
                "Version": "0",
                "Level": "4",
                "Task": "0",
                "Opcode": "0",
                "Keywords": "0x8080000000000000",
                "TimeCreated": {
                    "@SystemTime": "2021-11-03 08:17:26.229263+00:00"
                },
                "EventRecordID": "9579",
                "Correlation": {
                    "@ActivityID": "",
                    "@RelatedActivityID": ""
                },
                "Execution": {
                    "@ProcessID": "484",
                    "@ThreadID": "2972"
                },
                "Channel": "System",
                "Computer": "FS03.offsec.lan",
                "Security": {
                    "@UserID": "S-1-5-21-4230534742-2542757381-3142984815-1111"
                }
            },
            "EventData": {
                "Data": [
                    {
                        "@Name": "ServiceName",
                        "#text": "cmVkID0gR2V0LUNyZWRlbnRpYWwgLU1lc3NhZ2UgIkVudGVyIGFuIGFjY291bnQgd2hpY2ggaGFzIGFjY2VzcyB0byB0aGUgV2luZG93cyBFdmVudCBMb2dzIg0KICAgICAgICB9DQoNCiAgICAgIC"
                    },
                    {
                        "@Name": "ImagePath",
                        "#text": "c:\\windows\\system32\\cmd.exe /c powershell -command \"Get-Service \"seg91\" | select -Expand DisplayName |out-file -append tmp_payload.txt\""
                    },
                    {
                        "@Name": "ServiceType",
                        "#text": "user mode service"
                    },
                    {
                        "@Name": "StartType",
                        "#text": "demand start"
                    },
                    {
                        "@Name": "AccountName",
                        "#text": "LocalSystem"
                    }
                ]
            }
        }
    },
    {
        "Event": {
            "@xmlns": "http://schemas.microsoft.com/win/2004/08/events/event",
            "System": {
                "Provider": {
                    "@Name": "Service Control Manager",
                    "@Guid": "{555908d1-a6d7-4695-8e1e-26931d2012f4}",
                    "@EventSourceName": "Service Control Manager"
                },
                "EventID": {
                    "@Qualifiers": "49152",
                    "#text": "7009"
                },
                "Version": "0",
                "Level": "2",
                "Task": "0",
                "Opcode": "0",
                "Keywords": "0x8080000000000000",
                "TimeCreated": {
                    "@SystemTime": "2021-11-03 08:17:26.619877+00:00"
                },
                "EventRecordID": "9580",
                "Correlation": {
                    "@ActivityID": "",
                    "@RelatedActivityID": ""
                },
                "Execution": {
                    "@ProcessID": "484",
                    "@ThreadID": "2972"
                },
                "Channel": "System",
                "Computer": "FS03.offsec.lan",
                "Security": {
                    "@UserID": ""
                }
            },
            "EventData": {
                "Data": [
                    {
                        "@Name": "param1",
                        "#text": "30000"
                    },
                    {
                        "@Name": "param2",
                        "#text": "cmVkID0gR2V0LUNyZWRlbnRpYWwgLU1lc3NhZ2UgIkVudGVyIGFuIGFjY291bnQgd2hpY2ggaGFzIGFjY2VzcyB0byB0aGUgV2luZG93cyBFdmVudCBMb2dzIg0KICAgICAgICB9DQoNCiAgICAgIC"
                    }
                ],
                "Binary": "cwBlAGcAOQAxAAAA"
            }
        }
    },
    {
        "Event": {
            "@xmlns": "http://schemas.microsoft.com/win/2004/08/events/event",
            "System": {
                "Provider": {
                    "@Name": "Service Control Manager",
                    "@Guid": "{555908d1-a6d7-4695-8e1e-26931d2012f4}",
                    "@EventSourceName": "Service Control Manager"
                },
                "EventID": {
                    "@Qualifiers": "49152",
                    "#text": "7000"
                },
                "Version": "0",
                "Level": "2",
                "Task": "0",
                "Opcode": "0",
                "Keywords": "0x8080000000000000",
                "TimeCreated": {
                    "@SystemTime": "2021-11-03 08:17:26.619877+00:00"
                },
                "EventRecordID": "9581",
                "Correlation": {
                    "@ActivityID": "",
                    "@RelatedActivityID": ""
                },
                "Execution": {
                    "@ProcessID": "484",
                    "@ThreadID": "2972"
                },
                "Channel": "System",
                "Computer": "FS03.offsec.lan",
                "Security": {
                    "@UserID": ""
                }
            },
            "EventData": {
                "Data": [
                    {
                        "@Name": "param1",
                        "#text": "cmVkID0gR2V0LUNyZWRlbnRpYWwgLU1lc3NhZ2UgIkVudGVyIGFuIGFjY291bnQgd2hpY2ggaGFzIGFjY2VzcyB0byB0aGUgV2luZG93cyBFdmVudCBMb2dzIg0KICAgICAgICB9DQoNCiAgICAgIC"
                    },
                    {
                        "@Name": "param2",
                        "#text": "%%1053"
                    }
                ],
                "Binary": "cwBlAGcAOQAxAAAA"
            }
        }
    },
    {
        "Event": {
            "@xmlns": "http://schemas.microsoft.com/win/2004/08/events/event",
            "System": {
                "Provider": {
                    "@Name": "Service Control Manager",
                    "@Guid": "{555908d1-a6d7-4695-8e1e-26931d2012f4}",
                    "@EventSourceName": "Service Control Manager"
                },
                "EventID": {
                    "@Qualifiers": "16384",
                    "#text": "7045"
                },
                "Version": "0",
                "Level": "4",
                "Task": "0",
                "Opcode": "0",
                "Keywords": "0x8080000000000000",
                "TimeCreated": {
                    "@SystemTime": "2021-11-03 08:17:27.683018+00:00"
                },
                "EventRecordID": "9582",
                "Correlation": {
                    "@ActivityID": "",
                    "@RelatedActivityID": ""
                },
                "Execution": {
                    "@ProcessID": "484",
                    "@ThreadID": "2972"
                },
                "Channel": "System",
                "Computer": "FS03.offsec.lan",
                "Security": {
                    "@UserID": "S-1-5-21-4230534742-2542757381-3142984815-1111"
                }
            },
            "EventData": {
                "Data": [
                    {
                        "@Name": "ServiceName",
                        "#text": "AgICAgICAgICAgICAgICAgICAgICAgICAgIA0KICAgICAgICBGb3JFYWNoICgkQ29tcHV0ZXIgaW4gJENvbXB1dGVybGlzdCkgew0KICAgICAgICAgICAgDQogICAgICAgICAgICAkUHJvZ3Jlc3ND"
                    },
                    {
                        "@Name": "ImagePath",
                        "#text": "c:\\windows\\system32\\cmd.exe /c powershell -command \"Get-Service \"seg92\" | select -Expand DisplayName |out-file -append tmp_payload.txt\""
                    },
                    {
                        "@Name": "ServiceType",
                        "#text": "user mode service"
                    },
                    {
                        "@Name": "StartType",
                        "#text": "demand start"
                    },
                    {
                        "@Name": "AccountName",
                        "#text": "LocalSystem"
                    }
                ]
            }
        }
    },
    {
        "Event": {
            "@xmlns": "http://schemas.microsoft.com/win/2004/08/events/event",
            "System": {
                "Provider": {
                    "@Name": "Service Control Manager",
                    "@Guid": "{555908d1-a6d7-4695-8e1e-26931d2012f4}",
                    "@EventSourceName": "Service Control Manager"
                },
                "EventID": {
                    "@Qualifiers": "49152",
                    "#text": "7009"
                },
                "Version": "0",
                "Level": "2",
                "Task": "0",
                "Opcode": "0",
                "Keywords": "0x8080000000000000",
                "TimeCreated": {
                    "@SystemTime": "2021-11-03 08:17:28.073635+00:00"
                },
                "EventRecordID": "9583",
                "Correlation": {
                    "@ActivityID": "",
                    "@RelatedActivityID": ""
                },
                "Execution": {
                    "@ProcessID": "484",
                    "@ThreadID": "2972"
                },
                "Channel": "System",
                "Computer": "FS03.offsec.lan",
                "Security": {
                    "@UserID": ""
                }
            },
            "EventData": {
                "Data": [
                    {
                        "@Name": "param1",
                        "#text": "30000"
                    },
                    {
                        "@Name": "param2",
                        "#text": "AgICAgICAgICAgICAgICAgICAgICAgICAgIA0KICAgICAgICBGb3JFYWNoICgkQ29tcHV0ZXIgaW4gJENvbXB1dGVybGlzdCkgew0KICAgICAgICAgICAgDQogICAgICAgICAgICAkUHJvZ3Jlc3ND"
                    }
                ],
                "Binary": "cwBlAGcAOQAyAAAA"
            }
        }
    },
    {
        "Event": {
            "@xmlns": "http://schemas.microsoft.com/win/2004/08/events/event",
            "System": {
                "Provider": {
                    "@Name": "Service Control Manager",
                    "@Guid": "{555908d1-a6d7-4695-8e1e-26931d2012f4}",
                    "@EventSourceName": "Service Control Manager"
                },
                "EventID": {
                    "@Qualifiers": "49152",
                    "#text": "7000"
                },
                "Version": "0",
                "Level": "2",
                "Task": "0",
                "Opcode": "0",
                "Keywords": "0x8080000000000000",
                "TimeCreated": {
                    "@SystemTime": "2021-11-03 08:17:28.073635+00:00"
                },
                "EventRecordID": "9584",
                "Correlation": {
                    "@ActivityID": "",
                    "@RelatedActivityID": ""
                },
                "Execution": {
                    "@ProcessID": "484",
                    "@ThreadID": "2972"
                },
                "Channel": "System",
                "Computer": "FS03.offsec.lan",
                "Security": {
                    "@UserID": ""
                }
            },
            "EventData": {
                "Data": [
                    {
                        "@Name": "param1",
                        "#text": "AgICAgICAgICAgICAgICAgICAgICAgICAgIA0KICAgICAgICBGb3JFYWNoICgkQ29tcHV0ZXIgaW4gJENvbXB1dGVybGlzdCkgew0KICAgICAgICAgICAgDQogICAgICAgICAgICAkUHJvZ3Jlc3ND"
                    },
                    {
                        "@Name": "param2",
                        "#text": "%%1053"
                    }
                ],
                "Binary": "cwBlAGcAOQAyAAAA"
            }
        }
    },
    {
        "Event": {
            "@xmlns": "http://schemas.microsoft.com/win/2004/08/events/event",
            "System": {
                "Provider": {
                    "@Name": "Service Control Manager",
                    "@Guid": "{555908d1-a6d7-4695-8e1e-26931d2012f4}",
                    "@EventSourceName": "Service Control Manager"
                },
                "EventID": {
                    "@Qualifiers": "16384",
                    "#text": "7045"
                },
                "Version": "0",
                "Level": "4",
                "Task": "0",
                "Opcode": "0",
                "Keywords": "0x8080000000000000",
                "TimeCreated": {
                    "@SystemTime": "2021-11-03 08:17:29.154799+00:00"
                },
                "EventRecordID": "9585",
                "Correlation": {
                    "@ActivityID": "",
                    "@RelatedActivityID": ""
                },
                "Execution": {
                    "@ProcessID": "484",
                    "@ThreadID": "2972"
                },
                "Channel": "System",
                "Computer": "FS03.offsec.lan",
                "Security": {
                    "@UserID": "S-1-5-21-4230534742-2542757381-3142984815-1111"
                }
            },
            "EventData": {
                "Data": [
                    {
                        "@Name": "ServiceName",
                        "#text": "b3VudCA9ICRQcm9ncmVzc0NvdW50ICsgMQ0KDQogICAgICAgICAgICAkUmVtb3RlQ29tcHV0ZXIgPSAkZmFsc2UNCg0KICAgICAgICAgICAgaWYoJFByb2dyZXNzQ291bnQgLUVRIDEpIHsNCiAgIC"
                    },
                    {
                        "@Name": "ImagePath",
                        "#text": "c:\\windows\\system32\\cmd.exe /c powershell -command \"Get-Service \"seg93\" | select -Expand DisplayName |out-file -append tmp_payload.txt\""
                    },
                    {
                        "@Name": "ServiceType",
                        "#text": "user mode service"
                    },
                    {
                        "@Name": "StartType",
                        "#text": "demand start"
                    },
                    {
                        "@Name": "AccountName",
                        "#text": "LocalSystem"
                    }
                ]
            }
        }
    },
    {
        "Event": {
            "@xmlns": "http://schemas.microsoft.com/win/2004/08/events/event",
            "System": {
                "Provider": {
                    "@Name": "Service Control Manager",
                    "@Guid": "{555908d1-a6d7-4695-8e1e-26931d2012f4}",
                    "@EventSourceName": "Service Control Manager"
                },
                "EventID": {
                    "@Qualifiers": "49152",
                    "#text": "7009"
                },
                "Version": "0",
                "Level": "2",
                "Task": "0",
                "Opcode": "0",
                "Keywords": "0x8080000000000000",
                "TimeCreated": {
                    "@SystemTime": "2021-11-03 08:17:29.529799+00:00"
                },
                "EventRecordID": "9586",
                "Correlation": {
                    "@ActivityID": "",
                    "@RelatedActivityID": ""
                },
                "Execution": {
                    "@ProcessID": "484",
                    "@ThreadID": "2972"
                },
                "Channel": "System",
                "Computer": "FS03.offsec.lan",
                "Security": {
                    "@UserID": ""
                }
            },
            "EventData": {
                "Data": [
                    {
                        "@Name": "param1",
                        "#text": "30000"
                    },
                    {
                        "@Name": "param2",
                        "#text": "b3VudCA9ICRQcm9ncmVzc0NvdW50ICsgMQ0KDQogICAgICAgICAgICAkUmVtb3RlQ29tcHV0ZXIgPSAkZmFsc2UNCg0KICAgICAgICAgICAgaWYoJFByb2dyZXNzQ291bnQgLUVRIDEpIHsNCiAgIC"
                    }
                ],
                "Binary": "cwBlAGcAOQAzAAAA"
            }
        }
    },
    {
        "Event": {
            "@xmlns": "http://schemas.microsoft.com/win/2004/08/events/event",
            "System": {
                "Provider": {
                    "@Name": "Service Control Manager",
                    "@Guid": "{555908d1-a6d7-4695-8e1e-26931d2012f4}",
                    "@EventSourceName": "Service Control Manager"
                },
                "EventID": {
                    "@Qualifiers": "49152",
                    "#text": "7000"
                },
                "Version": "0",
                "Level": "2",
                "Task": "0",
                "Opcode": "0",
                "Keywords": "0x8080000000000000",
                "TimeCreated": {
                    "@SystemTime": "2021-11-03 08:17:29.529799+00:00"
                },
                "EventRecordID": "9587",
                "Correlation": {
                    "@ActivityID": "",
                    "@RelatedActivityID": ""
                },
                "Execution": {
                    "@ProcessID": "484",
                    "@ThreadID": "2972"
                },
                "Channel": "System",
                "Computer": "FS03.offsec.lan",
                "Security": {
                    "@UserID": ""
                }
            },
            "EventData": {
                "Data": [
                    {
                        "@Name": "param1",
                        "#text": "b3VudCA9ICRQcm9ncmVzc0NvdW50ICsgMQ0KDQogICAgICAgICAgICAkUmVtb3RlQ29tcHV0ZXIgPSAkZmFsc2UNCg0KICAgICAgICAgICAgaWYoJFByb2dyZXNzQ291bnQgLUVRIDEpIHsNCiAgIC"
                    },
                    {
                        "@Name": "param2",
                        "#text": "%%1053"
                    }
                ],
                "Binary": "cwBlAGcAOQAzAAAA"
            }
        }
    },
    {
        "Event": {
            "@xmlns": "http://schemas.microsoft.com/win/2004/08/events/event",
            "System": {
                "Provider": {
                    "@Name": "Service Control Manager",
                    "@Guid": "{555908d1-a6d7-4695-8e1e-26931d2012f4}",
                    "@EventSourceName": "Service Control Manager"
                },
                "EventID": {
                    "@Qualifiers": "16384",
                    "#text": "7045"
                },
                "Version": "0",
                "Level": "4",
                "Task": "0",
                "Opcode": "0",
                "Keywords": "0x8080000000000000",
                "TimeCreated": {
                    "@SystemTime": "2021-11-03 08:17:30.607925+00:00"
                },
                "EventRecordID": "9588",
                "Correlation": {
                    "@ActivityID": "",
                    "@RelatedActivityID": ""
                },
                "Execution": {
                    "@ProcessID": "484",
                    "@ThreadID": "2972"
                },
                "Channel": "System",
                "Computer": "FS03.offsec.lan",
                "Security": {
                    "@UserID": "S-1-5-21-4230534742-2542757381-3142984815-1111"
                }
            },
            "EventData": {
                "Data": [
                    {
                        "@Name": "ServiceName",
                        "#text": "AgICAgICAgICAgICANCiAgICAgICAgICAgICAgICBXcml0ZS1Mb2cgJElORk9fTE9HICJDYWxjdWxhdGluZyAmIFByb2Nlc3NpbmcgTG9nIEVQUyBGb3IgQ29tcHV0ZXIgTGlzdCIgDQogICAgICAg"
                    },
                    {
                        "@Name": "ImagePath",
                        "#text": "c:\\windows\\system32\\cmd.exe /c powershell -command \"Get-Service \"seg94\" | select -Expand DisplayName |out-file -append tmp_payload.txt\""
                    },
                    {
                        "@Name": "ServiceType",
                        "#text": "user mode service"
                    },
                    {
                        "@Name": "StartType",
                        "#text": "demand start"
                    },
                    {
                        "@Name": "AccountName",
                        "#text": "LocalSystem"
                    }
                ]
            }
        }
    },
    {
        "Event": {
            "@xmlns": "http://schemas.microsoft.com/win/2004/08/events/event",
            "System": {
                "Provider": {
                    "@Name": "Service Control Manager",
                    "@Guid": "{555908d1-a6d7-4695-8e1e-26931d2012f4}",
                    "@EventSourceName": "Service Control Manager"
                },
                "EventID": {
                    "@Qualifiers": "49152",
                    "#text": "7009"
                },
                "Version": "0",
                "Level": "2",
                "Task": "0",
                "Opcode": "0",
                "Keywords": "0x8080000000000000",
                "TimeCreated": {
                    "@SystemTime": "2021-11-03 08:17:30.967304+00:00"
                },
                "EventRecordID": "9589",
                "Correlation": {
                    "@ActivityID": "",
                    "@RelatedActivityID": ""
                },
                "Execution": {
                    "@ProcessID": "484",
                    "@ThreadID": "2972"
                },
                "Channel": "System",
                "Computer": "FS03.offsec.lan",
                "Security": {
                    "@UserID": ""
                }
            },
            "EventData": {
                "Data": [
                    {
                        "@Name": "param1",
                        "#text": "30000"
                    },
                    {
                        "@Name": "param2",
                        "#text": "AgICAgICAgICAgICANCiAgICAgICAgICAgICAgICBXcml0ZS1Mb2cgJElORk9fTE9HICJDYWxjdWxhdGluZyAmIFByb2Nlc3NpbmcgTG9nIEVQUyBGb3IgQ29tcHV0ZXIgTGlzdCIgDQogICAgICAg"
                    }
                ],
                "Binary": "cwBlAGcAOQA0AAAA"
            }
        }
    },
    {
        "Event": {
            "@xmlns": "http://schemas.microsoft.com/win/2004/08/events/event",
            "System": {
                "Provider": {
                    "@Name": "Service Control Manager",
                    "@Guid": "{555908d1-a6d7-4695-8e1e-26931d2012f4}",
                    "@EventSourceName": "Service Control Manager"
                },
                "EventID": {
                    "@Qualifiers": "49152",
                    "#text": "7000"
                },
                "Version": "0",
                "Level": "2",
                "Task": "0",
                "Opcode": "0",
                "Keywords": "0x8080000000000000",
                "TimeCreated": {
                    "@SystemTime": "2021-11-03 08:17:30.967304+00:00"
                },
                "EventRecordID": "9590",
                "Correlation": {
                    "@ActivityID": "",
                    "@RelatedActivityID": ""
                },
                "Execution": {
                    "@ProcessID": "484",
                    "@ThreadID": "2972"
                },
                "Channel": "System",
                "Computer": "FS03.offsec.lan",
                "Security": {
                    "@UserID": ""
                }
            },
            "EventData": {
                "Data": [
                    {
                        "@Name": "param1",
                        "#text": "AgICAgICAgICAgICANCiAgICAgICAgICAgICAgICBXcml0ZS1Mb2cgJElORk9fTE9HICJDYWxjdWxhdGluZyAmIFByb2Nlc3NpbmcgTG9nIEVQUyBGb3IgQ29tcHV0ZXIgTGlzdCIgDQogICAgICAg"
                    },
                    {
                        "@Name": "param2",
                        "#text": "%%1053"
                    }
                ],
                "Binary": "cwBlAGcAOQA0AAAA"
            }
        }
    },
    {
        "Event": {
            "@xmlns": "http://schemas.microsoft.com/win/2004/08/events/event",
            "System": {
                "Provider": {
                    "@Name": "Service Control Manager",
                    "@Guid": "{555908d1-a6d7-4695-8e1e-26931d2012f4}",
                    "@EventSourceName": "Service Control Manager"
                },
                "EventID": {
                    "@Qualifiers": "16384",
                    "#text": "7045"
                },
                "Version": "0",
                "Level": "4",
                "Task": "0",
                "Opcode": "0",
                "Keywords": "0x8080000000000000",
                "TimeCreated": {
                    "@SystemTime": "2021-11-03 08:17:32.038422+00:00"
                },
                "EventRecordID": "9591",
                "Correlation": {
                    "@ActivityID": "",
                    "@RelatedActivityID": ""
                },
                "Execution": {
                    "@ProcessID": "484",
                    "@ThreadID": "2972"
                },
                "Channel": "System",
                "Computer": "FS03.offsec.lan",
                "Security": {
                    "@UserID": "S-1-5-21-4230534742-2542757381-3142984815-1111"
                }
            },
            "EventData": {
                "Data": [
                    {
                        "@Name": "ServiceName",
                        "#text": "ICAgICB9IA0KDQogICAgICAgICAgICBpZiAoJENvbXB1dGVyTGlzdFR5cGUgLU5FICRMT0NBTEhPU1RfT1BUKSB7DQoNCiAgICAgICAgICAgICAgICAkUmVtb3RlQ29tcHV0ZXIgPSAkdHJ1ZQ0KIC"
                    },
                    {
                        "@Name": "ImagePath",
                        "#text": "c:\\windows\\system32\\cmd.exe /c powershell -command \"Get-Service \"seg95\" | select -Expand DisplayName |out-file -append tmp_payload.txt\""
                    },
                    {
                        "@Name": "ServiceType",
                        "#text": "user mode service"
                    },
                    {
                        "@Name": "StartType",
                        "#text": "demand start"
                    },
                    {
                        "@Name": "AccountName",
                        "#text": "LocalSystem"
                    }
                ]
            }
        }
    },
    {
        "Event": {
            "@xmlns": "http://schemas.microsoft.com/win/2004/08/events/event",
            "System": {
                "Provider": {
                    "@Name": "Service Control Manager",
                    "@Guid": "{555908d1-a6d7-4695-8e1e-26931d2012f4}",
                    "@EventSourceName": "Service Control Manager"
                },
                "EventID": {
                    "@Qualifiers": "49152",
                    "#text": "7009"
                },
                "Version": "0",
                "Level": "2",
                "Task": "0",
                "Opcode": "0",
                "Keywords": "0x8080000000000000",
                "TimeCreated": {
                    "@SystemTime": "2021-11-03 08:17:32.413441+00:00"
                },
                "EventRecordID": "9592",
                "Correlation": {
                    "@ActivityID": "",
                    "@RelatedActivityID": ""
                },
                "Execution": {
                    "@ProcessID": "484",
                    "@ThreadID": "2972"
                },
                "Channel": "System",
                "Computer": "FS03.offsec.lan",
                "Security": {
                    "@UserID": ""
                }
            },
            "EventData": {
                "Data": [
                    {
                        "@Name": "param1",
                        "#text": "30000"
                    },
                    {
                        "@Name": "param2",
                        "#text": "ICAgICB9IA0KDQogICAgICAgICAgICBpZiAoJENvbXB1dGVyTGlzdFR5cGUgLU5FICRMT0NBTEhPU1RfT1BUKSB7DQoNCiAgICAgICAgICAgICAgICAkUmVtb3RlQ29tcHV0ZXIgPSAkdHJ1ZQ0KIC"
                    }
                ],
                "Binary": "cwBlAGcAOQA1AAAA"
            }
        }
    },
    {
        "Event": {
            "@xmlns": "http://schemas.microsoft.com/win/2004/08/events/event",
            "System": {
                "Provider": {
                    "@Name": "Service Control Manager",
                    "@Guid": "{555908d1-a6d7-4695-8e1e-26931d2012f4}",
                    "@EventSourceName": "Service Control Manager"
                },
                "EventID": {
                    "@Qualifiers": "49152",
                    "#text": "7000"
                },
                "Version": "0",
                "Level": "2",
                "Task": "0",
                "Opcode": "0",
                "Keywords": "0x8080000000000000",
                "TimeCreated": {
                    "@SystemTime": "2021-11-03 08:17:32.413441+00:00"
                },
                "EventRecordID": "9593",
                "Correlation": {
                    "@ActivityID": "",
                    "@RelatedActivityID": ""
                },
                "Execution": {
                    "@ProcessID": "484",
                    "@ThreadID": "2972"
                },
                "Channel": "System",
                "Computer": "FS03.offsec.lan",
                "Security": {
                    "@UserID": ""
                }
            },
            "EventData": {
                "Data": [
                    {
                        "@Name": "param1",
                        "#text": "ICAgICB9IA0KDQogICAgICAgICAgICBpZiAoJENvbXB1dGVyTGlzdFR5cGUgLU5FICRMT0NBTEhPU1RfT1BUKSB7DQoNCiAgICAgICAgICAgICAgICAkUmVtb3RlQ29tcHV0ZXIgPSAkdHJ1ZQ0KIC"
                    },
                    {
                        "@Name": "param2",
                        "#text": "%%1053"
                    }
                ],
                "Binary": "cwBlAGcAOQA1AAAA"
            }
        }
    },
    {
        "Event": {
            "@xmlns": "http://schemas.microsoft.com/win/2004/08/events/event",
            "System": {
                "Provider": {
                    "@Name": "Service Control Manager",
                    "@Guid": "{555908d1-a6d7-4695-8e1e-26931d2012f4}",
                    "@EventSourceName": "Service Control Manager"
                },
                "EventID": {
                    "@Qualifiers": "16384",
                    "#text": "7045"
                },
                "Version": "0",
                "Level": "4",
                "Task": "0",
                "Opcode": "0",
                "Keywords": "0x8080000000000000",
                "TimeCreated": {
                    "@SystemTime": "2021-11-03 08:17:33.491535+00:00"
                },
                "EventRecordID": "9594",
                "Correlation": {
                    "@ActivityID": "",
                    "@RelatedActivityID": ""
                },
                "Execution": {
                    "@ProcessID": "484",
                    "@ThreadID": "2972"
                },
                "Channel": "System",
                "Computer": "FS03.offsec.lan",
                "Security": {
                    "@UserID": "S-1-5-21-4230534742-2542757381-3142984815-1111"
                }
            },
            "EventData": {
                "Data": [
                    {
                        "@Name": "ServiceName",
                        "#text": "AgICAgICAgICAgDQogICAgICAgICAgICAgICAgJExvZ2luID0gVGVzdC1Ib3N0Q29ubmVjdGlvbiAkQ29tcHV0ZXINCg0KICAgICAgICAgICAgICAgIGlmICghJExvZ2luKSB7DQogICAgICAgICAg"
                    },
                    {
                        "@Name": "ImagePath",
                        "#text": "c:\\windows\\system32\\cmd.exe /c powershell -command \"Get-Service \"seg96\" | select -Expand DisplayName |out-file -append tmp_payload.txt\""
                    },
                    {
                        "@Name": "ServiceType",
                        "#text": "user mode service"
                    },
                    {
                        "@Name": "StartType",
                        "#text": "demand start"
                    },
                    {
                        "@Name": "AccountName",
                        "#text": "LocalSystem"
                    }
                ]
            }
        }
    },
    {
        "Event": {
            "@xmlns": "http://schemas.microsoft.com/win/2004/08/events/event",
            "System": {
                "Provider": {
                    "@Name": "Service Control Manager",
                    "@Guid": "{555908d1-a6d7-4695-8e1e-26931d2012f4}",
                    "@EventSourceName": "Service Control Manager"
                },
                "EventID": {
                    "@Qualifiers": "49152",
                    "#text": "7009"
                },
                "Version": "0",
                "Level": "2",
                "Task": "0",
                "Opcode": "0",
                "Keywords": "0x8080000000000000",
                "TimeCreated": {
                    "@SystemTime": "2021-11-03 08:17:33.866537+00:00"
                },
                "EventRecordID": "9595",
                "Correlation": {
                    "@ActivityID": "",
                    "@RelatedActivityID": ""
                },
                "Execution": {
                    "@ProcessID": "484",
                    "@ThreadID": "2972"
                },
                "Channel": "System",
                "Computer": "FS03.offsec.lan",
                "Security": {
                    "@UserID": ""
                }
            },
            "EventData": {
                "Data": [
                    {
                        "@Name": "param1",
                        "#text": "30000"
                    },
                    {
                        "@Name": "param2",
                        "#text": "AgICAgICAgICAgDQogICAgICAgICAgICAgICAgJExvZ2luID0gVGVzdC1Ib3N0Q29ubmVjdGlvbiAkQ29tcHV0ZXINCg0KICAgICAgICAgICAgICAgIGlmICghJExvZ2luKSB7DQogICAgICAgICAg"
                    }
                ],
                "Binary": "cwBlAGcAOQA2AAAA"
            }
        }
    },
