    {
        "Event": {
            "@xmlns": "http://schemas.microsoft.com/win/2004/08/events/event",
            "System": {
                "Provider": {
                    "@Name": "Service Control Manager",
                    "@Guid": "{555908d1-a6d7-4695-8e1e-26931d2012f4}",
                    "@EventSourceName": "Service Control Manager"
                },
                "EventID": {
                    "@Qualifiers": "49152",
                    "#text": "7000"
                },
                "Version": "0",
                "Level": "2",
                "Task": "0",
                "Opcode": "0",
                "Keywords": "0x8080000000000000",
                "TimeCreated": {
                    "@SystemTime": "2021-11-03 08:16:58.905355+00:00"
                },
                "EventRecordID": "9524",
                "Correlation": {
                    "@ActivityID": "",
                    "@RelatedActivityID": ""
                },
                "Execution": {
                    "@ProcessID": "484",
                    "@ThreadID": "2972"
                },
                "Channel": "System",
                "Computer": "FS03.offsec.lan",
                "Security": {
                    "@UserID": ""
                }
            },
            "EventData": {
                "Data": [
                    {
                        "@Name": "param1",
                        "#text": "xvZ1N0YXRzQW5kSW5mbw0KDQogICAgDQogICAgfQ0KDQogICAgY2F0Y2ggew0KDQogICAgICAgIFdyaXRlLUxvZyAkRVJST1JfTE9HICJVbmFibGUgdG8gZ2V0IHByb2ZpbGUgc3VnZ2VzdGlvbiIN"
                    },
                    {
                        "@Name": "param2",
                        "#text": "%%1053"
                    }
                ],
                "Binary": "cwBlAGcANwAyAAAA"
            }
        }
    },
    {
        "Event": {
            "@xmlns": "http://schemas.microsoft.com/win/2004/08/events/event",
            "System": {
                "Provider": {
                    "@Name": "Service Control Manager",
                    "@Guid": "{555908d1-a6d7-4695-8e1e-26931d2012f4}",
                    "@EventSourceName": "Service Control Manager"
                },
                "EventID": {
                    "@Qualifiers": "16384",
                    "#text": "7045"
                },
                "Version": "0",
                "Level": "4",
                "Task": "0",
                "Opcode": "0",
                "Keywords": "0x8080000000000000",
                "TimeCreated": {
                    "@SystemTime": "2021-11-03 08:16:59.975639+00:00"
                },
                "EventRecordID": "9525",
                "Correlation": {
                    "@ActivityID": "",
                    "@RelatedActivityID": ""
                },
                "Execution": {
                    "@ProcessID": "484",
                    "@ThreadID": "2972"
                },
                "Channel": "System",
                "Computer": "FS03.offsec.lan",
                "Security": {
                    "@UserID": "S-1-5-21-4230534742-2542757381-3142984815-1111"
                }
            },
            "EventData": {
                "Data": [
                    {
                        "@Name": "ServiceName",
                        "#text": "Cg0KICAgICAgICBXcml0ZS1Mb2cgJEVSUk9SX0xPRyAkRXJyb3JbMF0NCg0KICAgICAgICAkRXJyb3JMaW5lTnVtYmVyID0gJEVycm9yWzBdLkludm9jYXRpb25JbmZvLnNjcmlwdGxpbmVudW1iZX"
                    },
                    {
                        "@Name": "ImagePath",
                        "#text": "c:\\windows\\system32\\cmd.exe /c powershell -command \"Get-Service \"seg73\" | select -Expand DisplayName |out-file -append tmp_payload.txt\""
                    },
                    {
                        "@Name": "ServiceType",
                        "#text": "user mode service"
                    },
                    {
                        "@Name": "StartType",
                        "#text": "demand start"
                    },
                    {
                        "@Name": "AccountName",
                        "#text": "LocalSystem"
                    }
                ]
            }
        }
    },
    {
        "Event": {
            "@xmlns": "http://schemas.microsoft.com/win/2004/08/events/event",
            "System": {
                "Provider": {
                    "@Name": "Service Control Manager",
                    "@Guid": "{555908d1-a6d7-4695-8e1e-26931d2012f4}",
                    "@EventSourceName": "Service Control Manager"
                },
                "EventID": {
                    "@Qualifiers": "49152",
                    "#text": "7009"
                },
                "Version": "0",
                "Level": "2",
                "Task": "0",
                "Opcode": "0",
                "Keywords": "0x8080000000000000",
                "TimeCreated": {
                    "@SystemTime": "2021-11-03 08:17:00.350639+00:00"
                },
                "EventRecordID": "9526",
                "Correlation": {
                    "@ActivityID": "",
                    "@RelatedActivityID": ""
                },
                "Execution": {
                    "@ProcessID": "484",
                    "@ThreadID": "2972"
                },
                "Channel": "System",
                "Computer": "FS03.offsec.lan",
                "Security": {
                    "@UserID": ""
                }
            },
            "EventData": {
                "Data": [
                    {
                        "@Name": "param1",
                        "#text": "30000"
                    },
                    {
                        "@Name": "param2",
                        "#text": "Cg0KICAgICAgICBXcml0ZS1Mb2cgJEVSUk9SX0xPRyAkRXJyb3JbMF0NCg0KICAgICAgICAkRXJyb3JMaW5lTnVtYmVyID0gJEVycm9yWzBdLkludm9jYXRpb25JbmZvLnNjcmlwdGxpbmVudW1iZX"
                    }
                ],
                "Binary": "cwBlAGcANwAzAAAA"
            }
        }
    },
    {
        "Event": {
            "@xmlns": "http://schemas.microsoft.com/win/2004/08/events/event",
            "System": {
                "Provider": {
                    "@Name": "Service Control Manager",
                    "@Guid": "{555908d1-a6d7-4695-8e1e-26931d2012f4}",
                    "@EventSourceName": "Service Control Manager"
                },
                "EventID": {
                    "@Qualifiers": "49152",
                    "#text": "7000"
                },
                "Version": "0",
                "Level": "2",
                "Task": "0",
                "Opcode": "0",
                "Keywords": "0x8080000000000000",
                "TimeCreated": {
                    "@SystemTime": "2021-11-03 08:17:00.350639+00:00"
                },
                "EventRecordID": "9527",
                "Correlation": {
                    "@ActivityID": "",
                    "@RelatedActivityID": ""
                },
                "Execution": {
                    "@ProcessID": "484",
                    "@ThreadID": "2972"
                },
                "Channel": "System",
                "Computer": "FS03.offsec.lan",
                "Security": {
                    "@UserID": ""
                }
            },
            "EventData": {
                "Data": [
                    {
                        "@Name": "param1",
                        "#text": "Cg0KICAgICAgICBXcml0ZS1Mb2cgJEVSUk9SX0xPRyAkRXJyb3JbMF0NCg0KICAgICAgICAkRXJyb3JMaW5lTnVtYmVyID0gJEVycm9yWzBdLkludm9jYXRpb25JbmZvLnNjcmlwdGxpbmVudW1iZX"
                    },
                    {
                        "@Name": "param2",
                        "#text": "%%1053"
                    }
                ],
                "Binary": "cwBlAGcANwAzAAAA"
            }
        }
    },
    {
        "Event": {
            "@xmlns": "http://schemas.microsoft.com/win/2004/08/events/event",
            "System": {
                "Provider": {
                    "@Name": "Service Control Manager",
                    "@Guid": "{555908d1-a6d7-4695-8e1e-26931d2012f4}",
                    "@EventSourceName": "Service Control Manager"
                },
                "EventID": {
                    "@Qualifiers": "16384",
                    "#text": "7045"
                },
                "Version": "0",
                "Level": "4",
                "Task": "0",
                "Opcode": "0",
                "Keywords": "0x8080000000000000",
                "TimeCreated": {
                    "@SystemTime": "2021-11-03 08:17:01.428841+00:00"
                },
                "EventRecordID": "9528",
                "Correlation": {
                    "@ActivityID": "",
                    "@RelatedActivityID": ""
                },
                "Execution": {
                    "@ProcessID": "484",
                    "@ThreadID": "2972"
                },
                "Channel": "System",
                "Computer": "FS03.offsec.lan",
                "Security": {
                    "@UserID": "S-1-5-21-4230534742-2542757381-3142984815-1111"
                }
            },
            "EventData": {
                "Data": [
                    {
                        "@Name": "ServiceName",
                        "#text": "INCg0KICAgICAgICBXcml0ZS1Mb2cgJEVSUk9SX0xPRyAiQ2F1Z2h0IG9uIGxpbmUgbnVtYmVyOiAkRXJyb3JMaW5lTnVtYmVyIg0KDQogICAgICAgIGV4aXQNCiAgICB9DQp9DQoNCiMjIyMjIyMj"
                    },
                    {
                        "@Name": "ImagePath",
                        "#text": "c:\\windows\\system32\\cmd.exe /c powershell -command \"Get-Service \"seg74\" | select -Expand DisplayName |out-file -append tmp_payload.txt\""
                    },
                    {
                        "@Name": "ServiceType",
                        "#text": "user mode service"
                    },
                    {
                        "@Name": "StartType",
                        "#text": "demand start"
                    },
                    {
                        "@Name": "AccountName",
                        "#text": "LocalSystem"
                    }
                ]
            }
        }
    },
    {
        "Event": {
            "@xmlns": "http://schemas.microsoft.com/win/2004/08/events/event",
            "System": {
                "Provider": {
                    "@Name": "Service Control Manager",
                    "@Guid": "{555908d1-a6d7-4695-8e1e-26931d2012f4}",
                    "@EventSourceName": "Service Control Manager"
                },
                "EventID": {
                    "@Qualifiers": "49152",
                    "#text": "7009"
                },
                "Version": "0",
                "Level": "2",
                "Task": "0",
                "Opcode": "0",
                "Keywords": "0x8080000000000000",
                "TimeCreated": {
                    "@SystemTime": "2021-11-03 08:17:01.819502+00:00"
                },
                "EventRecordID": "9529",
                "Correlation": {
                    "@ActivityID": "",
                    "@RelatedActivityID": ""
                },
                "Execution": {
                    "@ProcessID": "484",
                    "@ThreadID": "2972"
                },
                "Channel": "System",
                "Computer": "FS03.offsec.lan",
                "Security": {
                    "@UserID": ""
                }
            },
            "EventData": {
                "Data": [
                    {
                        "@Name": "param1",
                        "#text": "30000"
                    },
                    {
                        "@Name": "param2",
                        "#text": "INCg0KICAgICAgICBXcml0ZS1Mb2cgJEVSUk9SX0xPRyAiQ2F1Z2h0IG9uIGxpbmUgbnVtYmVyOiAkRXJyb3JMaW5lTnVtYmVyIg0KDQogICAgICAgIGV4aXQNCiAgICB9DQp9DQoNCiMjIyMjIyMj"
                    }
                ],
                "Binary": "cwBlAGcANwA0AAAA"
            }
        }
    },
    {
        "Event": {
            "@xmlns": "http://schemas.microsoft.com/win/2004/08/events/event",
            "System": {
                "Provider": {
                    "@Name": "Service Control Manager",
                    "@Guid": "{555908d1-a6d7-4695-8e1e-26931d2012f4}",
                    "@EventSourceName": "Service Control Manager"
                },
                "EventID": {
                    "@Qualifiers": "49152",
                    "#text": "7000"
                },
                "Version": "0",
                "Level": "2",
                "Task": "0",
                "Opcode": "0",
                "Keywords": "0x8080000000000000",
                "TimeCreated": {
                    "@SystemTime": "2021-11-03 08:17:01.819502+00:00"
                },
                "EventRecordID": "9530",
                "Correlation": {
                    "@ActivityID": "",
                    "@RelatedActivityID": ""
                },
                "Execution": {
                    "@ProcessID": "484",
                    "@ThreadID": "2972"
                },
                "Channel": "System",
                "Computer": "FS03.offsec.lan",
                "Security": {
                    "@UserID": ""
                }
            },
            "EventData": {
                "Data": [
                    {
                        "@Name": "param1",
                        "#text": "INCg0KICAgICAgICBXcml0ZS1Mb2cgJEVSUk9SX0xPRyAiQ2F1Z2h0IG9uIGxpbmUgbnVtYmVyOiAkRXJyb3JMaW5lTnVtYmVyIg0KDQogICAgICAgIGV4aXQNCiAgICB9DQp9DQoNCiMjIyMjIyMj"
                    },
                    {
                        "@Name": "param2",
                        "#text": "%%1053"
                    }
                ],
                "Binary": "cwBlAGcANwA0AAAA"
            }
        }
    },
    {
        "Event": {
            "@xmlns": "http://schemas.microsoft.com/win/2004/08/events/event",
            "System": {
                "Provider": {
                    "@Name": "Service Control Manager",
                    "@Guid": "{555908d1-a6d7-4695-8e1e-26931d2012f4}",
                    "@EventSourceName": "Service Control Manager"
                },
                "EventID": {
                    "@Qualifiers": "16384",
                    "#text": "7045"
                },
                "Version": "0",
                "Level": "4",
                "Task": "0",
                "Opcode": "0",
                "Keywords": "0x8080000000000000",
                "TimeCreated": {
                    "@SystemTime": "2021-11-03 08:17:02.892010+00:00"
                },
                "EventRecordID": "9531",
                "Correlation": {
                    "@ActivityID": "",
                    "@RelatedActivityID": ""
                },
                "Execution": {
                    "@ProcessID": "484",
                    "@ThreadID": "2972"
                },
                "Channel": "System",
                "Computer": "FS03.offsec.lan",
                "Security": {
                    "@UserID": "S-1-5-21-4230534742-2542757381-3142984815-1111"
                }
            },
            "EventData": {
                "Data": [
                    {
                        "@Name": "ServiceName",
                        "#text": "IyMjIyMjIyMjIyMjIyMjIyMjIyMjIyMjIyMjIyMjIyMjIyMjIyMjIyMjIyMjIyMjIyMjIyMjIyMjIyMjIyMjIyMjIyMjIyMjIyMjIyMjIyMjIyMjIyMjIyMNCiNGdW5jdGlvbiB3aWxsIHRlc3QgY2"
                    },
                    {
                        "@Name": "ImagePath",
                        "#text": "c:\\windows\\system32\\cmd.exe /c powershell -command \"Get-Service \"seg75\" | select -Expand DisplayName |out-file -append tmp_payload.txt\""
                    },
                    {
                        "@Name": "ServiceType",
                        "#text": "user mode service"
                    },
                    {
                        "@Name": "StartType",
                        "#text": "demand start"
                    },
                    {
                        "@Name": "AccountName",
                        "#text": "LocalSystem"
                    }
                ]
            }
        }
    },
    {
        "Event": {
            "@xmlns": "http://schemas.microsoft.com/win/2004/08/events/event",
            "System": {
                "Provider": {
                    "@Name": "Service Control Manager",
                    "@Guid": "{555908d1-a6d7-4695-8e1e-26931d2012f4}",
                    "@EventSourceName": "Service Control Manager"
                },
                "EventID": {
                    "@Qualifiers": "49152",
                    "#text": "7009"
                },
                "Version": "0",
                "Level": "2",
                "Task": "0",
                "Opcode": "0",
                "Keywords": "0x8080000000000000",
                "TimeCreated": {
                    "@SystemTime": "2021-11-03 08:17:03.282625+00:00"
                },
                "EventRecordID": "9532",
                "Correlation": {
                    "@ActivityID": "",
                    "@RelatedActivityID": ""
                },
                "Execution": {
                    "@ProcessID": "484",
                    "@ThreadID": "2972"
                },
                "Channel": "System",
                "Computer": "FS03.offsec.lan",
                "Security": {
                    "@UserID": ""
                }
            },
            "EventData": {
                "Data": [
                    {
                        "@Name": "param1",
                        "#text": "30000"
                    },
                    {
                        "@Name": "param2",
                        "#text": "IyMjIyMjIyMjIyMjIyMjIyMjIyMjIyMjIyMjIyMjIyMjIyMjIyMjIyMjIyMjIyMjIyMjIyMjIyMjIyMjIyMjIyMjIyMjIyMjIyMjIyMjIyMjIyMjIyMjIyMNCiNGdW5jdGlvbiB3aWxsIHRlc3QgY2"
                    }
                ],
                "Binary": "cwBlAGcANwA1AAAA"
            }
        }
    },
    {
        "Event": {
            "@xmlns": "http://schemas.microsoft.com/win/2004/08/events/event",
            "System": {
                "Provider": {
                    "@Name": "Service Control Manager",
                    "@Guid": "{555908d1-a6d7-4695-8e1e-26931d2012f4}",
                    "@EventSourceName": "Service Control Manager"
                },
                "EventID": {
                    "@Qualifiers": "49152",
                    "#text": "7000"
                },
                "Version": "0",
                "Level": "2",
                "Task": "0",
                "Opcode": "0",
                "Keywords": "0x8080000000000000",
                "TimeCreated": {
                    "@SystemTime": "2021-11-03 08:17:03.282625+00:00"
                },
                "EventRecordID": "9533",
                "Correlation": {
                    "@ActivityID": "",
                    "@RelatedActivityID": ""
                },
                "Execution": {
                    "@ProcessID": "484",
                    "@ThreadID": "2972"
                },
                "Channel": "System",
                "Computer": "FS03.offsec.lan",
                "Security": {
                    "@UserID": ""
                }
            },
            "EventData": {
                "Data": [
                    {
                        "@Name": "param1",
                        "#text": "IyMjIyMjIyMjIyMjIyMjIyMjIyMjIyMjIyMjIyMjIyMjIyMjIyMjIyMjIyMjIyMjIyMjIyMjIyMjIyMjIyMjIyMjIyMjIyMjIyMjIyMjIyMjIyMjIyMjIyMNCiNGdW5jdGlvbiB3aWxsIHRlc3QgY2"
                    },
                    {
                        "@Name": "param2",
                        "#text": "%%1053"
                    }
                ],
                "Binary": "cwBlAGcANwA1AAAA"
            }
        }
    },
    {
        "Event": {
            "@xmlns": "http://schemas.microsoft.com/win/2004/08/events/event",
            "System": {
                "Provider": {
                    "@Name": "Service Control Manager",
                    "@Guid": "{555908d1-a6d7-4695-8e1e-26931d2012f4}",
                    "@EventSourceName": "Service Control Manager"
                },
                "EventID": {
                    "@Qualifiers": "16384",
                    "#text": "7045"
                },
                "Version": "0",
                "Level": "4",
                "Task": "0",
                "Opcode": "0",
                "Keywords": "0x8080000000000000",
                "TimeCreated": {
                    "@SystemTime": "2021-11-03 08:17:04.364611+00:00"
                },
                "EventRecordID": "9534",
                "Correlation": {
                    "@ActivityID": "",
                    "@RelatedActivityID": ""
                },
                "Execution": {
                    "@ProcessID": "484",
                    "@ThreadID": "2972"
                },
                "Channel": "System",
                "Computer": "FS03.offsec.lan",
                "Security": {
                    "@UserID": "S-1-5-21-4230534742-2542757381-3142984815-1111"
                }
            },
            "EventData": {
                "Data": [
                    {
                        "@Name": "ServiceName",
                        "#text": "9ubmVjdGlvbg0KDQojQHBhcmFtICRDcmVkICAgICAtPiAgVGhlIEV2ZW50IExvZw0KI0BwYXJhbSAkQ29tcHV0ZXIgLT4gIFRoZSBhdmcgZXZlbnRzIHBlciBzZWNvbmQgZm9yIHRoZSBnaXZlbiBs"
                    },
                    {
                        "@Name": "ImagePath",
                        "#text": "c:\\windows\\system32\\cmd.exe /c powershell -command \"Get-Service \"seg76\" | select -Expand DisplayName |out-file -append tmp_payload.txt\""
                    },
                    {
                        "@Name": "ServiceType",
                        "#text": "user mode service"
                    },
                    {
                        "@Name": "StartType",
                        "#text": "demand start"
                    },
                    {
                        "@Name": "AccountName",
                        "#text": "LocalSystem"
                    }
                ]
            }
        }
    },
    {
        "Event": {
            "@xmlns": "http://schemas.microsoft.com/win/2004/08/events/event",
            "System": {
                "Provider": {
                    "@Name": "Service Control Manager",
                    "@Guid": "{555908d1-a6d7-4695-8e1e-26931d2012f4}",
                    "@EventSourceName": "Service Control Manager"
                },
                "EventID": {
                    "@Qualifiers": "49152",
                    "#text": "7009"
                },
                "Version": "0",
                "Level": "2",
                "Task": "0",
                "Opcode": "0",
                "Keywords": "0x8080000000000000",
                "TimeCreated": {
                    "@SystemTime": "2021-11-03 08:17:04.739515+00:00"
                },
                "EventRecordID": "9535",
                "Correlation": {
                    "@ActivityID": "",
                    "@RelatedActivityID": ""
                },
                "Execution": {
                    "@ProcessID": "484",
                    "@ThreadID": "2972"
                },
                "Channel": "System",
                "Computer": "FS03.offsec.lan",
                "Security": {
                    "@UserID": ""
                }
            },
            "EventData": {
                "Data": [
                    {
                        "@Name": "param1",
                        "#text": "30000"
                    },
                    {
                        "@Name": "param2",
                        "#text": "9ubmVjdGlvbg0KDQojQHBhcmFtICRDcmVkICAgICAtPiAgVGhlIEV2ZW50IExvZw0KI0BwYXJhbSAkQ29tcHV0ZXIgLT4gIFRoZSBhdmcgZXZlbnRzIHBlciBzZWNvbmQgZm9yIHRoZSBnaXZlbiBs"
                    }
                ],
                "Binary": "cwBlAGcANwA2AAAA"
            }
        }
    },
    {
        "Event": {
            "@xmlns": "http://schemas.microsoft.com/win/2004/08/events/event",
            "System": {
                "Provider": {
                    "@Name": "Service Control Manager",
                    "@Guid": "{555908d1-a6d7-4695-8e1e-26931d2012f4}",
                    "@EventSourceName": "Service Control Manager"
                },
                "EventID": {
                    "@Qualifiers": "49152",
                    "#text": "7000"
                },
                "Version": "0",
                "Level": "2",
                "Task": "0",
                "Opcode": "0",
                "Keywords": "0x8080000000000000",
                "TimeCreated": {
                    "@SystemTime": "2021-11-03 08:17:04.739515+00:00"
                },
                "EventRecordID": "9536",
                "Correlation": {
                    "@ActivityID": "",
                    "@RelatedActivityID": ""
                },
                "Execution": {
                    "@ProcessID": "484",
                    "@ThreadID": "2972"
                },
                "Channel": "System",
                "Computer": "FS03.offsec.lan",
                "Security": {
                    "@UserID": ""
                }
            },
            "EventData": {
                "Data": [
                    {
                        "@Name": "param1",
                        "#text": "9ubmVjdGlvbg0KDQojQHBhcmFtICRDcmVkICAgICAtPiAgVGhlIEV2ZW50IExvZw0KI0BwYXJhbSAkQ29tcHV0ZXIgLT4gIFRoZSBhdmcgZXZlbnRzIHBlciBzZWNvbmQgZm9yIHRoZSBnaXZlbiBs"
                    },
                    {
                        "@Name": "param2",
                        "#text": "%%1053"
                    }
                ],
                "Binary": "cwBlAGcANwA2AAAA"
            }
        }
    },
    {
        "Event": {
            "@xmlns": "http://schemas.microsoft.com/win/2004/08/events/event",
            "System": {
                "Provider": {
                    "@Name": "Service Control Manager",
                    "@Guid": "{555908d1-a6d7-4695-8e1e-26931d2012f4}",
                    "@EventSourceName": "Service Control Manager"
                },
                "EventID": {
                    "@Qualifiers": "16384",
                    "#text": "7045"
                },
                "Version": "0",
                "Level": "4",
                "Task": "0",
                "Opcode": "0",
                "Keywords": "0x8080000000000000",
                "TimeCreated": {
                    "@SystemTime": "2021-11-03 08:17:05.817650+00:00"
                },
                "EventRecordID": "9537",
                "Correlation": {
                    "@ActivityID": "",
                    "@RelatedActivityID": ""
                },
                "Execution": {
                    "@ProcessID": "484",
                    "@ThreadID": "2972"
                },
                "Channel": "System",
                "Computer": "FS03.offsec.lan",
                "Security": {
                    "@UserID": "S-1-5-21-4230534742-2542757381-3142984815-1111"
                }
            },
            "EventData": {
                "Data": [
                    {
                        "@Name": "ServiceName",
                        "#text": "b2cNCg0KIyMjIyMjIyMjIyMjIyMjIyMjIyMjIyMjIyMjIyMjIyMjIyMjIyMjIyMjIyMjIyMjIyMjIyMjIyMjIyMjIyMjIyMjIyMjIyMjIyMjIyMjIyMjIyMjIyMjIyMjIyMjIyMjIw0KDQpmdW5jdG"
                    },
                    {
                        "@Name": "ImagePath",
                        "#text": "c:\\windows\\system32\\cmd.exe /c powershell -command \"Get-Service \"seg77\" | select -Expand DisplayName |out-file -append tmp_payload.txt\""
                    },
                    {
                        "@Name": "ServiceType",
                        "#text": "user mode service"
                    },
                    {
                        "@Name": "StartType",
                        "#text": "demand start"
                    },
                    {
                        "@Name": "AccountName",
                        "#text": "LocalSystem"
                    }
                ]
            }
        }
    },
    {
        "Event": {
            "@xmlns": "http://schemas.microsoft.com/win/2004/08/events/event",
            "System": {
                "Provider": {
                    "@Name": "Service Control Manager",
                    "@Guid": "{555908d1-a6d7-4695-8e1e-26931d2012f4}",
                    "@EventSourceName": "Service Control Manager"
                },
                "EventID": {
                    "@Qualifiers": "49152",
                    "#text": "7009"
                },
                "Version": "0",
                "Level": "2",
                "Task": "0",
                "Opcode": "0",
                "Keywords": "0x8080000000000000",
                "TimeCreated": {
                    "@SystemTime": "2021-11-03 08:17:06.192640+00:00"
                },
                "EventRecordID": "9538",
                "Correlation": {
                    "@ActivityID": "",
                    "@RelatedActivityID": ""
                },
                "Execution": {
                    "@ProcessID": "484",
                    "@ThreadID": "2972"
                },
                "Channel": "System",
                "Computer": "FS03.offsec.lan",
                "Security": {
                    "@UserID": ""
                }
            },
            "EventData": {
                "Data": [
                    {
                        "@Name": "param1",
                        "#text": "30000"
                    },
                    {
                        "@Name": "param2",
                        "#text": "b2cNCg0KIyMjIyMjIyMjIyMjIyMjIyMjIyMjIyMjIyMjIyMjIyMjIyMjIyMjIyMjIyMjIyMjIyMjIyMjIyMjIyMjIyMjIyMjIyMjIyMjIyMjIyMjIyMjIyMjIyMjIyMjIyMjIyMjIw0KDQpmdW5jdG"
                    }
                ],
                "Binary": "cwBlAGcANwA3AAAA"
            }
        }
    },
    {
        "Event": {
            "@xmlns": "http://schemas.microsoft.com/win/2004/08/events/event",
            "System": {
                "Provider": {
                    "@Name": "Service Control Manager",
                    "@Guid": "{555908d1-a6d7-4695-8e1e-26931d2012f4}",
                    "@EventSourceName": "Service Control Manager"
                },
                "EventID": {
                    "@Qualifiers": "49152",
                    "#text": "7000"
                },
                "Version": "0",
                "Level": "2",
                "Task": "0",
                "Opcode": "0",
                "Keywords": "0x8080000000000000",
                "TimeCreated": {
                    "@SystemTime": "2021-11-03 08:17:06.192640+00:00"
                },
                "EventRecordID": "9539",
                "Correlation": {
                    "@ActivityID": "",
                    "@RelatedActivityID": ""
                },
                "Execution": {
                    "@ProcessID": "484",
                    "@ThreadID": "2972"
                },
                "Channel": "System",
                "Computer": "FS03.offsec.lan",
                "Security": {
                    "@UserID": ""
                }
            },
            "EventData": {
                "Data": [
                    {
                        "@Name": "param1",
                        "#text": "b2cNCg0KIyMjIyMjIyMjIyMjIyMjIyMjIyMjIyMjIyMjIyMjIyMjIyMjIyMjIyMjIyMjIyMjIyMjIyMjIyMjIyMjIyMjIyMjIyMjIyMjIyMjIyMjIyMjIyMjIyMjIyMjIyMjIyMjIw0KDQpmdW5jdG"
                    },
                    {
                        "@Name": "param2",
                        "#text": "%%1053"
                    }
                ],
                "Binary": "cwBlAGcANwA3AAAA"
            }
        }
    },
    {
        "Event": {
            "@xmlns": "http://schemas.microsoft.com/win/2004/08/events/event",
            "System": {
                "Provider": {
                    "@Name": "Service Control Manager",
                    "@Guid": "{555908d1-a6d7-4695-8e1e-26931d2012f4}",
                    "@EventSourceName": "Service Control Manager"
                },
                "EventID": {
                    "@Qualifiers": "16384",
                    "#text": "7045"
                },
                "Version": "0",
                "Level": "4",
                "Task": "0",
                "Opcode": "0",
                "Keywords": "0x8080000000000000",
                "TimeCreated": {
                    "@SystemTime": "2021-11-03 08:17:07.256332+00:00"
                },
                "EventRecordID": "9540",
                "Correlation": {
                    "@ActivityID": "",
                    "@RelatedActivityID": ""
                },
                "Execution": {
                    "@ProcessID": "484",
                    "@ThreadID": "2972"
                },
                "Channel": "System",
                "Computer": "FS03.offsec.lan",
                "Security": {
                    "@UserID": "S-1-5-21-4230534742-2542757381-3142984815-1111"
                }
            },
            "EventData": {
                "Data": [
                    {
                        "@Name": "ServiceName",
                        "#text": "lvbiBUZXN0LUhvc3RDb25uZWN0aW9uIHsgcGFyYW0oJENvbXB1dGVyKSAgICANCg0KICAgIHRyeSB7DQoNCiAgICAgICAgaWYgKChUZXN0LUNvbm5lY3Rpb24gLUNvbXB1dGVyTmFtZSAkQ29tcHV0"
                    },
                    {
                        "@Name": "ImagePath",
                        "#text": "c:\\windows\\system32\\cmd.exe /c powershell -command \"Get-Service \"seg78\" | select -Expand DisplayName |out-file -append tmp_payload.txt\""
                    },
                    {
                        "@Name": "ServiceType",
                        "#text": "user mode service"
                    },
                    {
                        "@Name": "StartType",
                        "#text": "demand start"
                    },
                    {
                        "@Name": "AccountName",
                        "#text": "LocalSystem"
                    }
                ]
            }
        }
    },
    {
        "Event": {
            "@xmlns": "http://schemas.microsoft.com/win/2004/08/events/event",
            "System": {
                "Provider": {
                    "@Name": "Service Control Manager",
                    "@Guid": "{555908d1-a6d7-4695-8e1e-26931d2012f4}",
                    "@EventSourceName": "Service Control Manager"
                },
                "EventID": {
                    "@Qualifiers": "49152",
                    "#text": "7009"
                },
                "Version": "0",
                "Level": "2",
                "Task": "0",
                "Opcode": "0",
                "Keywords": "0x8080000000000000",
                "TimeCreated": {
                    "@SystemTime": "2021-11-03 08:17:07.631325+00:00"
                },
                "EventRecordID": "9541",
                "Correlation": {
                    "@ActivityID": "",
                    "@RelatedActivityID": ""
                },
                "Execution": {
                    "@ProcessID": "484",
                    "@ThreadID": "2972"
                },
                "Channel": "System",
                "Computer": "FS03.offsec.lan",
                "Security": {
                    "@UserID": ""
                }
            },
            "EventData": {
                "Data": [
                    {
                        "@Name": "param1",
                        "#text": "30000"
                    },
                    {
                        "@Name": "param2",
                        "#text": "lvbiBUZXN0LUhvc3RDb25uZWN0aW9uIHsgcGFyYW0oJENvbXB1dGVyKSAgICANCg0KICAgIHRyeSB7DQoNCiAgICAgICAgaWYgKChUZXN0LUNvbm5lY3Rpb24gLUNvbXB1dGVyTmFtZSAkQ29tcHV0"
                    }
                ],
                "Binary": "cwBlAGcANwA4AAAA"
            }
        }
    },
    {
        "Event": {
            "@xmlns": "http://schemas.microsoft.com/win/2004/08/events/event",
            "System": {
                "Provider": {
                    "@Name": "Service Control Manager",
                    "@Guid": "{555908d1-a6d7-4695-8e1e-26931d2012f4}",
                    "@EventSourceName": "Service Control Manager"
                },
                "EventID": {
                    "@Qualifiers": "49152",
                    "#text": "7000"
                },
                "Version": "0",
                "Level": "2",
                "Task": "0",
                "Opcode": "0",
                "Keywords": "0x8080000000000000",
                "TimeCreated": {
                    "@SystemTime": "2021-11-03 08:17:07.631325+00:00"
                },
                "EventRecordID": "9542",
                "Correlation": {
                    "@ActivityID": "",
                    "@RelatedActivityID": ""
                },
                "Execution": {
                    "@ProcessID": "484",
                    "@ThreadID": "2972"
                },
                "Channel": "System",
                "Computer": "FS03.offsec.lan",
                "Security": {
                    "@UserID": ""
                }
            },
            "EventData": {
                "Data": [
                    {
                        "@Name": "param1",
                        "#text": "lvbiBUZXN0LUhvc3RDb25uZWN0aW9uIHsgcGFyYW0oJENvbXB1dGVyKSAgICANCg0KICAgIHRyeSB7DQoNCiAgICAgICAgaWYgKChUZXN0LUNvbm5lY3Rpb24gLUNvbXB1dGVyTmFtZSAkQ29tcHV0"
                    },
                    {
                        "@Name": "param2",
                        "#text": "%%1053"
                    }
                ],
                "Binary": "cwBlAGcANwA4AAAA"
            }
        }
    },
    {
        "Event": {
            "@xmlns": "http://schemas.microsoft.com/win/2004/08/events/event",
            "System": {
                "Provider": {
                    "@Name": "Service Control Manager",
                    "@Guid": "{555908d1-a6d7-4695-8e1e-26931d2012f4}",
                    "@EventSourceName": "Service Control Manager"
                },
                "EventID": {
                    "@Qualifiers": "16384",
                    "#text": "7045"
                },
                "Version": "0",
                "Level": "4",
                "Task": "0",
                "Opcode": "0",
                "Keywords": "0x8080000000000000",
                "TimeCreated": {
                    "@SystemTime": "2021-11-03 08:17:08.709473+00:00"
                },
                "EventRecordID": "9543",
                "Correlation": {
                    "@ActivityID": "",
                    "@RelatedActivityID": ""
                },
                "Execution": {
                    "@ProcessID": "484",
                    "@ThreadID": "2972"
                },
                "Channel": "System",
                "Computer": "FS03.offsec.lan",
                "Security": {
                    "@UserID": "S-1-5-21-4230534742-2542757381-3142984815-1111"
                }
            },
            "EventData": {
                "Data": [
                    {
                        "@Name": "ServiceName",
                        "#text": "ZXIgLWNvdW50IDEgLXF1aWV0KSkgew0KDQogICAgICAgICAgICByZXR1cm4gJHRydWUNCiAgICAgICAgfQ0KDQogICAgICAgIGVsc2Ugew0KDQoNCiAgICAgICAgICAgIFdyaXRlLUxvZyAkRVJST1"
                    },
                    {
                        "@Name": "ImagePath",
                        "#text": "c:\\windows\\system32\\cmd.exe /c powershell -command \"Get-Service \"seg79\" | select -Expand DisplayName |out-file -append tmp_payload.txt\""
                    },
                    {
                        "@Name": "ServiceType",
                        "#text": "user mode service"
                    },
                    {
                        "@Name": "StartType",
                        "#text": "demand start"
                    },
                    {
                        "@Name": "AccountName",
                        "#text": "LocalSystem"
                    }
                ]
            }
        }
    },
    {
        "Event": {
            "@xmlns": "http://schemas.microsoft.com/win/2004/08/events/event",
            "System": {
                "Provider": {
                    "@Name": "Service Control Manager",
                    "@Guid": "{555908d1-a6d7-4695-8e1e-26931d2012f4}",
                    "@EventSourceName": "Service Control Manager"
                },
                "EventID": {
                    "@Qualifiers": "49152",
                    "#text": "7009"
                },
                "Version": "0",
                "Level": "2",
                "Task": "0",
                "Opcode": "0",
                "Keywords": "0x8080000000000000",
                "TimeCreated": {
                    "@SystemTime": "2021-11-03 08:17:09.115715+00:00"
                },
                "EventRecordID": "9544",
                "Correlation": {
                    "@ActivityID": "",
                    "@RelatedActivityID": ""
                },
                "Execution": {
                    "@ProcessID": "484",
                    "@ThreadID": "2972"
                },
                "Channel": "System",
                "Computer": "FS03.offsec.lan",
                "Security": {
                    "@UserID": ""
                }
            },
            "EventData": {
                "Data": [
                    {
                        "@Name": "param1",
                        "#text": "30000"
                    },
                    {
                        "@Name": "param2",
                        "#text": "ZXIgLWNvdW50IDEgLXF1aWV0KSkgew0KDQogICAgICAgICAgICByZXR1cm4gJHRydWUNCiAgICAgICAgfQ0KDQogICAgICAgIGVsc2Ugew0KDQoNCiAgICAgICAgICAgIFdyaXRlLUxvZyAkRVJST1"
                    }
                ],
                "Binary": "cwBlAGcANwA5AAAA"
            }
        }
    },
    {
        "Event": {
            "@xmlns": "http://schemas.microsoft.com/win/2004/08/events/event",
            "System": {
                "Provider": {
                    "@Name": "Service Control Manager",
                    "@Guid": "{555908d1-a6d7-4695-8e1e-26931d2012f4}",
                    "@EventSourceName": "Service Control Manager"
                },
                "EventID": {
                    "@Qualifiers": "49152",
                    "#text": "7000"
                },
                "Version": "0",
                "Level": "2",
                "Task": "0",
                "Opcode": "0",
                "Keywords": "0x8080000000000000",
                "TimeCreated": {
                    "@SystemTime": "2021-11-03 08:17:09.115715+00:00"
                },
                "EventRecordID": "9545",
                "Correlation": {
                    "@ActivityID": "",
                    "@RelatedActivityID": ""
                },
                "Execution": {
                    "@ProcessID": "484",
                    "@ThreadID": "2972"
                },
                "Channel": "System",
                "Computer": "FS03.offsec.lan",
                "Security": {
                    "@UserID": ""
                }
            },
            "EventData": {
                "Data": [
                    {
                        "@Name": "param1",
                        "#text": "ZXIgLWNvdW50IDEgLXF1aWV0KSkgew0KDQogICAgICAgICAgICByZXR1cm4gJHRydWUNCiAgICAgICAgfQ0KDQogICAgICAgIGVsc2Ugew0KDQoNCiAgICAgICAgICAgIFdyaXRlLUxvZyAkRVJST1"
                    },
                    {
                        "@Name": "param2",
                        "#text": "%%1053"
                    }
                ],
                "Binary": "cwBlAGcANwA5AAAA"
            }
        }
    },
    {
        "Event": {
            "@xmlns": "http://schemas.microsoft.com/win/2004/08/events/event",
            "System": {
                "Provider": {
                    "@Name": "Service Control Manager",
                    "@Guid": "{555908d1-a6d7-4695-8e1e-26931d2012f4}",
                    "@EventSourceName": "Service Control Manager"
                },
                "EventID": {
                    "@Qualifiers": "16384",
                    "#text": "7045"
                },
                "Version": "0",
                "Level": "4",
                "Task": "0",
                "Opcode": "0",
                "Keywords": "0x8080000000000000",
                "TimeCreated": {
                    "@SystemTime": "2021-11-03 08:17:10.219410+00:00"
                },
                "EventRecordID": "9546",
                "Correlation": {
                    "@ActivityID": "",
                    "@RelatedActivityID": ""
                },
                "Execution": {
                    "@ProcessID": "484",
                    "@ThreadID": "2972"
                },
                "Channel": "System",
                "Computer": "FS03.offsec.lan",
                "Security": {
                    "@UserID": "S-1-5-21-4230534742-2542757381-3142984815-1111"
                }
            },
            "EventData": {
                "Data": [
                    {
                        "@Name": "ServiceName",
                        "#text": "JfTE9HICJVbmFibGUgdG8gY29udGFjdCAkQ29tcHV0ZXIuIFBsZWFzZSB2ZXJpZnkgaXRzIG5ldHdvcmsgY29ubmVjdGl2aXR5IGFuZCB0cnkgYWdhaW4iDQoNCiAgICAgICAgICAgICRHbG9iYWw6"
                    },
                    {
                        "@Name": "ImagePath",
                        "#text": "c:\\windows\\system32\\cmd.exe /c powershell -command \"Get-Service \"seg80\" | select -Expand DisplayName |out-file -append tmp_payload.txt\""
                    },
                    {
                        "@Name": "ServiceType",
                        "#text": "user mode service"
                    },
                    {
                        "@Name": "StartType",
                        "#text": "demand start"
                    },
                    {
                        "@Name": "AccountName",
                        "#text": "LocalSystem"
                    }
                ]
            }
        }
    },
    {
        "Event": {
            "@xmlns": "http://schemas.microsoft.com/win/2004/08/events/event",
            "System": {
                "Provider": {
                    "@Name": "Service Control Manager",
                    "@Guid": "{555908d1-a6d7-4695-8e1e-26931d2012f4}",
                    "@EventSourceName": "Service Control Manager"
                },
                "EventID": {
                    "@Qualifiers": "49152",
                    "#text": "7009"
                },
                "Version": "0",
                "Level": "2",
                "Task": "0",
                "Opcode": "0",
                "Keywords": "0x8080000000000000",
                "TimeCreated": {
                    "@SystemTime": "2021-11-03 08:17:10.625647+00:00"
                },
                "EventRecordID": "9547",
                "Correlation": {
                    "@ActivityID": "",
                    "@RelatedActivityID": ""
                },
                "Execution": {
                    "@ProcessID": "484",
                    "@ThreadID": "2972"
                },
                "Channel": "System",
                "Computer": "FS03.offsec.lan",
                "Security": {
                    "@UserID": ""
                }
            },
            "EventData": {
                "Data": [
                    {
                        "@Name": "param1",
                        "#text": "30000"
                    },
                    {
                        "@Name": "param2",
                        "#text": "JfTE9HICJVbmFibGUgdG8gY29udGFjdCAkQ29tcHV0ZXIuIFBsZWFzZSB2ZXJpZnkgaXRzIG5ldHdvcmsgY29ubmVjdGl2aXR5IGFuZCB0cnkgYWdhaW4iDQoNCiAgICAgICAgICAgICRHbG9iYWw6"
                    }
                ],
                "Binary": "cwBlAGcAOAAwAAAA"
            }
        }
    },
