[
    {
        "Event": {
            "@xmlns": "http://schemas.microsoft.com/win/2004/08/events/event",
            "System": {
                "Provider": {
                    "@Name": "Microsoft-Windows-Security-Auditing",
                    "@Guid": "{54849625-5478-4994-a5ba-3e3b0328c30d}"
                },
                "EventID": {
                    "@Qualifiers": "",
                    "#text": "4661"
                },
                "Version": "1",
                "Level": "0",
                "Task": "12803",
                "Opcode": "0",
                "Keywords": "0x8020000000000000",
                "TimeCreated": {
                    "@SystemTime": "2021-03-26 20:42:48.614492+00:00"
                },
                "EventRecordID": "125593002",
                "Correlation": {
                    "@ActivityID": "",
                    "@RelatedActivityID": ""
                },
                "Execution": {
                    "@ProcessID": "4",
                    "@ThreadID": "5380"
                },
                "Channel": "Security",
                "Computer": "rootdc1.offsec.lan",
                "Security": {
                    "@UserID": ""
                }
            },
            "EventData": {
                "Data": [
                    {
                        "@Name": "SubjectUserSid",
                        "#text": "S-1-5-18"
                    },
                    {
                        "@Name": "SubjectUserName",
                        "#text": "ROOTDC1$"
                    },
                    {
                        "@Name": "SubjectDomainName",
                        "#text": "OFFSEC"
                    },
                    {
                        "@Name": "SubjectLogonId",
                        "#text": "0x00000000000003e7"
                    },
                    {
                        "@Name": "ObjectServer",
                        "#text": "Security Account Manager"
                    },
                    {
                        "@Name": "ObjectType",
                        "#text": "SAM_SERVER"
                    },
                    {
                        "@Name": "ObjectName",
                        "#text": "CN=Server,CN=System,DC=offsec,DC=lan"
                    },
                    {
                        "@Name": "HandleId",
                        "#text": "0x000001d35e251d80"
                    },
                    {
                        "@Name": "TransactionId",
                        "#text": "{00000000-0000-0000-0000-000000000000}"
                    },
                    {
                        "@Name": "AccessList",
                        "#text": "%%1537\n\t\t\t\t%%1538\n\t\t\t\t%%1539\n\t\t\t\t%%1540\n\t\t\t\t%%5376\n\t\t\t\t%%5377\n\t\t\t\t%%5378\n\t\t\t\t%%5379\n\t\t\t\t%%5380\n\t\t\t\t%%5381\n\t\t\t\t%%5382\n\t\t\t\t%%5383\n\t\t\t\t%%5384"
                    },
                    {
                        "@Name": "AccessReason",
                        "#text": "-"
                    },
                    {
                        "@Name": "AccessMask",
                        "#text": "0x000f01ff"
                    },
                    {
                        "@Name": "PrivilegeList",
                        "#text": "-"
                    },
                    {
                        "@Name": "Properties",
                        "#text": "---\n\t{bf967aad-0de6-11d0-a285-00aa003049e2}"
                    },
                    {
                        "@Name": "RestrictedSidCount",
                        "#text": "0"
                    },
                    {
                        "@Name": "ProcessId",
                        "#text": "0x0000000000000230"
                    },
                    {
                        "@Name": "ProcessName",
                        "#text": "C:\\Windows\\System32\\lsass.exe"
                    }
                ]
            }
        }
    },
    {
        "Event": {
            "@xmlns": "http://schemas.microsoft.com/win/2004/08/events/event",
            "System": {
                "Provider": {
                    "@Name": "Microsoft-Windows-Security-Auditing",
                    "@Guid": "{54849625-5478-4994-a5ba-3e3b0328c30d}"
                },
                "EventID": {
                    "@Qualifiers": "",
                    "#text": "4661"
                },
                "Version": "1",
                "Level": "0",
                "Task": "12803",
                "Opcode": "0",
                "Keywords": "0x8020000000000000",
                "TimeCreated": {
                    "@SystemTime": "2021-03-26 20:42:48.614635+00:00"
                },
                "EventRecordID": "125593003",
                "Correlation": {
                    "@ActivityID": "",
                    "@RelatedActivityID": ""
                },
                "Execution": {
                    "@ProcessID": "4",
                    "@ThreadID": "5380"
                },
                "Channel": "Security",
                "Computer": "rootdc1.offsec.lan",
                "Security": {
                    "@UserID": ""
                }
            },
            "EventData": {
                "Data": [
                    {
                        "@Name": "SubjectUserSid",
                        "#text": "S-1-5-18"
                    },
                    {
                        "@Name": "SubjectUserName",
                        "#text": "ROOTDC1$"
                    },
                    {
                        "@Name": "SubjectDomainName",
                        "#text": "OFFSEC"
                    },
                    {
                        "@Name": "SubjectLogonId",
                        "#text": "0x00000000000003e7"
                    },
                    {
                        "@Name": "ObjectServer",
                        "#text": "Security Account Manager"
                    },
                    {
                        "@Name": "ObjectType",
                        "#text": "SAM_DOMAIN"
                    },
                    {
                        "@Name": "ObjectName",
                        "#text": "DC=offsec,DC=lan"
                    },
                    {
                        "@Name": "HandleId",
                        "#text": "0x000001d35e250570"
                    },
                    {
                        "@Name": "TransactionId",
                        "#text": "{00000000-0000-0000-0000-000000000000}"
                    },
                    {
                        "@Name": "AccessList",
                        "#text": "%%1537\n\t\t\t\t%%1538\n\t\t\t\t%%1539\n\t\t\t\t%%1540\n\t\t\t\t%%5392\n\t\t\t\t%%5394\n\t\t\t\t%%5395\n\t\t\t\t%%5396\n\t\t\t\t%%5397\n\t\t\t\t%%5398\n\t\t\t\t%%5399\n\t\t\t\t%%5400"
                    },
                    {
                        "@Name": "AccessReason",
                        "#text": "-"
                    },
                    {
                        "@Name": "AccessMask",
                        "#text": "0x000f01fd"
                    },
                    {
                        "@Name": "PrivilegeList",
                        "#text": "-"
                    },
                    {
                        "@Name": "Properties",
                        "#text": "---\n\t{19195a5a-6da0-11d0-afd3-00c04fd930c9}\n%%1537\n%%1538\n%%1539\n%%1540\n%%5392\n%%5394\n%%5395\n%%5396\n%%5397\n%%5398\n%%5399\n%%5400\n\t\t{c7407360-20bf-11d0-a768-00aa006e0529}\n\t\t\t{bf9679a4-0de6-11d0-a285-00aa003049e2}\n\t\t\t{bf9679a5-0de6-11d0-a285-00aa003049e2}\n\t\t\t{bf9679a6-0de6-11d0-a285-00aa003049e2}\n\t\t\t{bf9679bb-0de6-11d0-a285-00aa003049e2}\n\t\t\t{bf9679c2-0de6-11d0-a285-00aa003049e2}\n\t\t\t{bf9679c3-0de6-11d0-a285-00aa003049e2}\n\t\t\t{bf967a09-0de6-11d0-a285-00aa003049e2}\n\t\t\t{bf967a0b-0de6-11d0-a285-00aa003049e2}\n\t\t{b8119fd0-04f6-4762-ab7a-4986c76b3f9a}\n\t\t\t{bf967a34-0de6-11d0-a285-00aa003049e2}\n\t\t\t{bf967a33-0de6-11d0-a285-00aa003049e2}\n\t\t\t{bf9679c5-0de6-11d0-a285-00aa003049e2}\n\t\t\t{bf967a61-0de6-11d0-a285-00aa003049e2}\n\t\t\t{bf967977-0de6-11d0-a285-00aa003049e2}\n\t\t\t{bf96795e-0de6-11d0-a285-00aa003049e2}\n\t\t\t{bf9679ea-0de6-11d0-a285-00aa003049e2}\n\t\t{ab721a52-1e2f-11d0-9819-00aa0040529b}"
                    },
                    {
                        "@Name": "RestrictedSidCount",
                        "#text": "0"
                    },
                    {
                        "@Name": "ProcessId",
                        "#text": "0x0000000000000230"
                    },
                    {
                        "@Name": "ProcessName",
                        "#text": "C:\\Windows\\System32\\lsass.exe"
                    }
                ]
            }
        }
    },
    {
        "Event": {
            "@xmlns": "http://schemas.microsoft.com/win/2004/08/events/event",
            "System": {
                "Provider": {
                    "@Name": "Microsoft-Windows-Security-Auditing",
                    "@Guid": "{54849625-5478-4994-a5ba-3e3b0328c30d}"
                },
                "EventID": {
                    "@Qualifiers": "",
                    "#text": "4661"
                },
                "Version": "1",
                "Level": "0",
                "Task": "12803",
                "Opcode": "0",
                "Keywords": "0x8020000000000000",
                "TimeCreated": {
                    "@SystemTime": "2021-03-26 20:42:48.614731+00:00"
                },
                "EventRecordID": "125593004",
                "Correlation": {
                    "@ActivityID": "",
                    "@RelatedActivityID": ""
                },
                "Execution": {
                    "@ProcessID": "4",
                    "@ThreadID": "5380"
                },
                "Channel": "Security",
                "Computer": "rootdc1.offsec.lan",
                "Security": {
                    "@UserID": ""
                }
            },
            "EventData": {
                "Data": [
                    {
                        "@Name": "SubjectUserSid",
                        "#text": "S-1-5-18"
                    },
                    {
                        "@Name": "SubjectUserName",
                        "#text": "ROOTDC1$"
                    },
                    {
                        "@Name": "SubjectDomainName",
                        "#text": "OFFSEC"
                    },
                    {
                        "@Name": "SubjectLogonId",
                        "#text": "0x00000000000003e7"
                    },
                    {
                        "@Name": "ObjectServer",
                        "#text": "Security Account Manager"
                    },
                    {
                        "@Name": "ObjectType",
                        "#text": "SAM_DOMAIN"
                    },
                    {
                        "@Name": "ObjectName",
                        "#text": "CN=Builtin,DC=offsec,DC=lan"
                    },
                    {
                        "@Name": "HandleId",
                        "#text": "0x000001d35e252250"
                    },
                    {
                        "@Name": "TransactionId",
                        "#text": "{00000000-0000-0000-0000-000000000000}"
                    },
                    {
                        "@Name": "AccessList",
                        "#text": "%%1537\n\t\t\t\t%%1538\n\t\t\t\t%%1539\n\t\t\t\t%%1540\n\t\t\t\t%%5392\n\t\t\t\t%%5393\n\t\t\t\t%%5394\n\t\t\t\t%%5395\n\t\t\t\t%%5396\n\t\t\t\t%%5397\n\t\t\t\t%%5398\n\t\t\t\t%%5399\n\t\t\t\t%%5400"
                    },
                    {
                        "@Name": "AccessReason",
                        "#text": "-"
                    },
                    {
                        "@Name": "AccessMask",
                        "#text": "0x000f01ff"
                    },
                    {
                        "@Name": "PrivilegeList",
                        "#text": "-"
                    },
                    {
                        "@Name": "Properties",
                        "#text": "---\n\t{19195a5a-6da0-11d0-afd3-00c04fd930c9}\n%%1537\n%%1538\n%%1539\n%%1540\n%%5392\n%%5393\n%%5394\n%%5395\n%%5396\n%%5397\n%%5398\n%%5399\n%%5400\n\t\t{c7407360-20bf-11d0-a768-00aa006e0529}\n\t\t\t{bf9679a4-0de6-11d0-a285-00aa003049e2}\n\t\t\t{bf9679a5-0de6-11d0-a285-00aa003049e2}\n\t\t\t{bf9679a6-0de6-11d0-a285-00aa003049e2}\n\t\t\t{bf9679bb-0de6-11d0-a285-00aa003049e2}\n\t\t\t{bf9679c2-0de6-11d0-a285-00aa003049e2}\n\t\t\t{bf9679c3-0de6-11d0-a285-00aa003049e2}\n\t\t\t{bf967a09-0de6-11d0-a285-00aa003049e2}\n\t\t\t{bf967a0b-0de6-11d0-a285-00aa003049e2}\n\t\t{b8119fd0-04f6-4762-ab7a-4986c76b3f9a}\n\t\t\t{bf967a34-0de6-11d0-a285-00aa003049e2}\n\t\t\t{bf967a33-0de6-11d0-a285-00aa003049e2}\n\t\t\t{bf9679c5-0de6-11d0-a285-00aa003049e2}\n\t\t\t{bf967a61-0de6-11d0-a285-00aa003049e2}\n\t\t\t{bf967977-0de6-11d0-a285-00aa003049e2}\n\t\t\t{bf96795e-0de6-11d0-a285-00aa003049e2}\n\t\t\t{bf9679ea-0de6-11d0-a285-00aa003049e2}\n\t\t{ab721a52-1e2f-11d0-9819-00aa0040529b}"
                    },
                    {
                        "@Name": "RestrictedSidCount",
                        "#text": "0"
                    },
                    {
                        "@Name": "ProcessId",
                        "#text": "0x0000000000000230"
                    },
                    {
                        "@Name": "ProcessName",
                        "#text": "C:\\Windows\\System32\\lsass.exe"
                    }
                ]
            }
        }
    },
    {
        "Event": {
            "@xmlns": "http://schemas.microsoft.com/win/2004/08/events/event",
            "System": {
                "Provider": {
                    "@Name": "Microsoft-Windows-Security-Auditing",
                    "@Guid": "{54849625-5478-4994-a5ba-3e3b0328c30d}"
                },
                "EventID": {
                    "@Qualifiers": "",
                    "#text": "4661"
                },
                "Version": "1",
                "Level": "0",
                "Task": "12803",
                "Opcode": "0",
                "Keywords": "0x8020000000000000",
                "TimeCreated": {
                    "@SystemTime": "2021-03-26 20:42:48.639975+00:00"
                },
                "EventRecordID": "125593014",
                "Correlation": {
                    "@ActivityID": "",
                    "@RelatedActivityID": ""
                },
                "Execution": {
                    "@ProcessID": "4",
                    "@ThreadID": "5380"
                },
                "Channel": "Security",
                "Computer": "rootdc1.offsec.lan",
                "Security": {
                    "@UserID": ""
                }
            },
            "EventData": {
                "Data": [
                    {
                        "@Name": "SubjectUserSid",
                        "#text": "S-1-5-18"
                    },
                    {
                        "@Name": "SubjectUserName",
                        "#text": "ROOTDC1$"
                    },
                    {
                        "@Name": "SubjectDomainName",
                        "#text": "OFFSEC"
                    },
                    {
                        "@Name": "SubjectLogonId",
                        "#text": "0x00000000000003e7"
                    },
                    {
                        "@Name": "ObjectServer",
                        "#text": "Security Account Manager"
                    },
                    {
                        "@Name": "ObjectType",
                        "#text": "SAM_SERVER"
                    },
                    {
                        "@Name": "ObjectName",
                        "#text": "CN=Server,CN=System,DC=offsec,DC=lan"
                    },
                    {
                        "@Name": "HandleId",
                        "#text": "0x000001d35e252bf0"
                    },
                    {
                        "@Name": "TransactionId",
                        "#text": "{00000000-0000-0000-0000-000000000000}"
                    },
                    {
                        "@Name": "AccessList",
                        "#text": "%%1537\n\t\t\t\t%%1538\n\t\t\t\t%%1539\n\t\t\t\t%%1540\n\t\t\t\t%%5376\n\t\t\t\t%%5377\n\t\t\t\t%%5378\n\t\t\t\t%%5379\n\t\t\t\t%%5380\n\t\t\t\t%%5381\n\t\t\t\t%%5382\n\t\t\t\t%%5383\n\t\t\t\t%%5384"
                    },
                    {
                        "@Name": "AccessReason",
                        "#text": "-"
                    },
                    {
                        "@Name": "AccessMask",
                        "#text": "0x000f01ff"
                    },
                    {
                        "@Name": "PrivilegeList",
                        "#text": "-"
                    },
                    {
                        "@Name": "Properties",
                        "#text": "---\n\t{bf967aad-0de6-11d0-a285-00aa003049e2}"
                    },
                    {
                        "@Name": "RestrictedSidCount",
                        "#text": "0"
                    },
                    {
                        "@Name": "ProcessId",
                        "#text": "0x0000000000000230"
                    },
                    {
                        "@Name": "ProcessName",
                        "#text": "C:\\Windows\\System32\\lsass.exe"
                    }
                ]
            }
        }
    },
    {
        "Event": {
            "@xmlns": "http://schemas.microsoft.com/win/2004/08/events/event",
            "System": {
                "Provider": {
                    "@Name": "Microsoft-Windows-Security-Auditing",
                    "@Guid": "{54849625-5478-4994-a5ba-3e3b0328c30d}"
                },
                "EventID": {
                    "@Qualifiers": "",
                    "#text": "4661"
                },
                "Version": "1",
                "Level": "0",
                "Task": "12803",
                "Opcode": "0",
                "Keywords": "0x8020000000000000",
                "TimeCreated": {
                    "@SystemTime": "2021-03-26 20:42:48.640104+00:00"
                },
                "EventRecordID": "125593015",
                "Correlation": {
                    "@ActivityID": "",
                    "@RelatedActivityID": ""
                },
                "Execution": {
                    "@ProcessID": "4",
                    "@ThreadID": "5380"
                },
                "Channel": "Security",
                "Computer": "rootdc1.offsec.lan",
                "Security": {
                    "@UserID": ""
                }
            },
            "EventData": {
                "Data": [
                    {
                        "@Name": "SubjectUserSid",
                        "#text": "S-1-5-18"
                    },
                    {
                        "@Name": "SubjectUserName",
                        "#text": "ROOTDC1$"
                    },
                    {
                        "@Name": "SubjectDomainName",
                        "#text": "OFFSEC"
                    },
                    {
                        "@Name": "SubjectLogonId",
                        "#text": "0x00000000000003e7"
                    },
                    {
                        "@Name": "ObjectServer",
                        "#text": "Security Account Manager"
                    },
                    {
                        "@Name": "ObjectType",
                        "#text": "SAM_DOMAIN"
                    },
                    {
                        "@Name": "ObjectName",
                        "#text": "DC=offsec,DC=lan"
                    },
                    {
                        "@Name": "HandleId",
                        "#text": "0x000001d35e2530c0"
                    },
                    {
                        "@Name": "TransactionId",
                        "#text": "{00000000-0000-0000-0000-000000000000}"
                    },
                    {
                        "@Name": "AccessList",
                        "#text": "%%1537\n\t\t\t\t%%1538\n\t\t\t\t%%1539\n\t\t\t\t%%1540\n\t\t\t\t%%5392\n\t\t\t\t%%5394\n\t\t\t\t%%5395\n\t\t\t\t%%5396\n\t\t\t\t%%5397\n\t\t\t\t%%5398\n\t\t\t\t%%5399\n\t\t\t\t%%5400"
                    },
                    {
                        "@Name": "AccessReason",
                        "#text": "-"
                    },
                    {
                        "@Name": "AccessMask",
                        "#text": "0x000f01fd"
                    },
                    {
                        "@Name": "PrivilegeList",
                        "#text": "-"
                    },
                    {
                        "@Name": "Properties",
                        "#text": "---\n\t{19195a5a-6da0-11d0-afd3-00c04fd930c9}\n%%1537\n%%1538\n%%1539\n%%1540\n%%5392\n%%5394\n%%5395\n%%5396\n%%5397\n%%5398\n%%5399\n%%5400\n\t\t{c7407360-20bf-11d0-a768-00aa006e0529}\n\t\t\t{bf9679a4-0de6-11d0-a285-00aa003049e2}\n\t\t\t{bf9679a5-0de6-11d0-a285-00aa003049e2}\n\t\t\t{bf9679a6-0de6-11d0-a285-00aa003049e2}\n\t\t\t{bf9679bb-0de6-11d0-a285-00aa003049e2}\n\t\t\t{bf9679c2-0de6-11d0-a285-00aa003049e2}\n\t\t\t{bf9679c3-0de6-11d0-a285-00aa003049e2}\n\t\t\t{bf967a09-0de6-11d0-a285-00aa003049e2}\n\t\t\t{bf967a0b-0de6-11d0-a285-00aa003049e2}\n\t\t{b8119fd0-04f6-4762-ab7a-4986c76b3f9a}\n\t\t\t{bf967a34-0de6-11d0-a285-00aa003049e2}\n\t\t\t{bf967a33-0de6-11d0-a285-00aa003049e2}\n\t\t\t{bf9679c5-0de6-11d0-a285-00aa003049e2}\n\t\t\t{bf967a61-0de6-11d0-a285-00aa003049e2}\n\t\t\t{bf967977-0de6-11d0-a285-00aa003049e2}\n\t\t\t{bf96795e-0de6-11d0-a285-00aa003049e2}\n\t\t\t{bf9679ea-0de6-11d0-a285-00aa003049e2}\n\t\t{ab721a52-1e2f-11d0-9819-00aa0040529b}"
                    },
                    {
                        "@Name": "RestrictedSidCount",
                        "#text": "0"
                    },
                    {
                        "@Name": "ProcessId",
                        "#text": "0x0000000000000230"
                    },
                    {
                        "@Name": "ProcessName",
                        "#text": "C:\\Windows\\System32\\lsass.exe"
                    }
                ]
            }
        }
    },
    {
        "Event": {
            "@xmlns": "http://schemas.microsoft.com/win/2004/08/events/event",
            "System": {
                "Provider": {
                    "@Name": "Microsoft-Windows-Security-Auditing",
                    "@Guid": "{54849625-5478-4994-a5ba-3e3b0328c30d}"
                },
                "EventID": {
                    "@Qualifiers": "",
                    "#text": "4661"
                },
                "Version": "1",
                "Level": "0",
                "Task": "12803",
                "Opcode": "0",
                "Keywords": "0x8020000000000000",
                "TimeCreated": {
                    "@SystemTime": "2021-03-26 20:42:48.640240+00:00"
                },
                "EventRecordID": "125593016",
                "Correlation": {
                    "@ActivityID": "",
                    "@RelatedActivityID": ""
                },
                "Execution": {
                    "@ProcessID": "4",
                    "@ThreadID": "5380"
                },
                "Channel": "Security",
                "Computer": "rootdc1.offsec.lan",
                "Security": {
                    "@UserID": ""
                }
            },
            "EventData": {
                "Data": [
                    {
                        "@Name": "SubjectUserSid",
                        "#text": "S-1-5-18"
                    },
                    {
                        "@Name": "SubjectUserName",
                        "#text": "ROOTDC1$"
                    },
                    {
                        "@Name": "SubjectDomainName",
                        "#text": "OFFSEC"
                    },
                    {
                        "@Name": "SubjectLogonId",
                        "#text": "0x00000000000003e7"
                    },
                    {
                        "@Name": "ObjectServer",
                        "#text": "Security Account Manager"
                    },
                    {
                        "@Name": "ObjectType",
                        "#text": "SAM_DOMAIN"
                    },
                    {
                        "@Name": "ObjectName",
                        "#text": "CN=Builtin,DC=offsec,DC=lan"
                    },
                    {
                        "@Name": "HandleId",
                        "#text": "0x000001d35e251d80"
                    },
                    {
                        "@Name": "TransactionId",
                        "#text": "{00000000-0000-0000-0000-000000000000}"
                    },
                    {
                        "@Name": "AccessList",
                        "#text": "%%1537\n\t\t\t\t%%1538\n\t\t\t\t%%1539\n\t\t\t\t%%1540\n\t\t\t\t%%5392\n\t\t\t\t%%5393\n\t\t\t\t%%5394\n\t\t\t\t%%5395\n\t\t\t\t%%5396\n\t\t\t\t%%5397\n\t\t\t\t%%5398\n\t\t\t\t%%5399\n\t\t\t\t%%5400"
                    },
                    {
                        "@Name": "AccessReason",
                        "#text": "-"
                    },
                    {
                        "@Name": "AccessMask",
                        "#text": "0x000f01ff"
                    },
                    {
                        "@Name": "PrivilegeList",
                        "#text": "-"
                    },
                    {
                        "@Name": "Properties",
                        "#text": "---\n\t{19195a5a-6da0-11d0-afd3-00c04fd930c9}\n%%1537\n%%1538\n%%1539\n%%1540\n%%5392\n%%5393\n%%5394\n%%5395\n%%5396\n%%5397\n%%5398\n%%5399\n%%5400\n\t\t{c7407360-20bf-11d0-a768-00aa006e0529}\n\t\t\t{bf9679a4-0de6-11d0-a285-00aa003049e2}\n\t\t\t{bf9679a5-0de6-11d0-a285-00aa003049e2}\n\t\t\t{bf9679a6-0de6-11d0-a285-00aa003049e2}\n\t\t\t{bf9679bb-0de6-11d0-a285-00aa003049e2}\n\t\t\t{bf9679c2-0de6-11d0-a285-00aa003049e2}\n\t\t\t{bf9679c3-0de6-11d0-a285-00aa003049e2}\n\t\t\t{bf967a09-0de6-11d0-a285-00aa003049e2}\n\t\t\t{bf967a0b-0de6-11d0-a285-00aa003049e2}\n\t\t{b8119fd0-04f6-4762-ab7a-4986c76b3f9a}\n\t\t\t{bf967a34-0de6-11d0-a285-00aa003049e2}\n\t\t\t{bf967a33-0de6-11d0-a285-00aa003049e2}\n\t\t\t{bf9679c5-0de6-11d0-a285-00aa003049e2}\n\t\t\t{bf967a61-0de6-11d0-a285-00aa003049e2}\n\t\t\t{bf967977-0de6-11d0-a285-00aa003049e2}\n\t\t\t{bf96795e-0de6-11d0-a285-00aa003049e2}\n\t\t\t{bf9679ea-0de6-11d0-a285-00aa003049e2}\n\t\t{ab721a52-1e2f-11d0-9819-00aa0040529b}"
                    },
                    {
                        "@Name": "RestrictedSidCount",
                        "#text": "0"
                    },
                    {
                        "@Name": "ProcessId",
                        "#text": "0x0000000000000230"
                    },
                    {
                        "@Name": "ProcessName",
                        "#text": "C:\\Windows\\System32\\lsass.exe"
                    }
                ]
            }
        }
    },
    {
        "Event": {
            "@xmlns": "http://schemas.microsoft.com/win/2004/08/events/event",
            "System": {
                "Provider": {
                    "@Name": "Microsoft-Windows-Security-Auditing",
                    "@Guid": "{54849625-5478-4994-a5ba-3e3b0328c30d}"
                },
                "EventID": {
                    "@Qualifiers": "",
                    "#text": "4661"
                },
                "Version": "1",
                "Level": "0",
                "Task": "12803",
                "Opcode": "0",
                "Keywords": "0x8020000000000000",
                "TimeCreated": {
                    "@SystemTime": "2021-03-26 20:42:48.640598+00:00"
                },
                "EventRecordID": "125593017",
                "Correlation": {
                    "@ActivityID": "",
                    "@RelatedActivityID": ""
                },
                "Execution": {
                    "@ProcessID": "4",
                    "@ThreadID": "5380"
                },
                "Channel": "Security",
                "Computer": "rootdc1.offsec.lan",
                "Security": {
                    "@UserID": ""
                }
            },
            "EventData": {
                "Data": [
                    {
                        "@Name": "SubjectUserSid",
                        "#text": "S-1-5-18"
                    },
                    {
                        "@Name": "SubjectUserName",
                        "#text": "ROOTDC1$"
                    },
                    {
                        "@Name": "SubjectDomainName",
                        "#text": "OFFSEC"
                    },
                    {
                        "@Name": "SubjectLogonId",
                        "#text": "0x00000000000003e7"
                    },
                    {
                        "@Name": "ObjectServer",
                        "#text": "Security Account Manager"
                    },
                    {
                        "@Name": "ObjectType",
                        "#text": "SAM_ALIAS"
                    },
                    {
                        "@Name": "ObjectName",
                        "#text": "S-1-5-32-544"
                    },
                    {
                        "@Name": "HandleId",
                        "#text": "0x000001d35e2500a0"
                    },
                    {
                        "@Name": "TransactionId",
                        "#text": "{00000000-0000-0000-0000-000000000000}"
                    },
                    {
                        "@Name": "AccessList",
                        "#text": "%%1537\n\t\t\t\t%%1538\n\t\t\t\t%%1539\n\t\t\t\t%%1540\n\t\t\t\t%%5424\n\t\t\t\t%%5425\n\t\t\t\t%%5426\n\t\t\t\t%%5427\n\t\t\t\t%%5428\n\t\t\t\t%%5429\n\t\t\t\t%%5430\n\t\t\t\t%%5431\n\t\t\t\t%%5432"
                    },
                    {
                        "@Name": "AccessReason",
                        "#text": "-"
                    },
                    {
                        "@Name": "AccessMask",
                        "#text": "0x000f01ff"
                    },
                    {
                        "@Name": "PrivilegeList",
                        "#text": "-"
                    },
                    {
                        "@Name": "Properties",
                        "#text": "---\n\t{bf967a9c-0de6-11d0-a285-00aa003049e2}\n%%1537\n%%1538\n%%1539\n%%1540\n%%5424\n%%5425\n%%5426\n%%5427\n%%5428\n%%5429\n%%5430\n%%5431\n%%5432\n\t\t\t{bf9679e8-0de6-11d0-a285-00aa003049e2}\n\t\t\t{3e0abfd0-126a-11d0-a060-00aa006c33ed}\n\t\t{bc0ac240-79a9-11d0-9020-00c04fc2d4cf}\n\t\t\t{bf9679c0-0de6-11d0-a285-00aa003049e2}\n\t\t{59ba2f42-79a2-11d0-9020-00c04fc2d3cf}"
                    },
                    {
                        "@Name": "RestrictedSidCount",
                        "#text": "0"
                    },
                    {
                        "@Name": "ProcessId",
                        "#text": "0x0000000000000230"
                    },
                    {
                        "@Name": "ProcessName",
                        "#text": "C:\\Windows\\System32\\lsass.exe"
                    }
                ]
            }
        }
    },
    {
        "Event": {
            "@xmlns": "http://schemas.microsoft.com/win/2004/08/events/event",
            "System": {
                "Provider": {
                    "@Name": "Microsoft-Windows-Security-Auditing",
                    "@Guid": "{54849625-5478-4994-a5ba-3e3b0328c30d}"
                },
                "EventID": {
                    "@Qualifiers": "",
                    "#text": "4661"
                },
                "Version": "1",
                "Level": "0",
                "Task": "12803",
                "Opcode": "0",
                "Keywords": "0x8020000000000000",
                "TimeCreated": {
                    "@SystemTime": "2021-03-26 20:42:48.645241+00:00"
                },
                "EventRecordID": "125593022",
                "Correlation": {
                    "@ActivityID": "",
                    "@RelatedActivityID": ""
                },
                "Execution": {
                    "@ProcessID": "4",
                    "@ThreadID": "5380"
                },
                "Channel": "Security",
                "Computer": "rootdc1.offsec.lan",
                "Security": {
                    "@UserID": ""
                }
            },
            "EventData": {
                "Data": [
                    {
                        "@Name": "SubjectUserSid",
                        "#text": "S-1-5-18"
                    },
                    {
                        "@Name": "SubjectUserName",
                        "#text": "ROOTDC1$"
                    },
                    {
                        "@Name": "SubjectDomainName",
                        "#text": "OFFSEC"
                    },
                    {
                        "@Name": "SubjectLogonId",
                        "#text": "0x00000000000003e7"
                    },
                    {
                        "@Name": "ObjectServer",
                        "#text": "Security Account Manager"
                    },
                    {
                        "@Name": "ObjectType",
                        "#text": "SAM_SERVER"
                    },
                    {
                        "@Name": "ObjectName",
                        "#text": "CN=Server,CN=System,DC=offsec,DC=lan"
                    },
                    {
                        "@Name": "HandleId",
                        "#text": "0x000001d35e24fbd0"
                    },
                    {
                        "@Name": "TransactionId",
                        "#text": "{00000000-0000-0000-0000-000000000000}"
                    },
                    {
                        "@Name": "AccessList",
                        "#text": "%%1537\n\t\t\t\t%%1538\n\t\t\t\t%%1539\n\t\t\t\t%%1540\n\t\t\t\t%%5376\n\t\t\t\t%%5377\n\t\t\t\t%%5378\n\t\t\t\t%%5379\n\t\t\t\t%%5380\n\t\t\t\t%%5381\n\t\t\t\t%%5382\n\t\t\t\t%%5383\n\t\t\t\t%%5384"
                    },
                    {
                        "@Name": "AccessReason",
                        "#text": "-"
                    },
                    {
                        "@Name": "AccessMask",
                        "#text": "0x000f01ff"
                    },
                    {
                        "@Name": "PrivilegeList",
                        "#text": "-"
                    },
                    {
                        "@Name": "Properties",
                        "#text": "---\n\t{bf967aad-0de6-11d0-a285-00aa003049e2}"
                    },
                    {
                        "@Name": "RestrictedSidCount",
                        "#text": "0"
                    },
                    {
                        "@Name": "ProcessId",
                        "#text": "0x0000000000000230"
                    },
                    {
                        "@Name": "ProcessName",
                        "#text": "C:\\Windows\\System32\\lsass.exe"
                    }
                ]
            }
        }
    },
    {
        "Event": {
            "@xmlns": "http://schemas.microsoft.com/win/2004/08/events/event",
            "System": {
                "Provider": {
                    "@Name": "Microsoft-Windows-Security-Auditing",
                    "@Guid": "{54849625-5478-4994-a5ba-3e3b0328c30d}"
                },
                "EventID": {
                    "@Qualifiers": "",
                    "#text": "4661"
                },
                "Version": "1",
                "Level": "0",
                "Task": "12803",
                "Opcode": "0",
                "Keywords": "0x8020000000000000",
                "TimeCreated": {
                    "@SystemTime": "2021-03-26 20:42:48.645374+00:00"
                },
                "EventRecordID": "125593023",
                "Correlation": {
                    "@ActivityID": "",
                    "@RelatedActivityID": ""
                },
                "Execution": {
                    "@ProcessID": "4",
                    "@ThreadID": "5380"
                },
                "Channel": "Security",
                "Computer": "rootdc1.offsec.lan",
                "Security": {
                    "@UserID": ""
                }
            },
            "EventData": {
                "Data": [
                    {
                        "@Name": "SubjectUserSid",
                        "#text": "S-1-5-18"
                    },
                    {
                        "@Name": "SubjectUserName",
                        "#text": "ROOTDC1$"
                    },
                    {
                        "@Name": "SubjectDomainName",
                        "#text": "OFFSEC"
                    },
                    {
                        "@Name": "SubjectLogonId",
                        "#text": "0x00000000000003e7"
                    },
                    {
                        "@Name": "ObjectServer",
                        "#text": "Security Account Manager"
                    },
                    {
                        "@Name": "ObjectType",
                        "#text": "SAM_DOMAIN"
                    },
                    {
                        "@Name": "ObjectName",
                        "#text": "DC=offsec,DC=lan"
                    },
                    {
                        "@Name": "HandleId",
                        "#text": "0x000001d35e253590"
                    },
                    {
                        "@Name": "TransactionId",
                        "#text": "{00000000-0000-0000-0000-000000000000}"
                    },
                    {
                        "@Name": "AccessList",
                        "#text": "%%1537\n\t\t\t\t%%1538\n\t\t\t\t%%1539\n\t\t\t\t%%1540\n\t\t\t\t%%5392\n\t\t\t\t%%5394\n\t\t\t\t%%5395\n\t\t\t\t%%5396\n\t\t\t\t%%5397\n\t\t\t\t%%5398\n\t\t\t\t%%5399\n\t\t\t\t%%5400"
                    },
                    {
                        "@Name": "AccessReason",
                        "#text": "-"
                    },
                    {
                        "@Name": "AccessMask",
                        "#text": "0x000f01fd"
                    },
                    {
                        "@Name": "PrivilegeList",
                        "#text": "-"
                    },
                    {
                        "@Name": "Properties",
                        "#text": "---\n\t{19195a5a-6da0-11d0-afd3-00c04fd930c9}\n%%1537\n%%1538\n%%1539\n%%1540\n%%5392\n%%5394\n%%5395\n%%5396\n%%5397\n%%5398\n%%5399\n%%5400\n\t\t{c7407360-20bf-11d0-a768-00aa006e0529}\n\t\t\t{bf9679a4-0de6-11d0-a285-00aa003049e2}\n\t\t\t{bf9679a5-0de6-11d0-a285-00aa003049e2}\n\t\t\t{bf9679a6-0de6-11d0-a285-00aa003049e2}\n\t\t\t{bf9679bb-0de6-11d0-a285-00aa003049e2}\n\t\t\t{bf9679c2-0de6-11d0-a285-00aa003049e2}\n\t\t\t{bf9679c3-0de6-11d0-a285-00aa003049e2}\n\t\t\t{bf967a09-0de6-11d0-a285-00aa003049e2}\n\t\t\t{bf967a0b-0de6-11d0-a285-00aa003049e2}\n\t\t{b8119fd0-04f6-4762-ab7a-4986c76b3f9a}\n\t\t\t{bf967a34-0de6-11d0-a285-00aa003049e2}\n\t\t\t{bf967a33-0de6-11d0-a285-00aa003049e2}\n\t\t\t{bf9679c5-0de6-11d0-a285-00aa003049e2}\n\t\t\t{bf967a61-0de6-11d0-a285-00aa003049e2}\n\t\t\t{bf967977-0de6-11d0-a285-00aa003049e2}\n\t\t\t{bf96795e-0de6-11d0-a285-00aa003049e2}\n\t\t\t{bf9679ea-0de6-11d0-a285-00aa003049e2}\n\t\t{ab721a52-1e2f-11d0-9819-00aa0040529b}"
                    },
                    {
                        "@Name": "RestrictedSidCount",
                        "#text": "0"
                    },
                    {
                        "@Name": "ProcessId",
                        "#text": "0x0000000000000230"
                    },
                    {
                        "@Name": "ProcessName",
                        "#text": "C:\\Windows\\System32\\lsass.exe"
                    }
                ]
            }
        }
    },
    {
        "Event": {
            "@xmlns": "http://schemas.microsoft.com/win/2004/08/events/event",
            "System": {
                "Provider": {
                    "@Name": "Microsoft-Windows-Security-Auditing",
                    "@Guid": "{54849625-5478-4994-a5ba-3e3b0328c30d}"
                },
                "EventID": {
                    "@Qualifiers": "",
                    "#text": "4661"
                },
                "Version": "1",
                "Level": "0",
                "Task": "12803",
                "Opcode": "0",
                "Keywords": "0x8020000000000000",
                "TimeCreated": {
                    "@SystemTime": "2021-03-26 20:42:48.645473+00:00"
                },
                "EventRecordID": "125593024",
                "Correlation": {
                    "@ActivityID": "",
                    "@RelatedActivityID": ""
                },
                "Execution": {
                    "@ProcessID": "4",
                    "@ThreadID": "5380"
                },
                "Channel": "Security",
                "Computer": "rootdc1.offsec.lan",
                "Security": {
                    "@UserID": ""
                }
            },
            "EventData": {
                "Data": [
                    {
                        "@Name": "SubjectUserSid",
                        "#text": "S-1-5-18"
                    },
                    {
                        "@Name": "SubjectUserName",
                        "#text": "ROOTDC1$"
                    },
                    {
                        "@Name": "SubjectDomainName",
                        "#text": "OFFSEC"
                    },
                    {
                        "@Name": "SubjectLogonId",
                        "#text": "0x00000000000003e7"
                    },
                    {
                        "@Name": "ObjectServer",
                        "#text": "Security Account Manager"
                    },
                    {
                        "@Name": "ObjectType",
                        "#text": "SAM_DOMAIN"
                    },
                    {
                        "@Name": "ObjectName",
                        "#text": "CN=Builtin,DC=offsec,DC=lan"
                    },
                    {
                        "@Name": "HandleId",
                        "#text": "0x000001d35e2513e0"
                    },
                    {
                        "@Name": "TransactionId",
                        "#text": "{00000000-0000-0000-0000-000000000000}"
                    },
                    {
                        "@Name": "AccessList",
                        "#text": "%%1537\n\t\t\t\t%%1538\n\t\t\t\t%%1539\n\t\t\t\t%%1540\n\t\t\t\t%%5392\n\t\t\t\t%%5393\n\t\t\t\t%%5394\n\t\t\t\t%%5395\n\t\t\t\t%%5396\n\t\t\t\t%%5397\n\t\t\t\t%%5398\n\t\t\t\t%%5399\n\t\t\t\t%%5400"
                    },
                    {
                        "@Name": "AccessReason",
                        "#text": "-"
                    },
                    {
                        "@Name": "AccessMask",
                        "#text": "0x000f01ff"
                    },
                    {
                        "@Name": "PrivilegeList",
                        "#text": "-"
                    },
                    {
                        "@Name": "Properties",
                        "#text": "---\n\t{19195a5a-6da0-11d0-afd3-00c04fd930c9}\n%%1537\n%%1538\n%%1539\n%%1540\n%%5392\n%%5393\n%%5394\n%%5395\n%%5396\n%%5397\n%%5398\n%%5399\n%%5400\n\t\t{c7407360-20bf-11d0-a768-00aa006e0529}\n\t\t\t{bf9679a4-0de6-11d0-a285-00aa003049e2}\n\t\t\t{bf9679a5-0de6-11d0-a285-00aa003049e2}\n\t\t\t{bf9679a6-0de6-11d0-a285-00aa003049e2}\n\t\t\t{bf9679bb-0de6-11d0-a285-00aa003049e2}\n\t\t\t{bf9679c2-0de6-11d0-a285-00aa003049e2}\n\t\t\t{bf9679c3-0de6-11d0-a285-00aa003049e2}\n\t\t\t{bf967a09-0de6-11d0-a285-00aa003049e2}\n\t\t\t{bf967a0b-0de6-11d0-a285-00aa003049e2}\n\t\t{b8119fd0-04f6-4762-ab7a-4986c76b3f9a}\n\t\t\t{bf967a34-0de6-11d0-a285-00aa003049e2}\n\t\t\t{bf967a33-0de6-11d0-a285-00aa003049e2}\n\t\t\t{bf9679c5-0de6-11d0-a285-00aa003049e2}\n\t\t\t{bf967a61-0de6-11d0-a285-00aa003049e2}\n\t\t\t{bf967977-0de6-11d0-a285-00aa003049e2}\n\t\t\t{bf96795e-0de6-11d0-a285-00aa003049e2}\n\t\t\t{bf9679ea-0de6-11d0-a285-00aa003049e2}\n\t\t{ab721a52-1e2f-11d0-9819-00aa0040529b}"
                    },
                    {
                        "@Name": "RestrictedSidCount",
                        "#text": "0"
                    },
                    {
                        "@Name": "ProcessId",
                        "#text": "0x0000000000000230"
                    },
                    {
                        "@Name": "ProcessName",
                        "#text": "C:\\Windows\\System32\\lsass.exe"
                    }
                ]
            }
        }
    },
    {
        "Event": {
            "@xmlns": "http://schemas.microsoft.com/win/2004/08/events/event",
            "System": {
                "Provider": {
                    "@Name": "Microsoft-Windows-Security-Auditing",
                    "@Guid": "{54849625-5478-4994-a5ba-3e3b0328c30d}"
                },
                "EventID": {
                    "@Qualifiers": "",
                    "#text": "4661"
                },
                "Version": "1",
                "Level": "0",
                "Task": "12803",
                "Opcode": "0",
                "Keywords": "0x8020000000000000",
                "TimeCreated": {
                    "@SystemTime": "2021-03-26 20:47:49.356445+00:00"
                },
                "EventRecordID": "125594521",
                "Correlation": {
                    "@ActivityID": "",
                    "@RelatedActivityID": ""
                },
                "Execution": {
                    "@ProcessID": "4",
                    "@ThreadID": "1416"
                },
                "Channel": "Security",
                "Computer": "rootdc1.offsec.lan",
                "Security": {
                    "@UserID": ""
                }
            },
            "EventData": {
                "Data": [
                    {
                        "@Name": "SubjectUserSid",
                        "#text": "S-1-5-18"
                    },
                    {
                        "@Name": "SubjectUserName",
                        "#text": "ROOTDC1$"
                    },
                    {
                        "@Name": "SubjectDomainName",
                        "#text": "OFFSEC"
                    },
                    {
                        "@Name": "SubjectLogonId",
                        "#text": "0x00000000000003e7"
                    },
                    {
                        "@Name": "ObjectServer",
                        "#text": "Security Account Manager"
                    },
                    {
                        "@Name": "ObjectType",
                        "#text": "SAM_SERVER"
                    },
                    {
                        "@Name": "ObjectName",
                        "#text": "CN=Server,CN=System,DC=offsec,DC=lan"
                    },
                    {
                        "@Name": "HandleId",
                        "#text": "0x000001d35e250570"
                    },
                    {
                        "@Name": "TransactionId",
                        "#text": "{00000000-0000-0000-0000-000000000000}"
                    },
                    {
                        "@Name": "AccessList",
                        "#text": "%%1537\n\t\t\t\t%%1538\n\t\t\t\t%%1539\n\t\t\t\t%%1540\n\t\t\t\t%%5376\n\t\t\t\t%%5377\n\t\t\t\t%%5378\n\t\t\t\t%%5379\n\t\t\t\t%%5380\n\t\t\t\t%%5381\n\t\t\t\t%%5382\n\t\t\t\t%%5383\n\t\t\t\t%%5384"
                    },
                    {
                        "@Name": "AccessReason",
                        "#text": "-"
                    },
                    {
                        "@Name": "AccessMask",
                        "#text": "0x000f01ff"
                    },
                    {
                        "@Name": "PrivilegeList",
                        "#text": "-"
                    },
                    {
                        "@Name": "Properties",
                        "#text": "---\n\t{bf967aad-0de6-11d0-a285-00aa003049e2}"
                    },
                    {
                        "@Name": "RestrictedSidCount",
                        "#text": "0"
                    },
                    {
                        "@Name": "ProcessId",
                        "#text": "0x0000000000000230"
                    },
                    {
                        "@Name": "ProcessName",
                        "#text": "C:\\Windows\\System32\\lsass.exe"
                    }
                ]
            }
        }
    },
