[
    {
        "Event": {
            "@xmlns": "http://schemas.microsoft.com/win/2004/08/events/event",
            "System": {
                "Provider": {
                    "@Name": "Microsoft-Windows-Security-Auditing",
                    "@Guid": "{54849625-5478-4994-a5ba-3e3b0328c30d}"
                },
                "EventID": {
                    "@Qualifiers": "",
                    "#text": "4756"
                },
                "Version": "0",
                "Level": "0",
                "Task": "13826",
                "Opcode": "0",
                "Keywords": "0x8020000000000000",
                "TimeCreated": {
                    "@SystemTime": "2021-02-02 15:41:44.651459+00:00"
                },
                "EventRecordID": "102640504",
                "Correlation": {
                    "@ActivityID": "",
                    "@RelatedActivityID": ""
                },
                "Execution": {
                    "@ProcessID": "556",
                    "@ThreadID": "2088"
                },
                "Channel": "Security",
                "Computer": "rootdc1.offsec.lan",
                "Security": {
                    "@UserID": ""
                }
            },
            "EventData": {
                "Data": [
                    {
                        "@Name": "MemberName",
                        "#text": "CN=admin-hacker,OU=Test-OU,OU=OFFSEC-COMPANY,DC=offsec,DC=lan"
                    },
                    {
                        "@Name": "MemberSid",
                        "#text": "S-1-5-21-4230534742-2542757381-3142984815-1147"
                    },
                    {
                        "@Name": "TargetUserName",
                        "#text": "Exchange Servers"
                    },
                    {
                        "@Name": "TargetDomainName",
                        "#text": "OFFSEC"
                    },
                    {
                        "@Name": "TargetSid",
                        "#text": "S-1-5-21-4230534742-2542757381-3142984815-1204"
                    },
                    {
                        "@Name": "SubjectUserSid",
                        "#text": "S-1-5-21-4230534742-2542757381-3142984815-1111"
                    },
                    {
                        "@Name": "SubjectUserName",
                        "#text": "admmig"
                    },
                    {
                        "@Name": "SubjectDomainName",
                        "#text": "OFFSEC"
                    },
                    {
                        "@Name": "SubjectLogonId",
                        "#text": "0x000000000c336506"
                    },
                    {
                        "@Name": "PrivilegeList",
                        "#text": "-"
                    }
                ]
            }
        }
    },
    {
        "Event": {
            "@xmlns": "http://schemas.microsoft.com/win/2004/08/events/event",
            "System": {
                "Provider": {
                    "@Name": "Microsoft-Windows-Security-Auditing",
                    "@Guid": "{54849625-5478-4994-a5ba-3e3b0328c30d}"
                },
                "EventID": {
                    "@Qualifiers": "",
                    "#text": "4756"
                },
                "Version": "0",
                "Level": "0",
                "Task": "13826",
                "Opcode": "0",
                "Keywords": "0x8020000000000000",
                "TimeCreated": {
                    "@SystemTime": "2021-02-02 15:41:44.654415+00:00"
                },
                "EventRecordID": "102640507",
                "Correlation": {
                    "@ActivityID": "",
                    "@RelatedActivityID": ""
                },
                "Execution": {
                    "@ProcessID": "556",
                    "@ThreadID": "972"
                },
                "Channel": "Security",
                "Computer": "rootdc1.offsec.lan",
                "Security": {
                    "@UserID": ""
                }
            },
            "EventData": {
                "Data": [
                    {
                        "@Name": "MemberName",
                        "#text": "CN=admin-hacker,OU=Test-OU,OU=OFFSEC-COMPANY,DC=offsec,DC=lan"
                    },
                    {
                        "@Name": "MemberSid",
                        "#text": "S-1-5-21-4230534742-2542757381-3142984815-1147"
                    },
                    {
                        "@Name": "TargetUserName",
                        "#text": "Exchange Trusted Subsystem"
                    },
                    {
                        "@Name": "TargetDomainName",
                        "#text": "OFFSEC"
                    },
                    {
                        "@Name": "TargetSid",
                        "#text": "S-1-5-21-4230534742-2542757381-3142984815-1205"
                    },
                    {
                        "@Name": "SubjectUserSid",
                        "#text": "S-1-5-21-4230534742-2542757381-3142984815-1111"
                    },
                    {
                        "@Name": "SubjectUserName",
                        "#text": "admmig"
                    },
                    {
                        "@Name": "SubjectDomainName",
                        "#text": "OFFSEC"
                    },
                    {
                        "@Name": "SubjectLogonId",
                        "#text": "0x000000000c336506"
                    },
                    {
                        "@Name": "PrivilegeList",
                        "#text": "-"
                    }
                ]
            }
        }
    },
    {
        "Event": {
            "@xmlns": "http://schemas.microsoft.com/win/2004/08/events/event",
            "System": {
                "Provider": {
                    "@Name": "Microsoft-Windows-Security-Auditing",
                    "@Guid": "{54849625-5478-4994-a5ba-3e3b0328c30d}"
                },
                "EventID": {
                    "@Qualifiers": "",
                    "#text": "4756"
                },
                "Version": "0",
                "Level": "0",
                "Task": "13826",
                "Opcode": "0",
                "Keywords": "0x8020000000000000",
                "TimeCreated": {
                    "@SystemTime": "2021-02-02 15:41:44.664421+00:00"
                },
                "EventRecordID": "102640510",
                "Correlation": {
                    "@ActivityID": "",
                    "@RelatedActivityID": ""
                },
                "Execution": {
                    "@ProcessID": "556",
                    "@ThreadID": "972"
                },
                "Channel": "Security",
                "Computer": "rootdc1.offsec.lan",
                "Security": {
                    "@UserID": ""
                }
            },
            "EventData": {
                "Data": [
                    {
                        "@Name": "MemberName",
                        "#text": "CN=admin-hacker,OU=Test-OU,OU=OFFSEC-COMPANY,DC=offsec,DC=lan"
                    },
                    {
                        "@Name": "MemberSid",
                        "#text": "S-1-5-21-4230534742-2542757381-3142984815-1147"
                    },
                    {
                        "@Name": "TargetUserName",
                        "#text": "Exchange Windows Permissions"
                    },
                    {
                        "@Name": "TargetDomainName",
                        "#text": "OFFSEC"
                    },
                    {
                        "@Name": "TargetSid",
                        "#text": "S-1-5-21-4230534742-2542757381-3142984815-1207"
                    },
                    {
                        "@Name": "SubjectUserSid",
                        "#text": "S-1-5-21-4230534742-2542757381-3142984815-1111"
                    },
                    {
                        "@Name": "SubjectUserName",
                        "#text": "admmig"
                    },
                    {
                        "@Name": "SubjectDomainName",
                        "#text": "OFFSEC"
                    },
                    {
                        "@Name": "SubjectLogonId",
                        "#text": "0x000000000c336506"
                    },
                    {
                        "@Name": "PrivilegeList",
                        "#text": "-"
                    }
                ]
            }
        }
    }
]