    {
        "Event": {
            "@xmlns": "http://schemas.microsoft.com/win/2004/08/events/event",
            "System": {
                "Provider": {
                    "@Name": "Microsoft-Windows-PowerShell",
                    "@Guid": "{a0c1853b-5c40-4b15-8766-3cf1c58f985a}"
                },
                "EventID": {
                    "@Qualifiers": "",
                    "#text": "4104"
                },
                "Version": "1",
                "Level": "5",
                "Task": "102",
                "Opcode": "15",
                "Keywords": "0x0000000000000000",
                "TimeCreated": {
                    "@SystemTime": "2021-10-20 14:39:26.255840+00:00"
                },
                "EventRecordID": "1299",
                "Correlation": {
                    "@ActivityID": "{a674bae4-bf55-0000-76f7-84a655bfd701}",
                    "@RelatedActivityID": ""
                },
                "Execution": {
                    "@ProcessID": "3268",
                    "@ThreadID": "3532"
                },
                "Channel": "Microsoft-Windows-PowerShell/Operational",
                "Computer": "FS03.offsec.lan",
                "Security": {
                    "@UserID": "S-1-5-21-4230534742-2542757381-3142984815-1111"
                }
            },
            "EventData": {
                "Data": [
                    {
                        "@Name": "MessageNumber",
                        "#text": "1"
                    },
                    {
                        "@Name": "MessageTotal",
                        "#text": "1"
                    },
                    {
                        "@Name": "ScriptBlockText",
                        "#text": "Set-Location F:"
                    },
                    {
                        "@Name": "ScriptBlockId",
                        "#text": "c09fb18f-c755-4d29-aa23-59b9e8db6f00"
                    }
                ]
            }
        }
    },
    {
        "Event": {
            "@xmlns": "http://schemas.microsoft.com/win/2004/08/events/event",
            "System": {
                "Provider": {
                    "@Name": "Microsoft-Windows-PowerShell",
                    "@Guid": "{a0c1853b-5c40-4b15-8766-3cf1c58f985a}"
                },
                "EventID": {
                    "@Qualifiers": "",
                    "#text": "4104"
                },
                "Version": "1",
                "Level": "5",
                "Task": "102",
                "Opcode": "15",
                "Keywords": "0x0000000000000000",
                "TimeCreated": {
                    "@SystemTime": "2021-10-20 14:39:26.255840+00:00"
                },
                "EventRecordID": "1300",
                "Correlation": {
                    "@ActivityID": "{a674bae4-bf55-0000-76f7-84a655bfd701}",
                    "@RelatedActivityID": ""
                },
                "Execution": {
                    "@ProcessID": "3268",
                    "@ThreadID": "3532"
                },
                "Channel": "Microsoft-Windows-PowerShell/Operational",
                "Computer": "FS03.offsec.lan",
                "Security": {
                    "@UserID": "S-1-5-21-4230534742-2542757381-3142984815-1111"
                }
            },
            "EventData": {
                "Data": [
                    {
                        "@Name": "MessageNumber",
                        "#text": "1"
                    },
                    {
                        "@Name": "MessageTotal",
                        "#text": "1"
                    },
                    {
                        "@Name": "ScriptBlockText",
                        "#text": "Set-Location G:"
                    },
                    {
                        "@Name": "ScriptBlockId",
                        "#text": "94499135-462f-4e6c-912c-9c02f1395c91"
                    }
                ]
            }
        }
    },
    {
        "Event": {
            "@xmlns": "http://schemas.microsoft.com/win/2004/08/events/event",
            "System": {
                "Provider": {
                    "@Name": "Microsoft-Windows-PowerShell",
                    "@Guid": "{a0c1853b-5c40-4b15-8766-3cf1c58f985a}"
                },
                "EventID": {
                    "@Qualifiers": "",
                    "#text": "4104"
                },
                "Version": "1",
                "Level": "5",
                "Task": "102",
                "Opcode": "15",
                "Keywords": "0x0000000000000000",
                "TimeCreated": {
                    "@SystemTime": "2021-10-20 14:39:26.255840+00:00"
                },
                "EventRecordID": "1301",
                "Correlation": {
                    "@ActivityID": "{a674bae4-bf55-0000-76f7-84a655bfd701}",
                    "@RelatedActivityID": ""
                },
                "Execution": {
                    "@ProcessID": "3268",
                    "@ThreadID": "3532"
                },
                "Channel": "Microsoft-Windows-PowerShell/Operational",
                "Computer": "FS03.offsec.lan",
                "Security": {
                    "@UserID": "S-1-5-21-4230534742-2542757381-3142984815-1111"
                }
            },
            "EventData": {
                "Data": [
                    {
                        "@Name": "MessageNumber",
                        "#text": "1"
                    },
                    {
                        "@Name": "MessageTotal",
                        "#text": "1"
                    },
                    {
                        "@Name": "ScriptBlockText",
                        "#text": "Set-Location H:"
                    },
                    {
                        "@Name": "ScriptBlockId",
                        "#text": "fc3de4d3-5288-4949-ae31-20413ae88de4"
                    }
                ]
            }
        }
    },
    {
        "Event": {
            "@xmlns": "http://schemas.microsoft.com/win/2004/08/events/event",
            "System": {
                "Provider": {
                    "@Name": "Microsoft-Windows-PowerShell",
                    "@Guid": "{a0c1853b-5c40-4b15-8766-3cf1c58f985a}"
                },
                "EventID": {
                    "@Qualifiers": "",
                    "#text": "4104"
                },
                "Version": "1",
                "Level": "5",
                "Task": "102",
                "Opcode": "15",
                "Keywords": "0x0000000000000000",
                "TimeCreated": {
                    "@SystemTime": "2021-10-20 14:39:26.255840+00:00"
                },
                "EventRecordID": "1302",
                "Correlation": {
                    "@ActivityID": "{a674bae4-bf55-0000-76f7-84a655bfd701}",
                    "@RelatedActivityID": ""
                },
                "Execution": {
                    "@ProcessID": "3268",
                    "@ThreadID": "3532"
                },
                "Channel": "Microsoft-Windows-PowerShell/Operational",
                "Computer": "FS03.offsec.lan",
                "Security": {
                    "@UserID": "S-1-5-21-4230534742-2542757381-3142984815-1111"
                }
            },
            "EventData": {
                "Data": [
                    {
                        "@Name": "MessageNumber",
                        "#text": "1"
                    },
                    {
                        "@Name": "MessageTotal",
                        "#text": "1"
                    },
                    {
                        "@Name": "ScriptBlockText",
                        "#text": "Set-Location I:"
                    },
                    {
                        "@Name": "ScriptBlockId",
                        "#text": "8557dd9a-4938-44c8-8c90-1e624d9fe001"
                    }
                ]
            }
        }
    },
    {
        "Event": {
            "@xmlns": "http://schemas.microsoft.com/win/2004/08/events/event",
            "System": {
                "Provider": {
                    "@Name": "Microsoft-Windows-PowerShell",
                    "@Guid": "{a0c1853b-5c40-4b15-8766-3cf1c58f985a}"
                },
                "EventID": {
                    "@Qualifiers": "",
                    "#text": "4104"
                },
                "Version": "1",
                "Level": "5",
                "Task": "102",
                "Opcode": "15",
                "Keywords": "0x0000000000000000",
                "TimeCreated": {
                    "@SystemTime": "2021-10-20 14:39:26.255840+00:00"
                },
                "EventRecordID": "1303",
                "Correlation": {
                    "@ActivityID": "{a674bae4-bf55-0000-76f7-84a655bfd701}",
                    "@RelatedActivityID": ""
                },
                "Execution": {
                    "@ProcessID": "3268",
                    "@ThreadID": "3532"
                },
                "Channel": "Microsoft-Windows-PowerShell/Operational",
                "Computer": "FS03.offsec.lan",
                "Security": {
                    "@UserID": "S-1-5-21-4230534742-2542757381-3142984815-1111"
                }
            },
            "EventData": {
                "Data": [
                    {
                        "@Name": "MessageNumber",
                        "#text": "1"
                    },
                    {
                        "@Name": "MessageTotal",
                        "#text": "1"
                    },
                    {
                        "@Name": "ScriptBlockText",
                        "#text": "Set-Location J:"
                    },
                    {
                        "@Name": "ScriptBlockId",
                        "#text": "c5a74e47-9a83-459e-ba78-2a186f3f4b89"
                    }
                ]
            }
        }
    },
    {
        "Event": {
            "@xmlns": "http://schemas.microsoft.com/win/2004/08/events/event",
            "System": {
                "Provider": {
                    "@Name": "Microsoft-Windows-PowerShell",
                    "@Guid": "{a0c1853b-5c40-4b15-8766-3cf1c58f985a}"
                },
                "EventID": {
                    "@Qualifiers": "",
                    "#text": "4104"
                },
                "Version": "1",
                "Level": "5",
                "Task": "102",
                "Opcode": "15",
                "Keywords": "0x0000000000000000",
                "TimeCreated": {
                    "@SystemTime": "2021-10-20 14:39:26.255840+00:00"
                },
                "EventRecordID": "1304",
                "Correlation": {
                    "@ActivityID": "{a674bae4-bf55-0000-76f7-84a655bfd701}",
                    "@RelatedActivityID": ""
                },
                "Execution": {
                    "@ProcessID": "3268",
                    "@ThreadID": "3532"
                },
                "Channel": "Microsoft-Windows-PowerShell/Operational",
                "Computer": "FS03.offsec.lan",
                "Security": {
                    "@UserID": "S-1-5-21-4230534742-2542757381-3142984815-1111"
                }
            },
            "EventData": {
                "Data": [
                    {
                        "@Name": "MessageNumber",
                        "#text": "1"
                    },
                    {
                        "@Name": "MessageTotal",
                        "#text": "1"
                    },
                    {
                        "@Name": "ScriptBlockText",
                        "#text": "Set-Location K:"
                    },
                    {
                        "@Name": "ScriptBlockId",
                        "#text": "eb9be239-a0b7-47d8-9d09-f1fd8e8e308e"
                    }
                ]
            }
        }
    },
    {
        "Event": {
            "@xmlns": "http://schemas.microsoft.com/win/2004/08/events/event",
            "System": {
                "Provider": {
                    "@Name": "Microsoft-Windows-PowerShell",
                    "@Guid": "{a0c1853b-5c40-4b15-8766-3cf1c58f985a}"
                },
                "EventID": {
                    "@Qualifiers": "",
                    "#text": "4104"
                },
                "Version": "1",
                "Level": "5",
                "Task": "102",
                "Opcode": "15",
                "Keywords": "0x0000000000000000",
                "TimeCreated": {
                    "@SystemTime": "2021-10-20 14:39:26.255840+00:00"
                },
                "EventRecordID": "1305",
                "Correlation": {
                    "@ActivityID": "{a674bae4-bf55-0000-76f7-84a655bfd701}",
                    "@RelatedActivityID": ""
                },
                "Execution": {
                    "@ProcessID": "3268",
                    "@ThreadID": "3532"
                },
                "Channel": "Microsoft-Windows-PowerShell/Operational",
                "Computer": "FS03.offsec.lan",
                "Security": {
                    "@UserID": "S-1-5-21-4230534742-2542757381-3142984815-1111"
                }
            },
            "EventData": {
                "Data": [
                    {
                        "@Name": "MessageNumber",
                        "#text": "1"
                    },
                    {
                        "@Name": "MessageTotal",
                        "#text": "1"
                    },
                    {
                        "@Name": "ScriptBlockText",
                        "#text": "Set-Location L:"
                    },
                    {
                        "@Name": "ScriptBlockId",
                        "#text": "38fc7c20-6e22-4297-9603-711614fea4fb"
                    }
                ]
            }
        }
    },
    {
        "Event": {
            "@xmlns": "http://schemas.microsoft.com/win/2004/08/events/event",
            "System": {
                "Provider": {
                    "@Name": "Microsoft-Windows-PowerShell",
                    "@Guid": "{a0c1853b-5c40-4b15-8766-3cf1c58f985a}"
                },
                "EventID": {
                    "@Qualifiers": "",
                    "#text": "4104"
                },
                "Version": "1",
                "Level": "5",
                "Task": "102",
                "Opcode": "15",
                "Keywords": "0x0000000000000000",
                "TimeCreated": {
                    "@SystemTime": "2021-10-20 14:39:26.255840+00:00"
                },
                "EventRecordID": "1306",
                "Correlation": {
                    "@ActivityID": "{a674bae4-bf55-0000-76f7-84a655bfd701}",
                    "@RelatedActivityID": ""
                },
                "Execution": {
                    "@ProcessID": "3268",
                    "@ThreadID": "3532"
                },
                "Channel": "Microsoft-Windows-PowerShell/Operational",
                "Computer": "FS03.offsec.lan",
                "Security": {
                    "@UserID": "S-1-5-21-4230534742-2542757381-3142984815-1111"
                }
            },
            "EventData": {
                "Data": [
                    {
                        "@Name": "MessageNumber",
                        "#text": "1"
                    },
                    {
                        "@Name": "MessageTotal",
                        "#text": "1"
                    },
                    {
                        "@Name": "ScriptBlockText",
                        "#text": "Set-Location M:"
                    },
                    {
                        "@Name": "ScriptBlockId",
                        "#text": "96bf0226-b104-4c70-996c-e0cddc8a906d"
                    }
                ]
            }
        }
    },
    {
        "Event": {
            "@xmlns": "http://schemas.microsoft.com/win/2004/08/events/event",
            "System": {
                "Provider": {
                    "@Name": "Microsoft-Windows-PowerShell",
                    "@Guid": "{a0c1853b-5c40-4b15-8766-3cf1c58f985a}"
                },
                "EventID": {
                    "@Qualifiers": "",
                    "#text": "4104"
                },
                "Version": "1",
                "Level": "5",
                "Task": "102",
                "Opcode": "15",
                "Keywords": "0x0000000000000000",
                "TimeCreated": {
                    "@SystemTime": "2021-10-20 14:39:26.255840+00:00"
                },
                "EventRecordID": "1307",
                "Correlation": {
                    "@ActivityID": "{a674bae4-bf55-0000-76f7-84a655bfd701}",
                    "@RelatedActivityID": ""
                },
                "Execution": {
                    "@ProcessID": "3268",
                    "@ThreadID": "3532"
                },
                "Channel": "Microsoft-Windows-PowerShell/Operational",
                "Computer": "FS03.offsec.lan",
                "Security": {
                    "@UserID": "S-1-5-21-4230534742-2542757381-3142984815-1111"
                }
            },
            "EventData": {
                "Data": [
                    {
                        "@Name": "MessageNumber",
                        "#text": "1"
                    },
                    {
                        "@Name": "MessageTotal",
                        "#text": "1"
                    },
                    {
                        "@Name": "ScriptBlockText",
                        "#text": "Set-Location N:"
                    },
                    {
                        "@Name": "ScriptBlockId",
                        "#text": "f853a427-32a2-477d-86d2-e8d55a29de4b"
                    }
                ]
            }
        }
    },
    {
        "Event": {
            "@xmlns": "http://schemas.microsoft.com/win/2004/08/events/event",
            "System": {
                "Provider": {
                    "@Name": "Microsoft-Windows-PowerShell",
                    "@Guid": "{a0c1853b-5c40-4b15-8766-3cf1c58f985a}"
                },
                "EventID": {
                    "@Qualifiers": "",
                    "#text": "4104"
                },
                "Version": "1",
                "Level": "5",
                "Task": "102",
                "Opcode": "15",
                "Keywords": "0x0000000000000000",
                "TimeCreated": {
                    "@SystemTime": "2021-10-20 14:39:26.255840+00:00"
                },
                "EventRecordID": "1308",
                "Correlation": {
                    "@ActivityID": "{a674bae4-bf55-0000-76f7-84a655bfd701}",
                    "@RelatedActivityID": ""
                },
                "Execution": {
                    "@ProcessID": "3268",
                    "@ThreadID": "3532"
                },
                "Channel": "Microsoft-Windows-PowerShell/Operational",
                "Computer": "FS03.offsec.lan",
                "Security": {
                    "@UserID": "S-1-5-21-4230534742-2542757381-3142984815-1111"
                }
            },
            "EventData": {
                "Data": [
                    {
                        "@Name": "MessageNumber",
                        "#text": "1"
                    },
                    {
                        "@Name": "MessageTotal",
                        "#text": "1"
                    },
                    {
                        "@Name": "ScriptBlockText",
                        "#text": "Set-Location O:"
                    },
                    {
                        "@Name": "ScriptBlockId",
                        "#text": "34f07b98-3fa7-4c94-b23b-de4d409173dd"
                    }
                ]
            }
        }
    },
    {
        "Event": {
            "@xmlns": "http://schemas.microsoft.com/win/2004/08/events/event",
            "System": {
                "Provider": {
                    "@Name": "Microsoft-Windows-PowerShell",
                    "@Guid": "{a0c1853b-5c40-4b15-8766-3cf1c58f985a}"
                },
                "EventID": {
                    "@Qualifiers": "",
                    "#text": "4104"
                },
                "Version": "1",
                "Level": "5",
                "Task": "102",
                "Opcode": "15",
                "Keywords": "0x0000000000000000",
                "TimeCreated": {
                    "@SystemTime": "2021-10-20 14:39:26.255840+00:00"
                },
                "EventRecordID": "1309",
                "Correlation": {
                    "@ActivityID": "{a674bae4-bf55-0000-76f7-84a655bfd701}",
                    "@RelatedActivityID": ""
                },
                "Execution": {
                    "@ProcessID": "3268",
                    "@ThreadID": "3532"
                },
                "Channel": "Microsoft-Windows-PowerShell/Operational",
                "Computer": "FS03.offsec.lan",
                "Security": {
                    "@UserID": "S-1-5-21-4230534742-2542757381-3142984815-1111"
                }
            },
            "EventData": {
                "Data": [
                    {
                        "@Name": "MessageNumber",
                        "#text": "1"
                    },
                    {
                        "@Name": "MessageTotal",
                        "#text": "1"
                    },
                    {
                        "@Name": "ScriptBlockText",
                        "#text": "Set-Location P:"
                    },
                    {
                        "@Name": "ScriptBlockId",
                        "#text": "7643c353-2dd8-4588-bd19-068372f4449e"
                    }
                ]
            }
        }
    },
    {
        "Event": {
            "@xmlns": "http://schemas.microsoft.com/win/2004/08/events/event",
            "System": {
                "Provider": {
                    "@Name": "Microsoft-Windows-PowerShell",
                    "@Guid": "{a0c1853b-5c40-4b15-8766-3cf1c58f985a}"
                },
                "EventID": {
                    "@Qualifiers": "",
                    "#text": "4104"
                },
                "Version": "1",
                "Level": "5",
                "Task": "102",
                "Opcode": "15",
                "Keywords": "0x0000000000000000",
                "TimeCreated": {
                    "@SystemTime": "2021-10-20 14:39:26.255840+00:00"
                },
                "EventRecordID": "1310",
                "Correlation": {
                    "@ActivityID": "{a674bae4-bf55-0000-76f7-84a655bfd701}",
                    "@RelatedActivityID": ""
                },
                "Execution": {
                    "@ProcessID": "3268",
                    "@ThreadID": "3532"
                },
                "Channel": "Microsoft-Windows-PowerShell/Operational",
                "Computer": "FS03.offsec.lan",
                "Security": {
                    "@UserID": "S-1-5-21-4230534742-2542757381-3142984815-1111"
                }
            },
            "EventData": {
                "Data": [
                    {
                        "@Name": "MessageNumber",
                        "#text": "1"
                    },
                    {
                        "@Name": "MessageTotal",
                        "#text": "1"
                    },
                    {
                        "@Name": "ScriptBlockText",
                        "#text": "Set-Location Q:"
                    },
                    {
                        "@Name": "ScriptBlockId",
                        "#text": "bafee791-5f61-478c-b27e-fc6051f02424"
                    }
                ]
            }
        }
    },
    {
        "Event": {
            "@xmlns": "http://schemas.microsoft.com/win/2004/08/events/event",
            "System": {
                "Provider": {
                    "@Name": "Microsoft-Windows-PowerShell",
                    "@Guid": "{a0c1853b-5c40-4b15-8766-3cf1c58f985a}"
                },
                "EventID": {
                    "@Qualifiers": "",
                    "#text": "4104"
                },
                "Version": "1",
                "Level": "5",
                "Task": "102",
                "Opcode": "15",
                "Keywords": "0x0000000000000000",
                "TimeCreated": {
                    "@SystemTime": "2021-10-20 14:39:26.255840+00:00"
                },
                "EventRecordID": "1311",
                "Correlation": {
                    "@ActivityID": "{a674bae4-bf55-0000-76f7-84a655bfd701}",
                    "@RelatedActivityID": ""
                },
                "Execution": {
                    "@ProcessID": "3268",
                    "@ThreadID": "3532"
                },
                "Channel": "Microsoft-Windows-PowerShell/Operational",
                "Computer": "FS03.offsec.lan",
                "Security": {
                    "@UserID": "S-1-5-21-4230534742-2542757381-3142984815-1111"
                }
            },
            "EventData": {
                "Data": [
                    {
                        "@Name": "MessageNumber",
                        "#text": "1"
                    },
                    {
                        "@Name": "MessageTotal",
                        "#text": "1"
                    },
                    {
                        "@Name": "ScriptBlockText",
                        "#text": "Set-Location R:"
                    },
                    {
                        "@Name": "ScriptBlockId",
                        "#text": "6ae074a7-11e8-4034-94cb-0bca270db926"
                    }
                ]
            }
        }
    },
    {
        "Event": {
            "@xmlns": "http://schemas.microsoft.com/win/2004/08/events/event",
            "System": {
                "Provider": {
                    "@Name": "Microsoft-Windows-PowerShell",
                    "@Guid": "{a0c1853b-5c40-4b15-8766-3cf1c58f985a}"
                },
                "EventID": {
                    "@Qualifiers": "",
                    "#text": "4104"
                },
                "Version": "1",
                "Level": "5",
                "Task": "102",
                "Opcode": "15",
                "Keywords": "0x0000000000000000",
                "TimeCreated": {
                    "@SystemTime": "2021-10-20 14:39:26.255840+00:00"
                },
                "EventRecordID": "1312",
                "Correlation": {
                    "@ActivityID": "{a674bae4-bf55-0000-76f7-84a655bfd701}",
                    "@RelatedActivityID": ""
                },
                "Execution": {
                    "@ProcessID": "3268",
                    "@ThreadID": "3532"
                },
                "Channel": "Microsoft-Windows-PowerShell/Operational",
                "Computer": "FS03.offsec.lan",
                "Security": {
                    "@UserID": "S-1-5-21-4230534742-2542757381-3142984815-1111"
                }
            },
            "EventData": {
                "Data": [
                    {
                        "@Name": "MessageNumber",
                        "#text": "1"
                    },
                    {
                        "@Name": "MessageTotal",
                        "#text": "1"
                    },
                    {
                        "@Name": "ScriptBlockText",
                        "#text": "Set-Location S:"
                    },
                    {
                        "@Name": "ScriptBlockId",
                        "#text": "bf31dd02-765f-415c-a7be-2928165332ab"
                    }
                ]
            }
        }
    },
    {
        "Event": {
            "@xmlns": "http://schemas.microsoft.com/win/2004/08/events/event",
            "System": {
                "Provider": {
                    "@Name": "Microsoft-Windows-PowerShell",
                    "@Guid": "{a0c1853b-5c40-4b15-8766-3cf1c58f985a}"
                },
                "EventID": {
                    "@Qualifiers": "",
                    "#text": "4104"
                },
                "Version": "1",
                "Level": "5",
                "Task": "102",
                "Opcode": "15",
                "Keywords": "0x0000000000000000",
                "TimeCreated": {
                    "@SystemTime": "2021-10-20 14:39:26.255840+00:00"
                },
                "EventRecordID": "1313",
                "Correlation": {
                    "@ActivityID": "{a674bae4-bf55-0000-76f7-84a655bfd701}",
                    "@RelatedActivityID": ""
                },
                "Execution": {
                    "@ProcessID": "3268",
                    "@ThreadID": "3532"
                },
                "Channel": "Microsoft-Windows-PowerShell/Operational",
                "Computer": "FS03.offsec.lan",
                "Security": {
                    "@UserID": "S-1-5-21-4230534742-2542757381-3142984815-1111"
                }
            },
            "EventData": {
                "Data": [
                    {
                        "@Name": "MessageNumber",
                        "#text": "1"
                    },
                    {
                        "@Name": "MessageTotal",
                        "#text": "1"
                    },
                    {
                        "@Name": "ScriptBlockText",
                        "#text": "Set-Location T:"
                    },
                    {
                        "@Name": "ScriptBlockId",
                        "#text": "d5101983-d5b5-4a4b-a4c2-1e28c394c17b"
                    }
                ]
            }
        }
    },
    {
        "Event": {
            "@xmlns": "http://schemas.microsoft.com/win/2004/08/events/event",
            "System": {
                "Provider": {
                    "@Name": "Microsoft-Windows-PowerShell",
                    "@Guid": "{a0c1853b-5c40-4b15-8766-3cf1c58f985a}"
                },
                "EventID": {
                    "@Qualifiers": "",
                    "#text": "4104"
                },
                "Version": "1",
                "Level": "5",
                "Task": "102",
                "Opcode": "15",
                "Keywords": "0x0000000000000000",
                "TimeCreated": {
                    "@SystemTime": "2021-10-20 14:39:26.255840+00:00"
                },
                "EventRecordID": "1314",
                "Correlation": {
                    "@ActivityID": "{a674bae4-bf55-0000-76f7-84a655bfd701}",
                    "@RelatedActivityID": ""
                },
                "Execution": {
                    "@ProcessID": "3268",
                    "@ThreadID": "3532"
                },
                "Channel": "Microsoft-Windows-PowerShell/Operational",
                "Computer": "FS03.offsec.lan",
                "Security": {
                    "@UserID": "S-1-5-21-4230534742-2542757381-3142984815-1111"
                }
            },
            "EventData": {
                "Data": [
                    {
                        "@Name": "MessageNumber",
                        "#text": "1"
                    },
                    {
                        "@Name": "MessageTotal",
                        "#text": "1"
                    },
                    {
                        "@Name": "ScriptBlockText",
                        "#text": "Set-Location U:"
                    },
                    {
                        "@Name": "ScriptBlockId",
                        "#text": "b3436631-814a-4e9a-a9f5-f653e66afbb3"
                    }
                ]
            }
        }
    },
    {
        "Event": {
            "@xmlns": "http://schemas.microsoft.com/win/2004/08/events/event",
            "System": {
                "Provider": {
                    "@Name": "Microsoft-Windows-PowerShell",
                    "@Guid": "{a0c1853b-5c40-4b15-8766-3cf1c58f985a}"
                },
                "EventID": {
                    "@Qualifiers": "",
                    "#text": "4104"
                },
                "Version": "1",
                "Level": "5",
                "Task": "102",
                "Opcode": "15",
                "Keywords": "0x0000000000000000",
                "TimeCreated": {
                    "@SystemTime": "2021-10-20 14:39:26.255840+00:00"
                },
                "EventRecordID": "1315",
                "Correlation": {
                    "@ActivityID": "{a674bae4-bf55-0000-76f7-84a655bfd701}",
                    "@RelatedActivityID": ""
                },
                "Execution": {
                    "@ProcessID": "3268",
                    "@ThreadID": "3532"
                },
                "Channel": "Microsoft-Windows-PowerShell/Operational",
                "Computer": "FS03.offsec.lan",
                "Security": {
                    "@UserID": "S-1-5-21-4230534742-2542757381-3142984815-1111"
                }
            },
            "EventData": {
                "Data": [
                    {
                        "@Name": "MessageNumber",
                        "#text": "1"
                    },
                    {
                        "@Name": "MessageTotal",
                        "#text": "1"
                    },
                    {
                        "@Name": "ScriptBlockText",
                        "#text": "Set-Location V:"
                    },
                    {
                        "@Name": "ScriptBlockId",
                        "#text": "682fcbda-a369-44b6-964b-f807b55f4783"
                    }
                ]
            }
        }
    },
    {
        "Event": {
            "@xmlns": "http://schemas.microsoft.com/win/2004/08/events/event",
            "System": {
                "Provider": {
                    "@Name": "Microsoft-Windows-PowerShell",
                    "@Guid": "{a0c1853b-5c40-4b15-8766-3cf1c58f985a}"
                },
                "EventID": {
                    "@Qualifiers": "",
                    "#text": "4104"
                },
                "Version": "1",
                "Level": "5",
                "Task": "102",
                "Opcode": "15",
                "Keywords": "0x0000000000000000",
                "TimeCreated": {
                    "@SystemTime": "2021-10-20 14:39:26.255840+00:00"
                },
                "EventRecordID": "1316",
                "Correlation": {
                    "@ActivityID": "{a674bae4-bf55-0000-76f7-84a655bfd701}",
                    "@RelatedActivityID": ""
                },
                "Execution": {
                    "@ProcessID": "3268",
                    "@ThreadID": "3532"
                },
                "Channel": "Microsoft-Windows-PowerShell/Operational",
                "Computer": "FS03.offsec.lan",
                "Security": {
                    "@UserID": "S-1-5-21-4230534742-2542757381-3142984815-1111"
                }
            },
            "EventData": {
                "Data": [
                    {
                        "@Name": "MessageNumber",
                        "#text": "1"
                    },
                    {
                        "@Name": "MessageTotal",
                        "#text": "1"
                    },
                    {
                        "@Name": "ScriptBlockText",
                        "#text": "Set-Location W:"
                    },
                    {
                        "@Name": "ScriptBlockId",
                        "#text": "506c4b22-1250-4c1e-ba20-04bfe17784e8"
                    }
                ]
            }
        }
    },
    {
        "Event": {
            "@xmlns": "http://schemas.microsoft.com/win/2004/08/events/event",
            "System": {
                "Provider": {
                    "@Name": "Microsoft-Windows-PowerShell",
                    "@Guid": "{a0c1853b-5c40-4b15-8766-3cf1c58f985a}"
                },
                "EventID": {
                    "@Qualifiers": "",
                    "#text": "4104"
                },
                "Version": "1",
                "Level": "5",
                "Task": "102",
                "Opcode": "15",
                "Keywords": "0x0000000000000000",
                "TimeCreated": {
                    "@SystemTime": "2021-10-20 14:39:26.255840+00:00"
                },
                "EventRecordID": "1317",
                "Correlation": {
                    "@ActivityID": "{a674bae4-bf55-0000-76f7-84a655bfd701}",
                    "@RelatedActivityID": ""
                },
                "Execution": {
                    "@ProcessID": "3268",
                    "@ThreadID": "3532"
                },
                "Channel": "Microsoft-Windows-PowerShell/Operational",
                "Computer": "FS03.offsec.lan",
                "Security": {
                    "@UserID": "S-1-5-21-4230534742-2542757381-3142984815-1111"
                }
            },
            "EventData": {
                "Data": [
                    {
                        "@Name": "MessageNumber",
                        "#text": "1"
                    },
                    {
                        "@Name": "MessageTotal",
                        "#text": "1"
                    },
                    {
                        "@Name": "ScriptBlockText",
                        "#text": "Set-Location X:"
                    },
                    {
                        "@Name": "ScriptBlockId",
                        "#text": "66d0e449-6174-4689-8701-954793f4319c"
                    }
                ]
            }
        }
    },
    {
        "Event": {
            "@xmlns": "http://schemas.microsoft.com/win/2004/08/events/event",
            "System": {
                "Provider": {
                    "@Name": "Microsoft-Windows-PowerShell",
                    "@Guid": "{a0c1853b-5c40-4b15-8766-3cf1c58f985a}"
                },
                "EventID": {
                    "@Qualifiers": "",
                    "#text": "4104"
                },
                "Version": "1",
                "Level": "5",
                "Task": "102",
                "Opcode": "15",
                "Keywords": "0x0000000000000000",
                "TimeCreated": {
                    "@SystemTime": "2021-10-20 14:39:26.255840+00:00"
                },
                "EventRecordID": "1318",
                "Correlation": {
                    "@ActivityID": "{a674bae4-bf55-0000-76f7-84a655bfd701}",
                    "@RelatedActivityID": ""
                },
                "Execution": {
                    "@ProcessID": "3268",
                    "@ThreadID": "3532"
                },
                "Channel": "Microsoft-Windows-PowerShell/Operational",
                "Computer": "FS03.offsec.lan",
                "Security": {
                    "@UserID": "S-1-5-21-4230534742-2542757381-3142984815-1111"
                }
            },
            "EventData": {
                "Data": [
                    {
                        "@Name": "MessageNumber",
                        "#text": "1"
                    },
                    {
                        "@Name": "MessageTotal",
                        "#text": "1"
                    },
                    {
                        "@Name": "ScriptBlockText",
                        "#text": "Set-Location Y:"
                    },
                    {
                        "@Name": "ScriptBlockId",
                        "#text": "a1df8479-12de-4867-91d2-8adbd07329e8"
                    }
                ]
            }
        }
    },
    {
        "Event": {
            "@xmlns": "http://schemas.microsoft.com/win/2004/08/events/event",
            "System": {
                "Provider": {
                    "@Name": "Microsoft-Windows-PowerShell",
                    "@Guid": "{a0c1853b-5c40-4b15-8766-3cf1c58f985a}"
                },
                "EventID": {
                    "@Qualifiers": "",
                    "#text": "4104"
                },
                "Version": "1",
                "Level": "5",
                "Task": "102",
                "Opcode": "15",
                "Keywords": "0x0000000000000000",
                "TimeCreated": {
                    "@SystemTime": "2021-10-20 14:39:26.255840+00:00"
                },
                "EventRecordID": "1319",
                "Correlation": {
                    "@ActivityID": "{a674bae4-bf55-0000-76f7-84a655bfd701}",
                    "@RelatedActivityID": ""
                },
                "Execution": {
                    "@ProcessID": "3268",
                    "@ThreadID": "3532"
                },
                "Channel": "Microsoft-Windows-PowerShell/Operational",
                "Computer": "FS03.offsec.lan",
                "Security": {
                    "@UserID": "S-1-5-21-4230534742-2542757381-3142984815-1111"
                }
            },
            "EventData": {
                "Data": [
                    {
                        "@Name": "MessageNumber",
                        "#text": "1"
                    },
                    {
                        "@Name": "MessageTotal",
                        "#text": "1"
                    },
                    {
                        "@Name": "ScriptBlockText",
                        "#text": "Set-Location Z:"
                    },
                    {
                        "@Name": "ScriptBlockId",
                        "#text": "2bea488b-2464-494c-999e-3e03854df0e7"
                    }
                ]
            }
        }
    },
    {
        "Event": {
            "@xmlns": "http://schemas.microsoft.com/win/2004/08/events/event",
            "System": {
                "Provider": {
                    "@Name": "Microsoft-Windows-PowerShell",
                    "@Guid": "{a0c1853b-5c40-4b15-8766-3cf1c58f985a}"
                },
                "EventID": {
                    "@Qualifiers": "",
                    "#text": "4104"
                },
                "Version": "1",
                "Level": "5",
                "Task": "102",
                "Opcode": "15",
                "Keywords": "0x0000000000000000",
                "TimeCreated": {
                    "@SystemTime": "2021-10-20 14:39:26.255840+00:00"
                },
                "EventRecordID": "1320",
                "Correlation": {
                    "@ActivityID": "{a674bae4-bf55-0000-76f7-84a655bfd701}",
                    "@RelatedActivityID": ""
                },
                "Execution": {
                    "@ProcessID": "3268",
                    "@ThreadID": "3532"
                },
                "Channel": "Microsoft-Windows-PowerShell/Operational",
                "Computer": "FS03.offsec.lan",
                "Security": {
                    "@UserID": "S-1-5-21-4230534742-2542757381-3142984815-1111"
                }
            },
            "EventData": {
                "Data": [
                    {
                        "@Name": "MessageNumber",
                        "#text": "1"
                    },
                    {
                        "@Name": "MessageTotal",
                        "#text": "1"
                    },
                    {
                        "@Name": "ScriptBlockText",
                        "#text": "Set-Location .."
                    },
                    {
                        "@Name": "ScriptBlockId",
                        "#text": "075b4a15-6529-4d7a-a310-86e866066eff"
                    }
                ]
            }
        }
    },
    {
        "Event": {
            "@xmlns": "http://schemas.microsoft.com/win/2004/08/events/event",
            "System": {
                "Provider": {
                    "@Name": "Microsoft-Windows-PowerShell",
                    "@Guid": "{a0c1853b-5c40-4b15-8766-3cf1c58f985a}"
                },
                "EventID": {
                    "@Qualifiers": "",
                    "#text": "4104"
                },
                "Version": "1",
                "Level": "5",
                "Task": "102",
                "Opcode": "15",
                "Keywords": "0x0000000000000000",
                "TimeCreated": {
                    "@SystemTime": "2021-10-20 14:39:26.255840+00:00"
                },
                "EventRecordID": "1321",
                "Correlation": {
                    "@ActivityID": "{a674bae4-bf55-0000-76f7-84a655bfd701}",
                    "@RelatedActivityID": ""
                },
                "Execution": {
                    "@ProcessID": "3268",
                    "@ThreadID": "3532"
                },
                "Channel": "Microsoft-Windows-PowerShell/Operational",
                "Computer": "FS03.offsec.lan",
                "Security": {
                    "@UserID": "S-1-5-21-4230534742-2542757381-3142984815-1111"
                }
            },
            "EventData": {
                "Data": [
                    {
                        "@Name": "MessageNumber",
                        "#text": "1"
                    },
                    {
                        "@Name": "MessageTotal",
                        "#text": "1"
                    },
                    {
                        "@Name": "ScriptBlockText",
                        "#text": "Set-Location \\"
                    },
                    {
                        "@Name": "ScriptBlockId",
                        "#text": "f0d12f4c-3604-42e8-89c0-551e9edd388f"
                    }
                ]
            }
        }
    },
    {
        "Event": {
            "@xmlns": "http://schemas.microsoft.com/win/2004/08/events/event",
            "System": {
                "Provider": {
                    "@Name": "Microsoft-Windows-PowerShell",
                    "@Guid": "{a0c1853b-5c40-4b15-8766-3cf1c58f985a}"
                },
                "EventID": {
                    "@Qualifiers": "",
                    "#text": "4104"
                },
                "Version": "1",
                "Level": "5",
                "Task": "102",
                "Opcode": "15",
                "Keywords": "0x0000000000000000",
                "TimeCreated": {
                    "@SystemTime": "2021-10-20 14:39:26.255840+00:00"
                },
                "EventRecordID": "1322",
                "Correlation": {
                    "@ActivityID": "{a674bae4-bf55-0000-76f7-84a655bfd701}",
                    "@RelatedActivityID": ""
                },
                "Execution": {
                    "@ProcessID": "3268",
                    "@ThreadID": "3532"
                },
                "Channel": "Microsoft-Windows-PowerShell/Operational",
                "Computer": "FS03.offsec.lan",
                "Security": {
                    "@UserID": "S-1-5-21-4230534742-2542757381-3142984815-1111"
                }
            },
            "EventData": {
                "Data": [
                    {
                        "@Name": "MessageNumber",
                        "#text": "1"
                    },
                    {
                        "@Name": "MessageTotal",
                        "#text": "1"
                    },
                    {
                        "@Name": "ScriptBlockText"
                    },
                    {
                        "@Name": "ScriptBlockId",
                        "#text": "0783d7d2-2c3f-405e-b294-070c778241d6"
                    }
                ]
            }
        }
    },
