    {
        "Event": {
            "@xmlns": "http://schemas.microsoft.com/win/2004/08/events/event",
            "System": {
                "Provider": {
                    "@Name": "Microsoft-Windows-Security-Auditing",
                    "@Guid": "{54849625-5478-4994-a5ba-3e3b0328c30d}"
                },
                "EventID": {
                    "@Qualifiers": "",
                    "#text": "5145"
                },
                "Version": "0",
                "Level": "0",
                "Task": "12811",
                "Opcode": "0",
                "Keywords": "0x8020000000000000",
                "TimeCreated": {
                    "@SystemTime": "2021-12-12 11:53:31.139210+00:00"
                },
                "EventRecordID": "1165912",
                "Correlation": {
                    "@ActivityID": "",
                    "@RelatedActivityID": ""
                },
                "Execution": {
                    "@ProcessID": "480",
                    "@ThreadID": "488"
                },
                "Channel": "Security",
                "Computer": "fs03vuln.offsec.lan",
                "Security": {
                    "@UserID": ""
                }
            },
            "EventData": {
                "Data": [
                    {
                        "@Name": "SubjectUserSid",
                        "#text": "S-1-5-21-4230534742-2542757381-3142984815-1111"
                    },
                    {
                        "@Name": "SubjectUserName",
                        "#text": "admmig"
                    },
                    {
                        "@Name": "SubjectDomainName",
                        "#text": "OFFSEC"
                    },
                    {
                        "@Name": "SubjectLogonId",
                        "#text": "0x000000000883836e"
                    },
                    {
                        "@Name": "ObjectType",
                        "#text": "File"
                    },
                    {
                        "@Name": "IpAddress",
                        "#text": "10.23.123.11"
                    },
                    {
                        "@Name": "IpPort",
                        "#text": "60296"
                    },
                    {
                        "@Name": "ShareName",
                        "#text": "\\\\*\\ADMIN$"
                    },
                    {
                        "@Name": "ShareLocalPath",
                        "#text": "\\??\\C:\\Windows"
                    },
                    {
                        "@Name": "RelativeTargetName",
                        "#text": "SYSTEM32"
                    },
                    {
                        "@Name": "AccessMask",
                        "#text": "0x00000001"
                    },
                    {
                        "@Name": "AccessList",
                        "#text": "%%4416"
                    },
                    {
                        "@Name": "AccessReason",
                        "#text": "-"
                    }
                ]
            }
        }
    },
    {
        "Event": {
            "@xmlns": "http://schemas.microsoft.com/win/2004/08/events/event",
            "System": {
                "Provider": {
                    "@Name": "Microsoft-Windows-Security-Auditing",
                    "@Guid": "{54849625-5478-4994-a5ba-3e3b0328c30d}"
                },
                "EventID": {
                    "@Qualifiers": "",
                    "#text": "5145"
                },
                "Version": "0",
                "Level": "0",
                "Task": "12811",
                "Opcode": "0",
                "Keywords": "0x8020000000000000",
                "TimeCreated": {
                    "@SystemTime": "2021-12-12 11:53:31.139210+00:00"
                },
                "EventRecordID": "1165914",
                "Correlation": {
                    "@ActivityID": "",
                    "@RelatedActivityID": ""
                },
                "Execution": {
                    "@ProcessID": "480",
                    "@ThreadID": "488"
                },
                "Channel": "Security",
                "Computer": "fs03vuln.offsec.lan",
                "Security": {
                    "@UserID": ""
                }
            },
            "EventData": {
                "Data": [
                    {
                        "@Name": "SubjectUserSid",
                        "#text": "S-1-5-21-4230534742-2542757381-3142984815-1111"
                    },
                    {
                        "@Name": "SubjectUserName",
                        "#text": "admmig"
                    },
                    {
                        "@Name": "SubjectDomainName",
                        "#text": "OFFSEC"
                    },
                    {
                        "@Name": "SubjectLogonId",
                        "#text": "0x000000000883836e"
                    },
                    {
                        "@Name": "ObjectType",
                        "#text": "File"
                    },
                    {
                        "@Name": "IpAddress",
                        "#text": "10.23.123.11"
                    },
                    {
                        "@Name": "IpPort",
                        "#text": "60296"
                    },
                    {
                        "@Name": "ShareName",
                        "#text": "\\\\*\\ADMIN$"
                    },
                    {
                        "@Name": "ShareLocalPath",
                        "#text": "\\??\\C:\\Windows"
                    },
                    {
                        "@Name": "RelativeTargetName",
                        "#text": "SYSTEM32\\AqdQWnLE.tmp"
                    },
                    {
                        "@Name": "AccessMask",
                        "#text": "0x00010000"
                    },
                    {
                        "@Name": "AccessList",
                        "#text": "%%1537"
                    },
                    {
                        "@Name": "AccessReason",
                        "#text": "-"
                    }
                ]
            }
        }
    },
    {
        "Event": {
            "@xmlns": "http://schemas.microsoft.com/win/2004/08/events/event",
            "System": {
                "Provider": {
                    "@Name": "Microsoft-Windows-Security-Auditing",
                    "@Guid": "{54849625-5478-4994-a5ba-3e3b0328c30d}"
                },
                "EventID": {
                    "@Qualifiers": "",
                    "#text": "5145"
                },
                "Version": "0",
                "Level": "0",
                "Task": "12811",
                "Opcode": "0",
                "Keywords": "0x8020000000000000",
                "TimeCreated": {
                    "@SystemTime": "2021-12-12 11:53:31.139210+00:00"
                },
                "EventRecordID": "1165916",
                "Correlation": {
                    "@ActivityID": "",
                    "@RelatedActivityID": ""
                },
                "Execution": {
                    "@ProcessID": "480",
                    "@ThreadID": "488"
                },
                "Channel": "Security",
                "Computer": "fs03vuln.offsec.lan",
                "Security": {
                    "@UserID": ""
                }
            },
            "EventData": {
                "Data": [
                    {
                        "@Name": "SubjectUserSid",
                        "#text": "S-1-5-21-4230534742-2542757381-3142984815-1111"
                    },
                    {
                        "@Name": "SubjectUserName",
                        "#text": "admmig"
                    },
                    {
                        "@Name": "SubjectDomainName",
                        "#text": "OFFSEC"
                    },
                    {
                        "@Name": "SubjectLogonId",
                        "#text": "0x000000000883836e"
                    },
                    {
                        "@Name": "ObjectType",
                        "#text": "File"
                    },
                    {
                        "@Name": "IpAddress",
                        "#text": "10.23.123.11"
                    },
                    {
                        "@Name": "IpPort",
                        "#text": "60296"
                    },
                    {
                        "@Name": "ShareName",
                        "#text": "\\\\*\\ADMIN$"
                    },
                    {
                        "@Name": "ShareLocalPath",
                        "#text": "\\??\\C:\\Windows"
                    },
                    {
                        "@Name": "RelativeTargetName",
                        "#text": "SYSTEM32"
                    },
                    {
                        "@Name": "AccessMask",
                        "#text": "0x00000001"
                    },
                    {
                        "@Name": "AccessList",
                        "#text": "%%4416"
                    },
                    {
                        "@Name": "AccessReason",
                        "#text": "-"
                    }
                ]
            }
        }
    },
    {
        "Event": {
            "@xmlns": "http://schemas.microsoft.com/win/2004/08/events/event",
            "System": {
                "Provider": {
                    "@Name": "Microsoft-Windows-Security-Auditing",
                    "@Guid": "{54849625-5478-4994-a5ba-3e3b0328c30d}"
                },
                "EventID": {
                    "@Qualifiers": "",
                    "#text": "5145"
                },
                "Version": "0",
                "Level": "0",
                "Task": "12811",
                "Opcode": "0",
                "Keywords": "0x8020000000000000",
                "TimeCreated": {
                    "@SystemTime": "2021-12-12 11:53:31.154806+00:00"
                },
                "EventRecordID": "1165918",
                "Correlation": {
                    "@ActivityID": "",
                    "@RelatedActivityID": ""
                },
                "Execution": {
                    "@ProcessID": "480",
                    "@ThreadID": "488"
                },
                "Channel": "Security",
                "Computer": "fs03vuln.offsec.lan",
                "Security": {
                    "@UserID": ""
                }
            },
            "EventData": {
                "Data": [
                    {
                        "@Name": "SubjectUserSid",
                        "#text": "S-1-5-21-4230534742-2542757381-3142984815-1111"
                    },
                    {
                        "@Name": "SubjectUserName",
                        "#text": "admmig"
                    },
                    {
                        "@Name": "SubjectDomainName",
                        "#text": "OFFSEC"
                    },
                    {
                        "@Name": "SubjectLogonId",
                        "#text": "0x000000000883836e"
                    },
                    {
                        "@Name": "ObjectType",
                        "#text": "File"
                    },
                    {
                        "@Name": "IpAddress",
                        "#text": "10.23.123.11"
                    },
                    {
                        "@Name": "IpPort",
                        "#text": "60296"
                    },
                    {
                        "@Name": "ShareName",
                        "#text": "\\\\*\\ADMIN$"
                    },
                    {
                        "@Name": "ShareLocalPath",
                        "#text": "\\??\\C:\\Windows"
                    },
                    {
                        "@Name": "RelativeTargetName",
                        "#text": "SYSTEM32\\oyCCGQai.tmp"
                    },
                    {
                        "@Name": "AccessMask",
                        "#text": "0x00010000"
                    },
                    {
                        "@Name": "AccessList",
                        "#text": "%%1537"
                    },
                    {
                        "@Name": "AccessReason",
                        "#text": "-"
                    }
                ]
            }
        }
    }
]