[
    {
        "Event": {
            "@xmlns": "http://schemas.microsoft.com/win/2004/08/events/event",
            "System": {
                "Provider": {
                    "@Name": "Microsoft-Windows-Security-Auditing",
                    "@Guid": "{54849625-5478-4994-a5ba-3e3b0328c30d}"
                },
                "EventID": {
                    "@Qualifiers": "",
                    "#text": "4688"
                },
                "Version": "2",
                "Level": "0",
                "Task": "13312",
                "Opcode": "0",
                "Keywords": "0x8020000000000000",
                "TimeCreated": {
                    "@SystemTime": "2021-04-21 13:30:00.569677+00:00"
                },
                "EventRecordID": "352963",
                "Correlation": {
                    "@ActivityID": "",
                    "@RelatedActivityID": ""
                },
                "Execution": {
                    "@ProcessID": "4",
                    "@ThreadID": "3572"
                },
                "Channel": "Security",
                "Computer": "srvdefender01.offsec.lan",
                "Security": {
                    "@UserID": ""
                }
            },
            "EventData": {
                "Data": [
                    {
                        "@Name": "SubjectUserSid",
                        "#text": "S-1-5-21-4230534742-2542757381-3142984815-1111"
                    },
                    {
                        "@Name": "SubjectUserName",
                        "#text": "admmig"
                    },
                    {
                        "@Name": "SubjectDomainName",
                        "#text": "OFFSEC"
                    },
                    {
                        "@Name": "SubjectLogonId",
                        "#text": "0x00000000006fc89e"
                    },
                    {
                        "@Name": "NewProcessId",
                        "#text": "0x00000000000015b4"
                    },
                    {
                        "@Name": "NewProcessName",
                        "#text": "C:\\Windows\\System32\\schtasks.exe"
                    },
                    {
                        "@Name": "TokenElevationType",
                        "#text": "%%1937"
                    },
                    {
                        "@Name": "ProcessId",
                        "#text": "0x00000000000017e8"
                    },
                    {
                        "@Name": "CommandLine",
                        "#text": "\"C:\\Windows\\system32\\schtasks.exe\" /create /sc minute /mo 1 /tn eviltask /tr C:\\tools\\shell.cmd /ru SYSTEM"
                    },
                    {
                        "@Name": "TargetUserSid",
                        "#text": "S-1-0-0"
                    },
                    {
                        "@Name": "TargetUserName",
                        "#text": "-"
                    },
                    {
                        "@Name": "TargetDomainName",
                        "#text": "-"
                    },
                    {
                        "@Name": "TargetLogonId",
                        "#text": "0x0000000000000000"
                    },
                    {
                        "@Name": "ParentProcessName",
                        "#text": "C:\\Windows\\System32\\WindowsPowerShell\\v1.0\\powershell.exe"
                    },
                    {
                        "@Name": "MandatoryLabel",
                        "#text": "S-1-16-12288"
                    }
                ]
            }
        }
    },
    {
        "Event": {
            "@xmlns": "http://schemas.microsoft.com/win/2004/08/events/event",
            "System": {
                "Provider": {
                    "@Name": "Microsoft-Windows-Security-Auditing",
                    "@Guid": "{54849625-5478-4994-a5ba-3e3b0328c30d}"
                },
                "EventID": {
                    "@Qualifiers": "",
                    "#text": "4698"
                },
                "Version": "0",
                "Level": "0",
                "Task": "12804",
                "Opcode": "0",
                "Keywords": "0x8020000000000000",
                "TimeCreated": {
                    "@SystemTime": "2021-04-21 13:30:00.589460+00:00"
                },
                "EventRecordID": "352964",
                "Correlation": {
                    "@ActivityID": "{42422748-35ed-0000-6027-4242ed35d701}",
                    "@RelatedActivityID": ""
                },
                "Execution": {
                    "@ProcessID": "584",
                    "@ThreadID": "616"
                },
                "Channel": "Security",
                "Computer": "srvdefender01.offsec.lan",
                "Security": {
                    "@UserID": ""
                }
            },
            "EventData": {
                "Data": [
                    {
                        "@Name": "SubjectUserSid",
                        "#text": "S-1-5-21-4230534742-2542757381-3142984815-1111"
                    },
                    {
                        "@Name": "SubjectUserName",
                        "#text": "admmig"
                    },
                    {
                        "@Name": "SubjectDomainName",
                        "#text": "OFFSEC"
                    },
                    {
                        "@Name": "SubjectLogonId",
                        "#text": "0x00000000006fc89e"
                    },
                    {
                        "@Name": "TaskName",
                        "#text": "\\eviltask"
                    },
                    {
                        "@Name": "TaskContent",
                        "#text": "<?xml version=\"1.0\" encoding=\"UTF-16\"?>\n<Task version=\"1.2\" xmlns=\"http://schemas.microsoft.com/windows/2004/02/mit/task\">\n  <RegistrationInfo>\n    <Date>2021-04-21T13:30:00</Date>\n    <Author>OFFSEC\\admmig</Author>\n    <URI>\\eviltask</URI>\n  </RegistrationInfo>\n  <Triggers>\n    <TimeTrigger>\n      <Repetition>\n        <Interval>PT1M</Interval>\n        <StopAtDurationEnd>false</StopAtDurationEnd>\n      </Repetition>\n      <StartBoundary>2021-04-21T13:30:00</StartBoundary>\n      <Enabled>true</Enabled>\n    </TimeTrigger>\n  </Triggers>\n  <Settings>\n    <MultipleInstancesPolicy>IgnoreNew</MultipleInstancesPolicy>\n    <DisallowStartIfOnBatteries>true</DisallowStartIfOnBatteries>\n    <StopIfGoingOnBatteries>true</StopIfGoingOnBatteries>\n    <AllowHardTerminate>true</AllowHardTerminate>\n    <StartWhenAvailable>false</StartWhenAvailable>\n    <RunOnlyIfNetworkAvailable>false</RunOnlyIfNetworkAvailable>\n    <IdleSettings>\n      <Duration>PT10M</Duration>\n      <WaitTimeout>PT1H</WaitTimeout>\n      <StopOnIdleEnd>true</StopOnIdleEnd>\n      <RestartOnIdle>false</RestartOnIdle>\n    </IdleSettings>\n    <AllowStartOnDemand>true</AllowStartOnDemand>\n    <Enabled>true</Enabled>\n    <Hidden>false</Hidden>\n    <RunOnlyIfIdle>false</RunOnlyIfIdle>\n    <WakeToRun>false</WakeToRun>\n    <ExecutionTimeLimit>PT72H</ExecutionTimeLimit>\n    <Priority>7</Priority>\n  </Settings>\n  <Actions Context=\"Author\">\n    <Exec>\n      <Command>C:\\tools\\shell.cmd</Command>\n    </Exec>\n  </Actions>\n  <Principals>\n    <Principal id=\"Author\">\n      <UserId>S-1-5-18</UserId>\n      <RunLevel>LeastPrivilege</RunLevel>\n    </Principal>\n  </Principals>\n</Task>"
                    }
                ]
            }
        }
    },
    {
        "Event": {
            "@xmlns": "http://schemas.microsoft.com/win/2004/08/events/event",
            "System": {
                "Provider": {
                    "@Name": "Microsoft-Windows-Security-Auditing",
                    "@Guid": "{54849625-5478-4994-a5ba-3e3b0328c30d}"
                },
                "EventID": {
                    "@Qualifiers": "",
                    "#text": "4688"
                },
                "Version": "2",
                "Level": "0",
                "Task": "13312",
                "Opcode": "0",
                "Keywords": "0x8020000000000000",
                "TimeCreated": {
                    "@SystemTime": "2021-04-21 13:30:03.012768+00:00"
                },
                "EventRecordID": "352965",
                "Correlation": {
                    "@ActivityID": "",
                    "@RelatedActivityID": ""
                },
                "Execution": {
                    "@ProcessID": "4",
                    "@ThreadID": "3572"
                },
                "Channel": "Security",
                "Computer": "srvdefender01.offsec.lan",
                "Security": {
                    "@UserID": ""
                }
            },
            "EventData": {
                "Data": [
                    {
                        "@Name": "SubjectUserSid",
                        "#text": "S-1-5-18"
                    },
                    {
                        "@Name": "SubjectUserName",
                        "#text": "SRVDEFENDER01$"
                    },
                    {
                        "@Name": "SubjectDomainName",
                        "#text": "OFFSEC"
                    },
                    {
                        "@Name": "SubjectLogonId",
                        "#text": "0x00000000000003e7"
                    },
                    {
                        "@Name": "NewProcessId",
                        "#text": "0x00000000000002ac"
                    },
                    {
                        "@Name": "NewProcessName",
                        "#text": "C:\\Windows\\System32\\cscript.exe"
                    },
                    {
                        "@Name": "TokenElevationType",
                        "#text": "%%1936"
                    },
                    {
                        "@Name": "ProcessId",
                        "#text": "0x0000000000001638"
                    },
                    {
                        "@Name": "CommandLine",
                        "#text": "\"C:\\Windows\\system32\\cscript.exe\" /nologo \"MonitorKnowledgeDiscovery.vbs\""
                    },
                    {
                        "@Name": "TargetUserSid",
                        "#text": "S-1-0-0"
                    },
                    {
                        "@Name": "TargetUserName",
                        "#text": "-"
                    },
                    {
                        "@Name": "TargetDomainName",
                        "#text": "-"
                    },
                    {
                        "@Name": "TargetLogonId",
                        "#text": "0x0000000000000000"
                    },
                    {
                        "@Name": "ParentProcessName",
                        "#text": "C:\\Program Files\\Microsoft Monitoring Agent\\Agent\\MonitoringHost.exe"
                    },
                    {
                        "@Name": "MandatoryLabel",
                        "#text": "S-1-16-16384"
                    }
                ]
            }
        }
    },
    {
        "Event": {
            "@xmlns": "http://schemas.microsoft.com/win/2004/08/events/event",
            "System": {
                "Provider": {
                    "@Name": "Microsoft-Windows-Security-Auditing",
                    "@Guid": "{54849625-5478-4994-a5ba-3e3b0328c30d}"
                },
                "EventID": {
                    "@Qualifiers": "",
                    "#text": "4688"
                },
                "Version": "2",
                "Level": "0",
                "Task": "13312",
                "Opcode": "0",
                "Keywords": "0x8020000000000000",
                "TimeCreated": {
                    "@SystemTime": "2021-04-21 13:30:03.029421+00:00"
                },
                "EventRecordID": "352966",
                "Correlation": {
                    "@ActivityID": "",
                    "@RelatedActivityID": ""
                },
                "Execution": {
                    "@ProcessID": "4",
                    "@ThreadID": "3572"
                },
                "Channel": "Security",
                "Computer": "srvdefender01.offsec.lan",
                "Security": {
                    "@UserID": ""
                }
            },
            "EventData": {
                "Data": [
                    {
                        "@Name": "SubjectUserSid",
                        "#text": "S-1-5-18"
                    },
                    {
                        "@Name": "SubjectUserName",
                        "#text": "SRVDEFENDER01$"
                    },
                    {
                        "@Name": "SubjectDomainName",
                        "#text": "OFFSEC"
                    },
                    {
                        "@Name": "SubjectLogonId",
                        "#text": "0x00000000000003e7"
                    },
                    {
                        "@Name": "NewProcessId",
                        "#text": "0x0000000000000bc8"
                    },
                    {
                        "@Name": "NewProcessName",
                        "#text": "C:\\Windows\\System32\\conhost.exe"
                    },
                    {
                        "@Name": "TokenElevationType",
                        "#text": "%%1936"
                    },
                    {
                        "@Name": "ProcessId",
                        "#text": "0x00000000000002ac"
                    },
                    {
                        "@Name": "CommandLine",
                        "#text": "\\??\\C:\\Windows\\system32\\conhost.exe 0xffffffff -ForceV1"
                    },
                    {
                        "@Name": "TargetUserSid",
                        "#text": "S-1-0-0"
                    },
                    {
                        "@Name": "TargetUserName",
                        "#text": "-"
                    },
                    {
                        "@Name": "TargetDomainName",
                        "#text": "-"
                    },
                    {
                        "@Name": "TargetLogonId",
                        "#text": "0x0000000000000000"
                    },
                    {
                        "@Name": "ParentProcessName",
                        "#text": "C:\\Windows\\System32\\cscript.exe"
                    },
                    {
                        "@Name": "MandatoryLabel",
                        "#text": "S-1-16-16384"
                    }
                ]
            }
        }
    }
]