[
    {
        "Event": {
            "@xmlns": "http://schemas.microsoft.com/win/2004/08/events/event",
            "System": {
                "Provider": {
                    "@Name": "Microsoft-Windows-Security-Auditing",
                    "@Guid": "{54849625-5478-4994-a5ba-3e3b0328c30d}"
                },
                "EventID": {
                    "@Qualifiers": "",
                    "#text": "4728"
                },
                "Version": "0",
                "Level": "0",
                "Task": "13826",
                "Opcode": "0",
                "Keywords": "0x8020000000000000",
                "TimeCreated": {
                    "@SystemTime": "2020-07-12 06:01:13.758734+00:00"
                },
                "EventRecordID": "16088263",
                "Correlation": {
                    "@ActivityID": "",
                    "@RelatedActivityID": ""
                },
                "Execution": {
                    "@ProcessID": "528",
                    "@ThreadID": "3156"
                },
                "Channel": "Security",
                "Computer": "rootdc1.offsec.lan",
                "Security": {
                    "@UserID": ""
                }
            },
            "EventData": {
                "Data": [
                    {
                        "@Name": "MemberName",
                        "#text": "CN=honey-pot1,OU=Test-OU,OU=OFFSEC-COMPANY,DC=offsec,DC=lan"
                    },
                    {
                        "@Name": "MemberSid",
                        "#text": "S-1-5-21-4230534742-2542757381-3142984815-1159"
                    },
                    {
                        "@Name": "TargetUserName",
                        "#text": "Domain Admins"
                    },
                    {
                        "@Name": "TargetDomainName",
                        "#text": "OFFSEC"
                    },
                    {
                        "@Name": "TargetSid",
                        "#text": "S-1-5-21-4230534742-2542757381-3142984815-512"
                    },
                    {
                        "@Name": "SubjectUserSid",
                        "#text": "S-1-5-21-4230534742-2542757381-3142984815-1158"
                    },
                    {
                        "@Name": "SubjectUserName",
                        "#text": "lambda-user"
                    },
                    {
                        "@Name": "SubjectDomainName",
                        "#text": "OFFSEC"
                    },
                    {
                        "@Name": "SubjectLogonId",
                        "#text": "0x00000000080e25b9"
                    },
                    {
                        "@Name": "PrivilegeList",
                        "#text": "-"
                    }
                ]
            }
        }
    },
    {
        "Event": {
            "@xmlns": "http://schemas.microsoft.com/win/2004/08/events/event",
            "System": {
                "Provider": {
                    "@Name": "Microsoft-Windows-Security-Auditing",
                    "@Guid": "{54849625-5478-4994-a5ba-3e3b0328c30d}"
                },
                "EventID": {
                    "@Qualifiers": "",
                    "#text": "4756"
                },
                "Version": "0",
                "Level": "0",
                "Task": "13826",
                "Opcode": "0",
                "Keywords": "0x8020000000000000",
                "TimeCreated": {
                    "@SystemTime": "2020-07-12 06:01:13.765572+00:00"
                },
                "EventRecordID": "16088267",
                "Correlation": {
                    "@ActivityID": "",
                    "@RelatedActivityID": ""
                },
                "Execution": {
                    "@ProcessID": "528",
                    "@ThreadID": "3156"
                },
                "Channel": "Security",
                "Computer": "rootdc1.offsec.lan",
                "Security": {
                    "@UserID": ""
                }
            },
            "EventData": {
                "Data": [
                    {
                        "@Name": "MemberName",
                        "#text": "CN=honey-pot1,OU=Test-OU,OU=OFFSEC-COMPANY,DC=offsec,DC=lan"
                    },
                    {
                        "@Name": "MemberSid",
                        "#text": "S-1-5-21-4230534742-2542757381-3142984815-1159"
                    },
                    {
                        "@Name": "TargetUserName",
                        "#text": "Enterprise Admins"
                    },
                    {
                        "@Name": "TargetDomainName",
                        "#text": "OFFSEC"
                    },
                    {
                        "@Name": "TargetSid",
                        "#text": "S-1-5-21-4230534742-2542757381-3142984815-519"
                    },
                    {
                        "@Name": "SubjectUserSid",
                        "#text": "S-1-5-21-4230534742-2542757381-3142984815-1158"
                    },
                    {
                        "@Name": "SubjectUserName",
                        "#text": "lambda-user"
                    },
                    {
                        "@Name": "SubjectDomainName",
                        "#text": "OFFSEC"
                    },
                    {
                        "@Name": "SubjectLogonId",
                        "#text": "0x00000000080e25b9"
                    },
                    {
                        "@Name": "PrivilegeList",
                        "#text": "-"
                    }
                ]
            }
        }
    },
    {
        "Event": {
            "@xmlns": "http://schemas.microsoft.com/win/2004/08/events/event",
            "System": {
                "Provider": {
                    "@Name": "Microsoft-Windows-Security-Auditing",
                    "@Guid": "{54849625-5478-4994-a5ba-3e3b0328c30d}"
                },
                "EventID": {
                    "@Qualifiers": "",
                    "#text": "4756"
                },
                "Version": "0",
                "Level": "0",
                "Task": "13826",
                "Opcode": "0",
                "Keywords": "0x8020000000000000",
                "TimeCreated": {
                    "@SystemTime": "2020-07-12 06:01:13.767750+00:00"
                },
                "EventRecordID": "16088270",
                "Correlation": {
                    "@ActivityID": "",
                    "@RelatedActivityID": ""
                },
                "Execution": {
                    "@ProcessID": "528",
                    "@ThreadID": "3156"
                },
                "Channel": "Security",
                "Computer": "rootdc1.offsec.lan",
                "Security": {
                    "@UserID": ""
                }
            },
            "EventData": {
                "Data": [
                    {
                        "@Name": "MemberName",
                        "#text": "CN=honey-pot1,OU=Test-OU,OU=OFFSEC-COMPANY,DC=offsec,DC=lan"
                    },
                    {
                        "@Name": "MemberSid",
                        "#text": "S-1-5-21-4230534742-2542757381-3142984815-1159"
                    },
                    {
                        "@Name": "TargetUserName",
                        "#text": "Enterprise Key Admins"
                    },
                    {
                        "@Name": "TargetDomainName",
                        "#text": "OFFSEC"
                    },
                    {
                        "@Name": "TargetSid",
                        "#text": "S-1-5-21-4230534742-2542757381-3142984815-527"
                    },
                    {
                        "@Name": "SubjectUserSid",
                        "#text": "S-1-5-21-4230534742-2542757381-3142984815-1158"
                    },
                    {
                        "@Name": "SubjectUserName",
                        "#text": "lambda-user"
                    },
                    {
                        "@Name": "SubjectDomainName",
                        "#text": "OFFSEC"
                    },
                    {
                        "@Name": "SubjectLogonId",
                        "#text": "0x00000000080e25b9"
                    },
                    {
                        "@Name": "PrivilegeList",
                        "#text": "-"
                    }
                ]
            }
        }
    },
    {
        "Event": {
            "@xmlns": "http://schemas.microsoft.com/win/2004/08/events/event",
            "System": {
                "Provider": {
                    "@Name": "Microsoft-Windows-Security-Auditing",
                    "@Guid": "{54849625-5478-4994-a5ba-3e3b0328c30d}"
                },
                "EventID": {
                    "@Qualifiers": "",
                    "#text": "4756"
                },
                "Version": "0",
                "Level": "0",
                "Task": "13826",
                "Opcode": "0",
                "Keywords": "0x8020000000000000",
                "TimeCreated": {
                    "@SystemTime": "2020-07-12 06:01:13.769939+00:00"
                },
                "EventRecordID": "16088274",
                "Correlation": {
                    "@ActivityID": "",
                    "@RelatedActivityID": ""
                },
                "Execution": {
                    "@ProcessID": "528",
                    "@ThreadID": "3156"
                },
                "Channel": "Security",
                "Computer": "rootdc1.offsec.lan",
                "Security": {
                    "@UserID": ""
                }
            },
            "EventData": {
                "Data": [
                    {
                        "@Name": "MemberName",
                        "#text": "CN=honey-pot1,OU=Test-OU,OU=OFFSEC-COMPANY,DC=offsec,DC=lan"
                    },
                    {
                        "@Name": "MemberSid",
                        "#text": "S-1-5-21-4230534742-2542757381-3142984815-1159"
                    },
                    {
                        "@Name": "TargetUserName",
                        "#text": "Schema Admins"
                    },
                    {
                        "@Name": "TargetDomainName",
                        "#text": "OFFSEC"
                    },
                    {
                        "@Name": "TargetSid",
                        "#text": "S-1-5-21-4230534742-2542757381-3142984815-518"
                    },
                    {
                        "@Name": "SubjectUserSid",
                        "#text": "S-1-5-21-4230534742-2542757381-3142984815-1158"
                    },
                    {
                        "@Name": "SubjectUserName",
                        "#text": "lambda-user"
                    },
                    {
                        "@Name": "SubjectDomainName",
                        "#text": "OFFSEC"
                    },
                    {
                        "@Name": "SubjectLogonId",
                        "#text": "0x00000000080e25b9"
                    },
                    {
                        "@Name": "PrivilegeList",
                        "#text": "-"
                    }
                ]
            }
        }
    }
]