    {
        "Event": {
            "@xmlns": "http://schemas.microsoft.com/win/2004/08/events/event",
            "System": {
                "Provider": {
                    "@Name": "Microsoft-Windows-Security-Auditing",
                    "@Guid": "{54849625-5478-4994-a5ba-3e3b0328c30d}"
                },
                "EventID": {
                    "@Qualifiers": "",
                    "#text": "4776"
                },
                "Version": "0",
                "Level": "0",
                "Task": "14336",
                "Opcode": "0",
                "Keywords": "0x8010000000000000",
                "TimeCreated": {
                    "@SystemTime": "2021-05-20 12:49:54.662693+00:00"
                },
                "EventRecordID": "1861992",
                "Correlation": {
                    "@ActivityID": "{a67be420-4636-0000-dc2e-9ba63646d701}",
                    "@RelatedActivityID": ""
                },
                "Execution": {
                    "@ProcessID": "576",
                    "@ThreadID": "5164"
                },
                "Channel": "Security",
                "Computer": "fs01.offsec.lan",
                "Security": {
                    "@UserID": ""
                }
            },
            "EventData": {
                "Data": [
                    {
                        "@Name": "PackageName",
                        "#text": "MICROSOFT_AUTHENTICATION_PACKAGE_V1_0"
                    },
                    {
                        "@Name": "TargetUserName",
                        "#text": "NOUSER"
                    },
                    {
                        "@Name": "Workstation",
                        "#text": "FS01"
                    },
                    {
                        "@Name": "Status",
                        "#text": "0xc0000064"
                    }
                ]
            }
        }
    },
    {
        "Event": {
            "@xmlns": "http://schemas.microsoft.com/win/2004/08/events/event",
            "System": {
                "Provider": {
                    "@Name": "Microsoft-Windows-Security-Auditing",
                    "@Guid": "{54849625-5478-4994-a5ba-3e3b0328c30d}"
                },
                "EventID": {
                    "@Qualifiers": "",
                    "#text": "4625"
                },
                "Version": "0",
                "Level": "0",
                "Task": "12544",
                "Opcode": "0",
                "Keywords": "0x8010000000000000",
                "TimeCreated": {
                    "@SystemTime": "2021-05-20 12:49:54.662819+00:00"
                },
                "EventRecordID": "1861993",
                "Correlation": {
                    "@ActivityID": "{a67be420-4636-0001-36e4-7ba63646d701}",
                    "@RelatedActivityID": ""
                },
                "Execution": {
                    "@ProcessID": "576",
                    "@ThreadID": "5164"
                },
                "Channel": "Security",
                "Computer": "fs01.offsec.lan",
                "Security": {
                    "@UserID": ""
                }
            },
            "EventData": {
                "Data": [
                    {
                        "@Name": "SubjectUserSid",
                        "#text": "S-1-5-18"
                    },
                    {
                        "@Name": "SubjectUserName",
                        "#text": "FS01$"
                    },
                    {
                        "@Name": "SubjectDomainName",
                        "#text": "OFFSEC"
                    },
                    {
                        "@Name": "SubjectLogonId",
                        "#text": "0x00000000000003e7"
                    },
                    {
                        "@Name": "TargetUserSid",
                        "#text": "S-1-0-0"
                    },
                    {
                        "@Name": "TargetUserName",
                        "#text": "NOUSER"
                    },
                    {
                        "@Name": "TargetDomainName",
                        "#text": "FS01"
                    },
                    {
                        "@Name": "Status",
                        "#text": "0xc000006d"
                    },
                    {
                        "@Name": "FailureReason",
                        "#text": "%%2313"
                    },
                    {
                        "@Name": "SubStatus",
                        "#text": "0xc0000064"
                    },
                    {
                        "@Name": "LogonType",
                        "#text": "8"
                    },
                    {
                        "@Name": "LogonProcessName",
                        "#text": "Advapi"
                    },
                    {
                        "@Name": "AuthenticationPackageName",
                        "#text": "Negotiate"
                    },
                    {
                        "@Name": "WorkstationName",
                        "#text": "FS01"
                    },
                    {
                        "@Name": "TransmittedServices",
                        "#text": "-"
                    },
                    {
                        "@Name": "LmPackageName",
                        "#text": "-"
                    },
                    {
                        "@Name": "KeyLength",
                        "#text": "0"
                    },
                    {
                        "@Name": "ProcessId",
                        "#text": "0x00000000000016d8"
                    },
                    {
                        "@Name": "ProcessName",
                        "#text": "C:\\Program Files\\OpenSSH-Win64\\sshd.exe"
                    },
                    {
                        "@Name": "IpAddress",
                        "#text": "-"
                    },
                    {
                        "@Name": "IpPort",
                        "#text": "-"
                    }
                ]
            }
        }
    },
    {
        "Event": {
            "@xmlns": "http://schemas.microsoft.com/win/2004/08/events/event",
            "System": {
                "Provider": {
                    "@Name": "Microsoft-Windows-Security-Auditing",
                    "@Guid": "{54849625-5478-4994-a5ba-3e3b0328c30d}"
                },
                "EventID": {
                    "@Qualifiers": "",
                    "#text": "4776"
                },
                "Version": "0",
                "Level": "0",
                "Task": "14336",
                "Opcode": "0",
                "Keywords": "0x8010000000000000",
                "TimeCreated": {
                    "@SystemTime": "2021-05-20 12:49:54.945530+00:00"
                },
                "EventRecordID": "1861994",
                "Correlation": {
                    "@ActivityID": "{a67be420-4636-0000-dd2e-9ba63646d701}",
                    "@RelatedActivityID": ""
                },
                "Execution": {
                    "@ProcessID": "576",
                    "@ThreadID": "5164"
                },
                "Channel": "Security",
                "Computer": "fs01.offsec.lan",
                "Security": {
                    "@UserID": ""
                }
            },
            "EventData": {
                "Data": [
                    {
                        "@Name": "PackageName",
                        "#text": "MICROSOFT_AUTHENTICATION_PACKAGE_V1_0"
                    },
                    {
                        "@Name": "TargetUserName",
                        "#text": "NOUSER"
                    },
                    {
                        "@Name": "Workstation",
                        "#text": "FS01"
                    },
                    {
                        "@Name": "Status",
                        "#text": "0xc0000064"
                    }
                ]
            }
        }
    },
    {
        "Event": {
            "@xmlns": "http://schemas.microsoft.com/win/2004/08/events/event",
            "System": {
                "Provider": {
                    "@Name": "Microsoft-Windows-Security-Auditing",
                    "@Guid": "{54849625-5478-4994-a5ba-3e3b0328c30d}"
                },
                "EventID": {
                    "@Qualifiers": "",
                    "#text": "4625"
                },
                "Version": "0",
                "Level": "0",
                "Task": "12544",
                "Opcode": "0",
                "Keywords": "0x8010000000000000",
                "TimeCreated": {
                    "@SystemTime": "2021-05-20 12:49:54.945671+00:00"
                },
                "EventRecordID": "1861995",
                "Correlation": {
                    "@ActivityID": "{a67be420-4636-0001-36e4-7ba63646d701}",
                    "@RelatedActivityID": ""
                },
                "Execution": {
                    "@ProcessID": "576",
                    "@ThreadID": "5164"
                },
                "Channel": "Security",
                "Computer": "fs01.offsec.lan",
                "Security": {
                    "@UserID": ""
                }
            },
            "EventData": {
                "Data": [
                    {
                        "@Name": "SubjectUserSid",
                        "#text": "S-1-5-18"
                    },
                    {
                        "@Name": "SubjectUserName",
                        "#text": "FS01$"
                    },
                    {
                        "@Name": "SubjectDomainName",
                        "#text": "OFFSEC"
                    },
                    {
                        "@Name": "SubjectLogonId",
                        "#text": "0x00000000000003e7"
                    },
                    {
                        "@Name": "TargetUserSid",
                        "#text": "S-1-0-0"
                    },
                    {
                        "@Name": "TargetUserName",
                        "#text": "NOUSER"
                    },
                    {
                        "@Name": "TargetDomainName",
                        "#text": "FS01"
                    },
                    {
                        "@Name": "Status",
                        "#text": "0xc000006d"
                    },
                    {
                        "@Name": "FailureReason",
                        "#text": "%%2313"
                    },
                    {
                        "@Name": "SubStatus",
                        "#text": "0xc0000064"
                    },
                    {
                        "@Name": "LogonType",
                        "#text": "8"
                    },
                    {
                        "@Name": "LogonProcessName",
                        "#text": "Advapi"
                    },
                    {
                        "@Name": "AuthenticationPackageName",
                        "#text": "Negotiate"
                    },
                    {
                        "@Name": "WorkstationName",
                        "#text": "FS01"
                    },
                    {
                        "@Name": "TransmittedServices",
                        "#text": "-"
                    },
                    {
                        "@Name": "LmPackageName",
                        "#text": "-"
                    },
                    {
                        "@Name": "KeyLength",
                        "#text": "0"
                    },
                    {
                        "@Name": "ProcessId",
                        "#text": "0x00000000000016d8"
                    },
                    {
                        "@Name": "ProcessName",
                        "#text": "C:\\Program Files\\OpenSSH-Win64\\sshd.exe"
                    },
                    {
                        "@Name": "IpAddress",
                        "#text": "-"
                    },
                    {
                        "@Name": "IpPort",
                        "#text": "-"
                    }
                ]
            }
        }
    }
]