[
    {
        "Event": {
            "@xmlns": "http://schemas.microsoft.com/win/2004/08/events/event",
            "System": {
                "Provider": {
                    "@Name": "Microsoft-Windows-Security-Auditing",
                    "@Guid": "{54849625-5478-4994-a5ba-3e3b0328c30d}"
                },
                "EventID": {
                    "@Qualifiers": "",
                    "#text": "4768"
                },
                "Version": "0",
                "Level": "0",
                "Task": "14339",
                "Opcode": "0",
                "Keywords": "0x8010000000000000",
                "TimeCreated": {
                    "@SystemTime": "2021-12-03 12:06:03.488712+00:00"
                },
                "EventRecordID": "232648707",
                "Correlation": {
                    "@ActivityID": "",
                    "@RelatedActivityID": ""
                },
                "Execution": {
                    "@ProcessID": "596",
                    "@ThreadID": "1120"
                },
                "Channel": "Security",
                "Computer": "rootdc1.offsec.lan",
                "Security": {
                    "@UserID": ""
                }
            },
            "EventData": {
                "Data": [
                    {
                        "@Name": "TargetUserName",
                        "#text": "Administrator"
                    },
                    {
                        "@Name": "TargetDomainName",
                        "#text": "OFFSEC.LAN"
                    },
                    {
                        "@Name": "TargetSid",
                        "#text": "S-1-0-0"
                    },
                    {
                        "@Name": "ServiceName",
                        "#text": "krbtgt/OFFSEC.LAN"
                    },
                    {
                        "@Name": "ServiceSid",
                        "#text": "S-1-0-0"
                    },
                    {
                        "@Name": "TicketOptions",
                        "#text": "0x50800000"
                    },
                    {
                        "@Name": "Status",
                        "#text": "0x00000012"
                    },
                    {
                        "@Name": "TicketEncryptionType",
                        "#text": "0xffffffff"
                    },
                    {
                        "@Name": "PreAuthType",
                        "#text": "-"
                    },
                    {
                        "@Name": "IpAddress",
                        "#text": "::ffff:10.23.123.11"
                    },
                    {
                        "@Name": "IpPort",
                        "#text": "48932"
                    },
                    {
                        "@Name": "CertIssuerName"
                    },
                    {
                        "@Name": "CertSerialNumber"
                    },
                    {
                        "@Name": "CertThumbprint"
                    }
                ]
            }
        }
    },
    {
        "Event": {
            "@xmlns": "http://schemas.microsoft.com/win/2004/08/events/event",
            "System": {
                "Provider": {
                    "@Name": "Microsoft-Windows-Security-Auditing",
                    "@Guid": "{54849625-5478-4994-a5ba-3e3b0328c30d}"
                },
                "EventID": {
                    "@Qualifiers": "",
                    "#text": "4768"
                },
                "Version": "0",
                "Level": "0",
                "Task": "14339",
                "Opcode": "0",
                "Keywords": "0x8010000000000000",
                "TimeCreated": {
                    "@SystemTime": "2021-12-03 12:06:03.493206+00:00"
                },
                "EventRecordID": "232648708",
                "Correlation": {
                    "@ActivityID": "",
                    "@RelatedActivityID": ""
                },
                "Execution": {
                    "@ProcessID": "596",
                    "@ThreadID": "1120"
                },
                "Channel": "Security",
                "Computer": "rootdc1.offsec.lan",
                "Security": {
                    "@UserID": ""
                }
            },
            "EventData": {
                "Data": [
                    {
                        "@Name": "TargetUserName",
                        "#text": "Guest"
                    },
                    {
                        "@Name": "TargetDomainName",
                        "#text": "OFFSEC.LAN"
                    },
                    {
                        "@Name": "TargetSid",
                        "#text": "S-1-0-0"
                    },
                    {
                        "@Name": "ServiceName",
                        "#text": "krbtgt/OFFSEC.LAN"
                    },
                    {
                        "@Name": "ServiceSid",
                        "#text": "S-1-0-0"
                    },
                    {
                        "@Name": "TicketOptions",
                        "#text": "0x50800000"
                    },
                    {
                        "@Name": "Status",
                        "#text": "0x00000012"
                    },
                    {
                        "@Name": "TicketEncryptionType",
                        "#text": "0xffffffff"
                    },
                    {
                        "@Name": "PreAuthType",
                        "#text": "-"
                    },
                    {
                        "@Name": "IpAddress",
                        "#text": "::ffff:10.23.123.11"
                    },
                    {
                        "@Name": "IpPort",
                        "#text": "48934"
                    },
                    {
                        "@Name": "CertIssuerName"
                    },
                    {
                        "@Name": "CertSerialNumber"
                    },
                    {
                        "@Name": "CertThumbprint"
                    }
                ]
            }
        }
    },
    {
        "Event": {
            "@xmlns": "http://schemas.microsoft.com/win/2004/08/events/event",
            "System": {
                "Provider": {
                    "@Name": "Microsoft-Windows-Security-Auditing",
                    "@Guid": "{54849625-5478-4994-a5ba-3e3b0328c30d}"
                },
                "EventID": {
                    "@Qualifiers": "",
                    "#text": "4768"
                },
                "Version": "0",
                "Level": "0",
                "Task": "14339",
                "Opcode": "0",
                "Keywords": "0x8010000000000000",
                "TimeCreated": {
                    "@SystemTime": "2021-12-03 12:06:03.497831+00:00"
                },
                "EventRecordID": "232648709",
                "Correlation": {
                    "@ActivityID": "",
                    "@RelatedActivityID": ""
                },
                "Execution": {
                    "@ProcessID": "596",
                    "@ThreadID": "1120"
                },
                "Channel": "Security",
                "Computer": "rootdc1.offsec.lan",
                "Security": {
                    "@UserID": ""
                }
            },
            "EventData": {
                "Data": [
                    {
                        "@Name": "TargetUserName",
                        "#text": "DefaultAccount"
                    },
                    {
                        "@Name": "TargetDomainName",
                        "#text": "OFFSEC.LAN"
                    },
                    {
                        "@Name": "TargetSid",
                        "#text": "S-1-0-0"
                    },
                    {
                        "@Name": "ServiceName",
                        "#text": "krbtgt/OFFSEC.LAN"
                    },
                    {
                        "@Name": "ServiceSid",
                        "#text": "S-1-0-0"
                    },
                    {
                        "@Name": "TicketOptions",
                        "#text": "0x50800000"
                    },
                    {
                        "@Name": "Status",
                        "#text": "0x00000012"
                    },
                    {
                        "@Name": "TicketEncryptionType",
                        "#text": "0xffffffff"
                    },
                    {
                        "@Name": "PreAuthType",
                        "#text": "-"
                    },
                    {
                        "@Name": "IpAddress",
                        "#text": "::ffff:10.23.123.11"
                    },
                    {
                        "@Name": "IpPort",
                        "#text": "48936"
                    },
                    {
                        "@Name": "CertIssuerName"
                    },
                    {
                        "@Name": "CertSerialNumber"
                    },
                    {
                        "@Name": "CertThumbprint"
                    }
                ]
            }
        }
    },
    {
        "Event": {
            "@xmlns": "http://schemas.microsoft.com/win/2004/08/events/event",
            "System": {
                "Provider": {
                    "@Name": "Microsoft-Windows-Security-Auditing",
                    "@Guid": "{54849625-5478-4994-a5ba-3e3b0328c30d}"
                },
                "EventID": {
                    "@Qualifiers": "",
                    "#text": "4768"
                },
                "Version": "0",
                "Level": "0",
                "Task": "14339",
                "Opcode": "0",
                "Keywords": "0x8010000000000000",
                "TimeCreated": {
                    "@SystemTime": "2021-12-03 12:06:03.510492+00:00"
                },
                "EventRecordID": "232648710",
                "Correlation": {
                    "@ActivityID": "",
                    "@RelatedActivityID": ""
                },
                "Execution": {
                    "@ProcessID": "596",
                    "@ThreadID": "2784"
                },
                "Channel": "Security",
                "Computer": "rootdc1.offsec.lan",
                "Security": {
                    "@UserID": ""
                }
            },
            "EventData": {
                "Data": [
                    {
                        "@Name": "TargetUserName",
                        "#text": "krbtgt"
                    },
                    {
                        "@Name": "TargetDomainName",
                        "#text": "OFFSEC.LAN"
                    },
                    {
                        "@Name": "TargetSid",
                        "#text": "S-1-0-0"
                    },
                    {
                        "@Name": "ServiceName",
                        "#text": "krbtgt/OFFSEC.LAN"
                    },
                    {
                        "@Name": "ServiceSid",
                        "#text": "S-1-0-0"
                    },
                    {
                        "@Name": "TicketOptions",
                        "#text": "0x50800000"
                    },
                    {
                        "@Name": "Status",
                        "#text": "0x00000012"
                    },
                    {
                        "@Name": "TicketEncryptionType",
                        "#text": "0xffffffff"
                    },
                    {
                        "@Name": "PreAuthType",
                        "#text": "-"
                    },
                    {
                        "@Name": "IpAddress",
                        "#text": "::ffff:10.23.123.11"
                    },
                    {
                        "@Name": "IpPort",
                        "#text": "48938"
                    },
                    {
                        "@Name": "CertIssuerName"
                    },
                    {
                        "@Name": "CertSerialNumber"
                    },
                    {
                        "@Name": "CertThumbprint"
                    }
                ]
            }
        }
    },
    {
        "Event": {
            "@xmlns": "http://schemas.microsoft.com/win/2004/08/events/event",
            "System": {
                "Provider": {
                    "@Name": "Microsoft-Windows-Security-Auditing",
                    "@Guid": "{54849625-5478-4994-a5ba-3e3b0328c30d}"
                },
                "EventID": {
                    "@Qualifiers": "",
                    "#text": "4768"
                },
                "Version": "0",
                "Level": "0",
                "Task": "14339",
                "Opcode": "0",
                "Keywords": "0x8020000000000000",
                "TimeCreated": {
                    "@SystemTime": "2021-12-03 12:06:03.847267+00:00"
                },
                "EventRecordID": "232648711",
                "Correlation": {
                    "@ActivityID": "",
                    "@RelatedActivityID": ""
                },
                "Execution": {
                    "@ProcessID": "596",
                    "@ThreadID": "1120"
                },
                "Channel": "Security",
                "Computer": "rootdc1.offsec.lan",
                "Security": {
                    "@UserID": ""
                }
            },
            "EventData": {
                "Data": [
                    {
                        "@Name": "TargetUserName",
                        "#text": "admmig"
                    },
                    {
                        "@Name": "TargetDomainName",
                        "#text": "OFFSEC.LAN"
                    },
                    {
                        "@Name": "TargetSid",
                        "#text": "S-1-5-21-4230534742-2542757381-3142984815-1111"
                    },
                    {
                        "@Name": "ServiceName",
                        "#text": "krbtgt"
                    },
                    {
                        "@Name": "ServiceSid",
                        "#text": "S-1-5-21-4230534742-2542757381-3142984815-502"
                    },
                    {
                        "@Name": "TicketOptions",
                        "#text": "0x50800000"
                    },
                    {
                        "@Name": "Status",
                        "#text": "0x00000000"
                    },
                    {
                        "@Name": "TicketEncryptionType",
                        "#text": "0x00000012"
                    },
                    {
                        "@Name": "PreAuthType",
                        "#text": "2"
                    },
                    {
                        "@Name": "IpAddress",
                        "#text": "::ffff:10.23.123.11"
                    },
                    {
                        "@Name": "IpPort",
                        "#text": "48942"
                    },
                    {
                        "@Name": "CertIssuerName"
                    },
                    {
                        "@Name": "CertSerialNumber"
                    },
                    {
                        "@Name": "CertThumbprint"
                    }
                ]
            }
        }
    },
    {
        "Event": {
            "@xmlns": "http://schemas.microsoft.com/win/2004/08/events/event",
            "System": {
                "Provider": {
                    "@Name": "Microsoft-Windows-Security-Auditing",
                    "@Guid": "{54849625-5478-4994-a5ba-3e3b0328c30d}"
                },
                "EventID": {
                    "@Qualifiers": "",
                    "#text": "4771"
                },
                "Version": "0",
                "Level": "0",
                "Task": "14339",
                "Opcode": "0",
                "Keywords": "0x8010000000000000",
                "TimeCreated": {
                    "@SystemTime": "2021-12-03 12:06:04.193182+00:00"
                },
                "EventRecordID": "232648712",
                "Correlation": {
                    "@ActivityID": "",
                    "@RelatedActivityID": ""
                },
                "Execution": {
                    "@ProcessID": "596",
                    "@ThreadID": "2784"
                },
                "Channel": "Security",
                "Computer": "rootdc1.offsec.lan",
                "Security": {
                    "@UserID": ""
                }
            },
            "EventData": {
                "Data": [
                    {
                        "@Name": "TargetUserName",
                        "#text": "svc-ata"
                    },
                    {
                        "@Name": "TargetSid",
                        "#text": "S-1-5-21-4230534742-2542757381-3142984815-1119"
                    },
                    {
                        "@Name": "ServiceName",
                        "#text": "krbtgt/OFFSEC.LAN"
                    },
                    {
                        "@Name": "TicketOptions",
                        "#text": "0x50800000"
                    },
                    {
                        "@Name": "Status",
                        "#text": "0x00000018"
                    },
                    {
                        "@Name": "PreAuthType",
                        "#text": "2"
                    },
                    {
                        "@Name": "IpAddress",
                        "#text": "::ffff:10.23.123.11"
                    },
                    {
                        "@Name": "IpPort",
                        "#text": "48946"
                    },
                    {
                        "@Name": "CertIssuerName"
                    },
                    {
                        "@Name": "CertSerialNumber"
                    },
                    {
                        "@Name": "CertThumbprint"
                    }
                ]
            }
        }
    },
    {
        "Event": {
            "@xmlns": "http://schemas.microsoft.com/win/2004/08/events/event",
            "System": {
                "Provider": {
                    "@Name": "Microsoft-Windows-Security-Auditing",
                    "@Guid": "{54849625-5478-4994-a5ba-3e3b0328c30d}"
                },
                "EventID": {
                    "@Qualifiers": "",
                    "#text": "4771"
                },
                "Version": "0",
                "Level": "0",
                "Task": "14339",
                "Opcode": "0",
                "Keywords": "0x8010000000000000",
                "TimeCreated": {
                    "@SystemTime": "2021-12-03 12:06:04.564201+00:00"
                },
                "EventRecordID": "232648719",
                "Correlation": {
                    "@ActivityID": "",
                    "@RelatedActivityID": ""
                },
                "Execution": {
                    "@ProcessID": "596",
                    "@ThreadID": "2784"
                },
                "Channel": "Security",
                "Computer": "rootdc1.offsec.lan",
                "Security": {
                    "@UserID": ""
                }
            },
            "EventData": {
                "Data": [
                    {
                        "@Name": "TargetUserName",
                        "#text": "svc_nxlog"
                    },
                    {
                        "@Name": "TargetSid",
                        "#text": "S-1-5-21-4230534742-2542757381-3142984815-1129"
                    },
                    {
                        "@Name": "ServiceName",
                        "#text": "krbtgt/OFFSEC.LAN"
                    },
                    {
                        "@Name": "TicketOptions",
                        "#text": "0x50800000"
                    },
                    {
                        "@Name": "Status",
                        "#text": "0x00000018"
                    },
                    {
                        "@Name": "PreAuthType",
                        "#text": "2"
                    },
                    {
                        "@Name": "IpAddress",
                        "#text": "::ffff:10.23.123.11"
                    },
                    {
                        "@Name": "IpPort",
                        "#text": "48950"
                    },
                    {
                        "@Name": "CertIssuerName"
                    },
                    {
                        "@Name": "CertSerialNumber"
                    },
                    {
                        "@Name": "CertThumbprint"
                    }
                ]
            }
        }
    },
    {
        "Event": {
            "@xmlns": "http://schemas.microsoft.com/win/2004/08/events/event",
            "System": {
                "Provider": {
                    "@Name": "Microsoft-Windows-Security-Auditing",
                    "@Guid": "{54849625-5478-4994-a5ba-3e3b0328c30d}"
                },
                "EventID": {
                    "@Qualifiers": "",
                    "#text": "4771"
                },
                "Version": "0",
                "Level": "0",
                "Task": "14339",
                "Opcode": "0",
                "Keywords": "0x8010000000000000",
                "TimeCreated": {
                    "@SystemTime": "2021-12-03 12:06:04.900154+00:00"
                },
                "EventRecordID": "232648720",
                "Correlation": {
                    "@ActivityID": "",
                    "@RelatedActivityID": ""
                },
                "Execution": {
                    "@ProcessID": "596",
                    "@ThreadID": "2784"
                },
                "Channel": "Security",
                "Computer": "rootdc1.offsec.lan",
                "Security": {
                    "@UserID": ""
                }
            },
            "EventData": {
                "Data": [
                    {
                        "@Name": "TargetUserName",
                        "#text": "admin-hacker"
                    },
                    {
                        "@Name": "TargetSid",
                        "#text": "S-1-5-21-4230534742-2542757381-3142984815-1147"
                    },
                    {
                        "@Name": "ServiceName",
                        "#text": "krbtgt/OFFSEC.LAN"
                    },
                    {
                        "@Name": "TicketOptions",
                        "#text": "0x50800000"
                    },
                    {
                        "@Name": "Status",
                        "#text": "0x00000018"
                    },
                    {
                        "@Name": "PreAuthType",
                        "#text": "2"
                    },
                    {
                        "@Name": "IpAddress",
                        "#text": "::ffff:10.23.123.11"
                    },
                    {
                        "@Name": "IpPort",
                        "#text": "48954"
                    },
                    {
                        "@Name": "CertIssuerName"
                    },
                    {
                        "@Name": "CertSerialNumber"
                    },
                    {
                        "@Name": "CertThumbprint"
                    }
                ]
            }
        }
    },
    {
        "Event": {
            "@xmlns": "http://schemas.microsoft.com/win/2004/08/events/event",
            "System": {
                "Provider": {
                    "@Name": "Microsoft-Windows-Security-Auditing",
                    "@Guid": "{54849625-5478-4994-a5ba-3e3b0328c30d}"
                },
                "EventID": {
                    "@Qualifiers": "",
                    "#text": "4768"
                },
                "Version": "0",
                "Level": "0",
                "Task": "14339",
                "Opcode": "0",
                "Keywords": "0x8010000000000000",
                "TimeCreated": {
                    "@SystemTime": "2021-12-03 12:06:04.904114+00:00"
                },
                "EventRecordID": "232648721",
                "Correlation": {
                    "@ActivityID": "",
                    "@RelatedActivityID": ""
                },
                "Execution": {
                    "@ProcessID": "596",
                    "@ThreadID": "1120"
                },
                "Channel": "Security",
                "Computer": "rootdc1.offsec.lan",
                "Security": {
                    "@UserID": ""
                }
            },
            "EventData": {
                "Data": [
                    {
                        "@Name": "TargetUserName",
                        "#text": "Test-ADM"
                    },
                    {
                        "@Name": "TargetDomainName",
                        "#text": "OFFSEC.LAN"
                    },
                    {
                        "@Name": "TargetSid",
                        "#text": "S-1-0-0"
                    },
                    {
                        "@Name": "ServiceName",
                        "#text": "krbtgt/OFFSEC.LAN"
                    },
                    {
                        "@Name": "ServiceSid",
                        "#text": "S-1-0-0"
                    },
                    {
                        "@Name": "TicketOptions",
                        "#text": "0x50800000"
                    },
                    {
                        "@Name": "Status",
                        "#text": "0x00000012"
                    },
                    {
                        "@Name": "TicketEncryptionType",
                        "#text": "0xffffffff"
                    },
                    {
                        "@Name": "PreAuthType",
                        "#text": "-"
                    },
                    {
                        "@Name": "IpAddress",
                        "#text": "::ffff:10.23.123.11"
                    },
                    {
                        "@Name": "IpPort",
                        "#text": "48956"
                    },
                    {
                        "@Name": "CertIssuerName"
                    },
                    {
                        "@Name": "CertSerialNumber"
                    },
                    {
                        "@Name": "CertThumbprint"
                    }
                ]
            }
        }
    },
    {
        "Event": {
            "@xmlns": "http://schemas.microsoft.com/win/2004/08/events/event",
            "System": {
                "Provider": {
                    "@Name": "Microsoft-Windows-Security-Auditing",
                    "@Guid": "{54849625-5478-4994-a5ba-3e3b0328c30d}"
                },
                "EventID": {
                    "@Qualifiers": "",
                    "#text": "4768"
                },
                "Version": "0",
                "Level": "0",
                "Task": "14339",
                "Opcode": "0",
                "Keywords": "0x8020000000000000",
                "TimeCreated": {
                    "@SystemTime": "2021-12-03 12:06:04.910742+00:00"
                },
                "EventRecordID": "232648722",
                "Correlation": {
                    "@ActivityID": "",
                    "@RelatedActivityID": ""
                },
                "Execution": {
                    "@ProcessID": "596",
                    "@ThreadID": "2372"
                },
                "Channel": "Security",
                "Computer": "rootdc1.offsec.lan",
                "Security": {
                    "@UserID": ""
                }
            },
            "EventData": {
                "Data": [
                    {
                        "@Name": "TargetUserName",
                        "#text": "admin-test"
                    },
                    {
                        "@Name": "TargetDomainName",
                        "#text": "OFFSEC.LAN"
                    },
                    {
                        "@Name": "TargetSid",
                        "#text": "S-1-5-21-4230534742-2542757381-3142984815-1620"
                    },
                    {
                        "@Name": "ServiceName",
                        "#text": "krbtgt"
                    },
                    {
                        "@Name": "ServiceSid",
                        "#text": "S-1-5-21-4230534742-2542757381-3142984815-502"
                    },
                    {
                        "@Name": "TicketOptions",
                        "#text": "0x50800000"
                    },
                    {
                        "@Name": "Status",
                        "#text": "0x00000000"
                    },
                    {
                        "@Name": "TicketEncryptionType",
                        "#text": "0x00000012"
                    },
                    {
                        "@Name": "PreAuthType",
                        "#text": "0"
                    },
                    {
                        "@Name": "IpAddress",
                        "#text": "::ffff:10.23.123.11"
                    },
                    {
                        "@Name": "IpPort",
                        "#text": "48958"
                    },
                    {
                        "@Name": "CertIssuerName"
                    },
                    {
                        "@Name": "CertSerialNumber"
                    },
                    {
                        "@Name": "CertThumbprint"
                    }
                ]
            }
        }
    },
    {
        "Event": {
            "@xmlns": "http://schemas.microsoft.com/win/2004/08/events/event",
            "System": {
                "Provider": {
                    "@Name": "Microsoft-Windows-Security-Auditing",
                    "@Guid": "{54849625-5478-4994-a5ba-3e3b0328c30d}"
                },
                "EventID": {
                    "@Qualifiers": "",
                    "#text": "4771"
                },
                "Version": "0",
                "Level": "0",
                "Task": "14339",
                "Opcode": "0",
                "Keywords": "0x8010000000000000",
                "TimeCreated": {
                    "@SystemTime": "2021-12-03 12:06:05.593973+00:00"
                },
                "EventRecordID": "232648723",
                "Correlation": {
                    "@ActivityID": "",
                    "@RelatedActivityID": ""
                },
                "Execution": {
                    "@ProcessID": "596",
                    "@ThreadID": "2372"
                },
                "Channel": "Security",
                "Computer": "rootdc1.offsec.lan",
                "Security": {
                    "@UserID": ""
                }
            },
            "EventData": {
                "Data": [
                    {
                        "@Name": "TargetUserName",
                        "#text": "svc_adfs01"
                    },
                    {
                        "@Name": "TargetSid",
                        "#text": "S-1-5-21-4230534742-2542757381-3142984815-1156"
                    },
                    {
                        "@Name": "ServiceName",
                        "#text": "krbtgt/OFFSEC.LAN"
                    },
                    {
                        "@Name": "TicketOptions",
                        "#text": "0x50800000"
                    },
                    {
                        "@Name": "Status",
                        "#text": "0x00000018"
                    },
                    {
                        "@Name": "PreAuthType",
                        "#text": "2"
                    },
                    {
                        "@Name": "IpAddress",
                        "#text": "::ffff:10.23.123.11"
                    },
                    {
                        "@Name": "IpPort",
                        "#text": "48962"
                    },
                    {
                        "@Name": "CertIssuerName"
                    },
                    {
                        "@Name": "CertSerialNumber"
                    },
                    {
                        "@Name": "CertThumbprint"
                    }
                ]
            }
        }
    },
    {
        "Event": {
            "@xmlns": "http://schemas.microsoft.com/win/2004/08/events/event",
            "System": {
                "Provider": {
                    "@Name": "Microsoft-Windows-Security-Auditing",
                    "@Guid": "{54849625-5478-4994-a5ba-3e3b0328c30d}"
                },
                "EventID": {
                    "@Qualifiers": "",
                    "#text": "4771"
                },
                "Version": "0",
                "Level": "0",
                "Task": "14339",
                "Opcode": "0",
                "Keywords": "0x8010000000000000",
                "TimeCreated": {
                    "@SystemTime": "2021-12-03 12:06:05.927025+00:00"
                },
                "EventRecordID": "232648724",
                "Correlation": {
                    "@ActivityID": "",
                    "@RelatedActivityID": ""
                },
                "Execution": {
                    "@ProcessID": "596",
                    "@ThreadID": "2784"
                },
                "Channel": "Security",
                "Computer": "rootdc1.offsec.lan",
                "Security": {
                    "@UserID": ""
                }
            },
            "EventData": {
                "Data": [
                    {
                        "@Name": "TargetUserName",
                        "#text": "admin-te"
                    },
                    {
                        "@Name": "TargetSid",
                        "#text": "S-1-5-21-4230534742-2542757381-3142984815-1170"
                    },
                    {
                        "@Name": "ServiceName",
                        "#text": "krbtgt/OFFSEC.LAN"
                    },
                    {
                        "@Name": "TicketOptions",
                        "#text": "0x50800000"
                    },
                    {
                        "@Name": "Status",
                        "#text": "0x00000018"
                    },
                    {
                        "@Name": "PreAuthType",
                        "#text": "2"
                    },
                    {
                        "@Name": "IpAddress",
                        "#text": "::ffff:10.23.123.11"
                    },
                    {
                        "@Name": "IpPort",
                        "#text": "48966"
                    },
                    {
                        "@Name": "CertIssuerName"
                    },
                    {
                        "@Name": "CertSerialNumber"
                    },
                    {
                        "@Name": "CertThumbprint"
                    }
                ]
            }
        }
    },
    {
        "Event": {
            "@xmlns": "http://schemas.microsoft.com/win/2004/08/events/event",
            "System": {
                "Provider": {
                    "@Name": "Microsoft-Windows-Security-Auditing",
                    "@Guid": "{54849625-5478-4994-a5ba-3e3b0328c30d}"
                },
                "EventID": {
                    "@Qualifiers": "",
                    "#text": "4771"
                },
                "Version": "0",
                "Level": "0",
                "Task": "14339",
                "Opcode": "0",
                "Keywords": "0x8010000000000000",
                "TimeCreated": {
                    "@SystemTime": "2021-12-03 12:06:06.263853+00:00"
                },
                "EventRecordID": "232648726",
                "Correlation": {
                    "@ActivityID": "",
                    "@RelatedActivityID": ""
                },
                "Execution": {
                    "@ProcessID": "596",
                    "@ThreadID": "2784"
                },
                "Channel": "Security",
                "Computer": "rootdc1.offsec.lan",
                "Security": {
                    "@UserID": ""
                }
            },
            "EventData": {
                "Data": [
                    {
                        "@Name": "TargetUserName",
                        "#text": "Svc-SQL-DB01"
                    },
                    {
                        "@Name": "TargetSid",
                        "#text": "S-1-5-21-4230534742-2542757381-3142984815-1171"
                    },
                    {
                        "@Name": "ServiceName",
                        "#text": "krbtgt/OFFSEC.LAN"
                    },
                    {
                        "@Name": "TicketOptions",
                        "#text": "0x50800000"
                    },
                    {
                        "@Name": "Status",
                        "#text": "0x00000018"
                    },
                    {
                        "@Name": "PreAuthType",
                        "#text": "2"
                    },
                    {
                        "@Name": "IpAddress",
                        "#text": "::ffff:10.23.123.11"
                    },
                    {
                        "@Name": "IpPort",
                        "#text": "48970"
                    },
                    {
                        "@Name": "CertIssuerName"
                    },
                    {
                        "@Name": "CertSerialNumber"
                    },
                    {
                        "@Name": "CertThumbprint"
                    }
                ]
            }
        }
    },
    {
        "Event": {
            "@xmlns": "http://schemas.microsoft.com/win/2004/08/events/event",
            "System": {
                "Provider": {
                    "@Name": "Microsoft-Windows-Security-Auditing",
                    "@Guid": "{54849625-5478-4994-a5ba-3e3b0328c30d}"
                },
                "EventID": {
                    "@Qualifiers": "",
                    "#text": "4771"
                },
                "Version": "0",
                "Level": "0",
                "Task": "14339",
                "Opcode": "0",
                "Keywords": "0x8010000000000000",
                "TimeCreated": {
                    "@SystemTime": "2021-12-03 12:06:06.602587+00:00"
                },
                "EventRecordID": "232648727",
                "Correlation": {
                    "@ActivityID": "",
                    "@RelatedActivityID": ""
                },
                "Execution": {
                    "@ProcessID": "596",
                    "@ThreadID": "2372"
                },
                "Channel": "Security",
                "Computer": "rootdc1.offsec.lan",
                "Security": {
                    "@UserID": ""
                }
            },
            "EventData": {
                "Data": [
                    {
                        "@Name": "TargetUserName",
                        "#text": "vuln_scan"
                    },
                    {
                        "@Name": "TargetSid",
                        "#text": "S-1-5-21-4230534742-2542757381-3142984815-1625"
                    },
                    {
                        "@Name": "ServiceName",
                        "#text": "krbtgt/OFFSEC.LAN"
                    },
                    {
                        "@Name": "TicketOptions",
                        "#text": "0x50800000"
                    },
                    {
                        "@Name": "Status",
                        "#text": "0x00000018"
                    },
                    {
                        "@Name": "PreAuthType",
                        "#text": "2"
                    },
                    {
                        "@Name": "IpAddress",
                        "#text": "::ffff:10.23.123.11"
                    },
                    {
                        "@Name": "IpPort",
                        "#text": "48974"
                    },
                    {
                        "@Name": "CertIssuerName"
                    },
                    {
                        "@Name": "CertSerialNumber"
                    },
                    {
                        "@Name": "CertThumbprint"
                    }
                ]
            }
        }
    },
    {
        "Event": {
            "@xmlns": "http://schemas.microsoft.com/win/2004/08/events/event",
            "System": {
                "Provider": {
                    "@Name": "Microsoft-Windows-Security-Auditing",
                    "@Guid": "{54849625-5478-4994-a5ba-3e3b0328c30d}"
                },
                "EventID": {
                    "@Qualifiers": "",
                    "#text": "4771"
                },
                "Version": "0",
                "Level": "0",
                "Task": "14339",
                "Opcode": "0",
                "Keywords": "0x8010000000000000",
                "TimeCreated": {
                    "@SystemTime": "2021-12-03 12:06:06.938837+00:00"
                },
                "EventRecordID": "232648728",
                "Correlation": {
                    "@ActivityID": "",
                    "@RelatedActivityID": ""
                },
                "Execution": {
                    "@ProcessID": "596",
                    "@ThreadID": "2372"
                },
                "Channel": "Security",
                "Computer": "rootdc1.offsec.lan",
                "Security": {
                    "@UserID": ""
                }
            },
            "EventData": {
                "Data": [
                    {
                        "@Name": "TargetUserName",
                        "#text": "domadm"
                    },
                    {
                        "@Name": "TargetSid",
                        "#text": "S-1-5-21-4230534742-2542757381-3142984815-1189"
                    },
                    {
                        "@Name": "ServiceName",
                        "#text": "krbtgt/OFFSEC.LAN"
                    },
                    {
                        "@Name": "TicketOptions",
                        "#text": "0x50800000"
                    },
                    {
                        "@Name": "Status",
                        "#text": "0x00000018"
                    },
                    {
                        "@Name": "PreAuthType",
                        "#text": "2"
                    },
                    {
                        "@Name": "IpAddress",
                        "#text": "::ffff:10.23.123.11"
                    },
                    {
                        "@Name": "IpPort",
                        "#text": "48978"
                    },
                    {
                        "@Name": "CertIssuerName"
                    },
                    {
                        "@Name": "CertSerialNumber"
                    },
                    {
                        "@Name": "CertThumbprint"
                    }
                ]
            }
        }
    },
    {
        "Event": {
            "@xmlns": "http://schemas.microsoft.com/win/2004/08/events/event",
            "System": {
                "Provider": {
                    "@Name": "Microsoft-Windows-Security-Auditing",
                    "@Guid": "{54849625-5478-4994-a5ba-3e3b0328c30d}"
                },
                "EventID": {
                    "@Qualifiers": "",
                    "#text": "4768"
                },
                "Version": "0",
                "Level": "0",
                "Task": "14339",
                "Opcode": "0",
                "Keywords": "0x8010000000000000",
                "TimeCreated": {
                    "@SystemTime": "2021-12-03 12:06:06.986240+00:00"
                },
                "EventRecordID": "232648729",
                "Correlation": {
                    "@ActivityID": "",
                    "@RelatedActivityID": ""
                },
                "Execution": {
                    "@ProcessID": "596",
                    "@ThreadID": "2372"
                },
                "Channel": "Security",
                "Computer": "rootdc1.offsec.lan",
                "Security": {
                    "@UserID": ""
                }
            },
            "EventData": {
                "Data": [
                    {
                        "@Name": "TargetUserName",
                        "#text": "$P51000-50I28MP5JB3E"
                    },
                    {
                        "@Name": "TargetDomainName",
                        "#text": "OFFSEC.LAN"
                    },
                    {
                        "@Name": "TargetSid",
                        "#text": "S-1-0-0"
                    },
                    {
                        "@Name": "ServiceName",
                        "#text": "krbtgt/OFFSEC.LAN"
                    },
                    {
                        "@Name": "ServiceSid",
                        "#text": "S-1-0-0"
                    },
                    {
                        "@Name": "TicketOptions",
                        "#text": "0x50800000"
                    },
                    {
                        "@Name": "Status",
                        "#text": "0x00000012"
                    },
                    {
                        "@Name": "TicketEncryptionType",
                        "#text": "0xffffffff"
                    },
                    {
                        "@Name": "PreAuthType",
                        "#text": "-"
                    },
                    {
                        "@Name": "IpAddress",
                        "#text": "::ffff:10.23.123.11"
                    },
                    {
                        "@Name": "IpPort",
                        "#text": "48980"
                    },
                    {
                        "@Name": "CertIssuerName"
                    },
                    {
                        "@Name": "CertSerialNumber"
                    },
                    {
                        "@Name": "CertThumbprint"
                    }
                ]
            }
        }
    },
