    {
        "Event": {
            "@xmlns": "http://schemas.microsoft.com/win/2004/08/events/event",
            "System": {
                "Provider": {
                    "@Name": "Microsoft-Windows-Security-Auditing",
                    "@Guid": "{54849625-5478-4994-a5ba-3e3b0328c30d}"
                },
                "EventID": {
                    "@Qualifiers": "",
                    "#text": "4768"
                },
                "Version": "0",
                "Level": "0",
                "Task": "14339",
                "Opcode": "0",
                "Keywords": "0x8010000000000000",
                "TimeCreated": {
                    "@SystemTime": "2021-12-03 12:06:07.006378+00:00"
                },
                "EventRecordID": "232648730",
                "Correlation": {
                    "@ActivityID": "",
                    "@RelatedActivityID": ""
                },
                "Execution": {
                    "@ProcessID": "596",
                    "@ThreadID": "2784"
                },
                "Channel": "Security",
                "Computer": "rootdc1.offsec.lan",
                "Security": {
                    "@UserID": ""
                }
            },
            "EventData": {
                "Data": [
                    {
                        "@Name": "TargetUserName",
                        "#text": "SM_27d255b6407743b08"
                    },
                    {
                        "@Name": "TargetDomainName",
                        "#text": "OFFSEC.LAN"
                    },
                    {
                        "@Name": "TargetSid",
                        "#text": "S-1-0-0"
                    },
                    {
                        "@Name": "ServiceName",
                        "#text": "krbtgt/OFFSEC.LAN"
                    },
                    {
                        "@Name": "ServiceSid",
                        "#text": "S-1-0-0"
                    },
                    {
                        "@Name": "TicketOptions",
                        "#text": "0x50800000"
                    },
                    {
                        "@Name": "Status",
                        "#text": "0x00000012"
                    },
                    {
                        "@Name": "TicketEncryptionType",
                        "#text": "0xffffffff"
                    },
                    {
                        "@Name": "PreAuthType",
                        "#text": "-"
                    },
                    {
                        "@Name": "IpAddress",
                        "#text": "::ffff:10.23.123.11"
                    },
                    {
                        "@Name": "IpPort",
                        "#text": "48982"
                    },
                    {
                        "@Name": "CertIssuerName"
                    },
                    {
                        "@Name": "CertSerialNumber"
                    },
                    {
                        "@Name": "CertThumbprint"
                    }
                ]
            }
        }
    },
    {
        "Event": {
            "@xmlns": "http://schemas.microsoft.com/win/2004/08/events/event",
            "System": {
                "Provider": {
                    "@Name": "Microsoft-Windows-Security-Auditing",
                    "@Guid": "{54849625-5478-4994-a5ba-3e3b0328c30d}"
                },
                "EventID": {
                    "@Qualifiers": "",
                    "#text": "4768"
                },
                "Version": "0",
                "Level": "0",
                "Task": "14339",
                "Opcode": "0",
                "Keywords": "0x8010000000000000",
                "TimeCreated": {
                    "@SystemTime": "2021-12-03 12:06:07.010115+00:00"
                },
                "EventRecordID": "232648731",
                "Correlation": {
                    "@ActivityID": "",
                    "@RelatedActivityID": ""
                },
                "Execution": {
                    "@ProcessID": "596",
                    "@ThreadID": "2784"
                },
                "Channel": "Security",
                "Computer": "rootdc1.offsec.lan",
                "Security": {
                    "@UserID": ""
                }
            },
            "EventData": {
                "Data": [
                    {
                        "@Name": "TargetUserName",
                        "#text": "SM_2b6f1a51ac6c41b2a"
                    },
                    {
                        "@Name": "TargetDomainName",
                        "#text": "OFFSEC.LAN"
                    },
                    {
                        "@Name": "TargetSid",
                        "#text": "S-1-0-0"
                    },
                    {
                        "@Name": "ServiceName",
                        "#text": "krbtgt/OFFSEC.LAN"
                    },
                    {
                        "@Name": "ServiceSid",
                        "#text": "S-1-0-0"
                    },
                    {
                        "@Name": "TicketOptions",
                        "#text": "0x50800000"
                    },
                    {
                        "@Name": "Status",
                        "#text": "0x00000012"
                    },
                    {
                        "@Name": "TicketEncryptionType",
                        "#text": "0xffffffff"
                    },
                    {
                        "@Name": "PreAuthType",
                        "#text": "-"
                    },
                    {
                        "@Name": "IpAddress",
                        "#text": "::ffff:10.23.123.11"
                    },
                    {
                        "@Name": "IpPort",
                        "#text": "48984"
                    },
                    {
                        "@Name": "CertIssuerName"
                    },
                    {
                        "@Name": "CertSerialNumber"
                    },
                    {
                        "@Name": "CertThumbprint"
                    }
                ]
            }
        }
    },
    {
        "Event": {
            "@xmlns": "http://schemas.microsoft.com/win/2004/08/events/event",
            "System": {
                "Provider": {
                    "@Name": "Microsoft-Windows-Security-Auditing",
                    "@Guid": "{54849625-5478-4994-a5ba-3e3b0328c30d}"
                },
                "EventID": {
                    "@Qualifiers": "",
                    "#text": "4768"
                },
                "Version": "0",
                "Level": "0",
                "Task": "14339",
                "Opcode": "0",
                "Keywords": "0x8010000000000000",
                "TimeCreated": {
                    "@SystemTime": "2021-12-03 12:06:07.014330+00:00"
                },
                "EventRecordID": "232648732",
                "Correlation": {
                    "@ActivityID": "",
                    "@RelatedActivityID": ""
                },
                "Execution": {
                    "@ProcessID": "596",
                    "@ThreadID": "2372"
                },
                "Channel": "Security",
                "Computer": "rootdc1.offsec.lan",
                "Security": {
                    "@UserID": ""
                }
            },
            "EventData": {
                "Data": [
                    {
                        "@Name": "TargetUserName",
                        "#text": "SM_25e3b4425ffd47aab"
                    },
                    {
                        "@Name": "TargetDomainName",
                        "#text": "OFFSEC.LAN"
                    },
                    {
                        "@Name": "TargetSid",
                        "#text": "S-1-0-0"
                    },
                    {
                        "@Name": "ServiceName",
                        "#text": "krbtgt/OFFSEC.LAN"
                    },
                    {
                        "@Name": "ServiceSid",
                        "#text": "S-1-0-0"
                    },
                    {
                        "@Name": "TicketOptions",
                        "#text": "0x50800000"
                    },
                    {
                        "@Name": "Status",
                        "#text": "0x00000012"
                    },
                    {
                        "@Name": "TicketEncryptionType",
                        "#text": "0xffffffff"
                    },
                    {
                        "@Name": "PreAuthType",
                        "#text": "-"
                    },
                    {
                        "@Name": "IpAddress",
                        "#text": "::ffff:10.23.123.11"
                    },
                    {
                        "@Name": "IpPort",
                        "#text": "48986"
                    },
                    {
                        "@Name": "CertIssuerName"
                    },
                    {
                        "@Name": "CertSerialNumber"
                    },
                    {
                        "@Name": "CertThumbprint"
                    }
                ]
            }
        }
    },
    {
        "Event": {
            "@xmlns": "http://schemas.microsoft.com/win/2004/08/events/event",
            "System": {
                "Provider": {
                    "@Name": "Microsoft-Windows-Security-Auditing",
                    "@Guid": "{54849625-5478-4994-a5ba-3e3b0328c30d}"
                },
                "EventID": {
                    "@Qualifiers": "",
                    "#text": "4768"
                },
                "Version": "0",
                "Level": "0",
                "Task": "14339",
                "Opcode": "0",
                "Keywords": "0x8010000000000000",
                "TimeCreated": {
                    "@SystemTime": "2021-12-03 12:06:07.021299+00:00"
                },
                "EventRecordID": "232648733",
                "Correlation": {
                    "@ActivityID": "",
                    "@RelatedActivityID": ""
                },
                "Execution": {
                    "@ProcessID": "596",
                    "@ThreadID": "2784"
                },
                "Channel": "Security",
                "Computer": "rootdc1.offsec.lan",
                "Security": {
                    "@UserID": ""
                }
            },
            "EventData": {
                "Data": [
                    {
                        "@Name": "TargetUserName",
                        "#text": "SM_8b9faa99d83446d1b"
                    },
                    {
                        "@Name": "TargetDomainName",
                        "#text": "OFFSEC.LAN"
                    },
                    {
                        "@Name": "TargetSid",
                        "#text": "S-1-0-0"
                    },
                    {
                        "@Name": "ServiceName",
                        "#text": "krbtgt/OFFSEC.LAN"
                    },
                    {
                        "@Name": "ServiceSid",
                        "#text": "S-1-0-0"
                    },
                    {
                        "@Name": "TicketOptions",
                        "#text": "0x50800000"
                    },
                    {
                        "@Name": "Status",
                        "#text": "0x00000012"
                    },
                    {
                        "@Name": "TicketEncryptionType",
                        "#text": "0xffffffff"
                    },
                    {
                        "@Name": "PreAuthType",
                        "#text": "-"
                    },
                    {
                        "@Name": "IpAddress",
                        "#text": "::ffff:10.23.123.11"
                    },
                    {
                        "@Name": "IpPort",
                        "#text": "48988"
                    },
                    {
                        "@Name": "CertIssuerName"
                    },
                    {
                        "@Name": "CertSerialNumber"
                    },
                    {
                        "@Name": "CertThumbprint"
                    }
                ]
            }
        }
    },
    {
        "Event": {
            "@xmlns": "http://schemas.microsoft.com/win/2004/08/events/event",
            "System": {
                "Provider": {
                    "@Name": "Microsoft-Windows-Security-Auditing",
                    "@Guid": "{54849625-5478-4994-a5ba-3e3b0328c30d}"
                },
                "EventID": {
                    "@Qualifiers": "",
                    "#text": "4768"
                },
                "Version": "0",
                "Level": "0",
                "Task": "14339",
                "Opcode": "0",
                "Keywords": "0x8010000000000000",
                "TimeCreated": {
                    "@SystemTime": "2021-12-03 12:06:07.031656+00:00"
                },
                "EventRecordID": "232648734",
                "Correlation": {
                    "@ActivityID": "",
                    "@RelatedActivityID": ""
                },
                "Execution": {
                    "@ProcessID": "596",
                    "@ThreadID": "2372"
                },
                "Channel": "Security",
                "Computer": "rootdc1.offsec.lan",
                "Security": {
                    "@UserID": ""
                }
            },
            "EventData": {
                "Data": [
                    {
                        "@Name": "TargetUserName",
                        "#text": "SM_6aaeeb113c0c4af3a"
                    },
                    {
                        "@Name": "TargetDomainName",
                        "#text": "OFFSEC.LAN"
                    },
                    {
                        "@Name": "TargetSid",
                        "#text": "S-1-0-0"
                    },
                    {
                        "@Name": "ServiceName",
                        "#text": "krbtgt/OFFSEC.LAN"
                    },
                    {
                        "@Name": "ServiceSid",
                        "#text": "S-1-0-0"
                    },
                    {
                        "@Name": "TicketOptions",
                        "#text": "0x50800000"
                    },
                    {
                        "@Name": "Status",
                        "#text": "0x00000012"
                    },
                    {
                        "@Name": "TicketEncryptionType",
                        "#text": "0xffffffff"
                    },
                    {
                        "@Name": "PreAuthType",
                        "#text": "-"
                    },
                    {
                        "@Name": "IpAddress",
                        "#text": "::ffff:10.23.123.11"
                    },
                    {
                        "@Name": "IpPort",
                        "#text": "48990"
                    },
                    {
                        "@Name": "CertIssuerName"
                    },
                    {
                        "@Name": "CertSerialNumber"
                    },
                    {
                        "@Name": "CertThumbprint"
                    }
                ]
            }
        }
    },
    {
        "Event": {
            "@xmlns": "http://schemas.microsoft.com/win/2004/08/events/event",
            "System": {
                "Provider": {
                    "@Name": "Microsoft-Windows-Security-Auditing",
                    "@Guid": "{54849625-5478-4994-a5ba-3e3b0328c30d}"
                },
                "EventID": {
                    "@Qualifiers": "",
                    "#text": "4768"
                },
                "Version": "0",
                "Level": "0",
                "Task": "14339",
                "Opcode": "0",
                "Keywords": "0x8010000000000000",
                "TimeCreated": {
                    "@SystemTime": "2021-12-03 12:06:07.035202+00:00"
                },
                "EventRecordID": "232648735",
                "Correlation": {
                    "@ActivityID": "",
                    "@RelatedActivityID": ""
                },
                "Execution": {
                    "@ProcessID": "596",
                    "@ThreadID": "2784"
                },
                "Channel": "Security",
                "Computer": "rootdc1.offsec.lan",
                "Security": {
                    "@UserID": ""
                }
            },
            "EventData": {
                "Data": [
                    {
                        "@Name": "TargetUserName",
                        "#text": "SM_2f6964c8f421408ab"
                    },
                    {
                        "@Name": "TargetDomainName",
                        "#text": "OFFSEC.LAN"
                    },
                    {
                        "@Name": "TargetSid",
                        "#text": "S-1-0-0"
                    },
                    {
                        "@Name": "ServiceName",
                        "#text": "krbtgt/OFFSEC.LAN"
                    },
                    {
                        "@Name": "ServiceSid",
                        "#text": "S-1-0-0"
                    },
                    {
                        "@Name": "TicketOptions",
                        "#text": "0x50800000"
                    },
                    {
                        "@Name": "Status",
                        "#text": "0x00000012"
                    },
                    {
                        "@Name": "TicketEncryptionType",
                        "#text": "0xffffffff"
                    },
                    {
                        "@Name": "PreAuthType",
                        "#text": "-"
                    },
                    {
                        "@Name": "IpAddress",
                        "#text": "::ffff:10.23.123.11"
                    },
                    {
                        "@Name": "IpPort",
                        "#text": "48992"
                    },
                    {
                        "@Name": "CertIssuerName"
                    },
                    {
                        "@Name": "CertSerialNumber"
                    },
                    {
                        "@Name": "CertThumbprint"
                    }
                ]
            }
        }
    },
    {
        "Event": {
            "@xmlns": "http://schemas.microsoft.com/win/2004/08/events/event",
            "System": {
                "Provider": {
                    "@Name": "Microsoft-Windows-Security-Auditing",
                    "@Guid": "{54849625-5478-4994-a5ba-3e3b0328c30d}"
                },
                "EventID": {
                    "@Qualifiers": "",
                    "#text": "4768"
                },
                "Version": "0",
                "Level": "0",
                "Task": "14339",
                "Opcode": "0",
                "Keywords": "0x8010000000000000",
                "TimeCreated": {
                    "@SystemTime": "2021-12-03 12:06:07.047676+00:00"
                },
                "EventRecordID": "232648736",
                "Correlation": {
                    "@ActivityID": "",
                    "@RelatedActivityID": ""
                },
                "Execution": {
                    "@ProcessID": "596",
                    "@ThreadID": "2784"
                },
                "Channel": "Security",
                "Computer": "rootdc1.offsec.lan",
                "Security": {
                    "@UserID": ""
                }
            },
            "EventData": {
                "Data": [
                    {
                        "@Name": "TargetUserName",
                        "#text": "SM_374806bcc65140a5a"
                    },
                    {
                        "@Name": "TargetDomainName",
                        "#text": "OFFSEC.LAN"
                    },
                    {
                        "@Name": "TargetSid",
                        "#text": "S-1-0-0"
                    },
                    {
                        "@Name": "ServiceName",
                        "#text": "krbtgt/OFFSEC.LAN"
                    },
                    {
                        "@Name": "ServiceSid",
                        "#text": "S-1-0-0"
                    },
                    {
                        "@Name": "TicketOptions",
                        "#text": "0x50800000"
                    },
                    {
                        "@Name": "Status",
                        "#text": "0x00000012"
                    },
                    {
                        "@Name": "TicketEncryptionType",
                        "#text": "0xffffffff"
                    },
                    {
                        "@Name": "PreAuthType",
                        "#text": "-"
                    },
                    {
                        "@Name": "IpAddress",
                        "#text": "::ffff:10.23.123.11"
                    },
                    {
                        "@Name": "IpPort",
                        "#text": "48994"
                    },
                    {
                        "@Name": "CertIssuerName"
                    },
                    {
                        "@Name": "CertSerialNumber"
                    },
                    {
                        "@Name": "CertThumbprint"
                    }
                ]
            }
        }
    },
    {
        "Event": {
            "@xmlns": "http://schemas.microsoft.com/win/2004/08/events/event",
            "System": {
                "Provider": {
                    "@Name": "Microsoft-Windows-Security-Auditing",
                    "@Guid": "{54849625-5478-4994-a5ba-3e3b0328c30d}"
                },
                "EventID": {
                    "@Qualifiers": "",
                    "#text": "4768"
                },
                "Version": "0",
                "Level": "0",
                "Task": "14339",
                "Opcode": "0",
                "Keywords": "0x8010000000000000",
                "TimeCreated": {
                    "@SystemTime": "2021-12-03 12:06:07.052597+00:00"
                },
                "EventRecordID": "232648737",
                "Correlation": {
                    "@ActivityID": "",
                    "@RelatedActivityID": ""
                },
                "Execution": {
                    "@ProcessID": "596",
                    "@ThreadID": "2372"
                },
                "Channel": "Security",
                "Computer": "rootdc1.offsec.lan",
                "Security": {
                    "@UserID": ""
                }
            },
            "EventData": {
                "Data": [
                    {
                        "@Name": "TargetUserName",
                        "#text": "SM_b2a35e76f50a4c23a"
                    },
                    {
                        "@Name": "TargetDomainName",
                        "#text": "OFFSEC.LAN"
                    },
                    {
                        "@Name": "TargetSid",
                        "#text": "S-1-0-0"
                    },
                    {
                        "@Name": "ServiceName",
                        "#text": "krbtgt/OFFSEC.LAN"
                    },
                    {
                        "@Name": "ServiceSid",
                        "#text": "S-1-0-0"
                    },
                    {
                        "@Name": "TicketOptions",
                        "#text": "0x50800000"
                    },
                    {
                        "@Name": "Status",
                        "#text": "0x00000012"
                    },
                    {
                        "@Name": "TicketEncryptionType",
                        "#text": "0xffffffff"
                    },
                    {
                        "@Name": "PreAuthType",
                        "#text": "-"
                    },
                    {
                        "@Name": "IpAddress",
                        "#text": "::ffff:10.23.123.11"
                    },
                    {
                        "@Name": "IpPort",
                        "#text": "48996"
                    },
                    {
                        "@Name": "CertIssuerName"
                    },
                    {
                        "@Name": "CertSerialNumber"
                    },
                    {
                        "@Name": "CertThumbprint"
                    }
                ]
            }
        }
    },
    {
        "Event": {
            "@xmlns": "http://schemas.microsoft.com/win/2004/08/events/event",
            "System": {
                "Provider": {
                    "@Name": "Microsoft-Windows-Security-Auditing",
                    "@Guid": "{54849625-5478-4994-a5ba-3e3b0328c30d}"
                },
                "EventID": {
                    "@Qualifiers": "",
                    "#text": "4768"
                },
                "Version": "0",
                "Level": "0",
                "Task": "14339",
                "Opcode": "0",
                "Keywords": "0x8010000000000000",
                "TimeCreated": {
                    "@SystemTime": "2021-12-03 12:06:07.056316+00:00"
                },
                "EventRecordID": "232648738",
                "Correlation": {
                    "@ActivityID": "",
                    "@RelatedActivityID": ""
                },
                "Execution": {
                    "@ProcessID": "596",
                    "@ThreadID": "2372"
                },
                "Channel": "Security",
                "Computer": "rootdc1.offsec.lan",
                "Security": {
                    "@UserID": ""
                }
            },
            "EventData": {
                "Data": [
                    {
                        "@Name": "TargetUserName",
                        "#text": "SM_957258b5879242afb"
                    },
                    {
                        "@Name": "TargetDomainName",
                        "#text": "OFFSEC.LAN"
                    },
                    {
                        "@Name": "TargetSid",
                        "#text": "S-1-0-0"
                    },
                    {
                        "@Name": "ServiceName",
                        "#text": "krbtgt/OFFSEC.LAN"
                    },
                    {
                        "@Name": "ServiceSid",
                        "#text": "S-1-0-0"
                    },
                    {
                        "@Name": "TicketOptions",
                        "#text": "0x50800000"
                    },
                    {
                        "@Name": "Status",
                        "#text": "0x00000012"
                    },
                    {
                        "@Name": "TicketEncryptionType",
                        "#text": "0xffffffff"
                    },
                    {
                        "@Name": "PreAuthType",
                        "#text": "-"
                    },
                    {
                        "@Name": "IpAddress",
                        "#text": "::ffff:10.23.123.11"
                    },
                    {
                        "@Name": "IpPort",
                        "#text": "48998"
                    },
                    {
                        "@Name": "CertIssuerName"
                    },
                    {
                        "@Name": "CertSerialNumber"
                    },
                    {
                        "@Name": "CertThumbprint"
                    }
                ]
            }
        }
    },
    {
        "Event": {
            "@xmlns": "http://schemas.microsoft.com/win/2004/08/events/event",
            "System": {
                "Provider": {
                    "@Name": "Microsoft-Windows-Security-Auditing",
                    "@Guid": "{54849625-5478-4994-a5ba-3e3b0328c30d}"
                },
                "EventID": {
                    "@Qualifiers": "",
                    "#text": "4771"
                },
                "Version": "0",
                "Level": "0",
                "Task": "14339",
                "Opcode": "0",
                "Keywords": "0x8010000000000000",
                "TimeCreated": {
                    "@SystemTime": "2021-12-03 12:06:07.395714+00:00"
                },
                "EventRecordID": "232648739",
                "Correlation": {
                    "@ActivityID": "",
                    "@RelatedActivityID": ""
                },
                "Execution": {
                    "@ProcessID": "596",
                    "@ThreadID": "2784"
                },
                "Channel": "Security",
                "Computer": "rootdc1.offsec.lan",
                "Security": {
                    "@UserID": ""
                }
            },
            "EventData": {
                "Data": [
                    {
                        "@Name": "TargetUserName",
                        "#text": "HealthMailboxf7e4358"
                    },
                    {
                        "@Name": "TargetSid",
                        "#text": "S-1-5-21-4230534742-2542757381-3142984815-1220"
                    },
                    {
                        "@Name": "ServiceName",
                        "#text": "krbtgt/OFFSEC.LAN"
                    },
                    {
                        "@Name": "TicketOptions",
                        "#text": "0x50800000"
                    },
                    {
                        "@Name": "Status",
                        "#text": "0x00000018"
                    },
                    {
                        "@Name": "PreAuthType",
                        "#text": "2"
                    },
                    {
                        "@Name": "IpAddress",
                        "#text": "::ffff:10.23.123.11"
                    },
                    {
                        "@Name": "IpPort",
                        "#text": "49002"
                    },
                    {
                        "@Name": "CertIssuerName"
                    },
                    {
                        "@Name": "CertSerialNumber"
                    },
                    {
                        "@Name": "CertThumbprint"
                    }
                ]
            }
        }
    },
    {
        "Event": {
            "@xmlns": "http://schemas.microsoft.com/win/2004/08/events/event",
            "System": {
                "Provider": {
                    "@Name": "Microsoft-Windows-Security-Auditing",
                    "@Guid": "{54849625-5478-4994-a5ba-3e3b0328c30d}"
                },
                "EventID": {
                    "@Qualifiers": "",
                    "#text": "4771"
                },
                "Version": "0",
                "Level": "0",
                "Task": "14339",
                "Opcode": "0",
                "Keywords": "0x8010000000000000",
                "TimeCreated": {
                    "@SystemTime": "2021-12-03 12:06:07.747318+00:00"
                },
                "EventRecordID": "232648740",
                "Correlation": {
                    "@ActivityID": "",
                    "@RelatedActivityID": ""
                },
                "Execution": {
                    "@ProcessID": "596",
                    "@ThreadID": "2372"
                },
                "Channel": "Security",
                "Computer": "rootdc1.offsec.lan",
                "Security": {
                    "@UserID": ""
                }
            },
            "EventData": {
                "Data": [
                    {
                        "@Name": "TargetUserName",
                        "#text": "HealthMailboxa935ecd"
                    },
                    {
                        "@Name": "TargetSid",
                        "#text": "S-1-5-21-4230534742-2542757381-3142984815-1221"
                    },
                    {
                        "@Name": "ServiceName",
                        "#text": "krbtgt/OFFSEC.LAN"
                    },
                    {
                        "@Name": "TicketOptions",
                        "#text": "0x50800000"
                    },
                    {
                        "@Name": "Status",
                        "#text": "0x00000018"
                    },
                    {
                        "@Name": "PreAuthType",
                        "#text": "2"
                    },
                    {
                        "@Name": "IpAddress",
                        "#text": "::ffff:10.23.123.11"
                    },
                    {
                        "@Name": "IpPort",
                        "#text": "49006"
                    },
                    {
                        "@Name": "CertIssuerName"
                    },
                    {
                        "@Name": "CertSerialNumber"
                    },
                    {
                        "@Name": "CertThumbprint"
                    }
                ]
            }
        }
    },
    {
        "Event": {
            "@xmlns": "http://schemas.microsoft.com/win/2004/08/events/event",
            "System": {
                "Provider": {
                    "@Name": "Microsoft-Windows-Security-Auditing",
                    "@Guid": "{54849625-5478-4994-a5ba-3e3b0328c30d}"
                },
                "EventID": {
                    "@Qualifiers": "",
                    "#text": "4771"
                },
                "Version": "0",
                "Level": "0",
                "Task": "14339",
                "Opcode": "0",
                "Keywords": "0x8010000000000000",
                "TimeCreated": {
                    "@SystemTime": "2021-12-03 12:06:08.074654+00:00"
                },
                "EventRecordID": "232648767",
                "Correlation": {
                    "@ActivityID": "",
                    "@RelatedActivityID": ""
                },
                "Execution": {
                    "@ProcessID": "596",
                    "@ThreadID": "2784"
                },
                "Channel": "Security",
                "Computer": "rootdc1.offsec.lan",
                "Security": {
                    "@UserID": ""
                }
            },
            "EventData": {
                "Data": [
                    {
                        "@Name": "TargetUserName",
                        "#text": "HealthMailboxeb3dc3f"
                    },
                    {
                        "@Name": "TargetSid",
                        "#text": "S-1-5-21-4230534742-2542757381-3142984815-1222"
                    },
                    {
                        "@Name": "ServiceName",
                        "#text": "krbtgt/OFFSEC.LAN"
                    },
                    {
                        "@Name": "TicketOptions",
                        "#text": "0x50800000"
                    },
                    {
                        "@Name": "Status",
                        "#text": "0x00000018"
                    },
                    {
                        "@Name": "PreAuthType",
                        "#text": "2"
                    },
                    {
                        "@Name": "IpAddress",
                        "#text": "::ffff:10.23.123.11"
                    },
                    {
                        "@Name": "IpPort",
                        "#text": "49010"
                    },
                    {
                        "@Name": "CertIssuerName"
                    },
                    {
                        "@Name": "CertSerialNumber"
                    },
                    {
                        "@Name": "CertThumbprint"
                    }
                ]
            }
        }
    },
    {
        "Event": {
            "@xmlns": "http://schemas.microsoft.com/win/2004/08/events/event",
            "System": {
                "Provider": {
                    "@Name": "Microsoft-Windows-Security-Auditing",
                    "@Guid": "{54849625-5478-4994-a5ba-3e3b0328c30d}"
                },
                "EventID": {
                    "@Qualifiers": "",
                    "#text": "4771"
                },
                "Version": "0",
                "Level": "0",
                "Task": "14339",
                "Opcode": "0",
                "Keywords": "0x8010000000000000",
                "TimeCreated": {
                    "@SystemTime": "2021-12-03 12:06:08.430075+00:00"
                },
                "EventRecordID": "232648780",
                "Correlation": {
                    "@ActivityID": "",
                    "@RelatedActivityID": ""
                },
                "Execution": {
                    "@ProcessID": "596",
                    "@ThreadID": "2784"
                },
                "Channel": "Security",
                "Computer": "rootdc1.offsec.lan",
                "Security": {
                    "@UserID": ""
                }
            },
            "EventData": {
                "Data": [
                    {
                        "@Name": "TargetUserName",
                        "#text": "HealthMailboxa99e1bd"
                    },
                    {
                        "@Name": "TargetSid",
                        "#text": "S-1-5-21-4230534742-2542757381-3142984815-1223"
                    },
                    {
                        "@Name": "ServiceName",
                        "#text": "krbtgt/OFFSEC.LAN"
                    },
                    {
                        "@Name": "TicketOptions",
                        "#text": "0x50800000"
                    },
                    {
                        "@Name": "Status",
                        "#text": "0x00000018"
                    },
                    {
                        "@Name": "PreAuthType",
                        "#text": "2"
                    },
                    {
                        "@Name": "IpAddress",
                        "#text": "::ffff:10.23.123.11"
                    },
                    {
                        "@Name": "IpPort",
                        "#text": "49014"
                    },
                    {
                        "@Name": "CertIssuerName"
                    },
                    {
                        "@Name": "CertSerialNumber"
                    },
                    {
                        "@Name": "CertThumbprint"
                    }
                ]
            }
        }
    },
    {
        "Event": {
            "@xmlns": "http://schemas.microsoft.com/win/2004/08/events/event",
            "System": {
                "Provider": {
                    "@Name": "Microsoft-Windows-Security-Auditing",
                    "@Guid": "{54849625-5478-4994-a5ba-3e3b0328c30d}"
                },
                "EventID": {
                    "@Qualifiers": "",
                    "#text": "4771"
                },
                "Version": "0",
                "Level": "0",
                "Task": "14339",
                "Opcode": "0",
                "Keywords": "0x8010000000000000",
                "TimeCreated": {
                    "@SystemTime": "2021-12-03 12:06:08.776953+00:00"
                },
                "EventRecordID": "232648781",
                "Correlation": {
                    "@ActivityID": "",
                    "@RelatedActivityID": ""
                },
                "Execution": {
                    "@ProcessID": "596",
                    "@ThreadID": "2372"
                },
                "Channel": "Security",
                "Computer": "rootdc1.offsec.lan",
                "Security": {
                    "@UserID": ""
                }
            },
            "EventData": {
                "Data": [
                    {
                        "@Name": "TargetUserName",
                        "#text": "HealthMailboxebdc745"
                    },
                    {
                        "@Name": "TargetSid",
                        "#text": "S-1-5-21-4230534742-2542757381-3142984815-1224"
                    },
                    {
                        "@Name": "ServiceName",
                        "#text": "krbtgt/OFFSEC.LAN"
                    },
                    {
                        "@Name": "TicketOptions",
                        "#text": "0x50800000"
                    },
                    {
                        "@Name": "Status",
                        "#text": "0x00000018"
                    },
                    {
                        "@Name": "PreAuthType",
                        "#text": "2"
                    },
                    {
                        "@Name": "IpAddress",
                        "#text": "::ffff:10.23.123.11"
                    },
                    {
                        "@Name": "IpPort",
                        "#text": "49018"
                    },
                    {
                        "@Name": "CertIssuerName"
                    },
                    {
                        "@Name": "CertSerialNumber"
                    },
                    {
                        "@Name": "CertThumbprint"
                    }
                ]
            }
        }
    },
    {
        "Event": {
            "@xmlns": "http://schemas.microsoft.com/win/2004/08/events/event",
            "System": {
                "Provider": {
                    "@Name": "Microsoft-Windows-Security-Auditing",
                    "@Guid": "{54849625-5478-4994-a5ba-3e3b0328c30d}"
                },
                "EventID": {
                    "@Qualifiers": "",
                    "#text": "4771"
                },
                "Version": "0",
                "Level": "0",
                "Task": "14339",
                "Opcode": "0",
                "Keywords": "0x8010000000000000",
                "TimeCreated": {
                    "@SystemTime": "2021-12-03 12:06:09.148785+00:00"
                },
                "EventRecordID": "232648782",
                "Correlation": {
                    "@ActivityID": "",
                    "@RelatedActivityID": ""
                },
                "Execution": {
                    "@ProcessID": "596",
                    "@ThreadID": "2784"
                },
                "Channel": "Security",
                "Computer": "rootdc1.offsec.lan",
                "Security": {
                    "@UserID": ""
                }
            },
            "EventData": {
                "Data": [
                    {
                        "@Name": "TargetUserName",
                        "#text": "HealthMailboxc9291f7"
                    },
                    {
                        "@Name": "TargetSid",
                        "#text": "S-1-5-21-4230534742-2542757381-3142984815-1225"
                    },
                    {
                        "@Name": "ServiceName",
                        "#text": "krbtgt/OFFSEC.LAN"
                    },
                    {
                        "@Name": "TicketOptions",
                        "#text": "0x50800000"
                    },
                    {
                        "@Name": "Status",
                        "#text": "0x00000018"
                    },
                    {
                        "@Name": "PreAuthType",
                        "#text": "2"
                    },
                    {
                        "@Name": "IpAddress",
                        "#text": "::ffff:10.23.123.11"
                    },
                    {
                        "@Name": "IpPort",
                        "#text": "49022"
                    },
                    {
                        "@Name": "CertIssuerName"
                    },
                    {
                        "@Name": "CertSerialNumber"
                    },
                    {
                        "@Name": "CertThumbprint"
                    }
                ]
            }
        }
    },
    {
        "Event": {
            "@xmlns": "http://schemas.microsoft.com/win/2004/08/events/event",
            "System": {
                "Provider": {
                    "@Name": "Microsoft-Windows-Security-Auditing",
                    "@Guid": "{54849625-5478-4994-a5ba-3e3b0328c30d}"
                },
                "EventID": {
                    "@Qualifiers": "",
                    "#text": "4771"
                },
                "Version": "0",
                "Level": "0",
                "Task": "14339",
                "Opcode": "0",
                "Keywords": "0x8010000000000000",
                "TimeCreated": {
                    "@SystemTime": "2021-12-03 12:06:09.488056+00:00"
                },
                "EventRecordID": "232648783",
                "Correlation": {
                    "@ActivityID": "",
                    "@RelatedActivityID": ""
                },
                "Execution": {
                    "@ProcessID": "596",
                    "@ThreadID": "2784"
                },
                "Channel": "Security",
                "Computer": "rootdc1.offsec.lan",
                "Security": {
                    "@UserID": ""
                }
            },
            "EventData": {
                "Data": [
                    {
                        "@Name": "TargetUserName",
                        "#text": "HealthMailboxdabf0a3"
                    },
                    {
                        "@Name": "TargetSid",
                        "#text": "S-1-5-21-4230534742-2542757381-3142984815-1226"
                    },
                    {
                        "@Name": "ServiceName",
                        "#text": "krbtgt/OFFSEC.LAN"
                    },
                    {
                        "@Name": "TicketOptions",
                        "#text": "0x50800000"
                    },
                    {
                        "@Name": "Status",
                        "#text": "0x00000018"
                    },
                    {
                        "@Name": "PreAuthType",
                        "#text": "2"
                    },
                    {
                        "@Name": "IpAddress",
                        "#text": "::ffff:10.23.123.11"
                    },
                    {
                        "@Name": "IpPort",
                        "#text": "49026"
                    },
                    {
                        "@Name": "CertIssuerName"
                    },
                    {
                        "@Name": "CertSerialNumber"
                    },
                    {
                        "@Name": "CertThumbprint"
                    }
                ]
            }
        }
    },
