    {
        "Event": {
            "@xmlns": "http://schemas.microsoft.com/win/2004/08/events/event",
            "System": {
                "Provider": {
                    "@Name": "Microsoft-Windows-Security-Auditing",
                    "@Guid": "{54849625-5478-4994-a5ba-3e3b0328c30d}"
                },
                "EventID": {
                    "@Qualifiers": "",
                    "#text": "4771"
                },
                "Version": "0",
                "Level": "0",
                "Task": "14339",
                "Opcode": "0",
                "Keywords": "0x8010000000000000",
                "TimeCreated": {
                    "@SystemTime": "2021-12-03 12:06:09.841604+00:00"
                },
                "EventRecordID": "232648784",
                "Correlation": {
                    "@ActivityID": "",
                    "@RelatedActivityID": ""
                },
                "Execution": {
                    "@ProcessID": "596",
                    "@ThreadID": "2784"
                },
                "Channel": "Security",
                "Computer": "rootdc1.offsec.lan",
                "Security": {
                    "@UserID": ""
                }
            },
            "EventData": {
                "Data": [
                    {
                        "@Name": "TargetUserName",
                        "#text": "HealthMailbox2cfa5bd"
                    },
                    {
                        "@Name": "TargetSid",
                        "#text": "S-1-5-21-4230534742-2542757381-3142984815-1227"
                    },
                    {
                        "@Name": "ServiceName",
                        "#text": "krbtgt/OFFSEC.LAN"
                    },
                    {
                        "@Name": "TicketOptions",
                        "#text": "0x50800000"
                    },
                    {
                        "@Name": "Status",
                        "#text": "0x00000018"
                    },
                    {
                        "@Name": "PreAuthType",
                        "#text": "2"
                    },
                    {
                        "@Name": "IpAddress",
                        "#text": "::ffff:10.23.123.11"
                    },
                    {
                        "@Name": "IpPort",
                        "#text": "49030"
                    },
                    {
                        "@Name": "CertIssuerName"
                    },
                    {
                        "@Name": "CertSerialNumber"
                    },
                    {
                        "@Name": "CertThumbprint"
                    }
                ]
            }
        }
    },
    {
        "Event": {
            "@xmlns": "http://schemas.microsoft.com/win/2004/08/events/event",
            "System": {
                "Provider": {
                    "@Name": "Microsoft-Windows-Security-Auditing",
                    "@Guid": "{54849625-5478-4994-a5ba-3e3b0328c30d}"
                },
                "EventID": {
                    "@Qualifiers": "",
                    "#text": "4771"
                },
                "Version": "0",
                "Level": "0",
                "Task": "14339",
                "Opcode": "0",
                "Keywords": "0x8010000000000000",
                "TimeCreated": {
                    "@SystemTime": "2021-12-03 12:06:10.176540+00:00"
                },
                "EventRecordID": "232648785",
                "Correlation": {
                    "@ActivityID": "",
                    "@RelatedActivityID": ""
                },
                "Execution": {
                    "@ProcessID": "596",
                    "@ThreadID": "2784"
                },
                "Channel": "Security",
                "Computer": "rootdc1.offsec.lan",
                "Security": {
                    "@UserID": ""
                }
            },
            "EventData": {
                "Data": [
                    {
                        "@Name": "TargetUserName",
                        "#text": "HealthMailboxe8b0d98"
                    },
                    {
                        "@Name": "TargetSid",
                        "#text": "S-1-5-21-4230534742-2542757381-3142984815-1228"
                    },
                    {
                        "@Name": "ServiceName",
                        "#text": "krbtgt/OFFSEC.LAN"
                    },
                    {
                        "@Name": "TicketOptions",
                        "#text": "0x50800000"
                    },
                    {
                        "@Name": "Status",
                        "#text": "0x00000018"
                    },
                    {
                        "@Name": "PreAuthType",
                        "#text": "2"
                    },
                    {
                        "@Name": "IpAddress",
                        "#text": "::ffff:10.23.123.11"
                    },
                    {
                        "@Name": "IpPort",
                        "#text": "49034"
                    },
                    {
                        "@Name": "CertIssuerName"
                    },
                    {
                        "@Name": "CertSerialNumber"
                    },
                    {
                        "@Name": "CertThumbprint"
                    }
                ]
            }
        }
    },
    {
        "Event": {
            "@xmlns": "http://schemas.microsoft.com/win/2004/08/events/event",
            "System": {
                "Provider": {
                    "@Name": "Microsoft-Windows-Security-Auditing",
                    "@Guid": "{54849625-5478-4994-a5ba-3e3b0328c30d}"
                },
                "EventID": {
                    "@Qualifiers": "",
                    "#text": "4771"
                },
                "Version": "0",
                "Level": "0",
                "Task": "14339",
                "Opcode": "0",
                "Keywords": "0x8010000000000000",
                "TimeCreated": {
                    "@SystemTime": "2021-12-03 12:06:10.519831+00:00"
                },
                "EventRecordID": "232648788",
                "Correlation": {
                    "@ActivityID": "",
                    "@RelatedActivityID": ""
                },
                "Execution": {
                    "@ProcessID": "596",
                    "@ThreadID": "2372"
                },
                "Channel": "Security",
                "Computer": "rootdc1.offsec.lan",
                "Security": {
                    "@UserID": ""
                }
            },
            "EventData": {
                "Data": [
                    {
                        "@Name": "TargetUserName",
                        "#text": "HealthMailbox9a2d0da"
                    },
                    {
                        "@Name": "TargetSid",
                        "#text": "S-1-5-21-4230534742-2542757381-3142984815-1229"
                    },
                    {
                        "@Name": "ServiceName",
                        "#text": "krbtgt/OFFSEC.LAN"
                    },
                    {
                        "@Name": "TicketOptions",
                        "#text": "0x50800000"
                    },
                    {
                        "@Name": "Status",
                        "#text": "0x00000018"
                    },
                    {
                        "@Name": "PreAuthType",
                        "#text": "2"
                    },
                    {
                        "@Name": "IpAddress",
                        "#text": "::ffff:10.23.123.11"
                    },
                    {
                        "@Name": "IpPort",
                        "#text": "49038"
                    },
                    {
                        "@Name": "CertIssuerName"
                    },
                    {
                        "@Name": "CertSerialNumber"
                    },
                    {
                        "@Name": "CertThumbprint"
                    }
                ]
            }
        }
    },
    {
        "Event": {
            "@xmlns": "http://schemas.microsoft.com/win/2004/08/events/event",
            "System": {
                "Provider": {
                    "@Name": "Microsoft-Windows-Security-Auditing",
                    "@Guid": "{54849625-5478-4994-a5ba-3e3b0328c30d}"
                },
                "EventID": {
                    "@Qualifiers": "",
                    "#text": "4771"
                },
                "Version": "0",
                "Level": "0",
                "Task": "14339",
                "Opcode": "0",
                "Keywords": "0x8010000000000000",
                "TimeCreated": {
                    "@SystemTime": "2021-12-03 12:06:10.844542+00:00"
                },
                "EventRecordID": "232648789",
                "Correlation": {
                    "@ActivityID": "",
                    "@RelatedActivityID": ""
                },
                "Execution": {
                    "@ProcessID": "596",
                    "@ThreadID": "2372"
                },
                "Channel": "Security",
                "Computer": "rootdc1.offsec.lan",
                "Security": {
                    "@UserID": ""
                }
            },
            "EventData": {
                "Data": [
                    {
                        "@Name": "TargetUserName",
                        "#text": "HealthMailbox0ab31b3"
                    },
                    {
                        "@Name": "TargetSid",
                        "#text": "S-1-5-21-4230534742-2542757381-3142984815-1230"
                    },
                    {
                        "@Name": "ServiceName",
                        "#text": "krbtgt/OFFSEC.LAN"
                    },
                    {
                        "@Name": "TicketOptions",
                        "#text": "0x50800000"
                    },
                    {
                        "@Name": "Status",
                        "#text": "0x00000018"
                    },
                    {
                        "@Name": "PreAuthType",
                        "#text": "2"
                    },
                    {
                        "@Name": "IpAddress",
                        "#text": "::ffff:10.23.123.11"
                    },
                    {
                        "@Name": "IpPort",
                        "#text": "49042"
                    },
                    {
                        "@Name": "CertIssuerName"
                    },
                    {
                        "@Name": "CertSerialNumber"
                    },
                    {
                        "@Name": "CertThumbprint"
                    }
                ]
            }
        }
    },
    {
        "Event": {
            "@xmlns": "http://schemas.microsoft.com/win/2004/08/events/event",
            "System": {
                "Provider": {
                    "@Name": "Microsoft-Windows-Security-Auditing",
                    "@Guid": "{54849625-5478-4994-a5ba-3e3b0328c30d}"
                },
                "EventID": {
                    "@Qualifiers": "",
                    "#text": "4771"
                },
                "Version": "0",
                "Level": "0",
                "Task": "14339",
                "Opcode": "0",
                "Keywords": "0x8010000000000000",
                "TimeCreated": {
                    "@SystemTime": "2021-12-03 12:06:11.179562+00:00"
                },
                "EventRecordID": "232648790",
                "Correlation": {
                    "@ActivityID": "",
                    "@RelatedActivityID": ""
                },
                "Execution": {
                    "@ProcessID": "596",
                    "@ThreadID": "2784"
                },
                "Channel": "Security",
                "Computer": "rootdc1.offsec.lan",
                "Security": {
                    "@UserID": ""
                }
            },
            "EventData": {
                "Data": [
                    {
                        "@Name": "TargetUserName",
                        "#text": "HealthMailboxf49e2c8"
                    },
                    {
                        "@Name": "TargetSid",
                        "#text": "S-1-5-21-4230534742-2542757381-3142984815-1231"
                    },
                    {
                        "@Name": "ServiceName",
                        "#text": "krbtgt/OFFSEC.LAN"
                    },
                    {
                        "@Name": "TicketOptions",
                        "#text": "0x50800000"
                    },
                    {
                        "@Name": "Status",
                        "#text": "0x00000018"
                    },
                    {
                        "@Name": "PreAuthType",
                        "#text": "2"
                    },
                    {
                        "@Name": "IpAddress",
                        "#text": "::ffff:10.23.123.11"
                    },
                    {
                        "@Name": "IpPort",
                        "#text": "49046"
                    },
                    {
                        "@Name": "CertIssuerName"
                    },
                    {
                        "@Name": "CertSerialNumber"
                    },
                    {
                        "@Name": "CertThumbprint"
                    }
                ]
            }
        }
    },
    {
        "Event": {
            "@xmlns": "http://schemas.microsoft.com/win/2004/08/events/event",
            "System": {
                "Provider": {
                    "@Name": "Microsoft-Windows-Security-Auditing",
                    "@Guid": "{54849625-5478-4994-a5ba-3e3b0328c30d}"
                },
                "EventID": {
                    "@Qualifiers": "",
                    "#text": "4768"
                },
                "Version": "0",
                "Level": "0",
                "Task": "14339",
                "Opcode": "0",
                "Keywords": "0x8020000000000000",
                "TimeCreated": {
                    "@SystemTime": "2021-12-03 12:06:11.514915+00:00"
                },
                "EventRecordID": "232648791",
                "Correlation": {
                    "@ActivityID": "",
                    "@RelatedActivityID": ""
                },
                "Execution": {
                    "@ProcessID": "596",
                    "@ThreadID": "2372"
                },
                "Channel": "Security",
                "Computer": "rootdc1.offsec.lan",
                "Security": {
                    "@UserID": ""
                }
            },
            "EventData": {
                "Data": [
                    {
                        "@Name": "TargetUserName",
                        "#text": "hack1"
                    },
                    {
                        "@Name": "TargetDomainName",
                        "#text": "OFFSEC.LAN"
                    },
                    {
                        "@Name": "TargetSid",
                        "#text": "S-1-5-21-4230534742-2542757381-3142984815-1234"
                    },
                    {
                        "@Name": "ServiceName",
                        "#text": "krbtgt"
                    },
                    {
                        "@Name": "ServiceSid",
                        "#text": "S-1-5-21-4230534742-2542757381-3142984815-502"
                    },
                    {
                        "@Name": "TicketOptions",
                        "#text": "0x50800000"
                    },
                    {
                        "@Name": "Status",
                        "#text": "0x00000000"
                    },
                    {
                        "@Name": "TicketEncryptionType",
                        "#text": "0x00000012"
                    },
                    {
                        "@Name": "PreAuthType",
                        "#text": "2"
                    },
                    {
                        "@Name": "IpAddress",
                        "#text": "::ffff:10.23.123.11"
                    },
                    {
                        "@Name": "IpPort",
                        "#text": "49050"
                    },
                    {
                        "@Name": "CertIssuerName"
                    },
                    {
                        "@Name": "CertSerialNumber"
                    },
                    {
                        "@Name": "CertThumbprint"
                    }
                ]
            }
        }
    },
    {
        "Event": {
            "@xmlns": "http://schemas.microsoft.com/win/2004/08/events/event",
            "System": {
                "Provider": {
                    "@Name": "Microsoft-Windows-Security-Auditing",
                    "@Guid": "{54849625-5478-4994-a5ba-3e3b0328c30d}"
                },
                "EventID": {
                    "@Qualifiers": "",
                    "#text": "4771"
                },
                "Version": "0",
                "Level": "0",
                "Task": "14339",
                "Opcode": "0",
                "Keywords": "0x8010000000000000",
                "TimeCreated": {
                    "@SystemTime": "2021-12-03 12:06:11.857740+00:00"
                },
                "EventRecordID": "232648792",
                "Correlation": {
                    "@ActivityID": "",
                    "@RelatedActivityID": ""
                },
                "Execution": {
                    "@ProcessID": "596",
                    "@ThreadID": "2784"
                },
                "Channel": "Security",
                "Computer": "rootdc1.offsec.lan",
                "Security": {
                    "@UserID": ""
                }
            },
            "EventData": {
                "Data": [
                    {
                        "@Name": "TargetUserName",
                        "#text": "SRVFS02$"
                    },
                    {
                        "@Name": "TargetSid",
                        "#text": "S-1-5-21-4230534742-2542757381-3142984815-1235"
                    },
                    {
                        "@Name": "ServiceName",
                        "#text": "krbtgt/OFFSEC.LAN"
                    },
                    {
                        "@Name": "TicketOptions",
                        "#text": "0x50800000"
                    },
                    {
                        "@Name": "Status",
                        "#text": "0x00000018"
                    },
                    {
                        "@Name": "PreAuthType",
                        "#text": "2"
                    },
                    {
                        "@Name": "IpAddress",
                        "#text": "::ffff:10.23.123.11"
                    },
                    {
                        "@Name": "IpPort",
                        "#text": "49054"
                    },
                    {
                        "@Name": "CertIssuerName"
                    },
                    {
                        "@Name": "CertSerialNumber"
                    },
                    {
                        "@Name": "CertThumbprint"
                    }
                ]
            }
        }
    },
    {
        "Event": {
            "@xmlns": "http://schemas.microsoft.com/win/2004/08/events/event",
            "System": {
                "Provider": {
                    "@Name": "Microsoft-Windows-Security-Auditing",
                    "@Guid": "{54849625-5478-4994-a5ba-3e3b0328c30d}"
                },
                "EventID": {
                    "@Qualifiers": "",
                    "#text": "4768"
                },
                "Version": "0",
                "Level": "0",
                "Task": "14339",
                "Opcode": "0",
                "Keywords": "0x8020000000000000",
                "TimeCreated": {
                    "@SystemTime": "2021-12-03 12:06:11.878414+00:00"
                },
                "EventRecordID": "232648793",
                "Correlation": {
                    "@ActivityID": "",
                    "@RelatedActivityID": ""
                },
                "Execution": {
                    "@ProcessID": "596",
                    "@ThreadID": "2372"
                },
                "Channel": "Security",
                "Computer": "rootdc1.offsec.lan",
                "Security": {
                    "@UserID": ""
                }
            },
            "EventData": {
                "Data": [
                    {
                        "@Name": "TargetUserName",
                        "#text": "hacker2"
                    },
                    {
                        "@Name": "TargetDomainName",
                        "#text": "OFFSEC.LAN"
                    },
                    {
                        "@Name": "TargetSid",
                        "#text": "S-1-5-21-4230534742-2542757381-3142984815-1242"
                    },
                    {
                        "@Name": "ServiceName",
                        "#text": "krbtgt"
                    },
                    {
                        "@Name": "ServiceSid",
                        "#text": "S-1-5-21-4230534742-2542757381-3142984815-502"
                    },
                    {
                        "@Name": "TicketOptions",
                        "#text": "0x50800000"
                    },
                    {
                        "@Name": "Status",
                        "#text": "0x00000000"
                    },
                    {
                        "@Name": "TicketEncryptionType",
                        "#text": "0x00000012"
                    },
                    {
                        "@Name": "PreAuthType",
                        "#text": "0"
                    },
                    {
                        "@Name": "IpAddress",
                        "#text": "::ffff:10.23.123.11"
                    },
                    {
                        "@Name": "IpPort",
                        "#text": "49056"
                    },
                    {
                        "@Name": "CertIssuerName"
                    },
                    {
                        "@Name": "CertSerialNumber"
                    },
                    {
                        "@Name": "CertThumbprint"
                    }
                ]
            }
        }
    },
    {
        "Event": {
            "@xmlns": "http://schemas.microsoft.com/win/2004/08/events/event",
            "System": {
                "Provider": {
                    "@Name": "Microsoft-Windows-Security-Auditing",
                    "@Guid": "{54849625-5478-4994-a5ba-3e3b0328c30d}"
                },
                "EventID": {
                    "@Qualifiers": "",
                    "#text": "4768"
                },
                "Version": "0",
                "Level": "0",
                "Task": "14339",
                "Opcode": "0",
                "Keywords": "0x8020000000000000",
                "TimeCreated": {
                    "@SystemTime": "2021-12-03 12:06:12.553175+00:00"
                },
                "EventRecordID": "232648796",
                "Correlation": {
                    "@ActivityID": "",
                    "@RelatedActivityID": ""
                },
                "Execution": {
                    "@ProcessID": "596",
                    "@ThreadID": "2784"
                },
                "Channel": "Security",
                "Computer": "rootdc1.offsec.lan",
                "Security": {
                    "@UserID": ""
                }
            },
            "EventData": {
                "Data": [
                    {
                        "@Name": "TargetUserName",
                        "#text": "dsrm"
                    },
                    {
                        "@Name": "TargetDomainName",
                        "#text": "OFFSEC.LAN"
                    },
                    {
                        "@Name": "TargetSid",
                        "#text": "S-1-5-21-4230534742-2542757381-3142984815-1249"
                    },
                    {
                        "@Name": "ServiceName",
                        "#text": "krbtgt"
                    },
                    {
                        "@Name": "ServiceSid",
                        "#text": "S-1-5-21-4230534742-2542757381-3142984815-502"
                    },
                    {
                        "@Name": "TicketOptions",
                        "#text": "0x50800000"
                    },
                    {
                        "@Name": "Status",
                        "#text": "0x00000000"
                    },
                    {
                        "@Name": "TicketEncryptionType",
                        "#text": "0x00000012"
                    },
                    {
                        "@Name": "PreAuthType",
                        "#text": "2"
                    },
                    {
                        "@Name": "IpAddress",
                        "#text": "::ffff:10.23.123.11"
                    },
                    {
                        "@Name": "IpPort",
                        "#text": "49060"
                    },
                    {
                        "@Name": "CertIssuerName"
                    },
                    {
                        "@Name": "CertSerialNumber"
                    },
                    {
                        "@Name": "CertThumbprint"
                    }
                ]
            }
        }
    },
    {
        "Event": {
            "@xmlns": "http://schemas.microsoft.com/win/2004/08/events/event",
            "System": {
                "Provider": {
                    "@Name": "Microsoft-Windows-Security-Auditing",
                    "@Guid": "{54849625-5478-4994-a5ba-3e3b0328c30d}"
                },
                "EventID": {
                    "@Qualifiers": "",
                    "#text": "4771"
                },
                "Version": "0",
                "Level": "0",
                "Task": "14339",
                "Opcode": "0",
                "Keywords": "0x8010000000000000",
                "TimeCreated": {
                    "@SystemTime": "2021-12-03 12:06:12.900806+00:00"
                },
                "EventRecordID": "232648797",
                "Correlation": {
                    "@ActivityID": "",
                    "@RelatedActivityID": ""
                },
                "Execution": {
                    "@ProcessID": "596",
                    "@ThreadID": "2784"
                },
                "Channel": "Security",
                "Computer": "rootdc1.offsec.lan",
                "Security": {
                    "@UserID": ""
                }
            },
            "EventData": {
                "Data": [
                    {
                        "@Name": "TargetUserName",
                        "#text": "proabcdef"
                    },
                    {
                        "@Name": "TargetSid",
                        "#text": "S-1-5-21-4230534742-2542757381-3142984815-1250"
                    },
                    {
                        "@Name": "ServiceName",
                        "#text": "krbtgt/OFFSEC.LAN"
                    },
                    {
                        "@Name": "TicketOptions",
                        "#text": "0x50800000"
                    },
                    {
                        "@Name": "Status",
                        "#text": "0x00000018"
                    },
                    {
                        "@Name": "PreAuthType",
                        "#text": "2"
                    },
                    {
                        "@Name": "IpAddress",
                        "#text": "::ffff:10.23.123.11"
                    },
                    {
                        "@Name": "IpPort",
                        "#text": "49064"
                    },
                    {
                        "@Name": "CertIssuerName"
                    },
                    {
                        "@Name": "CertSerialNumber"
                    },
                    {
                        "@Name": "CertThumbprint"
                    }
                ]
            }
        }
    }
]