    {
        "Event": {
            "@xmlns": "http://schemas.microsoft.com/win/2004/08/events/event",
            "System": {
                "Provider": {
                    "@Name": "Microsoft-Windows-Servicing",
                    "@Guid": "{bd12f3b8-fc40-4a61-a307-b7a013a069c1}"
                },
                "EventID": {
                    "@Qualifiers": "",
                    "#text": "1"
                },
                "Version": "0",
                "Level": "0",
                "Task": "1",
                "Opcode": "0",
                "Keywords": "0x8000000000000000",
                "TimeCreated": {
                    "@SystemTime": "2022-04-15 08:01:37.605316+00:00"
                },
                "EventRecordID": "60",
                "Correlation": {
                    "@ActivityID": "",
                    "@RelatedActivityID": ""
                },
                "Execution": {
                    "@ProcessID": "5320",
                    "@ThreadID": "11672"
                },
                "Channel": "Setup",
                "Computer": "N900B7FFD.kapsch.co.at",
                "Security": {
                    "@UserID": "S-1-5-18"
                }
            },
            "UserData": {
                "CbsPackageInitiateChanges": {
                    "@xmlns": "http://manifests.microsoft.com/win/2004/08/windows/setup_provider",
                    "PackageIdentifier": "KB5011487",
                    "InitialPackageState": "5000",
                    "InitialPackageStateTextized": "Absent",
                    "IntendedPackageState": "5112",
                    "IntendedPackageStateTextized": "Installed",
                    "Client": "WindowsUpdateAgent"
                }
            }
        }
    },
    {
        "Event": {
            "@xmlns": "http://schemas.microsoft.com/win/2004/08/events/event",
            "System": {
                "Provider": {
                    "@Name": "Microsoft-Windows-Servicing",
                    "@Guid": "{bd12f3b8-fc40-4a61-a307-b7a013a069c1}"
                },
                "EventID": {
                    "@Qualifiers": "",
                    "#text": "4"
                },
                "Version": "0",
                "Level": "0",
                "Task": "1",
                "Opcode": "0",
                "Keywords": "0x8000000000000000",
                "TimeCreated": {
                    "@SystemTime": "2022-04-15 08:16:06.345997+00:00"
                },
                "EventRecordID": "61",
                "Correlation": {
                    "@ActivityID": "",
                    "@RelatedActivityID": ""
                },
                "Execution": {
                    "@ProcessID": "5320",
                    "@ThreadID": "11672"
                },
                "Channel": "Setup",
                "Computer": "N900B7FFD.kapsch.co.at",
                "Security": {
                    "@UserID": "S-1-5-18"
                }
            },
            "UserData": {
                "CbsPackageChangeState": {
                    "@xmlns": "http://manifests.microsoft.com/win/2004/08/windows/setup_provider",
                    "PackageIdentifier": "KB5011352",
                    "IntendedPackageState": "5112",
                    "IntendedPackageStateTextized": "Installed",
                    "ErrorCode": "0x0",
                    "Client": "WindowsUpdateAgent"
                }
            }
        }
    },
    {
        "Event": {
            "@xmlns": "http://schemas.microsoft.com/win/2004/08/events/event",
            "System": {
                "Provider": {
                    "@Name": "Microsoft-Windows-Servicing",
                    "@Guid": "{bd12f3b8-fc40-4a61-a307-b7a013a069c1}"
                },
                "EventID": {
                    "@Qualifiers": "",
                    "#text": "4"
                },
                "Version": "0",
                "Level": "0",
                "Task": "1",
                "Opcode": "0",
                "Keywords": "0x8000000000000000",
                "TimeCreated": {
                    "@SystemTime": "2022-04-15 08:16:06.345997+00:00"
                },
                "EventRecordID": "62",
                "Correlation": {
                    "@ActivityID": "",
                    "@RelatedActivityID": ""
                },
                "Execution": {
                    "@ProcessID": "5320",
                    "@ThreadID": "11672"
                },
                "Channel": "Setup",
                "Computer": "N900B7FFD.kapsch.co.at",
                "Security": {
                    "@UserID": "S-1-5-18"
                }
            },
            "UserData": {
                "CbsPackageChangeState": {
                    "@xmlns": "http://manifests.microsoft.com/win/2004/08/windows/setup_provider",
                    "PackageIdentifier": "KB5011487",
                    "IntendedPackageState": "5112",
                    "IntendedPackageStateTextized": "Installed",
                    "ErrorCode": "0x0",
                    "Client": "WindowsUpdateAgent"
                }
            }
        }
    },
    {
        "Event": {
            "@xmlns": "http://schemas.microsoft.com/win/2004/08/events/event",
            "System": {
                "Provider": {
                    "@Name": "Microsoft-Windows-Servicing",
                    "@Guid": "{bd12f3b8-fc40-4a61-a307-b7a013a069c1}"
                },
                "EventID": {
                    "@Qualifiers": "",
                    "#text": "1"
                },
                "Version": "0",
                "Level": "0",
                "Task": "1",
                "Opcode": "0",
                "Keywords": "0x8000000000000000",
                "TimeCreated": {
                    "@SystemTime": "2022-04-15 10:19:26.353786+00:00"
                },
                "EventRecordID": "63",
                "Correlation": {
                    "@ActivityID": "",
                    "@RelatedActivityID": ""
                },
                "Execution": {
                    "@ProcessID": "9636",
                    "@ThreadID": "8852"
                },
                "Channel": "Setup",
                "Computer": "N900B7FFD.kapsch.co.at",
                "Security": {
                    "@UserID": "S-1-5-18"
                }
            },
            "UserData": {
                "CbsPackageInitiateChanges": {
                    "@xmlns": "http://manifests.microsoft.com/win/2004/08/windows/setup_provider",
                    "PackageIdentifier": "KB5010472",
                    "InitialPackageState": "5000",
                    "InitialPackageStateTextized": "Absent",
                    "IntendedPackageState": "5112",
                    "IntendedPackageStateTextized": "Installed",
                    "Client": "WindowsUpdateAgent"
                }
            }
        }
    },
    {
        "Event": {
            "@xmlns": "http://schemas.microsoft.com/win/2004/08/events/event",
            "System": {
                "Provider": {
                    "@Name": "Microsoft-Windows-Servicing",
                    "@Guid": "{bd12f3b8-fc40-4a61-a307-b7a013a069c1}"
                },
                "EventID": {
                    "@Qualifiers": "",
                    "#text": "4"
                },
                "Version": "0",
                "Level": "0",
                "Task": "1",
                "Opcode": "0",
                "Keywords": "0x8000000000000000",
                "TimeCreated": {
                    "@SystemTime": "2022-04-15 10:20:09.612680+00:00"
                },
                "EventRecordID": "64",
                "Correlation": {
                    "@ActivityID": "",
                    "@RelatedActivityID": ""
                },
                "Execution": {
                    "@ProcessID": "9636",
                    "@ThreadID": "8852"
                },
                "Channel": "Setup",
                "Computer": "N900B7FFD.kapsch.co.at",
                "Security": {
                    "@UserID": "S-1-5-18"
                }
            },
            "UserData": {
                "CbsPackageChangeState": {
                    "@xmlns": "http://manifests.microsoft.com/win/2004/08/windows/setup_provider",
                    "PackageIdentifier": "KB5010472",
                    "IntendedPackageState": "5112",
                    "IntendedPackageStateTextized": "Installed",
                    "ErrorCode": "0x0",
                    "Client": "WindowsUpdateAgent"
                }
            }
        }
    },
    {
        "Event": {
            "@xmlns": "http://schemas.microsoft.com/win/2004/08/events/event",
            "System": {
                "Provider": {
                    "@Name": "Microsoft-Windows-Servicing",
                    "@Guid": "{bd12f3b8-fc40-4a61-a307-b7a013a069c1}"
                },
                "EventID": {
                    "@Qualifiers": "",
                    "#text": "1"
                },
                "Version": "0",
                "Level": "0",
                "Task": "1",
                "Opcode": "0",
                "Keywords": "0x8000000000000000",
                "TimeCreated": {
                    "@SystemTime": "2022-04-15 10:20:19.345041+00:00"
                },
                "EventRecordID": "65",
                "Correlation": {
                    "@ActivityID": "",
                    "@RelatedActivityID": ""
                },
                "Execution": {
                    "@ProcessID": "9636",
                    "@ThreadID": "768"
                },
                "Channel": "Setup",
                "Computer": "N900B7FFD.kapsch.co.at",
                "Security": {
                    "@UserID": "S-1-5-18"
                }
            },
            "UserData": {
                "CbsPackageInitiateChanges": {
                    "@xmlns": "http://manifests.microsoft.com/win/2004/08/windows/setup_provider",
                    "PackageIdentifier": "KB5012117",
                    "InitialPackageState": "5000",
                    "InitialPackageStateTextized": "Absent",
                    "IntendedPackageState": "5112",
                    "IntendedPackageStateTextized": "Installed",
                    "Client": "WindowsUpdateAgent"
                }
            }
        }
    },
    {
        "Event": {
            "@xmlns": "http://schemas.microsoft.com/win/2004/08/events/event",
            "System": {
                "Provider": {
                    "@Name": "Microsoft-Windows-Servicing",
                    "@Guid": "{bd12f3b8-fc40-4a61-a307-b7a013a069c1}"
                },
                "EventID": {
                    "@Qualifiers": "",
                    "#text": "4"
                },
                "Version": "0",
                "Level": "0",
                "Task": "1",
                "Opcode": "0",
                "Keywords": "0x8000000000000000",
                "TimeCreated": {
                    "@SystemTime": "2022-04-15 10:21:10.075247+00:00"
                },
                "EventRecordID": "66",
                "Correlation": {
                    "@ActivityID": "",
                    "@RelatedActivityID": ""
                },
                "Execution": {
                    "@ProcessID": "9636",
                    "@ThreadID": "768"
                },
                "Channel": "Setup",
                "Computer": "N900B7FFD.kapsch.co.at",
                "Security": {
                    "@UserID": "S-1-5-18"
                }
            },
            "UserData": {
                "CbsPackageChangeState": {
                    "@xmlns": "http://manifests.microsoft.com/win/2004/08/windows/setup_provider",
                    "PackageIdentifier": "KB5012117",
                    "IntendedPackageState": "5112",
                    "IntendedPackageStateTextized": "Installed",
                    "ErrorCode": "0x0",
                    "Client": "WindowsUpdateAgent"
                }
            }
        }
    },
    {
        "Event": {
            "@xmlns": "http://schemas.microsoft.com/win/2004/08/events/event",
            "System": {
                "Provider": {
                    "@Name": "Microsoft-Windows-Servicing",
                    "@Guid": "{bd12f3b8-fc40-4a61-a307-b7a013a069c1}"
                },
                "EventID": {
                    "@Qualifiers": "",
                    "#text": "1"
                },
                "Version": "0",
                "Level": "0",
                "Task": "1",
                "Opcode": "0",
                "Keywords": "0x8000000000000000",
                "TimeCreated": {
                    "@SystemTime": "2022-04-15 10:21:29.059832+00:00"
                },
                "EventRecordID": "67",
                "Correlation": {
                    "@ActivityID": "{6973ac94-4e41-4da1-9f4a-0387a92b41a2}",
                    "@RelatedActivityID": ""
                },
                "Execution": {
                    "@ProcessID": "9636",
                    "@ThreadID": "16216"
                },
                "Channel": "Setup",
                "Computer": "N900B7FFD.kapsch.co.at",
                "Security": {
                    "@UserID": "S-1-5-18"
                }
            },
            "UserData": {
                "CbsPackageInitiateChanges": {
                    "@xmlns": "http://manifests.microsoft.com/win/2004/08/windows/setup_provider",
                    "PackageIdentifier": "KB5011651",
                    "InitialPackageState": "5000",
                    "InitialPackageStateTextized": "Absent",
                    "IntendedPackageState": "5112",
                    "IntendedPackageStateTextized": "Installed",
                    "Client": "UpdateAgentLCU"
                }
            }
        }
    },
    {
        "Event": {
            "@xmlns": "http://schemas.microsoft.com/win/2004/08/events/event",
            "System": {
                "Provider": {
                    "@Name": "Microsoft-Windows-Servicing",
                    "@Guid": "{bd12f3b8-fc40-4a61-a307-b7a013a069c1}"
                },
                "EventID": {
                    "@Qualifiers": "",
                    "#text": "4"
                },
                "Version": "0",
                "Level": "0",
                "Task": "1",
                "Opcode": "0",
                "Keywords": "0x8000000000000000",
                "TimeCreated": {
                    "@SystemTime": "2022-04-15 10:21:55.442759+00:00"
                },
                "EventRecordID": "68",
                "Correlation": {
                    "@ActivityID": "{6973ac94-4e41-4da1-9f4a-0387a92b41a2}",
                    "@RelatedActivityID": ""
                },
                "Execution": {
                    "@ProcessID": "9636",
                    "@ThreadID": "16216"
                },
                "Channel": "Setup",
                "Computer": "N900B7FFD.kapsch.co.at",
                "Security": {
                    "@UserID": "S-1-5-18"
                }
            },
            "UserData": {
                "CbsPackageChangeState": {
                    "@xmlns": "http://manifests.microsoft.com/win/2004/08/windows/setup_provider",
                    "PackageIdentifier": "KB5011651",
                    "IntendedPackageState": "5112",
                    "IntendedPackageStateTextized": "Installed",
                    "ErrorCode": "0x0",
                    "Client": "UpdateAgentLCU"
                }
            }
        }
    },
    {
        "Event": {
            "@xmlns": "http://schemas.microsoft.com/win/2004/08/events/event",
            "System": {
                "Provider": {
                    "@Name": "Microsoft-Windows-Servicing",
                    "@Guid": "{bd12f3b8-fc40-4a61-a307-b7a013a069c1}"
                },
                "EventID": {
                    "@Qualifiers": "",
                    "#text": "2"
                },
                "Version": "0",
                "Level": "0",
                "Task": "1",
                "Opcode": "0",
                "Keywords": "0x8000000000000000",
                "TimeCreated": {
                    "@SystemTime": "2022-04-15 10:26:52.683542+00:00"
                },
                "EventRecordID": "69",
                "Correlation": {
                    "@ActivityID": "",
                    "@RelatedActivityID": ""
                },
                "Execution": {
                    "@ProcessID": "3200",
                    "@ThreadID": "3264"
                },
                "Channel": "Setup",
                "Computer": "N900B7FFD.kapsch.co.at",
                "Security": {
                    "@UserID": "S-1-5-18"
                }
            },
            "UserData": {
                "CbsPackageChangeState": {
                    "@xmlns": "http://manifests.microsoft.com/win/2004/08/windows/setup_provider",
                    "PackageIdentifier": "KB5011352",
                    "IntendedPackageState": "5112",
                    "IntendedPackageStateTextized": "Installed",
                    "ErrorCode": "0x0",
                    "Client": "WindowsUpdateAgent"
                }
            }
        }
    },
    {
        "Event": {
            "@xmlns": "http://schemas.microsoft.com/win/2004/08/events/event",
            "System": {
                "Provider": {
                    "@Name": "Microsoft-Windows-Servicing",
                    "@Guid": "{bd12f3b8-fc40-4a61-a307-b7a013a069c1}"
                },
                "EventID": {
                    "@Qualifiers": "",
                    "#text": "2"
                },
                "Version": "0",
                "Level": "0",
                "Task": "1",
                "Opcode": "0",
                "Keywords": "0x8000000000000000",
                "TimeCreated": {
                    "@SystemTime": "2022-04-15 10:26:52.683559+00:00"
                },
                "EventRecordID": "70",
                "Correlation": {
                    "@ActivityID": "",
                    "@RelatedActivityID": ""
                },
                "Execution": {
                    "@ProcessID": "3200",
                    "@ThreadID": "3264"
                },
                "Channel": "Setup",
                "Computer": "N900B7FFD.kapsch.co.at",
                "Security": {
                    "@UserID": "S-1-5-18"
                }
            },
            "UserData": {
                "CbsPackageChangeState": {
                    "@xmlns": "http://manifests.microsoft.com/win/2004/08/windows/setup_provider",
                    "PackageIdentifier": "KB5011487",
                    "IntendedPackageState": "5112",
                    "IntendedPackageStateTextized": "Installed",
                    "ErrorCode": "0x0",
                    "Client": "WindowsUpdateAgent"
                }
            }
        }
    },
    {
        "Event": {
            "@xmlns": "http://schemas.microsoft.com/win/2004/08/events/event",
            "System": {
                "Provider": {
                    "@Name": "Microsoft-Windows-Servicing",
                    "@Guid": "{bd12f3b8-fc40-4a61-a307-b7a013a069c1}"
                },
                "EventID": {
                    "@Qualifiers": "",
                    "#text": "2"
                },
                "Version": "0",
                "Level": "0",
                "Task": "1",
                "Opcode": "0",
                "Keywords": "0x8000000000000000",
                "TimeCreated": {
                    "@SystemTime": "2022-04-15 10:26:57.716248+00:00"
                },
                "EventRecordID": "71",
                "Correlation": {
                    "@ActivityID": "",
                    "@RelatedActivityID": ""
                },
                "Execution": {
                    "@ProcessID": "3200",
                    "@ThreadID": "3264"
                },
                "Channel": "Setup",
                "Computer": "N900B7FFD.kapsch.co.at",
                "Security": {
                    "@UserID": "S-1-5-18"
                }
            },
            "UserData": {
                "CbsPackageChangeState": {
                    "@xmlns": "http://manifests.microsoft.com/win/2004/08/windows/setup_provider",
                    "PackageIdentifier": "KB5010472",
                    "IntendedPackageState": "5112",
                    "IntendedPackageStateTextized": "Installed",
                    "ErrorCode": "0x0",
                    "Client": "WindowsUpdateAgent"
                }
            }
        }
    },
    {
        "Event": {
            "@xmlns": "http://schemas.microsoft.com/win/2004/08/events/event",
            "System": {
                "Provider": {
                    "@Name": "Microsoft-Windows-Servicing",
                    "@Guid": "{bd12f3b8-fc40-4a61-a307-b7a013a069c1}"
                },
                "EventID": {
                    "@Qualifiers": "",
                    "#text": "2"
                },
                "Version": "0",
                "Level": "0",
                "Task": "1",
                "Opcode": "0",
                "Keywords": "0x8000000000000000",
                "TimeCreated": {
                    "@SystemTime": "2022-04-15 10:26:57.734381+00:00"
                },
                "EventRecordID": "72",
                "Correlation": {
                    "@ActivityID": "",
                    "@RelatedActivityID": ""
                },
                "Execution": {
                    "@ProcessID": "3200",
                    "@ThreadID": "3264"
                },
                "Channel": "Setup",
                "Computer": "N900B7FFD.kapsch.co.at",
                "Security": {
                    "@UserID": "S-1-5-18"
                }
            },
            "UserData": {
                "CbsPackageChangeState": {
                    "@xmlns": "http://manifests.microsoft.com/win/2004/08/windows/setup_provider",
                    "PackageIdentifier": "KB5012117",
                    "IntendedPackageState": "5112",
                    "IntendedPackageStateTextized": "Installed",
                    "ErrorCode": "0x0",
                    "Client": "WindowsUpdateAgent"
                }
            }
        }
    },
    {
        "Event": {
            "@xmlns": "http://schemas.microsoft.com/win/2004/08/events/event",
            "System": {
                "Provider": {
                    "@Name": "Microsoft-Windows-Servicing",
                    "@Guid": "{bd12f3b8-fc40-4a61-a307-b7a013a069c1}"
                },
                "EventID": {
                    "@Qualifiers": "",
                    "#text": "2"
                },
                "Version": "0",
                "Level": "0",
                "Task": "1",
                "Opcode": "0",
                "Keywords": "0x8000000000000000",
                "TimeCreated": {
                    "@SystemTime": "2022-04-15 10:27:02.627052+00:00"
                },
                "EventRecordID": "73",
                "Correlation": {
                    "@ActivityID": "",
                    "@RelatedActivityID": ""
                },
                "Execution": {
                    "@ProcessID": "3200",
                    "@ThreadID": "3264"
                },
                "Channel": "Setup",
                "Computer": "N900B7FFD.kapsch.co.at",
                "Security": {
                    "@UserID": "S-1-5-18"
                }
            },
            "UserData": {
                "CbsPackageChangeState": {
                    "@xmlns": "http://manifests.microsoft.com/win/2004/08/windows/setup_provider",
                    "PackageIdentifier": "KB5011651",
                    "IntendedPackageState": "5112",
                    "IntendedPackageStateTextized": "Installed",
                    "ErrorCode": "0x0",
                    "Client": "UpdateAgentLCU"
                }
            }
        }
    },
    {
        "Event": {
            "@xmlns": "http://schemas.microsoft.com/win/2004/08/events/event",
            "System": {
                "Provider": {
                    "@Name": "Microsoft-Windows-Servicing",
                    "@Guid": "{bd12f3b8-fc40-4a61-a307-b7a013a069c1}"
                },
                "EventID": {
                    "@Qualifiers": "",
                    "#text": "1"
                },
                "Version": "0",
                "Level": "0",
                "Task": "1",
                "Opcode": "0",
                "Keywords": "0x8000000000000000",
                "TimeCreated": {
                    "@SystemTime": "2022-04-21 08:28:42.944212+00:00"
                },
                "EventRecordID": "74",
                "Correlation": {
                    "@ActivityID": "{28085d29-904b-4c70-ae52-346c986be970}",
                    "@RelatedActivityID": ""
                },
                "Execution": {
                    "@ProcessID": "12848",
                    "@ThreadID": "17520"
                },
                "Channel": "Setup",
                "Computer": "N900B7FFD.kapsch.co.at",
                "Security": {
                    "@UserID": "S-1-5-18"
                }
            },
            "UserData": {
                "CbsPackageInitiateChanges": {
                    "@xmlns": "http://manifests.microsoft.com/win/2004/08/windows/setup_provider",
                    "PackageIdentifier": "KB4571756",
                    "InitialPackageState": "5080",
                    "InitialPackageStateTextized": "Superseded",
                    "IntendedPackageState": "5000",
                    "IntendedPackageStateTextized": "Absent",
                    "Client": "CbsTask"
                }
            }
        }
    },
    {
        "Event": {
            "@xmlns": "http://schemas.microsoft.com/win/2004/08/events/event",
            "System": {
                "Provider": {
                    "@Name": "Microsoft-Windows-Servicing",
                    "@Guid": "{bd12f3b8-fc40-4a61-a307-b7a013a069c1}"
                },
                "EventID": {
                    "@Qualifiers": "",
                    "#text": "1"
                },
                "Version": "0",
                "Level": "0",
                "Task": "1",
                "Opcode": "0",
                "Keywords": "0x8000000000000000",
                "TimeCreated": {
                    "@SystemTime": "2022-04-21 08:36:58.421074+00:00"
                },
                "EventRecordID": "75",
                "Correlation": {
                    "@ActivityID": "{167568a4-6477-43f2-98f4-0a745576f5c0}",
                    "@RelatedActivityID": ""
                },
                "Execution": {
                    "@ProcessID": "1532",
                    "@ThreadID": "16612"
                },
                "Channel": "Setup",
                "Computer": "N900B7FFD.kapsch.co.at",
                "Security": {
                    "@UserID": "S-1-5-18"
                }
            },
            "UserData": {
                "CbsPackageInitiateChanges": {
                    "@xmlns": "http://manifests.microsoft.com/win/2004/08/windows/setup_provider",
                    "PackageIdentifier": "KB4598242",
                    "InitialPackageState": "5080",
                    "InitialPackageStateTextized": "Superseded",
                    "IntendedPackageState": "5000",
                    "IntendedPackageStateTextized": "Absent",
                    "Client": "CbsTask"
                }
            }
        }
    },
    {
        "Event": {
            "@xmlns": "http://schemas.microsoft.com/win/2004/08/events/event",
            "System": {
                "Provider": {
                    "@Name": "Microsoft-Windows-Servicing",
                    "@Guid": "{bd12f3b8-fc40-4a61-a307-b7a013a069c1}"
                },
                "EventID": {
                    "@Qualifiers": "",
                    "#text": "1"
                },
                "Version": "0",
                "Level": "0",
                "Task": "1",
                "Opcode": "0",
                "Keywords": "0x8000000000000000",
                "TimeCreated": {
                    "@SystemTime": "2022-04-21 08:39:02.978523+00:00"
                },
                "EventRecordID": "76",
                "Correlation": {
                    "@ActivityID": "{167568a4-6477-43f2-98f4-0a745576f5c0}",
                    "@RelatedActivityID": ""
                },
                "Execution": {
                    "@ProcessID": "1532",
                    "@ThreadID": "16612"
                },
                "Channel": "Setup",
                "Computer": "N900B7FFD.kapsch.co.at",
                "Security": {
                    "@UserID": "S-1-5-18"
                }
            },
            "UserData": {
                "CbsPackageInitiateChanges": {
                    "@xmlns": "http://manifests.microsoft.com/win/2004/08/windows/setup_provider",
                    "PackageIdentifier": "Language Pack",
                    "InitialPackageState": "5080",
                    "InitialPackageStateTextized": "Superseded",
                    "IntendedPackageState": "5000",
                    "IntendedPackageStateTextized": "Absent",
                    "Client": "CbsTask"
                }
            }
        }
    },
    {
        "Event": {
            "@xmlns": "http://schemas.microsoft.com/win/2004/08/events/event",
            "System": {
                "Provider": {
                    "@Name": "Microsoft-Windows-Servicing",
                    "@Guid": "{bd12f3b8-fc40-4a61-a307-b7a013a069c1}"
                },
                "EventID": {
                    "@Qualifiers": "",
                    "#text": "1"
                },
                "Version": "0",
                "Level": "0",
                "Task": "1",
                "Opcode": "0",
                "Keywords": "0x8000000000000000",
                "TimeCreated": {
                    "@SystemTime": "2022-04-21 08:39:08.425055+00:00"
                },
                "EventRecordID": "77",
                "Correlation": {
                    "@ActivityID": "{167568a4-6477-43f2-98f4-0a745576f5c0}",
                    "@RelatedActivityID": ""
                },
                "Execution": {
                    "@ProcessID": "1532",
                    "@ThreadID": "16612"
                },
                "Channel": "Setup",
                "Computer": "N900B7FFD.kapsch.co.at",
                "Security": {
                    "@UserID": "S-1-5-18"
                }
            },
            "UserData": {
                "CbsPackageInitiateChanges": {
                    "@xmlns": "http://manifests.microsoft.com/win/2004/08/windows/setup_provider",
                    "PackageIdentifier": "Language Pack",
                    "InitialPackageState": "5080",
                    "InitialPackageStateTextized": "Superseded",
                    "IntendedPackageState": "5000",
                    "IntendedPackageStateTextized": "Absent",
                    "Client": "CbsTask"
                }
            }
        }
    },
    {
        "Event": {
            "@xmlns": "http://schemas.microsoft.com/win/2004/08/events/event",
            "System": {
                "Provider": {
                    "@Name": "Microsoft-Windows-Servicing",
                    "@Guid": "{bd12f3b8-fc40-4a61-a307-b7a013a069c1}"
                },
                "EventID": {
                    "@Qualifiers": "",
                    "#text": "1"
                },
                "Version": "0",
                "Level": "0",
                "Task": "1",
                "Opcode": "0",
                "Keywords": "0x8000000000000000",
                "TimeCreated": {
                    "@SystemTime": "2022-04-21 08:39:13.664316+00:00"
                },
                "EventRecordID": "78",
                "Correlation": {
                    "@ActivityID": "{167568a4-6477-43f2-98f4-0a745576f5c0}",
                    "@RelatedActivityID": ""
                },
                "Execution": {
                    "@ProcessID": "1532",
                    "@ThreadID": "16612"
                },
                "Channel": "Setup",
                "Computer": "N900B7FFD.kapsch.co.at",
                "Security": {
                    "@UserID": "S-1-5-18"
                }
            },
            "UserData": {
                "CbsPackageInitiateChanges": {
                    "@xmlns": "http://manifests.microsoft.com/win/2004/08/windows/setup_provider",
                    "PackageIdentifier": "Language Pack",
                    "InitialPackageState": "5080",
                    "InitialPackageStateTextized": "Superseded",
                    "IntendedPackageState": "5000",
                    "IntendedPackageStateTextized": "Absent",
                    "Client": "CbsTask"
                }
            }
        }
    },
    {
        "Event": {
            "@xmlns": "http://schemas.microsoft.com/win/2004/08/events/event",
            "System": {
                "Provider": {
                    "@Name": "Microsoft-Windows-Servicing",
                    "@Guid": "{bd12f3b8-fc40-4a61-a307-b7a013a069c1}"
                },
                "EventID": {
                    "@Qualifiers": "",
                    "#text": "1"
                },
                "Version": "0",
                "Level": "0",
                "Task": "1",
                "Opcode": "0",
                "Keywords": "0x8000000000000000",
                "TimeCreated": {
                    "@SystemTime": "2022-04-21 08:39:18.690289+00:00"
                },
                "EventRecordID": "79",
                "Correlation": {
                    "@ActivityID": "{167568a4-6477-43f2-98f4-0a745576f5c0}",
                    "@RelatedActivityID": ""
                },
                "Execution": {
                    "@ProcessID": "1532",
                    "@ThreadID": "16612"
                },
                "Channel": "Setup",
                "Computer": "N900B7FFD.kapsch.co.at",
                "Security": {
                    "@UserID": "S-1-5-18"
                }
            },
            "UserData": {
                "CbsPackageInitiateChanges": {
                    "@xmlns": "http://manifests.microsoft.com/win/2004/08/windows/setup_provider",
                    "PackageIdentifier": "Language Pack",
                    "InitialPackageState": "5080",
                    "InitialPackageStateTextized": "Superseded",
                    "IntendedPackageState": "5000",
                    "IntendedPackageStateTextized": "Absent",
                    "Client": "CbsTask"
                }
            }
        }
    },
    {
        "Event": {
            "@xmlns": "http://schemas.microsoft.com/win/2004/08/events/event",
            "System": {
                "Provider": {
                    "@Name": "Microsoft-Windows-Servicing",
                    "@Guid": "{bd12f3b8-fc40-4a61-a307-b7a013a069c1}"
                },
                "EventID": {
                    "@Qualifiers": "",
                    "#text": "1"
                },
                "Version": "0",
                "Level": "0",
                "Task": "1",
                "Opcode": "0",
                "Keywords": "0x8000000000000000",
                "TimeCreated": {
                    "@SystemTime": "2022-04-21 08:39:23.942257+00:00"
                },
                "EventRecordID": "80",
                "Correlation": {
                    "@ActivityID": "{167568a4-6477-43f2-98f4-0a745576f5c0}",
                    "@RelatedActivityID": ""
                },
                "Execution": {
                    "@ProcessID": "1532",
                    "@ThreadID": "16612"
                },
                "Channel": "Setup",
                "Computer": "N900B7FFD.kapsch.co.at",
                "Security": {
                    "@UserID": "S-1-5-18"
                }
            },
            "UserData": {
                "CbsPackageInitiateChanges": {
                    "@xmlns": "http://manifests.microsoft.com/win/2004/08/windows/setup_provider",
                    "PackageIdentifier": "Language Pack",
                    "InitialPackageState": "5080",
                    "InitialPackageStateTextized": "Superseded",
                    "IntendedPackageState": "5000",
                    "IntendedPackageStateTextized": "Absent",
                    "Client": "CbsTask"
                }
            }
        }
    },
    {
        "Event": {
            "@xmlns": "http://schemas.microsoft.com/win/2004/08/events/event",
            "System": {
                "Provider": {
                    "@Name": "Microsoft-Windows-Servicing",
                    "@Guid": "{bd12f3b8-fc40-4a61-a307-b7a013a069c1}"
                },
                "EventID": {
                    "@Qualifiers": "",
                    "#text": "1"
                },
                "Version": "0",
                "Level": "0",
                "Task": "1",
                "Opcode": "0",
                "Keywords": "0x8000000000000000",
                "TimeCreated": {
                    "@SystemTime": "2022-04-21 08:39:29.283049+00:00"
                },
                "EventRecordID": "81",
                "Correlation": {
                    "@ActivityID": "{167568a4-6477-43f2-98f4-0a745576f5c0}",
                    "@RelatedActivityID": ""
                },
                "Execution": {
                    "@ProcessID": "1532",
                    "@ThreadID": "16612"
                },
                "Channel": "Setup",
                "Computer": "N900B7FFD.kapsch.co.at",
                "Security": {
                    "@UserID": "S-1-5-18"
                }
            },
            "UserData": {
                "CbsPackageInitiateChanges": {
                    "@xmlns": "http://manifests.microsoft.com/win/2004/08/windows/setup_provider",
                    "PackageIdentifier": "Language Pack",
                    "InitialPackageState": "5080",
                    "InitialPackageStateTextized": "Superseded",
                    "IntendedPackageState": "5000",
                    "IntendedPackageStateTextized": "Absent",
                    "Client": "CbsTask"
                }
            }
        }
    },
    {
        "Event": {
            "@xmlns": "http://schemas.microsoft.com/win/2004/08/events/event",
            "System": {
                "Provider": {
                    "@Name": "Microsoft-Windows-Servicing",
                    "@Guid": "{bd12f3b8-fc40-4a61-a307-b7a013a069c1}"
                },
                "EventID": {
                    "@Qualifiers": "",
                    "#text": "1"
                },
                "Version": "0",
                "Level": "0",
                "Task": "1",
                "Opcode": "0",
                "Keywords": "0x8000000000000000",
                "TimeCreated": {
                    "@SystemTime": "2022-04-21 08:39:34.456089+00:00"
                },
                "EventRecordID": "82",
                "Correlation": {
                    "@ActivityID": "{167568a4-6477-43f2-98f4-0a745576f5c0}",
                    "@RelatedActivityID": ""
                },
                "Execution": {
                    "@ProcessID": "1532",
                    "@ThreadID": "16612"
                },
                "Channel": "Setup",
                "Computer": "N900B7FFD.kapsch.co.at",
                "Security": {
                    "@UserID": "S-1-5-18"
                }
            },
            "UserData": {
                "CbsPackageInitiateChanges": {
                    "@xmlns": "http://manifests.microsoft.com/win/2004/08/windows/setup_provider",
                    "PackageIdentifier": "Language Pack",
                    "InitialPackageState": "5080",
                    "InitialPackageStateTextized": "Superseded",
                    "IntendedPackageState": "5000",
                    "IntendedPackageStateTextized": "Absent",
                    "Client": "CbsTask"
                }
            }
        }
    },
    {
        "Event": {
            "@xmlns": "http://schemas.microsoft.com/win/2004/08/events/event",
            "System": {
                "Provider": {
                    "@Name": "Microsoft-Windows-Servicing",
                    "@Guid": "{bd12f3b8-fc40-4a61-a307-b7a013a069c1}"
                },
                "EventID": {
                    "@Qualifiers": "",
                    "#text": "1"
                },
                "Version": "0",
                "Level": "0",
                "Task": "1",
                "Opcode": "0",
                "Keywords": "0x8000000000000000",
                "TimeCreated": {
                    "@SystemTime": "2022-04-21 08:39:39.702703+00:00"
                },
                "EventRecordID": "83",
                "Correlation": {
                    "@ActivityID": "{167568a4-6477-43f2-98f4-0a745576f5c0}",
                    "@RelatedActivityID": ""
                },
                "Execution": {
                    "@ProcessID": "1532",
                    "@ThreadID": "16612"
                },
                "Channel": "Setup",
                "Computer": "N900B7FFD.kapsch.co.at",
                "Security": {
                    "@UserID": "S-1-5-18"
                }
            },
            "UserData": {
                "CbsPackageInitiateChanges": {
                    "@xmlns": "http://manifests.microsoft.com/win/2004/08/windows/setup_provider",
                    "PackageIdentifier": "Internet-Explorer-Optional-Package",
                    "InitialPackageState": "5080",
                    "InitialPackageStateTextized": "Superseded",
                    "IntendedPackageState": "5000",
                    "IntendedPackageStateTextized": "Absent",
                    "Client": "CbsTask"
                }
            }
        }
    },
    {
        "Event": {
            "@xmlns": "http://schemas.microsoft.com/win/2004/08/events/event",
            "System": {
                "Provider": {
                    "@Name": "Microsoft-Windows-Servicing",
                    "@Guid": "{bd12f3b8-fc40-4a61-a307-b7a013a069c1}"
                },
                "EventID": {
                    "@Qualifiers": "",
                    "#text": "1"
                },
                "Version": "0",
                "Level": "0",
                "Task": "1",
                "Opcode": "0",
                "Keywords": "0x8000000000000000",
                "TimeCreated": {
                    "@SystemTime": "2022-04-21 08:39:40.062729+00:00"
                },
                "EventRecordID": "84",
                "Correlation": {
                    "@ActivityID": "{167568a4-6477-43f2-98f4-0a745576f5c0}",
                    "@RelatedActivityID": ""
                },
                "Execution": {
                    "@ProcessID": "1532",
                    "@ThreadID": "16612"
                },
                "Channel": "Setup",
                "Computer": "N900B7FFD.kapsch.co.at",
                "Security": {
                    "@UserID": "S-1-5-18"
                }
            },
            "UserData": {
                "CbsPackageInitiateChanges": {
                    "@xmlns": "http://manifests.microsoft.com/win/2004/08/windows/setup_provider",
                    "PackageIdentifier": "KB777778",
                    "InitialPackageState": "5080",
                    "InitialPackageStateTextized": "Superseded",
                    "IntendedPackageState": "5000",
                    "IntendedPackageStateTextized": "Absent",
                    "Client": "CbsTask"
                }
            }
        }
    },
    {
        "Event": {
            "@xmlns": "http://schemas.microsoft.com/win/2004/08/events/event",
            "System": {
                "Provider": {
                    "@Name": "Microsoft-Windows-Servicing",
                    "@Guid": "{bd12f3b8-fc40-4a61-a307-b7a013a069c1}"
                },
                "EventID": {
                    "@Qualifiers": "",
                    "#text": "1"
                },
                "Version": "0",
                "Level": "0",
                "Task": "1",
                "Opcode": "0",
                "Keywords": "0x8000000000000000",
                "TimeCreated": {
                    "@SystemTime": "2022-04-21 08:39:40.383055+00:00"
                },
                "EventRecordID": "85",
                "Correlation": {
                    "@ActivityID": "{167568a4-6477-43f2-98f4-0a745576f5c0}",
                    "@RelatedActivityID": ""
                },
                "Execution": {
                    "@ProcessID": "1532",
                    "@ThreadID": "16612"
                },
                "Channel": "Setup",
                "Computer": "N900B7FFD.kapsch.co.at",
                "Security": {
                    "@UserID": "S-1-5-18"
                }
            },
            "UserData": {
                "CbsPackageInitiateChanges": {
                    "@xmlns": "http://manifests.microsoft.com/win/2004/08/windows/setup_provider",
                    "PackageIdentifier": "Microsoft-Windows-Notepad-FoD-cs-CZ",
                    "InitialPackageState": "5080",
                    "InitialPackageStateTextized": "Superseded",
                    "IntendedPackageState": "5000",
                    "IntendedPackageStateTextized": "Absent",
                    "Client": "CbsTask"
                }
            }
        }
    },
    {
        "Event": {
            "@xmlns": "http://schemas.microsoft.com/win/2004/08/events/event",
            "System": {
                "Provider": {
                    "@Name": "Microsoft-Windows-Servicing",
                    "@Guid": "{bd12f3b8-fc40-4a61-a307-b7a013a069c1}"
                },
                "EventID": {
                    "@Qualifiers": "",
                    "#text": "1"
                },
                "Version": "0",
                "Level": "0",
                "Task": "1",
                "Opcode": "0",
                "Keywords": "0x8000000000000000",
                "TimeCreated": {
                    "@SystemTime": "2022-04-21 08:39:40.711634+00:00"
                },
                "EventRecordID": "86",
                "Correlation": {
                    "@ActivityID": "{167568a4-6477-43f2-98f4-0a745576f5c0}",
                    "@RelatedActivityID": ""
                },
                "Execution": {
                    "@ProcessID": "1532",
                    "@ThreadID": "16612"
                },
                "Channel": "Setup",
                "Computer": "N900B7FFD.kapsch.co.at",
                "Security": {
                    "@UserID": "S-1-5-18"
                }
            },
            "UserData": {
                "CbsPackageInitiateChanges": {
                    "@xmlns": "http://manifests.microsoft.com/win/2004/08/windows/setup_provider",
                    "PackageIdentifier": "Microsoft-Windows-Notepad-FoD-de-DE",
                    "InitialPackageState": "5080",
                    "InitialPackageStateTextized": "Superseded",
                    "IntendedPackageState": "5000",
                    "IntendedPackageStateTextized": "Absent",
                    "Client": "CbsTask"
                }
            }
        }
    },
    {
        "Event": {
            "@xmlns": "http://schemas.microsoft.com/win/2004/08/events/event",
            "System": {
                "Provider": {
                    "@Name": "Microsoft-Windows-Servicing",
                    "@Guid": "{bd12f3b8-fc40-4a61-a307-b7a013a069c1}"
                },
                "EventID": {
                    "@Qualifiers": "",
                    "#text": "1"
                },
                "Version": "0",
                "Level": "0",
                "Task": "1",
                "Opcode": "0",
                "Keywords": "0x8000000000000000",
                "TimeCreated": {
                    "@SystemTime": "2022-04-21 08:39:41.034946+00:00"
                },
                "EventRecordID": "87",
                "Correlation": {
                    "@ActivityID": "{167568a4-6477-43f2-98f4-0a745576f5c0}",
                    "@RelatedActivityID": ""
                },
                "Execution": {
                    "@ProcessID": "1532",
                    "@ThreadID": "16612"
                },
                "Channel": "Setup",
                "Computer": "N900B7FFD.kapsch.co.at",
                "Security": {
                    "@UserID": "S-1-5-18"
                }
            },
            "UserData": {
                "CbsPackageInitiateChanges": {
                    "@xmlns": "http://manifests.microsoft.com/win/2004/08/windows/setup_provider",
                    "PackageIdentifier": "Microsoft-Windows-Notepad-FoD-en-US",
                    "InitialPackageState": "5080",
                    "InitialPackageStateTextized": "Superseded",
                    "IntendedPackageState": "5000",
                    "IntendedPackageStateTextized": "Absent",
                    "Client": "CbsTask"
                }
            }
        }
    },
