    {
        "Event": {
            "@xmlns": "http://schemas.microsoft.com/win/2004/08/events/event",
            "System": {
                "Provider": {
                    "@Name": "Microsoft-Windows-Servicing",
                    "@Guid": "{bd12f3b8-fc40-4a61-a307-b7a013a069c1}"
                },
                "EventID": {
                    "@Qualifiers": "",
                    "#text": "13"
                },
                "Version": "0",
                "Level": "0",
                "Task": "1",
                "Opcode": "0",
                "Keywords": "0x8000000000000000",
                "TimeCreated": {
                    "@SystemTime": "2022-11-07 12:09:36.547714+00:00"
                },
                "EventRecordID": "172",
                "Correlation": {
                    "@ActivityID": "{a4e2dd2a-0926-4960-9ed8-8d5e47892ba8}",
                    "@RelatedActivityID": ""
                },
                "Execution": {
                    "@ProcessID": "19712",
                    "@ThreadID": "13896"
                },
                "Channel": "Setup",
                "Computer": "N900B7FFD.kapsch.co.at",
                "Security": {
                    "@UserID": "S-1-5-18"
                }
            },
            "UserData": {
                "CbsUpdateChangeState": {
                    "@xmlns": "http://manifests.microsoft.com/win/2004/08/windows/setup_provider",
                    "UpdateName": "Microsoft-Windows-Subsystem-Linux",
                    "PackageIdentifier": "Microsoft-Windows-Lxss-Optional",
                    "ErrorCode": "0x0",
                    "Client": "DISM Package Manager Provider"
                }
            }
        }
    },
    {
        "Event": {
            "@xmlns": "http://schemas.microsoft.com/win/2004/08/events/event",
            "System": {
                "Provider": {
                    "@Name": "Microsoft-Windows-Servicing",
                    "@Guid": "{bd12f3b8-fc40-4a61-a307-b7a013a069c1}"
                },
                "EventID": {
                    "@Qualifiers": "",
                    "#text": "7"
                },
                "Version": "0",
                "Level": "0",
                "Task": "1",
                "Opcode": "0",
                "Keywords": "0x8000000000000000",
                "TimeCreated": {
                    "@SystemTime": "2022-11-07 12:12:12.886650+00:00"
                },
                "EventRecordID": "173",
                "Correlation": {
                    "@ActivityID": "{c0ba7652-c2f4-4cb7-b0fe-4fad85b5d636}",
                    "@RelatedActivityID": ""
                },
                "Execution": {
                    "@ProcessID": "19712",
                    "@ThreadID": "2448"
                },
                "Channel": "Setup",
                "Computer": "N900B7FFD.kapsch.co.at",
                "Security": {
                    "@UserID": "S-1-5-18"
                }
            },
            "UserData": {
                "CbsUpdateChangeState": {
                    "@xmlns": "http://manifests.microsoft.com/win/2004/08/windows/setup_provider",
                    "UpdateName": "VirtualMachinePlatform",
                    "PackageIdentifier": "Microsoft-Windows-HyperV-OptionalFeature-VirtualMachinePlatform-Disabled",
                    "ErrorCode": null,
                    "Client": "DISM Package Manager Provider"
                }
            }
        }
    },
    {
        "Event": {
            "@xmlns": "http://schemas.microsoft.com/win/2004/08/events/event",
            "System": {
                "Provider": {
                    "@Name": "Microsoft-Windows-Servicing",
                    "@Guid": "{bd12f3b8-fc40-4a61-a307-b7a013a069c1}"
                },
                "EventID": {
                    "@Qualifiers": "",
                    "#text": "13"
                },
                "Version": "0",
                "Level": "0",
                "Task": "1",
                "Opcode": "0",
                "Keywords": "0x8000000000000000",
                "TimeCreated": {
                    "@SystemTime": "2022-11-07 12:12:17.931728+00:00"
                },
                "EventRecordID": "174",
                "Correlation": {
                    "@ActivityID": "{c0ba7652-c2f4-4cb7-b0fe-4fad85b5d636}",
                    "@RelatedActivityID": ""
                },
                "Execution": {
                    "@ProcessID": "19712",
                    "@ThreadID": "2448"
                },
                "Channel": "Setup",
                "Computer": "N900B7FFD.kapsch.co.at",
                "Security": {
                    "@UserID": "S-1-5-18"
                }
            },
            "UserData": {
                "CbsUpdateChangeState": {
                    "@xmlns": "http://manifests.microsoft.com/win/2004/08/windows/setup_provider",
                    "UpdateName": "VirtualMachinePlatform",
                    "PackageIdentifier": "Microsoft-Windows-HyperV-OptionalFeature-VirtualMachinePlatform-Disabled",
                    "ErrorCode": "0x0",
                    "Client": "DISM Package Manager Provider"
                }
            }
        }
    },
    {
        "Event": {
            "@xmlns": "http://schemas.microsoft.com/win/2004/08/events/event",
            "System": {
                "Provider": {
                    "@Name": "Microsoft-Windows-Servicing",
                    "@Guid": "{bd12f3b8-fc40-4a61-a307-b7a013a069c1}"
                },
                "EventID": {
                    "@Qualifiers": "",
                    "#text": "8"
                },
                "Version": "0",
                "Level": "0",
                "Task": "1",
                "Opcode": "0",
                "Keywords": "0x8000000000000000",
                "TimeCreated": {
                    "@SystemTime": "2022-11-07 13:13:24.299314+00:00"
                },
                "EventRecordID": "175",
                "Correlation": {
                    "@ActivityID": "{52feda06-4227-4266-96c9-704ad977e736}",
                    "@RelatedActivityID": ""
                },
                "Execution": {
                    "@ProcessID": "14096",
                    "@ThreadID": "18380"
                },
                "Channel": "Setup",
                "Computer": "N900B7FFD.kapsch.co.at",
                "Security": {
                    "@UserID": "S-1-5-18"
                }
            },
            "UserData": {
                "CbsUpdateChangeState": {
                    "@xmlns": "http://manifests.microsoft.com/win/2004/08/windows/setup_provider",
                    "UpdateName": "Microsoft-Windows-Subsystem-Linux",
                    "PackageIdentifier": "Microsoft-Windows-Lxss-Optional",
                    "ErrorCode": null,
                    "Client": "DISM Package Manager Provider"
                }
            }
        }
    },
    {
        "Event": {
            "@xmlns": "http://schemas.microsoft.com/win/2004/08/events/event",
            "System": {
                "Provider": {
                    "@Name": "Microsoft-Windows-Servicing",
                    "@Guid": "{bd12f3b8-fc40-4a61-a307-b7a013a069c1}"
                },
                "EventID": {
                    "@Qualifiers": "",
                    "#text": "14"
                },
                "Version": "0",
                "Level": "0",
                "Task": "1",
                "Opcode": "0",
                "Keywords": "0x8000000000000000",
                "TimeCreated": {
                    "@SystemTime": "2022-11-07 13:13:26.499722+00:00"
                },
                "EventRecordID": "176",
                "Correlation": {
                    "@ActivityID": "{52feda06-4227-4266-96c9-704ad977e736}",
                    "@RelatedActivityID": ""
                },
                "Execution": {
                    "@ProcessID": "14096",
                    "@ThreadID": "18380"
                },
                "Channel": "Setup",
                "Computer": "N900B7FFD.kapsch.co.at",
                "Security": {
                    "@UserID": "S-1-5-18"
                }
            },
            "UserData": {
                "CbsUpdateChangeState": {
                    "@xmlns": "http://manifests.microsoft.com/win/2004/08/windows/setup_provider",
                    "UpdateName": "Microsoft-Windows-Subsystem-Linux",
                    "PackageIdentifier": "Microsoft-Windows-Lxss-Optional",
                    "ErrorCode": "0x0",
                    "Client": "DISM Package Manager Provider"
                }
            }
        }
    },
    {
        "Event": {
            "@xmlns": "http://schemas.microsoft.com/win/2004/08/events/event",
            "System": {
                "Provider": {
                    "@Name": "Microsoft-Windows-Servicing",
                    "@Guid": "{bd12f3b8-fc40-4a61-a307-b7a013a069c1}"
                },
                "EventID": {
                    "@Qualifiers": "",
                    "#text": "7"
                },
                "Version": "0",
                "Level": "0",
                "Task": "1",
                "Opcode": "0",
                "Keywords": "0x8000000000000000",
                "TimeCreated": {
                    "@SystemTime": "2022-11-07 13:14:00.108192+00:00"
                },
                "EventRecordID": "177",
                "Correlation": {
                    "@ActivityID": "{d232f3b7-d878-412d-9f85-4a0dd6921e3a}",
                    "@RelatedActivityID": ""
                },
                "Execution": {
                    "@ProcessID": "14096",
                    "@ThreadID": "18380"
                },
                "Channel": "Setup",
                "Computer": "N900B7FFD.kapsch.co.at",
                "Security": {
                    "@UserID": "S-1-5-18"
                }
            },
            "UserData": {
                "CbsUpdateChangeState": {
                    "@xmlns": "http://manifests.microsoft.com/win/2004/08/windows/setup_provider",
                    "UpdateName": "Microsoft-Windows-Subsystem-Linux",
                    "PackageIdentifier": "Microsoft-Windows-Lxss-Optional",
                    "ErrorCode": null,
                    "Client": "DISM Package Manager Provider"
                }
            }
        }
    },
    {
        "Event": {
            "@xmlns": "http://schemas.microsoft.com/win/2004/08/events/event",
            "System": {
                "Provider": {
                    "@Name": "Microsoft-Windows-Servicing",
                    "@Guid": "{bd12f3b8-fc40-4a61-a307-b7a013a069c1}"
                },
                "EventID": {
                    "@Qualifiers": "",
                    "#text": "13"
                },
                "Version": "0",
                "Level": "0",
                "Task": "1",
                "Opcode": "0",
                "Keywords": "0x8000000000000000",
                "TimeCreated": {
                    "@SystemTime": "2022-11-07 13:14:02.193676+00:00"
                },
                "EventRecordID": "178",
                "Correlation": {
                    "@ActivityID": "{d232f3b7-d878-412d-9f85-4a0dd6921e3a}",
                    "@RelatedActivityID": ""
                },
                "Execution": {
                    "@ProcessID": "14096",
                    "@ThreadID": "18380"
                },
                "Channel": "Setup",
                "Computer": "N900B7FFD.kapsch.co.at",
                "Security": {
                    "@UserID": "S-1-5-18"
                }
            },
            "UserData": {
                "CbsUpdateChangeState": {
                    "@xmlns": "http://manifests.microsoft.com/win/2004/08/windows/setup_provider",
                    "UpdateName": "Microsoft-Windows-Subsystem-Linux",
                    "PackageIdentifier": "Microsoft-Windows-Lxss-Optional",
                    "ErrorCode": "0x0",
                    "Client": "DISM Package Manager Provider"
                }
            }
        }
    },
    {
        "Event": {
            "@xmlns": "http://schemas.microsoft.com/win/2004/08/events/event",
            "System": {
                "Provider": {
                    "@Name": "Microsoft-Windows-Servicing",
                    "@Guid": "{bd12f3b8-fc40-4a61-a307-b7a013a069c1}"
                },
                "EventID": {
                    "@Qualifiers": "",
                    "#text": "9"
                },
                "Version": "0",
                "Level": "0",
                "Task": "1",
                "Opcode": "0",
                "Keywords": "0x8000000000000000",
                "TimeCreated": {
                    "@SystemTime": "2022-11-07 21:37:18.573055+00:00"
                },
                "EventRecordID": "179",
                "Correlation": {
                    "@ActivityID": "",
                    "@RelatedActivityID": ""
                },
                "Execution": {
                    "@ProcessID": "3192",
                    "@ThreadID": "3316"
                },
                "Channel": "Setup",
                "Computer": "N900B7FFD.kapsch.co.at",
                "Security": {
                    "@UserID": "S-1-5-18"
                }
            },
            "UserData": {
                "CbsUpdateChangeState": {
                    "@xmlns": "http://manifests.microsoft.com/win/2004/08/windows/setup_provider",
                    "UpdateName": "Microsoft-Windows-Subsystem-Linux",
                    "PackageIdentifier": "Microsoft-Windows-Lxss-Optional",
                    "ErrorCode": "0x0",
                    "Client": "DISM Package Manager Provider"
                }
            }
        }
    },
    {
        "Event": {
            "@xmlns": "http://schemas.microsoft.com/win/2004/08/events/event",
            "System": {
                "Provider": {
                    "@Name": "Microsoft-Windows-Servicing",
                    "@Guid": "{bd12f3b8-fc40-4a61-a307-b7a013a069c1}"
                },
                "EventID": {
                    "@Qualifiers": "",
                    "#text": "9"
                },
                "Version": "0",
                "Level": "0",
                "Task": "1",
                "Opcode": "0",
                "Keywords": "0x8000000000000000",
                "TimeCreated": {
                    "@SystemTime": "2022-11-07 21:37:18.729588+00:00"
                },
                "EventRecordID": "180",
                "Correlation": {
                    "@ActivityID": "",
                    "@RelatedActivityID": ""
                },
                "Execution": {
                    "@ProcessID": "3192",
                    "@ThreadID": "3316"
                },
                "Channel": "Setup",
                "Computer": "N900B7FFD.kapsch.co.at",
                "Security": {
                    "@UserID": "S-1-5-18"
                }
            },
            "UserData": {
                "CbsUpdateChangeState": {
                    "@xmlns": "http://manifests.microsoft.com/win/2004/08/windows/setup_provider",
                    "UpdateName": "VirtualMachinePlatform",
                    "PackageIdentifier": "Microsoft-Windows-HyperV-OptionalFeature-VirtualMachinePlatform-Disabled",
                    "ErrorCode": "0x0",
                    "Client": "DISM Package Manager Provider"
                }
            }
        }
    },
    {
        "Event": {
            "@xmlns": "http://schemas.microsoft.com/win/2004/08/events/event",
            "System": {
                "Provider": {
                    "@Name": "Microsoft-Windows-Servicing",
                    "@Guid": "{bd12f3b8-fc40-4a61-a307-b7a013a069c1}"
                },
                "EventID": {
                    "@Qualifiers": "",
                    "#text": "10"
                },
                "Version": "0",
                "Level": "0",
                "Task": "1",
                "Opcode": "0",
                "Keywords": "0x8000000000000000",
                "TimeCreated": {
                    "@SystemTime": "2022-11-07 21:37:18.842527+00:00"
                },
                "EventRecordID": "181",
                "Correlation": {
                    "@ActivityID": "",
                    "@RelatedActivityID": ""
                },
                "Execution": {
                    "@ProcessID": "3192",
                    "@ThreadID": "3316"
                },
                "Channel": "Setup",
                "Computer": "N900B7FFD.kapsch.co.at",
                "Security": {
                    "@UserID": "S-1-5-18"
                }
            },
            "UserData": {
                "CbsUpdateChangeState": {
                    "@xmlns": "http://manifests.microsoft.com/win/2004/08/windows/setup_provider",
                    "UpdateName": "Microsoft-Windows-Subsystem-Linux",
                    "PackageIdentifier": "Microsoft-Windows-Lxss-Optional",
                    "ErrorCode": "0x0",
                    "Client": "DISM Package Manager Provider"
                }
            }
        }
    },
    {
        "Event": {
            "@xmlns": "http://schemas.microsoft.com/win/2004/08/events/event",
            "System": {
                "Provider": {
                    "@Name": "Microsoft-Windows-Servicing",
                    "@Guid": "{bd12f3b8-fc40-4a61-a307-b7a013a069c1}"
                },
                "EventID": {
                    "@Qualifiers": "",
                    "#text": "9"
                },
                "Version": "0",
                "Level": "0",
                "Task": "1",
                "Opcode": "0",
                "Keywords": "0x8000000000000000",
                "TimeCreated": {
                    "@SystemTime": "2022-11-07 21:37:18.894012+00:00"
                },
                "EventRecordID": "182",
                "Correlation": {
                    "@ActivityID": "",
                    "@RelatedActivityID": ""
                },
                "Execution": {
                    "@ProcessID": "3192",
                    "@ThreadID": "3316"
                },
                "Channel": "Setup",
                "Computer": "N900B7FFD.kapsch.co.at",
                "Security": {
                    "@UserID": "S-1-5-18"
                }
            },
            "UserData": {
                "CbsUpdateChangeState": {
                    "@xmlns": "http://manifests.microsoft.com/win/2004/08/windows/setup_provider",
                    "UpdateName": "Microsoft-Windows-Subsystem-Linux",
                    "PackageIdentifier": "Microsoft-Windows-Lxss-Optional",
                    "ErrorCode": "0x0",
                    "Client": "DISM Package Manager Provider"
                }
            }
        }
    },
    {
        "Event": {
            "@xmlns": "http://schemas.microsoft.com/win/2004/08/events/event",
            "System": {
                "Provider": {
                    "@Name": "Microsoft-Windows-Servicing",
                    "@Guid": "{bd12f3b8-fc40-4a61-a307-b7a013a069c1}"
                },
                "EventID": {
                    "@Qualifiers": "",
                    "#text": "1"
                },
                "Version": "0",
                "Level": "0",
                "Task": "1",
                "Opcode": "0",
                "Keywords": "0x8000000000000000",
                "TimeCreated": {
                    "@SystemTime": "2022-11-10 09:11:30.843035+00:00"
                },
                "EventRecordID": "186",
                "Correlation": {
                    "@ActivityID": "{afe90c83-7cd6-45ae-9ab0-e2c7bc8f7718}",
                    "@RelatedActivityID": ""
                },
                "Execution": {
                    "@ProcessID": "3268",
                    "@ThreadID": "3516"
                },
                "Channel": "Setup",
                "Computer": "N900B7FFD.kapsch.co.at",
                "Security": {
                    "@UserID": "S-1-5-18"
                }
            },
            "UserData": {
                "CbsPackageInitiateChanges": {
                    "@xmlns": "http://manifests.microsoft.com/win/2004/08/windows/setup_provider",
                    "PackageIdentifier": "KB5016616",
                    "InitialPackageState": "5080",
                    "InitialPackageStateTextized": "Superseded",
                    "IntendedPackageState": "5000",
                    "IntendedPackageStateTextized": "Absent",
                    "Client": "CbsTask"
                }
            }
        }
    },
    {
        "Event": {
            "@xmlns": "http://schemas.microsoft.com/win/2004/08/events/event",
            "System": {
                "Provider": {
                    "@Name": "Microsoft-Windows-Servicing",
                    "@Guid": "{bd12f3b8-fc40-4a61-a307-b7a013a069c1}"
                },
                "EventID": {
                    "@Qualifiers": "",
                    "#text": "1"
                },
                "Version": "0",
                "Level": "0",
                "Task": "1",
                "Opcode": "0",
                "Keywords": "0x8000000000000000",
                "TimeCreated": {
                    "@SystemTime": "2022-11-10 09:12:25.114902+00:00"
                },
                "EventRecordID": "187",
                "Correlation": {
                    "@ActivityID": "{afe90c83-7cd6-45ae-9ab0-e2c7bc8f7718}",
                    "@RelatedActivityID": ""
                },
                "Execution": {
                    "@ProcessID": "3268",
                    "@ThreadID": "3516"
                },
                "Channel": "Setup",
                "Computer": "N900B7FFD.kapsch.co.at",
                "Security": {
                    "@UserID": "S-1-5-18"
                }
            },
            "UserData": {
                "CbsPackageInitiateChanges": {
                    "@xmlns": "http://manifests.microsoft.com/win/2004/08/windows/setup_provider",
                    "PackageIdentifier": "KB5013624",
                    "InitialPackageState": "5080",
                    "InitialPackageStateTextized": "Superseded",
                    "IntendedPackageState": "5000",
                    "IntendedPackageStateTextized": "Absent",
                    "Client": "CbsTask"
                }
            }
        }
    }
]