    {
        "Event": {
            "@xmlns": "http://schemas.microsoft.com/win/2004/08/events/event",
            "System": {
                "Provider": {
                    "@Name": "Microsoft-Windows-Servicing",
                    "@Guid": "{bd12f3b8-fc40-4a61-a307-b7a013a069c1}"
                },
                "EventID": {
                    "@Qualifiers": "",
                    "#text": "1"
                },
                "Version": "0",
                "Level": "0",
                "Task": "1",
                "Opcode": "0",
                "Keywords": "0x8000000000000000",
                "TimeCreated": {
                    "@SystemTime": "2022-08-04 18:10:09.949108+00:00"
                },
                "EventRecordID": "144",
                "Correlation": {
                    "@ActivityID": "",
                    "@RelatedActivityID": ""
                },
                "Execution": {
                    "@ProcessID": "3444",
                    "@ThreadID": "16284"
                },
                "Channel": "Setup",
                "Computer": "N900B7FFD.kapsch.co.at",
                "Security": {
                    "@UserID": "S-1-5-18"
                }
            },
            "UserData": {
                "CbsPackageInitiateChanges": {
                    "@xmlns": "http://manifests.microsoft.com/win/2004/08/windows/setup_provider",
                    "PackageIdentifier": "KB777778",
                    "InitialPackageState": "5080",
                    "InitialPackageStateTextized": "Superseded",
                    "IntendedPackageState": "5000",
                    "IntendedPackageStateTextized": "Absent",
                    "Client": "Arbiter"
                }
            }
        }
    },
    {
        "Event": {
            "@xmlns": "http://schemas.microsoft.com/win/2004/08/events/event",
            "System": {
                "Provider": {
                    "@Name": "Microsoft-Windows-Servicing",
                    "@Guid": "{bd12f3b8-fc40-4a61-a307-b7a013a069c1}"
                },
                "EventID": {
                    "@Qualifiers": "",
                    "#text": "1"
                },
                "Version": "0",
                "Level": "0",
                "Task": "1",
                "Opcode": "0",
                "Keywords": "0x8000000000000000",
                "TimeCreated": {
                    "@SystemTime": "2022-08-04 18:10:10.316368+00:00"
                },
                "EventRecordID": "145",
                "Correlation": {
                    "@ActivityID": "",
                    "@RelatedActivityID": ""
                },
                "Execution": {
                    "@ProcessID": "3444",
                    "@ThreadID": "16284"
                },
                "Channel": "Setup",
                "Computer": "N900B7FFD.kapsch.co.at",
                "Security": {
                    "@UserID": "S-1-5-18"
                }
            },
            "UserData": {
                "CbsPackageInitiateChanges": {
                    "@xmlns": "http://manifests.microsoft.com/win/2004/08/windows/setup_provider",
                    "PackageIdentifier": "KB5012117",
                    "InitialPackageState": "5080",
                    "InitialPackageStateTextized": "Superseded",
                    "IntendedPackageState": "5000",
                    "IntendedPackageStateTextized": "Absent",
                    "Client": "Arbiter"
                }
            }
        }
    },
    {
        "Event": {
            "@xmlns": "http://schemas.microsoft.com/win/2004/08/events/event",
            "System": {
                "Provider": {
                    "@Name": "Microsoft-Windows-Servicing",
                    "@Guid": "{bd12f3b8-fc40-4a61-a307-b7a013a069c1}"
                },
                "EventID": {
                    "@Qualifiers": "",
                    "#text": "1"
                },
                "Version": "0",
                "Level": "0",
                "Task": "1",
                "Opcode": "0",
                "Keywords": "0x8000000000000000",
                "TimeCreated": {
                    "@SystemTime": "2022-08-04 18:17:47.588329+00:00"
                },
                "EventRecordID": "146",
                "Correlation": {
                    "@ActivityID": "{e783c36f-4b21-4524-b10f-4969150c653e}",
                    "@RelatedActivityID": ""
                },
                "Execution": {
                    "@ProcessID": "18632",
                    "@ThreadID": "9252"
                },
                "Channel": "Setup",
                "Computer": "N900B7FFD.kapsch.co.at",
                "Security": {
                    "@UserID": "S-1-5-18"
                }
            },
            "UserData": {
                "CbsPackageInitiateChanges": {
                    "@xmlns": "http://manifests.microsoft.com/win/2004/08/windows/setup_provider",
                    "PackageIdentifier": "KB5014671",
                    "InitialPackageState": "5000",
                    "InitialPackageStateTextized": "Absent",
                    "IntendedPackageState": "5112",
                    "IntendedPackageStateTextized": "Installed",
                    "Client": "UpdateAgentLCU"
                }
            }
        }
    },
    {
        "Event": {
            "@xmlns": "http://schemas.microsoft.com/win/2004/08/events/event",
            "System": {
                "Provider": {
                    "@Name": "Microsoft-Windows-Servicing",
                    "@Guid": "{bd12f3b8-fc40-4a61-a307-b7a013a069c1}"
                },
                "EventID": {
                    "@Qualifiers": "",
                    "#text": "2"
                },
                "Version": "0",
                "Level": "0",
                "Task": "1",
                "Opcode": "0",
                "Keywords": "0x8000000000000000",
                "TimeCreated": {
                    "@SystemTime": "2022-08-04 18:17:57.500404+00:00"
                },
                "EventRecordID": "147",
                "Correlation": {
                    "@ActivityID": "{e783c36f-4b21-4524-b10f-4969150c653e}",
                    "@RelatedActivityID": ""
                },
                "Execution": {
                    "@ProcessID": "18632",
                    "@ThreadID": "9252"
                },
                "Channel": "Setup",
                "Computer": "N900B7FFD.kapsch.co.at",
                "Security": {
                    "@UserID": "S-1-5-18"
                }
            },
            "UserData": {
                "CbsPackageChangeState": {
                    "@xmlns": "http://manifests.microsoft.com/win/2004/08/windows/setup_provider",
                    "PackageIdentifier": "KB5014671",
                    "IntendedPackageState": "5112",
                    "IntendedPackageStateTextized": "Installed",
                    "ErrorCode": "0x0",
                    "Client": "UpdateAgentLCU"
                }
            }
        }
    },
    {
        "Event": {
            "@xmlns": "http://schemas.microsoft.com/win/2004/08/events/event",
            "System": {
                "Provider": {
                    "@Name": "Microsoft-Windows-Servicing",
                    "@Guid": "{bd12f3b8-fc40-4a61-a307-b7a013a069c1}"
                },
                "EventID": {
                    "@Qualifiers": "",
                    "#text": "1"
                },
                "Version": "0",
                "Level": "0",
                "Task": "1",
                "Opcode": "0",
                "Keywords": "0x8000000000000000",
                "TimeCreated": {
                    "@SystemTime": "2022-08-04 18:18:51.901222+00:00"
                },
                "EventRecordID": "148",
                "Correlation": {
                    "@ActivityID": "{cc1d1097-fc04-4ea1-8b48-5df54f83441e}",
                    "@RelatedActivityID": ""
                },
                "Execution": {
                    "@ProcessID": "15744",
                    "@ThreadID": "16172"
                },
                "Channel": "Setup",
                "Computer": "N900B7FFD.kapsch.co.at",
                "Security": {
                    "@UserID": "S-1-5-18"
                }
            },
            "UserData": {
                "CbsPackageInitiateChanges": {
                    "@xmlns": "http://manifests.microsoft.com/win/2004/08/windows/setup_provider",
                    "PackageIdentifier": "KB5015807",
                    "InitialPackageState": "5000",
                    "InitialPackageStateTextized": "Absent",
                    "IntendedPackageState": "5112",
                    "IntendedPackageStateTextized": "Installed",
                    "Client": "UpdateAgentLCU"
                }
            }
        }
    },
    {
        "Event": {
            "@xmlns": "http://schemas.microsoft.com/win/2004/08/events/event",
            "System": {
                "Provider": {
                    "@Name": "Microsoft-Windows-Servicing",
                    "@Guid": "{bd12f3b8-fc40-4a61-a307-b7a013a069c1}"
                },
                "EventID": {
                    "@Qualifiers": "",
                    "#text": "4"
                },
                "Version": "0",
                "Level": "0",
                "Task": "1",
                "Opcode": "0",
                "Keywords": "0x8000000000000000",
                "TimeCreated": {
                    "@SystemTime": "2022-08-04 18:32:52.660078+00:00"
                },
                "EventRecordID": "149",
                "Correlation": {
                    "@ActivityID": "{cc1d1097-fc04-4ea1-8b48-5df54f83441e}",
                    "@RelatedActivityID": ""
                },
                "Execution": {
                    "@ProcessID": "15744",
                    "@ThreadID": "16172"
                },
                "Channel": "Setup",
                "Computer": "N900B7FFD.kapsch.co.at",
                "Security": {
                    "@UserID": "S-1-5-18"
                }
            },
            "UserData": {
                "CbsPackageChangeState": {
                    "@xmlns": "http://manifests.microsoft.com/win/2004/08/windows/setup_provider",
                    "PackageIdentifier": "KB5015807",
                    "IntendedPackageState": "5112",
                    "IntendedPackageStateTextized": "Installed",
                    "ErrorCode": "0x0",
                    "Client": "UpdateAgentLCU"
                }
            }
        }
    },
    {
        "Event": {
            "@xmlns": "http://schemas.microsoft.com/win/2004/08/events/event",
            "System": {
                "Provider": {
                    "@Name": "Microsoft-Windows-Servicing",
                    "@Guid": "{bd12f3b8-fc40-4a61-a307-b7a013a069c1}"
                },
                "EventID": {
                    "@Qualifiers": "",
                    "#text": "2"
                },
                "Version": "0",
                "Level": "0",
                "Task": "1",
                "Opcode": "0",
                "Keywords": "0x8000000000000000",
                "TimeCreated": {
                    "@SystemTime": "2022-08-04 19:24:49.440960+00:00"
                },
                "EventRecordID": "150",
                "Correlation": {
                    "@ActivityID": "{cb9fe6a1-a837-0005-64e7-9fcb37a8d801}",
                    "@RelatedActivityID": ""
                },
                "Execution": {
                    "@ProcessID": "3420",
                    "@ThreadID": "3600"
                },
                "Channel": "Setup",
                "Computer": "N900B7FFD.kapsch.co.at",
                "Security": {
                    "@UserID": "S-1-5-18"
                }
            },
            "UserData": {
                "CbsPackageChangeState": {
                    "@xmlns": "http://manifests.microsoft.com/win/2004/08/windows/setup_provider",
                    "PackageIdentifier": "KB5015807",
                    "IntendedPackageState": "5112",
                    "IntendedPackageStateTextized": "Installed",
                    "ErrorCode": "0x0",
                    "Client": "UpdateAgentLCU"
                }
            }
        }
    },
    {
        "Event": {
            "@xmlns": "http://schemas.microsoft.com/win/2004/08/events/event",
            "System": {
                "Provider": {
                    "@Name": "Microsoft-Windows-Servicing",
                    "@Guid": "{bd12f3b8-fc40-4a61-a307-b7a013a069c1}"
                },
                "EventID": {
                    "@Qualifiers": "",
                    "#text": "1"
                },
                "Version": "0",
                "Level": "0",
                "Task": "1",
                "Opcode": "0",
                "Keywords": "0x8000000000000000",
                "TimeCreated": {
                    "@SystemTime": "2022-08-19 10:32:37.919363+00:00"
                },
                "EventRecordID": "151",
                "Correlation": {
                    "@ActivityID": "",
                    "@RelatedActivityID": ""
                },
                "Execution": {
                    "@ProcessID": "13532",
                    "@ThreadID": "9828"
                },
                "Channel": "Setup",
                "Computer": "N900B7FFD.kapsch.co.at",
                "Security": {
                    "@UserID": "S-1-5-18"
                }
            },
            "UserData": {
                "CbsPackageInitiateChanges": {
                    "@xmlns": "http://manifests.microsoft.com/win/2004/08/windows/setup_provider",
                    "PackageIdentifier": "KB5012170",
                    "InitialPackageState": "5000",
                    "InitialPackageStateTextized": "Absent",
                    "IntendedPackageState": "5112",
                    "IntendedPackageStateTextized": "Installed",
                    "Client": "WindowsUpdateAgent"
                }
            }
        }
    },
    {
        "Event": {
            "@xmlns": "http://schemas.microsoft.com/win/2004/08/events/event",
            "System": {
                "Provider": {
                    "@Name": "Microsoft-Windows-Servicing",
                    "@Guid": "{bd12f3b8-fc40-4a61-a307-b7a013a069c1}"
                },
                "EventID": {
                    "@Qualifiers": "",
                    "#text": "2"
                },
                "Version": "0",
                "Level": "0",
                "Task": "1",
                "Opcode": "0",
                "Keywords": "0x8000000000000000",
                "TimeCreated": {
                    "@SystemTime": "2022-08-19 10:32:40.829987+00:00"
                },
                "EventRecordID": "152",
                "Correlation": {
                    "@ActivityID": "",
                    "@RelatedActivityID": ""
                },
                "Execution": {
                    "@ProcessID": "13532",
                    "@ThreadID": "9828"
                },
                "Channel": "Setup",
                "Computer": "N900B7FFD.kapsch.co.at",
                "Security": {
                    "@UserID": "S-1-5-18"
                }
            },
            "UserData": {
                "CbsPackageChangeState": {
                    "@xmlns": "http://manifests.microsoft.com/win/2004/08/windows/setup_provider",
                    "PackageIdentifier": "KB5012170",
                    "IntendedPackageState": "5112",
                    "IntendedPackageStateTextized": "Installed",
                    "ErrorCode": "0x0",
                    "Client": "WindowsUpdateAgent"
                }
            }
        }
    },
    {
        "Event": {
            "@xmlns": "http://schemas.microsoft.com/win/2004/08/events/event",
            "System": {
                "Provider": {
                    "@Name": "Microsoft-Windows-Servicing",
                    "@Guid": "{bd12f3b8-fc40-4a61-a307-b7a013a069c1}"
                },
                "EventID": {
                    "@Qualifiers": "",
                    "#text": "1"
                },
                "Version": "0",
                "Level": "0",
                "Task": "1",
                "Opcode": "0",
                "Keywords": "0x8000000000000000",
                "TimeCreated": {
                    "@SystemTime": "2022-08-19 10:44:20.880863+00:00"
                },
                "EventRecordID": "153",
                "Correlation": {
                    "@ActivityID": "{452c5ab6-128e-4c8f-b7c7-6e9a68ed1d85}",
                    "@RelatedActivityID": ""
                },
                "Execution": {
                    "@ProcessID": "3308",
                    "@ThreadID": "15316"
                },
                "Channel": "Setup",
                "Computer": "N900B7FFD.kapsch.co.at",
                "Security": {
                    "@UserID": "S-1-5-18"
                }
            },
            "UserData": {
                "CbsPackageInitiateChanges": {
                    "@xmlns": "http://manifests.microsoft.com/win/2004/08/windows/setup_provider",
                    "PackageIdentifier": "KB5015895",
                    "InitialPackageState": "5000",
                    "InitialPackageStateTextized": "Absent",
                    "IntendedPackageState": "5112",
                    "IntendedPackageStateTextized": "Installed",
                    "Client": "UpdateAgentLCU"
                }
            }
        }
    },
    {
        "Event": {
            "@xmlns": "http://schemas.microsoft.com/win/2004/08/events/event",
            "System": {
                "Provider": {
                    "@Name": "Microsoft-Windows-Servicing",
                    "@Guid": "{bd12f3b8-fc40-4a61-a307-b7a013a069c1}"
                },
                "EventID": {
                    "@Qualifiers": "",
                    "#text": "2"
                },
                "Version": "0",
                "Level": "0",
                "Task": "1",
                "Opcode": "0",
                "Keywords": "0x8000000000000000",
                "TimeCreated": {
                    "@SystemTime": "2022-08-19 10:44:29.548323+00:00"
                },
                "EventRecordID": "154",
                "Correlation": {
                    "@ActivityID": "{452c5ab6-128e-4c8f-b7c7-6e9a68ed1d85}",
                    "@RelatedActivityID": ""
                },
                "Execution": {
                    "@ProcessID": "3308",
                    "@ThreadID": "15316"
                },
                "Channel": "Setup",
                "Computer": "N900B7FFD.kapsch.co.at",
                "Security": {
                    "@UserID": "S-1-5-18"
                }
            },
            "UserData": {
                "CbsPackageChangeState": {
                    "@xmlns": "http://manifests.microsoft.com/win/2004/08/windows/setup_provider",
                    "PackageIdentifier": "KB5015895",
                    "IntendedPackageState": "5112",
                    "IntendedPackageStateTextized": "Installed",
                    "ErrorCode": "0x0",
                    "Client": "UpdateAgentLCU"
                }
            }
        }
    },
    {
        "Event": {
            "@xmlns": "http://schemas.microsoft.com/win/2004/08/events/event",
            "System": {
                "Provider": {
                    "@Name": "Microsoft-Windows-Servicing",
                    "@Guid": "{bd12f3b8-fc40-4a61-a307-b7a013a069c1}"
                },
                "EventID": {
                    "@Qualifiers": "",
                    "#text": "1"
                },
                "Version": "0",
                "Level": "0",
                "Task": "1",
                "Opcode": "0",
                "Keywords": "0x8000000000000000",
                "TimeCreated": {
                    "@SystemTime": "2022-08-19 10:45:20.236830+00:00"
                },
                "EventRecordID": "155",
                "Correlation": {
                    "@ActivityID": "{0b583186-8c75-4ad0-aa8d-97c188f05496}",
                    "@RelatedActivityID": ""
                },
                "Execution": {
                    "@ProcessID": "7820",
                    "@ThreadID": "20344"
                },
                "Channel": "Setup",
                "Computer": "N900B7FFD.kapsch.co.at",
                "Security": {
                    "@UserID": "S-1-5-18"
                }
            },
            "UserData": {
                "CbsPackageInitiateChanges": {
                    "@xmlns": "http://manifests.microsoft.com/win/2004/08/windows/setup_provider",
                    "PackageIdentifier": "KB5016616",
                    "InitialPackageState": "5000",
                    "InitialPackageStateTextized": "Absent",
                    "IntendedPackageState": "5112",
                    "IntendedPackageStateTextized": "Installed",
                    "Client": "UpdateAgentLCU"
                }
            }
        }
    },
    {
        "Event": {
            "@xmlns": "http://schemas.microsoft.com/win/2004/08/events/event",
            "System": {
                "Provider": {
                    "@Name": "Microsoft-Windows-Servicing",
                    "@Guid": "{bd12f3b8-fc40-4a61-a307-b7a013a069c1}"
                },
                "EventID": {
                    "@Qualifiers": "",
                    "#text": "4"
                },
                "Version": "0",
                "Level": "0",
                "Task": "1",
                "Opcode": "0",
                "Keywords": "0x8000000000000000",
                "TimeCreated": {
                    "@SystemTime": "2022-08-19 11:01:15.665541+00:00"
                },
                "EventRecordID": "156",
                "Correlation": {
                    "@ActivityID": "{0b583186-8c75-4ad0-aa8d-97c188f05496}",
                    "@RelatedActivityID": ""
                },
                "Execution": {
                    "@ProcessID": "7820",
                    "@ThreadID": "20344"
                },
                "Channel": "Setup",
                "Computer": "N900B7FFD.kapsch.co.at",
                "Security": {
                    "@UserID": "S-1-5-18"
                }
            },
            "UserData": {
                "CbsPackageChangeState": {
                    "@xmlns": "http://manifests.microsoft.com/win/2004/08/windows/setup_provider",
                    "PackageIdentifier": "KB5016616",
                    "IntendedPackageState": "5112",
                    "IntendedPackageStateTextized": "Installed",
                    "ErrorCode": "0x0",
                    "Client": "UpdateAgentLCU"
                }
            }
        }
    },
    {
        "Event": {
            "@xmlns": "http://schemas.microsoft.com/win/2004/08/events/event",
            "System": {
                "Provider": {
                    "@Name": "Microsoft-Windows-Servicing",
                    "@Guid": "{bd12f3b8-fc40-4a61-a307-b7a013a069c1}"
                },
                "EventID": {
                    "@Qualifiers": "",
                    "#text": "2"
                },
                "Version": "0",
                "Level": "0",
                "Task": "1",
                "Opcode": "0",
                "Keywords": "0x8000000000000000",
                "TimeCreated": {
                    "@SystemTime": "2022-08-19 14:36:31.369442+00:00"
                },
                "EventRecordID": "157",
                "Correlation": {
                    "@ActivityID": "{0306e862-b3d9-0007-17e9-0603d9b3d801}",
                    "@RelatedActivityID": ""
                },
                "Execution": {
                    "@ProcessID": "3356",
                    "@ThreadID": "3452"
                },
                "Channel": "Setup",
                "Computer": "N900B7FFD.kapsch.co.at",
                "Security": {
                    "@UserID": "S-1-5-18"
                }
            },
            "UserData": {
                "CbsPackageChangeState": {
                    "@xmlns": "http://manifests.microsoft.com/win/2004/08/windows/setup_provider",
                    "PackageIdentifier": "KB5016616",
                    "IntendedPackageState": "5112",
                    "IntendedPackageStateTextized": "Installed",
                    "ErrorCode": "0x0",
                    "Client": "UpdateAgentLCU"
                }
            }
        }
    },
    {
        "Event": {
            "@xmlns": "http://schemas.microsoft.com/win/2004/08/events/event",
            "System": {
                "Provider": {
                    "@Name": "Microsoft-Windows-Servicing",
                    "@Guid": "{bd12f3b8-fc40-4a61-a307-b7a013a069c1}"
                },
                "EventID": {
                    "@Qualifiers": "",
                    "#text": "1"
                },
                "Version": "0",
                "Level": "0",
                "Task": "1",
                "Opcode": "0",
                "Keywords": "0x8000000000000000",
                "TimeCreated": {
                    "@SystemTime": "2022-09-16 07:15:43.638048+00:00"
                },
                "EventRecordID": "158",
                "Correlation": {
                    "@ActivityID": "",
                    "@RelatedActivityID": ""
                },
                "Execution": {
                    "@ProcessID": "5944",
                    "@ThreadID": "1544"
                },
                "Channel": "Setup",
                "Computer": "N900B7FFD.kapsch.co.at",
                "Security": {
                    "@UserID": "S-1-5-18"
                }
            },
            "UserData": {
                "CbsPackageInitiateChanges": {
                    "@xmlns": "http://manifests.microsoft.com/win/2004/08/windows/setup_provider",
                    "PackageIdentifier": "KB5014699",
                    "InitialPackageState": "5080",
                    "InitialPackageStateTextized": "Superseded",
                    "IntendedPackageState": "5000",
                    "IntendedPackageStateTextized": "Absent",
                    "Client": "Arbiter"
                }
            }
        }
    },
    {
        "Event": {
            "@xmlns": "http://schemas.microsoft.com/win/2004/08/events/event",
            "System": {
                "Provider": {
                    "@Name": "Microsoft-Windows-Servicing",
                    "@Guid": "{bd12f3b8-fc40-4a61-a307-b7a013a069c1}"
                },
                "EventID": {
                    "@Qualifiers": "",
                    "#text": "1"
                },
                "Version": "0",
                "Level": "0",
                "Task": "1",
                "Opcode": "0",
                "Keywords": "0x8000000000000000",
                "TimeCreated": {
                    "@SystemTime": "2022-09-16 07:17:42.814930+00:00"
                },
                "EventRecordID": "159",
                "Correlation": {
                    "@ActivityID": "",
                    "@RelatedActivityID": ""
                },
                "Execution": {
                    "@ProcessID": "5944",
                    "@ThreadID": "16228"
                },
                "Channel": "Setup",
                "Computer": "N900B7FFD.kapsch.co.at",
                "Security": {
                    "@UserID": "S-1-5-18"
                }
            },
            "UserData": {
                "CbsPackageInitiateChanges": {
                    "@xmlns": "http://manifests.microsoft.com/win/2004/08/windows/setup_provider",
                    "PackageIdentifier": "KB5017022",
                    "InitialPackageState": "5000",
                    "InitialPackageStateTextized": "Absent",
                    "IntendedPackageState": "5112",
                    "IntendedPackageStateTextized": "Installed",
                    "Client": "WindowsUpdateAgent"
                }
            }
        }
    },
    {
        "Event": {
            "@xmlns": "http://schemas.microsoft.com/win/2004/08/events/event",
            "System": {
                "Provider": {
                    "@Name": "Microsoft-Windows-Servicing",
                    "@Guid": "{bd12f3b8-fc40-4a61-a307-b7a013a069c1}"
                },
                "EventID": {
                    "@Qualifiers": "",
                    "#text": "1"
                },
                "Version": "0",
                "Level": "0",
                "Task": "1",
                "Opcode": "0",
                "Keywords": "0x8000000000000000",
                "TimeCreated": {
                    "@SystemTime": "2022-09-16 07:22:19.862028+00:00"
                },
                "EventRecordID": "160",
                "Correlation": {
                    "@ActivityID": "{e82f0d96-f380-4ff3-beb1-fb3228bc4a59}",
                    "@RelatedActivityID": ""
                },
                "Execution": {
                    "@ProcessID": "5944",
                    "@ThreadID": "9108"
                },
                "Channel": "Setup",
                "Computer": "N900B7FFD.kapsch.co.at",
                "Security": {
                    "@UserID": "S-1-5-18"
                }
            },
            "UserData": {
                "CbsPackageInitiateChanges": {
                    "@xmlns": "http://manifests.microsoft.com/win/2004/08/windows/setup_provider",
                    "PackageIdentifier": "KB5016705",
                    "InitialPackageState": "5000",
                    "InitialPackageStateTextized": "Absent",
                    "IntendedPackageState": "5112",
                    "IntendedPackageStateTextized": "Installed",
                    "Client": "UpdateAgentLCU"
                }
            }
        }
    },
    {
        "Event": {
            "@xmlns": "http://schemas.microsoft.com/win/2004/08/events/event",
            "System": {
                "Provider": {
                    "@Name": "Microsoft-Windows-Servicing",
                    "@Guid": "{bd12f3b8-fc40-4a61-a307-b7a013a069c1}"
                },
                "EventID": {
                    "@Qualifiers": "",
                    "#text": "2"
                },
                "Version": "0",
                "Level": "0",
                "Task": "1",
                "Opcode": "0",
                "Keywords": "0x8000000000000000",
                "TimeCreated": {
                    "@SystemTime": "2022-09-16 07:23:27.418600+00:00"
                },
                "EventRecordID": "161",
                "Correlation": {
                    "@ActivityID": "{e82f0d96-f380-4ff3-beb1-fb3228bc4a59}",
                    "@RelatedActivityID": ""
                },
                "Execution": {
                    "@ProcessID": "5944",
                    "@ThreadID": "9108"
                },
                "Channel": "Setup",
                "Computer": "N900B7FFD.kapsch.co.at",
                "Security": {
                    "@UserID": "S-1-5-18"
                }
            },
            "UserData": {
                "CbsPackageChangeState": {
                    "@xmlns": "http://manifests.microsoft.com/win/2004/08/windows/setup_provider",
                    "PackageIdentifier": "KB5016705",
                    "IntendedPackageState": "5112",
                    "IntendedPackageStateTextized": "Installed",
                    "ErrorCode": "0x0",
                    "Client": "UpdateAgentLCU"
                }
            }
        }
    },
    {
        "Event": {
            "@xmlns": "http://schemas.microsoft.com/win/2004/08/events/event",
            "System": {
                "Provider": {
                    "@Name": "Microsoft-Windows-Servicing",
                    "@Guid": "{bd12f3b8-fc40-4a61-a307-b7a013a069c1}"
                },
                "EventID": {
                    "@Qualifiers": "",
                    "#text": "1"
                },
                "Version": "0",
                "Level": "0",
                "Task": "1",
                "Opcode": "0",
                "Keywords": "0x8000000000000000",
                "TimeCreated": {
                    "@SystemTime": "2022-09-16 07:23:40.251808+00:00"
                },
                "EventRecordID": "162",
                "Correlation": {
                    "@ActivityID": "{e33eff55-f05a-4380-b663-5b9e45928e18}",
                    "@RelatedActivityID": ""
                },
                "Execution": {
                    "@ProcessID": "7924",
                    "@ThreadID": "12180"
                },
                "Channel": "Setup",
                "Computer": "N900B7FFD.kapsch.co.at",
                "Security": {
                    "@UserID": "S-1-5-18"
                }
            },
            "UserData": {
                "CbsPackageInitiateChanges": {
                    "@xmlns": "http://manifests.microsoft.com/win/2004/08/windows/setup_provider",
                    "PackageIdentifier": "KB5017308",
                    "InitialPackageState": "5000",
                    "InitialPackageStateTextized": "Absent",
                    "IntendedPackageState": "5112",
                    "IntendedPackageStateTextized": "Installed",
                    "Client": "UpdateAgentLCU"
                }
            }
        }
    },
    {
        "Event": {
            "@xmlns": "http://schemas.microsoft.com/win/2004/08/events/event",
            "System": {
                "Provider": {
                    "@Name": "Microsoft-Windows-Servicing",
                    "@Guid": "{bd12f3b8-fc40-4a61-a307-b7a013a069c1}"
                },
                "EventID": {
                    "@Qualifiers": "",
                    "#text": "4"
                },
                "Version": "0",
                "Level": "0",
                "Task": "1",
                "Opcode": "0",
                "Keywords": "0x8000000000000000",
                "TimeCreated": {
                    "@SystemTime": "2022-09-16 07:37:52.704931+00:00"
                },
                "EventRecordID": "163",
                "Correlation": {
                    "@ActivityID": "{e33eff55-f05a-4380-b663-5b9e45928e18}",
                    "@RelatedActivityID": ""
                },
                "Execution": {
                    "@ProcessID": "7924",
                    "@ThreadID": "12180"
                },
                "Channel": "Setup",
                "Computer": "N900B7FFD.kapsch.co.at",
                "Security": {
                    "@UserID": "S-1-5-18"
                }
            },
            "UserData": {
                "CbsPackageChangeState": {
                    "@xmlns": "http://manifests.microsoft.com/win/2004/08/windows/setup_provider",
                    "PackageIdentifier": "KB5017308",
                    "IntendedPackageState": "5112",
                    "IntendedPackageStateTextized": "Installed",
                    "ErrorCode": "0x0",
                    "Client": "UpdateAgentLCU"
                }
            }
        }
    },
    {
        "Event": {
            "@xmlns": "http://schemas.microsoft.com/win/2004/08/events/event",
            "System": {
                "Provider": {
                    "@Name": "Microsoft-Windows-Servicing",
                    "@Guid": "{bd12f3b8-fc40-4a61-a307-b7a013a069c1}"
                },
                "EventID": {
                    "@Qualifiers": "",
                    "#text": "4"
                },
                "Version": "0",
                "Level": "0",
                "Task": "1",
                "Opcode": "0",
                "Keywords": "0x8000000000000000",
                "TimeCreated": {
                    "@SystemTime": "2022-09-16 14:58:03.400948+00:00"
                },
                "EventRecordID": "164",
                "Correlation": {
                    "@ActivityID": "{d948f4b0-87e3-445e-84f3-cfd42ca09411}",
                    "@RelatedActivityID": ""
                },
                "Execution": {
                    "@ProcessID": "13012",
                    "@ThreadID": "19912"
                },
                "Channel": "Setup",
                "Computer": "N900B7FFD.kapsch.co.at",
                "Security": {
                    "@UserID": "S-1-5-18"
                }
            },
            "UserData": {
                "CbsPackageChangeState": {
                    "@xmlns": "http://manifests.microsoft.com/win/2004/08/windows/setup_provider",
                    "PackageIdentifier": "KB5017022",
                    "IntendedPackageState": "5112",
                    "IntendedPackageStateTextized": "Installed",
                    "ErrorCode": "0x0",
                    "Client": "WindowsUpdateAgent"
                }
            }
        }
    },
    {
        "Event": {
            "@xmlns": "http://schemas.microsoft.com/win/2004/08/events/event",
            "System": {
                "Provider": {
                    "@Name": "Microsoft-Windows-Servicing",
                    "@Guid": "{bd12f3b8-fc40-4a61-a307-b7a013a069c1}"
                },
                "EventID": {
                    "@Qualifiers": "",
                    "#text": "2"
                },
                "Version": "0",
                "Level": "0",
                "Task": "1",
                "Opcode": "0",
                "Keywords": "0x8000000000000000",
                "TimeCreated": {
                    "@SystemTime": "2022-09-16 14:59:24.679020+00:00"
                },
                "EventRecordID": "165",
                "Correlation": {
                    "@ActivityID": "{d694badd-c9dc-0003-21bc-94d6dcc9d801}",
                    "@RelatedActivityID": ""
                },
                "Execution": {
                    "@ProcessID": "3224",
                    "@ThreadID": "3276"
                },
                "Channel": "Setup",
                "Computer": "N900B7FFD.kapsch.co.at",
                "Security": {
                    "@UserID": "S-1-5-18"
                }
            },
            "UserData": {
                "CbsPackageChangeState": {
                    "@xmlns": "http://manifests.microsoft.com/win/2004/08/windows/setup_provider",
                    "PackageIdentifier": "KB5017022",
                    "IntendedPackageState": "5112",
                    "IntendedPackageStateTextized": "Installed",
                    "ErrorCode": "0x0",
                    "Client": "WindowsUpdateAgent"
                }
            }
        }
    },
    {
        "Event": {
            "@xmlns": "http://schemas.microsoft.com/win/2004/08/events/event",
            "System": {
                "Provider": {
                    "@Name": "Microsoft-Windows-Servicing",
                    "@Guid": "{bd12f3b8-fc40-4a61-a307-b7a013a069c1}"
                },
                "EventID": {
                    "@Qualifiers": "",
                    "#text": "2"
                },
                "Version": "0",
                "Level": "0",
                "Task": "1",
                "Opcode": "0",
                "Keywords": "0x8000000000000000",
                "TimeCreated": {
                    "@SystemTime": "2022-09-16 14:59:24.773460+00:00"
                },
                "EventRecordID": "166",
                "Correlation": {
                    "@ActivityID": "{d694badd-c9dc-0003-21bc-94d6dcc9d801}",
                    "@RelatedActivityID": ""
                },
                "Execution": {
                    "@ProcessID": "3224",
                    "@ThreadID": "3276"
                },
                "Channel": "Setup",
                "Computer": "N900B7FFD.kapsch.co.at",
                "Security": {
                    "@UserID": "S-1-5-18"
                }
            },
            "UserData": {
                "CbsPackageChangeState": {
                    "@xmlns": "http://manifests.microsoft.com/win/2004/08/windows/setup_provider",
                    "PackageIdentifier": "KB5017308",
                    "IntendedPackageState": "5112",
                    "IntendedPackageStateTextized": "Installed",
                    "ErrorCode": "0x0",
                    "Client": "UpdateAgentLCU"
                }
            }
        }
    },
    {
        "Event": {
            "@xmlns": "http://schemas.microsoft.com/win/2004/08/events/event",
            "System": {
                "Provider": {
                    "@Name": "Microsoft-Windows-Servicing",
                    "@Guid": "{bd12f3b8-fc40-4a61-a307-b7a013a069c1}"
                },
                "EventID": {
                    "@Qualifiers": "",
                    "#text": "1"
                },
                "Version": "0",
                "Level": "0",
                "Task": "1",
                "Opcode": "0",
                "Keywords": "0x8000000000000000",
                "TimeCreated": {
                    "@SystemTime": "2022-09-22 12:55:01.987719+00:00"
                },
                "EventRecordID": "167",
                "Correlation": {
                    "@ActivityID": "{fff20b3f-ae87-4acb-941d-1272d090a800}",
                    "@RelatedActivityID": ""
                },
                "Execution": {
                    "@ProcessID": "17384",
                    "@ThreadID": "8696"
                },
                "Channel": "Setup",
                "Computer": "N900B7FFD.kapsch.co.at",
                "Security": {
                    "@UserID": "S-1-5-18"
                }
            },
            "UserData": {
                "CbsPackageInitiateChanges": {
                    "@xmlns": "http://manifests.microsoft.com/win/2004/08/windows/setup_provider",
                    "PackageIdentifier": "KB5015807",
                    "InitialPackageState": "5080",
                    "InitialPackageStateTextized": "Superseded",
                    "IntendedPackageState": "5000",
                    "IntendedPackageStateTextized": "Absent",
                    "Client": "CbsTask"
                }
            }
        }
    },
    {
        "Event": {
            "@xmlns": "http://schemas.microsoft.com/win/2004/08/events/event",
            "System": {
                "Provider": {
                    "@Name": "Microsoft-Windows-Servicing",
                    "@Guid": "{bd12f3b8-fc40-4a61-a307-b7a013a069c1}"
                },
                "EventID": {
                    "@Qualifiers": "",
                    "#text": "1"
                },
                "Version": "0",
                "Level": "0",
                "Task": "1",
                "Opcode": "0",
                "Keywords": "0x8000000000000000",
                "TimeCreated": {
                    "@SystemTime": "2022-10-12 14:00:07.346966+00:00"
                },
                "EventRecordID": "168",
                "Correlation": {
                    "@ActivityID": "{d150c7c8-ac3d-465d-a62f-ef6089c5833b}",
                    "@RelatedActivityID": ""
                },
                "Execution": {
                    "@ProcessID": "16580",
                    "@ThreadID": "16372"
                },
                "Channel": "Setup",
                "Computer": "N900B7FFD.kapsch.co.at",
                "Security": {
                    "@UserID": "S-1-5-18"
                }
            },
            "UserData": {
                "CbsPackageInitiateChanges": {
                    "@xmlns": "http://manifests.microsoft.com/win/2004/08/windows/setup_provider",
                    "PackageIdentifier": "KB5018410",
                    "InitialPackageState": "5000",
                    "InitialPackageStateTextized": "Absent",
                    "IntendedPackageState": "5112",
                    "IntendedPackageStateTextized": "Installed",
                    "Client": "UpdateAgentLCU"
                }
            }
        }
    },
    {
        "Event": {
            "@xmlns": "http://schemas.microsoft.com/win/2004/08/events/event",
            "System": {
                "Provider": {
                    "@Name": "Microsoft-Windows-Servicing",
                    "@Guid": "{bd12f3b8-fc40-4a61-a307-b7a013a069c1}"
                },
                "EventID": {
                    "@Qualifiers": "",
                    "#text": "4"
                },
                "Version": "0",
                "Level": "0",
                "Task": "1",
                "Opcode": "0",
                "Keywords": "0x8000000000000000",
                "TimeCreated": {
                    "@SystemTime": "2022-10-12 14:13:06.621487+00:00"
                },
                "EventRecordID": "169",
                "Correlation": {
                    "@ActivityID": "{d150c7c8-ac3d-465d-a62f-ef6089c5833b}",
                    "@RelatedActivityID": ""
                },
                "Execution": {
                    "@ProcessID": "16580",
                    "@ThreadID": "16372"
                },
                "Channel": "Setup",
                "Computer": "N900B7FFD.kapsch.co.at",
                "Security": {
                    "@UserID": "S-1-5-18"
                }
            },
            "UserData": {
                "CbsPackageChangeState": {
                    "@xmlns": "http://manifests.microsoft.com/win/2004/08/windows/setup_provider",
                    "PackageIdentifier": "KB5018410",
                    "IntendedPackageState": "5112",
                    "IntendedPackageStateTextized": "Installed",
                    "ErrorCode": "0x0",
                    "Client": "UpdateAgentLCU"
                }
            }
        }
    },
    {
        "Event": {
            "@xmlns": "http://schemas.microsoft.com/win/2004/08/events/event",
            "System": {
                "Provider": {
                    "@Name": "Microsoft-Windows-Servicing",
                    "@Guid": "{bd12f3b8-fc40-4a61-a307-b7a013a069c1}"
                },
                "EventID": {
                    "@Qualifiers": "",
                    "#text": "2"
                },
                "Version": "0",
                "Level": "0",
                "Task": "1",
                "Opcode": "0",
                "Keywords": "0x8000000000000000",
                "TimeCreated": {
                    "@SystemTime": "2022-10-12 15:02:46.656733+00:00"
                },
                "EventRecordID": "170",
                "Correlation": {
                    "@ActivityID": "",
                    "@RelatedActivityID": ""
                },
                "Execution": {
                    "@ProcessID": "3228",
                    "@ThreadID": "3356"
                },
                "Channel": "Setup",
                "Computer": "N900B7FFD.kapsch.co.at",
                "Security": {
                    "@UserID": "S-1-5-18"
                }
            },
            "UserData": {
                "CbsPackageChangeState": {
                    "@xmlns": "http://manifests.microsoft.com/win/2004/08/windows/setup_provider",
                    "PackageIdentifier": "KB5018410",
                    "IntendedPackageState": "5112",
                    "IntendedPackageStateTextized": "Installed",
                    "ErrorCode": "0x0",
                    "Client": "UpdateAgentLCU"
                }
            }
        }
    },
    {
        "Event": {
            "@xmlns": "http://schemas.microsoft.com/win/2004/08/events/event",
            "System": {
                "Provider": {
                    "@Name": "Microsoft-Windows-Servicing",
                    "@Guid": "{bd12f3b8-fc40-4a61-a307-b7a013a069c1}"
                },
                "EventID": {
                    "@Qualifiers": "",
                    "#text": "7"
                },
                "Version": "0",
                "Level": "0",
                "Task": "1",
                "Opcode": "0",
                "Keywords": "0x8000000000000000",
                "TimeCreated": {
                    "@SystemTime": "2022-11-07 12:09:32.977518+00:00"
                },
                "EventRecordID": "171",
                "Correlation": {
                    "@ActivityID": "{a4e2dd2a-0926-4960-9ed8-8d5e47892ba8}",
                    "@RelatedActivityID": ""
                },
                "Execution": {
                    "@ProcessID": "19712",
                    "@ThreadID": "13896"
                },
                "Channel": "Setup",
                "Computer": "N900B7FFD.kapsch.co.at",
                "Security": {
                    "@UserID": "S-1-5-18"
                }
            },
            "UserData": {
                "CbsUpdateChangeState": {
                    "@xmlns": "http://manifests.microsoft.com/win/2004/08/windows/setup_provider",
                    "UpdateName": "Microsoft-Windows-Subsystem-Linux",
                    "PackageIdentifier": "Microsoft-Windows-Lxss-Optional",
                    "ErrorCode": null,
                    "Client": "DISM Package Manager Provider"
                }
            }
        }
    },
