    {
        "Event": {
            "@xmlns": "http://schemas.microsoft.com/win/2004/08/events/event",
            "System": {
                "Provider": {
                    "@Name": "Microsoft-Windows-Servicing",
                    "@Guid": "{bd12f3b8-fc40-4a61-a307-b7a013a069c1}"
                },
                "EventID": {
                    "@Qualifiers": "",
                    "#text": "4"
                },
                "Version": "0",
                "Level": "0",
                "Task": "1",
                "Opcode": "0",
                "Keywords": "0x8000000000000000",
                "TimeCreated": {
                    "@SystemTime": "2022-05-17 15:52:35.429882+00:00"
                },
                "EventRecordID": "116",
                "Correlation": {
                    "@ActivityID": "",
                    "@RelatedActivityID": ""
                },
                "Execution": {
                    "@ProcessID": "6492",
                    "@ThreadID": "9872"
                },
                "Channel": "Setup",
                "Computer": "N900B7FFD.kapsch.co.at",
                "Security": {
                    "@UserID": "S-1-5-18"
                }
            },
            "UserData": {
                "CbsPackageChangeState": {
                    "@xmlns": "http://manifests.microsoft.com/win/2004/08/windows/setup_provider",
                    "PackageIdentifier": "KB5011651",
                    "IntendedPackageState": "5112",
                    "IntendedPackageStateTextized": "Installed",
                    "ErrorCode": "0x0",
                    "Client": "WindowsUpdateAgent"
                }
            }
        }
    },
    {
        "Event": {
            "@xmlns": "http://schemas.microsoft.com/win/2004/08/events/event",
            "System": {
                "Provider": {
                    "@Name": "Microsoft-Windows-Servicing",
                    "@Guid": "{bd12f3b8-fc40-4a61-a307-b7a013a069c1}"
                },
                "EventID": {
                    "@Qualifiers": "",
                    "#text": "4"
                },
                "Version": "0",
                "Level": "0",
                "Task": "1",
                "Opcode": "0",
                "Keywords": "0x8000000000000000",
                "TimeCreated": {
                    "@SystemTime": "2022-05-17 15:52:35.429884+00:00"
                },
                "EventRecordID": "117",
                "Correlation": {
                    "@ActivityID": "",
                    "@RelatedActivityID": ""
                },
                "Execution": {
                    "@ProcessID": "6492",
                    "@ThreadID": "9872"
                },
                "Channel": "Setup",
                "Computer": "N900B7FFD.kapsch.co.at",
                "Security": {
                    "@UserID": "S-1-5-18"
                }
            },
            "UserData": {
                "CbsPackageChangeState": {
                    "@xmlns": "http://manifests.microsoft.com/win/2004/08/windows/setup_provider",
                    "PackageIdentifier": "KB5012599",
                    "IntendedPackageState": "5112",
                    "IntendedPackageStateTextized": "Installed",
                    "ErrorCode": "0x0",
                    "Client": "WindowsUpdateAgent"
                }
            }
        }
    },
    {
        "Event": {
            "@xmlns": "http://schemas.microsoft.com/win/2004/08/events/event",
            "System": {
                "Provider": {
                    "@Name": "Microsoft-Windows-Servicing",
                    "@Guid": "{bd12f3b8-fc40-4a61-a307-b7a013a069c1}"
                },
                "EventID": {
                    "@Qualifiers": "",
                    "#text": "2"
                },
                "Version": "0",
                "Level": "0",
                "Task": "1",
                "Opcode": "0",
                "Keywords": "0x8000000000000000",
                "TimeCreated": {
                    "@SystemTime": "2022-05-17 18:18:26.861324+00:00"
                },
                "EventRecordID": "118",
                "Correlation": {
                    "@ActivityID": "{74240c11-6a1a-0003-c90c-24741a6ad801}",
                    "@RelatedActivityID": ""
                },
                "Execution": {
                    "@ProcessID": "3820",
                    "@ThreadID": "3888"
                },
                "Channel": "Setup",
                "Computer": "N900B7FFD.kapsch.co.at",
                "Security": {
                    "@UserID": "S-1-5-18"
                }
            },
            "UserData": {
                "CbsPackageChangeState": {
                    "@xmlns": "http://manifests.microsoft.com/win/2004/08/windows/setup_provider",
                    "PackageIdentifier": "KB5011651",
                    "IntendedPackageState": "5112",
                    "IntendedPackageStateTextized": "Installed",
                    "ErrorCode": "0x0",
                    "Client": "WindowsUpdateAgent"
                }
            }
        }
    },
    {
        "Event": {
            "@xmlns": "http://schemas.microsoft.com/win/2004/08/events/event",
            "System": {
                "Provider": {
                    "@Name": "Microsoft-Windows-Servicing",
                    "@Guid": "{bd12f3b8-fc40-4a61-a307-b7a013a069c1}"
                },
                "EventID": {
                    "@Qualifiers": "",
                    "#text": "2"
                },
                "Version": "0",
                "Level": "0",
                "Task": "1",
                "Opcode": "0",
                "Keywords": "0x8000000000000000",
                "TimeCreated": {
                    "@SystemTime": "2022-05-17 18:18:26.861340+00:00"
                },
                "EventRecordID": "119",
                "Correlation": {
                    "@ActivityID": "{74240c11-6a1a-0003-c90c-24741a6ad801}",
                    "@RelatedActivityID": ""
                },
                "Execution": {
                    "@ProcessID": "3820",
                    "@ThreadID": "3888"
                },
                "Channel": "Setup",
                "Computer": "N900B7FFD.kapsch.co.at",
                "Security": {
                    "@UserID": "S-1-5-18"
                }
            },
            "UserData": {
                "CbsPackageChangeState": {
                    "@xmlns": "http://manifests.microsoft.com/win/2004/08/windows/setup_provider",
                    "PackageIdentifier": "KB5012599",
                    "IntendedPackageState": "5112",
                    "IntendedPackageStateTextized": "Installed",
                    "ErrorCode": "0x0",
                    "Client": "WindowsUpdateAgent"
                }
            }
        }
    },
    {
        "Event": {
            "@xmlns": "http://schemas.microsoft.com/win/2004/08/events/event",
            "System": {
                "Provider": {
                    "@Name": "Microsoft-Windows-Servicing",
                    "@Guid": "{bd12f3b8-fc40-4a61-a307-b7a013a069c1}"
                },
                "EventID": {
                    "@Qualifiers": "",
                    "#text": "1"
                },
                "Version": "0",
                "Level": "0",
                "Task": "1",
                "Opcode": "0",
                "Keywords": "0x8000000000000000",
                "TimeCreated": {
                    "@SystemTime": "2022-05-19 08:52:14.348061+00:00"
                },
                "EventRecordID": "120",
                "Correlation": {
                    "@ActivityID": "{28fa7c00-ccd0-4949-97ce-7b3a53e098e9}",
                    "@RelatedActivityID": ""
                },
                "Execution": {
                    "@ProcessID": "21432",
                    "@ThreadID": "2732"
                },
                "Channel": "Setup",
                "Computer": "N900B7FFD.kapsch.co.at",
                "Security": {
                    "@UserID": "S-1-5-18"
                }
            },
            "UserData": {
                "CbsPackageInitiateChanges": {
                    "@xmlns": "http://manifests.microsoft.com/win/2004/08/windows/setup_provider",
                    "PackageIdentifier": "KB5010342",
                    "InitialPackageState": "5080",
                    "InitialPackageStateTextized": "Superseded",
                    "IntendedPackageState": "5000",
                    "IntendedPackageStateTextized": "Absent",
                    "Client": "CbsTask"
                }
            }
        }
    },
    {
        "Event": {
            "@xmlns": "http://schemas.microsoft.com/win/2004/08/events/event",
            "System": {
                "Provider": {
                    "@Name": "Microsoft-Windows-Servicing",
                    "@Guid": "{bd12f3b8-fc40-4a61-a307-b7a013a069c1}"
                },
                "EventID": {
                    "@Qualifiers": "",
                    "#text": "1"
                },
                "Version": "0",
                "Level": "0",
                "Task": "1",
                "Opcode": "0",
                "Keywords": "0x8000000000000000",
                "TimeCreated": {
                    "@SystemTime": "2022-05-19 08:52:48.316166+00:00"
                },
                "EventRecordID": "121",
                "Correlation": {
                    "@ActivityID": "{28fa7c00-ccd0-4949-97ce-7b3a53e098e9}",
                    "@RelatedActivityID": ""
                },
                "Execution": {
                    "@ProcessID": "21432",
                    "@ThreadID": "2732"
                },
                "Channel": "Setup",
                "Computer": "N900B7FFD.kapsch.co.at",
                "Security": {
                    "@UserID": "S-1-5-18"
                }
            },
            "UserData": {
                "CbsPackageInitiateChanges": {
                    "@xmlns": "http://manifests.microsoft.com/win/2004/08/windows/setup_provider",
                    "PackageIdentifier": "KB4586876",
                    "InitialPackageState": "5080",
                    "InitialPackageStateTextized": "Superseded",
                    "IntendedPackageState": "5000",
                    "IntendedPackageStateTextized": "Absent",
                    "Client": "CbsTask"
                }
            }
        }
    },
    {
        "Event": {
            "@xmlns": "http://schemas.microsoft.com/win/2004/08/events/event",
            "System": {
                "Provider": {
                    "@Name": "Microsoft-Windows-Servicing",
                    "@Guid": "{bd12f3b8-fc40-4a61-a307-b7a013a069c1}"
                },
                "EventID": {
                    "@Qualifiers": "",
                    "#text": "1"
                },
                "Version": "0",
                "Level": "0",
                "Task": "1",
                "Opcode": "0",
                "Keywords": "0x8000000000000000",
                "TimeCreated": {
                    "@SystemTime": "2022-05-19 08:52:49.101961+00:00"
                },
                "EventRecordID": "122",
                "Correlation": {
                    "@ActivityID": "{28fa7c00-ccd0-4949-97ce-7b3a53e098e9}",
                    "@RelatedActivityID": ""
                },
                "Execution": {
                    "@ProcessID": "21432",
                    "@ThreadID": "2732"
                },
                "Channel": "Setup",
                "Computer": "N900B7FFD.kapsch.co.at",
                "Security": {
                    "@UserID": "S-1-5-18"
                }
            },
            "UserData": {
                "CbsPackageInitiateChanges": {
                    "@xmlns": "http://manifests.microsoft.com/win/2004/08/windows/setup_provider",
                    "PackageIdentifier": "KB5003537",
                    "InitialPackageState": "5080",
                    "InitialPackageStateTextized": "Superseded",
                    "IntendedPackageState": "5000",
                    "IntendedPackageStateTextized": "Absent",
                    "Client": "CbsTask"
                }
            }
        }
    },
    {
        "Event": {
            "@xmlns": "http://schemas.microsoft.com/win/2004/08/events/event",
            "System": {
                "Provider": {
                    "@Name": "Microsoft-Windows-Servicing",
                    "@Guid": "{bd12f3b8-fc40-4a61-a307-b7a013a069c1}"
                },
                "EventID": {
                    "@Qualifiers": "",
                    "#text": "1"
                },
                "Version": "0",
                "Level": "0",
                "Task": "1",
                "Opcode": "0",
                "Keywords": "0x8000000000000000",
                "TimeCreated": {
                    "@SystemTime": "2022-05-19 08:52:49.768629+00:00"
                },
                "EventRecordID": "123",
                "Correlation": {
                    "@ActivityID": "{28fa7c00-ccd0-4949-97ce-7b3a53e098e9}",
                    "@RelatedActivityID": ""
                },
                "Execution": {
                    "@ProcessID": "21432",
                    "@ThreadID": "2732"
                },
                "Channel": "Setup",
                "Computer": "N900B7FFD.kapsch.co.at",
                "Security": {
                    "@UserID": "S-1-5-18"
                }
            },
            "UserData": {
                "CbsPackageInitiateChanges": {
                    "@xmlns": "http://manifests.microsoft.com/win/2004/08/windows/setup_provider",
                    "PackageIdentifier": "KB5009467",
                    "InitialPackageState": "5080",
                    "InitialPackageStateTextized": "Superseded",
                    "IntendedPackageState": "5000",
                    "IntendedPackageStateTextized": "Absent",
                    "Client": "CbsTask"
                }
            }
        }
    },
    {
        "Event": {
            "@xmlns": "http://schemas.microsoft.com/win/2004/08/events/event",
            "System": {
                "Provider": {
                    "@Name": "Microsoft-Windows-Servicing",
                    "@Guid": "{bd12f3b8-fc40-4a61-a307-b7a013a069c1}"
                },
                "EventID": {
                    "@Qualifiers": "",
                    "#text": "1"
                },
                "Version": "0",
                "Level": "0",
                "Task": "1",
                "Opcode": "0",
                "Keywords": "0x8000000000000000",
                "TimeCreated": {
                    "@SystemTime": "2022-05-19 08:52:50.467125+00:00"
                },
                "EventRecordID": "124",
                "Correlation": {
                    "@ActivityID": "{28fa7c00-ccd0-4949-97ce-7b3a53e098e9}",
                    "@RelatedActivityID": ""
                },
                "Execution": {
                    "@ProcessID": "21432",
                    "@ThreadID": "2732"
                },
                "Channel": "Setup",
                "Computer": "N900B7FFD.kapsch.co.at",
                "Security": {
                    "@UserID": "S-1-5-18"
                }
            },
            "UserData": {
                "CbsPackageInitiateChanges": {
                    "@xmlns": "http://manifests.microsoft.com/win/2004/08/windows/setup_provider",
                    "PackageIdentifier": "KB5010472",
                    "InitialPackageState": "5080",
                    "InitialPackageStateTextized": "Superseded",
                    "IntendedPackageState": "5000",
                    "IntendedPackageStateTextized": "Absent",
                    "Client": "CbsTask"
                }
            }
        }
    },
    {
        "Event": {
            "@xmlns": "http://schemas.microsoft.com/win/2004/08/events/event",
            "System": {
                "Provider": {
                    "@Name": "Microsoft-Windows-Servicing",
                    "@Guid": "{bd12f3b8-fc40-4a61-a307-b7a013a069c1}"
                },
                "EventID": {
                    "@Qualifiers": "",
                    "#text": "1"
                },
                "Version": "0",
                "Level": "0",
                "Task": "1",
                "Opcode": "0",
                "Keywords": "0x8000000000000000",
                "TimeCreated": {
                    "@SystemTime": "2022-05-22 09:39:48.852530+00:00"
                },
                "EventRecordID": "125",
                "Correlation": {
                    "@ActivityID": "{f78db671-142b-4bc2-bc2b-c907fd31e41f}",
                    "@RelatedActivityID": ""
                },
                "Execution": {
                    "@ProcessID": "18900",
                    "@ThreadID": "18612"
                },
                "Channel": "Setup",
                "Computer": "N900B7FFD.kapsch.co.at",
                "Security": {
                    "@UserID": "S-1-5-18"
                }
            },
            "UserData": {
                "CbsPackageInitiateChanges": {
                    "@xmlns": "http://manifests.microsoft.com/win/2004/08/windows/setup_provider",
                    "PackageIdentifier": "KB5011487",
                    "InitialPackageState": "5080",
                    "InitialPackageStateTextized": "Superseded",
                    "IntendedPackageState": "5000",
                    "IntendedPackageStateTextized": "Absent",
                    "Client": "DISM Package Manager Provider"
                }
            }
        }
    },
    {
        "Event": {
            "@xmlns": "http://schemas.microsoft.com/win/2004/08/events/event",
            "System": {
                "Provider": {
                    "@Name": "Microsoft-Windows-Servicing",
                    "@Guid": "{bd12f3b8-fc40-4a61-a307-b7a013a069c1}"
                },
                "EventID": {
                    "@Qualifiers": "",
                    "#text": "1"
                },
                "Version": "0",
                "Level": "0",
                "Task": "1",
                "Opcode": "0",
                "Keywords": "0x8000000000000000",
                "TimeCreated": {
                    "@SystemTime": "2022-06-06 13:24:37.139750+00:00"
                },
                "EventRecordID": "126",
                "Correlation": {
                    "@ActivityID": "",
                    "@RelatedActivityID": ""
                },
                "Execution": {
                    "@ProcessID": "6632",
                    "@ThreadID": "12512"
                },
                "Channel": "Setup",
                "Computer": "N900B7FFD.kapsch.co.at",
                "Security": {
                    "@UserID": "S-1-5-18"
                }
            },
            "UserData": {
                "CbsPackageInitiateChanges": {
                    "@xmlns": "http://manifests.microsoft.com/win/2004/08/windows/setup_provider",
                    "PackageIdentifier": "KB5013624",
                    "InitialPackageState": "5000",
                    "InitialPackageStateTextized": "Absent",
                    "IntendedPackageState": "5112",
                    "IntendedPackageStateTextized": "Installed",
                    "Client": "WindowsUpdateAgent"
                }
            }
        }
    },
    {
        "Event": {
            "@xmlns": "http://schemas.microsoft.com/win/2004/08/events/event",
            "System": {
                "Provider": {
                    "@Name": "Microsoft-Windows-Servicing",
                    "@Guid": "{bd12f3b8-fc40-4a61-a307-b7a013a069c1}"
                },
                "EventID": {
                    "@Qualifiers": "",
                    "#text": "4"
                },
                "Version": "0",
                "Level": "0",
                "Task": "1",
                "Opcode": "0",
                "Keywords": "0x8000000000000000",
                "TimeCreated": {
                    "@SystemTime": "2022-06-06 13:26:16.460047+00:00"
                },
                "EventRecordID": "127",
                "Correlation": {
                    "@ActivityID": "{11a4dfed-e5ce-4888-b033-42610f040184}",
                    "@RelatedActivityID": ""
                },
                "Execution": {
                    "@ProcessID": "6632",
                    "@ThreadID": "8780"
                },
                "Channel": "Setup",
                "Computer": "N900B7FFD.kapsch.co.at",
                "Security": {
                    "@UserID": "S-1-5-18"
                }
            },
            "UserData": {
                "CbsPackageChangeState": {
                    "@xmlns": "http://manifests.microsoft.com/win/2004/08/windows/setup_provider",
                    "PackageIdentifier": "KB5013624",
                    "IntendedPackageState": "5112",
                    "IntendedPackageStateTextized": "Installed",
                    "ErrorCode": "0x0",
                    "Client": "WindowsUpdateAgent"
                }
            }
        }
    },
    {
        "Event": {
            "@xmlns": "http://schemas.microsoft.com/win/2004/08/events/event",
            "System": {
                "Provider": {
                    "@Name": "Microsoft-Windows-Servicing",
                    "@Guid": "{bd12f3b8-fc40-4a61-a307-b7a013a069c1}"
                },
                "EventID": {
                    "@Qualifiers": "",
                    "#text": "2"
                },
                "Version": "0",
                "Level": "0",
                "Task": "1",
                "Opcode": "0",
                "Keywords": "0x8000000000000000",
                "TimeCreated": {
                    "@SystemTime": "2022-06-06 13:26:44.824697+00:00"
                },
                "EventRecordID": "128",
                "Correlation": {
                    "@ActivityID": "",
                    "@RelatedActivityID": ""
                },
                "Execution": {
                    "@ProcessID": "3232",
                    "@ThreadID": "3376"
                },
                "Channel": "Setup",
                "Computer": "N900B7FFD.kapsch.co.at",
                "Security": {
                    "@UserID": "S-1-5-18"
                }
            },
            "UserData": {
                "CbsPackageChangeState": {
                    "@xmlns": "http://manifests.microsoft.com/win/2004/08/windows/setup_provider",
                    "PackageIdentifier": "KB5013624",
                    "IntendedPackageState": "5112",
                    "IntendedPackageStateTextized": "Installed",
                    "ErrorCode": "0x0",
                    "Client": "WindowsUpdateAgent"
                }
            }
        }
    },
    {
        "Event": {
            "@xmlns": "http://schemas.microsoft.com/win/2004/08/events/event",
            "System": {
                "Provider": {
                    "@Name": "Microsoft-Windows-Servicing",
                    "@Guid": "{bd12f3b8-fc40-4a61-a307-b7a013a069c1}"
                },
                "EventID": {
                    "@Qualifiers": "",
                    "#text": "1"
                },
                "Version": "0",
                "Level": "0",
                "Task": "1",
                "Opcode": "0",
                "Keywords": "0x8000000000000000",
                "TimeCreated": {
                    "@SystemTime": "2022-06-06 13:28:11.718317+00:00"
                },
                "EventRecordID": "129",
                "Correlation": {
                    "@ActivityID": "{ecf8e842-b6e1-4092-bd14-13153fde57f4}",
                    "@RelatedActivityID": ""
                },
                "Execution": {
                    "@ProcessID": "6960",
                    "@ThreadID": "7000"
                },
                "Channel": "Setup",
                "Computer": "N900B7FFD.kapsch.co.at",
                "Security": {
                    "@UserID": "S-1-5-18"
                }
            },
            "UserData": {
                "CbsPackageInitiateChanges": {
                    "@xmlns": "http://manifests.microsoft.com/win/2004/08/windows/setup_provider",
                    "PackageIdentifier": "KB5014032",
                    "InitialPackageState": "5000",
                    "InitialPackageStateTextized": "Absent",
                    "IntendedPackageState": "5112",
                    "IntendedPackageStateTextized": "Installed",
                    "Client": "UpdateAgentLCU"
                }
            }
        }
    },
    {
        "Event": {
            "@xmlns": "http://schemas.microsoft.com/win/2004/08/events/event",
            "System": {
                "Provider": {
                    "@Name": "Microsoft-Windows-Servicing",
                    "@Guid": "{bd12f3b8-fc40-4a61-a307-b7a013a069c1}"
                },
                "EventID": {
                    "@Qualifiers": "",
                    "#text": "2"
                },
                "Version": "0",
                "Level": "0",
                "Task": "1",
                "Opcode": "0",
                "Keywords": "0x8000000000000000",
                "TimeCreated": {
                    "@SystemTime": "2022-06-06 13:28:21.235523+00:00"
                },
                "EventRecordID": "130",
                "Correlation": {
                    "@ActivityID": "{ecf8e842-b6e1-4092-bd14-13153fde57f4}",
                    "@RelatedActivityID": ""
                },
                "Execution": {
                    "@ProcessID": "6960",
                    "@ThreadID": "7000"
                },
                "Channel": "Setup",
                "Computer": "N900B7FFD.kapsch.co.at",
                "Security": {
                    "@UserID": "S-1-5-18"
                }
            },
            "UserData": {
                "CbsPackageChangeState": {
                    "@xmlns": "http://manifests.microsoft.com/win/2004/08/windows/setup_provider",
                    "PackageIdentifier": "KB5014032",
                    "IntendedPackageState": "5112",
                    "IntendedPackageStateTextized": "Installed",
                    "ErrorCode": "0x0",
                    "Client": "UpdateAgentLCU"
                }
            }
        }
    },
    {
        "Event": {
            "@xmlns": "http://schemas.microsoft.com/win/2004/08/events/event",
            "System": {
                "Provider": {
                    "@Name": "Microsoft-Windows-Servicing",
                    "@Guid": "{bd12f3b8-fc40-4a61-a307-b7a013a069c1}"
                },
                "EventID": {
                    "@Qualifiers": "",
                    "#text": "1"
                },
                "Version": "0",
                "Level": "0",
                "Task": "1",
                "Opcode": "0",
                "Keywords": "0x8000000000000000",
                "TimeCreated": {
                    "@SystemTime": "2022-06-06 13:30:28.981575+00:00"
                },
                "EventRecordID": "131",
                "Correlation": {
                    "@ActivityID": "{e702e109-c667-4107-ad86-25b0b21437a1}",
                    "@RelatedActivityID": ""
                },
                "Execution": {
                    "@ProcessID": "11944",
                    "@ThreadID": "2656"
                },
                "Channel": "Setup",
                "Computer": "N900B7FFD.kapsch.co.at",
                "Security": {
                    "@UserID": "S-1-5-18"
                }
            },
            "UserData": {
                "CbsPackageInitiateChanges": {
                    "@xmlns": "http://manifests.microsoft.com/win/2004/08/windows/setup_provider",
                    "PackageIdentifier": "KB5000736",
                    "InitialPackageState": "5000",
                    "InitialPackageStateTextized": "Absent",
                    "IntendedPackageState": "5112",
                    "IntendedPackageStateTextized": "Installed",
                    "Client": "UpdateAgentLCU"
                }
            }
        }
    },
    {
        "Event": {
            "@xmlns": "http://schemas.microsoft.com/win/2004/08/events/event",
            "System": {
                "Provider": {
                    "@Name": "Microsoft-Windows-Servicing",
                    "@Guid": "{bd12f3b8-fc40-4a61-a307-b7a013a069c1}"
                },
                "EventID": {
                    "@Qualifiers": "",
                    "#text": "1"
                },
                "Version": "0",
                "Level": "0",
                "Task": "1",
                "Opcode": "0",
                "Keywords": "0x8000000000000000",
                "TimeCreated": {
                    "@SystemTime": "2022-06-06 13:30:28.981577+00:00"
                },
                "EventRecordID": "132",
                "Correlation": {
                    "@ActivityID": "{e702e109-c667-4107-ad86-25b0b21437a1}",
                    "@RelatedActivityID": ""
                },
                "Execution": {
                    "@ProcessID": "11944",
                    "@ThreadID": "2656"
                },
                "Channel": "Setup",
                "Computer": "N900B7FFD.kapsch.co.at",
                "Security": {
                    "@UserID": "S-1-5-18"
                }
            },
            "UserData": {
                "CbsPackageInitiateChanges": {
                    "@xmlns": "http://manifests.microsoft.com/win/2004/08/windows/setup_provider",
                    "PackageIdentifier": "KB5013942",
                    "InitialPackageState": "5000",
                    "InitialPackageStateTextized": "Absent",
                    "IntendedPackageState": "5112",
                    "IntendedPackageStateTextized": "Installed",
                    "Client": "UpdateAgentLCU"
                }
            }
        }
    },
    {
        "Event": {
            "@xmlns": "http://schemas.microsoft.com/win/2004/08/events/event",
            "System": {
                "Provider": {
                    "@Name": "Microsoft-Windows-Servicing",
                    "@Guid": "{bd12f3b8-fc40-4a61-a307-b7a013a069c1}"
                },
                "EventID": {
                    "@Qualifiers": "",
                    "#text": "4"
                },
                "Version": "0",
                "Level": "0",
                "Task": "1",
                "Opcode": "0",
                "Keywords": "0x8000000000000000",
                "TimeCreated": {
                    "@SystemTime": "2022-06-06 17:37:30.565975+00:00"
                },
                "EventRecordID": "133",
                "Correlation": {
                    "@ActivityID": "{e702e109-c667-4107-ad86-25b0b21437a1}",
                    "@RelatedActivityID": ""
                },
                "Execution": {
                    "@ProcessID": "11944",
                    "@ThreadID": "2656"
                },
                "Channel": "Setup",
                "Computer": "N900B7FFD.kapsch.co.at",
                "Security": {
                    "@UserID": "S-1-5-18"
                }
            },
            "UserData": {
                "CbsPackageChangeState": {
                    "@xmlns": "http://manifests.microsoft.com/win/2004/08/windows/setup_provider",
                    "PackageIdentifier": "KB5000736",
                    "IntendedPackageState": "5112",
                    "IntendedPackageStateTextized": "Installed",
                    "ErrorCode": "0x0",
                    "Client": "UpdateAgentLCU"
                }
            }
        }
    },
    {
        "Event": {
            "@xmlns": "http://schemas.microsoft.com/win/2004/08/events/event",
            "System": {
                "Provider": {
                    "@Name": "Microsoft-Windows-Servicing",
                    "@Guid": "{bd12f3b8-fc40-4a61-a307-b7a013a069c1}"
                },
                "EventID": {
                    "@Qualifiers": "",
                    "#text": "4"
                },
                "Version": "0",
                "Level": "0",
                "Task": "1",
                "Opcode": "0",
                "Keywords": "0x8000000000000000",
                "TimeCreated": {
                    "@SystemTime": "2022-06-06 17:37:30.565977+00:00"
                },
                "EventRecordID": "134",
                "Correlation": {
                    "@ActivityID": "{e702e109-c667-4107-ad86-25b0b21437a1}",
                    "@RelatedActivityID": ""
                },
                "Execution": {
                    "@ProcessID": "11944",
                    "@ThreadID": "2656"
                },
                "Channel": "Setup",
                "Computer": "N900B7FFD.kapsch.co.at",
                "Security": {
                    "@UserID": "S-1-5-18"
                }
            },
            "UserData": {
                "CbsPackageChangeState": {
                    "@xmlns": "http://manifests.microsoft.com/win/2004/08/windows/setup_provider",
                    "PackageIdentifier": "KB5013942",
                    "IntendedPackageState": "5112",
                    "IntendedPackageStateTextized": "Installed",
                    "ErrorCode": "0x0",
                    "Client": "UpdateAgentLCU"
                }
            }
        }
    },
    {
        "Event": {
            "@xmlns": "http://schemas.microsoft.com/win/2004/08/events/event",
            "System": {
                "Provider": {
                    "@Name": "Microsoft-Windows-Servicing",
                    "@Guid": "{bd12f3b8-fc40-4a61-a307-b7a013a069c1}"
                },
                "EventID": {
                    "@Qualifiers": "",
                    "#text": "2"
                },
                "Version": "0",
                "Level": "0",
                "Task": "1",
                "Opcode": "0",
                "Keywords": "0x8000000000000000",
                "TimeCreated": {
                    "@SystemTime": "2022-06-06 22:11:50.250021+00:00"
                },
                "EventRecordID": "135",
                "Correlation": {
                    "@ActivityID": "{5a17607f-79f2-0004-8261-175af279d801}",
                    "@RelatedActivityID": ""
                },
                "Execution": {
                    "@ProcessID": "3216",
                    "@ThreadID": "3272"
                },
                "Channel": "Setup",
                "Computer": "N900B7FFD.kapsch.co.at",
                "Security": {
                    "@UserID": "S-1-5-18"
                }
            },
            "UserData": {
                "CbsPackageChangeState": {
                    "@xmlns": "http://manifests.microsoft.com/win/2004/08/windows/setup_provider",
                    "PackageIdentifier": "KB5000736",
                    "IntendedPackageState": "5112",
                    "IntendedPackageStateTextized": "Installed",
                    "ErrorCode": "0x0",
                    "Client": "UpdateAgentLCU"
                }
            }
        }
    },
    {
        "Event": {
            "@xmlns": "http://schemas.microsoft.com/win/2004/08/events/event",
            "System": {
                "Provider": {
                    "@Name": "Microsoft-Windows-Servicing",
                    "@Guid": "{bd12f3b8-fc40-4a61-a307-b7a013a069c1}"
                },
                "EventID": {
                    "@Qualifiers": "",
                    "#text": "2"
                },
                "Version": "0",
                "Level": "0",
                "Task": "1",
                "Opcode": "0",
                "Keywords": "0x8000000000000000",
                "TimeCreated": {
                    "@SystemTime": "2022-06-06 22:11:50.250050+00:00"
                },
                "EventRecordID": "136",
                "Correlation": {
                    "@ActivityID": "{5a17607f-79f2-0004-8261-175af279d801}",
                    "@RelatedActivityID": ""
                },
                "Execution": {
                    "@ProcessID": "3216",
                    "@ThreadID": "3272"
                },
                "Channel": "Setup",
                "Computer": "N900B7FFD.kapsch.co.at",
                "Security": {
                    "@UserID": "S-1-5-18"
                }
            },
            "UserData": {
                "CbsPackageChangeState": {
                    "@xmlns": "http://manifests.microsoft.com/win/2004/08/windows/setup_provider",
                    "PackageIdentifier": "KB5013942",
                    "IntendedPackageState": "5112",
                    "IntendedPackageStateTextized": "Installed",
                    "ErrorCode": "0x0",
                    "Client": "UpdateAgentLCU"
                }
            }
        }
    },
    {
        "Event": {
            "@xmlns": "http://schemas.microsoft.com/win/2004/08/events/event",
            "System": {
                "Provider": {
                    "@Name": "Microsoft-Windows-Servicing",
                    "@Guid": "{bd12f3b8-fc40-4a61-a307-b7a013a069c1}"
                },
                "EventID": {
                    "@Qualifiers": "",
                    "#text": "1"
                },
                "Version": "0",
                "Level": "0",
                "Task": "1",
                "Opcode": "0",
                "Keywords": "0x8000000000000000",
                "TimeCreated": {
                    "@SystemTime": "2022-06-18 13:43:27.056803+00:00"
                },
                "EventRecordID": "137",
                "Correlation": {
                    "@ActivityID": "{331dd70e-6695-44b9-9dff-57b1a29d1881}",
                    "@RelatedActivityID": ""
                },
                "Execution": {
                    "@ProcessID": "13704",
                    "@ThreadID": "14916"
                },
                "Channel": "Setup",
                "Computer": "N900B7FFD.kapsch.co.at",
                "Security": {
                    "@UserID": "S-1-5-18"
                }
            },
            "UserData": {
                "CbsPackageInitiateChanges": {
                    "@xmlns": "http://manifests.microsoft.com/win/2004/08/windows/setup_provider",
                    "PackageIdentifier": "KB5014035",
                    "InitialPackageState": "5000",
                    "InitialPackageStateTextized": "Absent",
                    "IntendedPackageState": "5112",
                    "IntendedPackageStateTextized": "Installed",
                    "Client": "UpdateAgentLCU"
                }
            }
        }
    },
    {
        "Event": {
            "@xmlns": "http://schemas.microsoft.com/win/2004/08/events/event",
            "System": {
                "Provider": {
                    "@Name": "Microsoft-Windows-Servicing",
                    "@Guid": "{bd12f3b8-fc40-4a61-a307-b7a013a069c1}"
                },
                "EventID": {
                    "@Qualifiers": "",
                    "#text": "2"
                },
                "Version": "0",
                "Level": "0",
                "Task": "1",
                "Opcode": "0",
                "Keywords": "0x8000000000000000",
                "TimeCreated": {
                    "@SystemTime": "2022-06-18 13:43:36.865387+00:00"
                },
                "EventRecordID": "138",
                "Correlation": {
                    "@ActivityID": "{331dd70e-6695-44b9-9dff-57b1a29d1881}",
                    "@RelatedActivityID": ""
                },
                "Execution": {
                    "@ProcessID": "13704",
                    "@ThreadID": "14916"
                },
                "Channel": "Setup",
                "Computer": "N900B7FFD.kapsch.co.at",
                "Security": {
                    "@UserID": "S-1-5-18"
                }
            },
            "UserData": {
                "CbsPackageChangeState": {
                    "@xmlns": "http://manifests.microsoft.com/win/2004/08/windows/setup_provider",
                    "PackageIdentifier": "KB5014035",
                    "IntendedPackageState": "5112",
                    "IntendedPackageStateTextized": "Installed",
                    "ErrorCode": "0x0",
                    "Client": "UpdateAgentLCU"
                }
            }
        }
    },
    {
        "Event": {
            "@xmlns": "http://schemas.microsoft.com/win/2004/08/events/event",
            "System": {
                "Provider": {
                    "@Name": "Microsoft-Windows-Servicing",
                    "@Guid": "{bd12f3b8-fc40-4a61-a307-b7a013a069c1}"
                },
                "EventID": {
                    "@Qualifiers": "",
                    "#text": "1"
                },
                "Version": "0",
                "Level": "0",
                "Task": "1",
                "Opcode": "0",
                "Keywords": "0x8000000000000000",
                "TimeCreated": {
                    "@SystemTime": "2022-06-18 13:45:48.242493+00:00"
                },
                "EventRecordID": "139",
                "Correlation": {
                    "@ActivityID": "{f983643c-36f2-460c-a6c2-a0eba653af07}",
                    "@RelatedActivityID": ""
                },
                "Execution": {
                    "@ProcessID": "7040",
                    "@ThreadID": "12668"
                },
                "Channel": "Setup",
                "Computer": "N900B7FFD.kapsch.co.at",
                "Security": {
                    "@UserID": "S-1-5-18"
                }
            },
            "UserData": {
                "CbsPackageInitiateChanges": {
                    "@xmlns": "http://manifests.microsoft.com/win/2004/08/windows/setup_provider",
                    "PackageIdentifier": "KB5014699",
                    "InitialPackageState": "5000",
                    "InitialPackageStateTextized": "Absent",
                    "IntendedPackageState": "5112",
                    "IntendedPackageStateTextized": "Installed",
                    "Client": "UpdateAgentLCU"
                }
            }
        }
    },
    {
        "Event": {
            "@xmlns": "http://schemas.microsoft.com/win/2004/08/events/event",
            "System": {
                "Provider": {
                    "@Name": "Microsoft-Windows-Servicing",
                    "@Guid": "{bd12f3b8-fc40-4a61-a307-b7a013a069c1}"
                },
                "EventID": {
                    "@Qualifiers": "",
                    "#text": "4"
                },
                "Version": "0",
                "Level": "0",
                "Task": "1",
                "Opcode": "0",
                "Keywords": "0x8000000000000000",
                "TimeCreated": {
                    "@SystemTime": "2022-06-18 14:11:13.393713+00:00"
                },
                "EventRecordID": "140",
                "Correlation": {
                    "@ActivityID": "{f983643c-36f2-460c-a6c2-a0eba653af07}",
                    "@RelatedActivityID": ""
                },
                "Execution": {
                    "@ProcessID": "7040",
                    "@ThreadID": "12668"
                },
                "Channel": "Setup",
                "Computer": "N900B7FFD.kapsch.co.at",
                "Security": {
                    "@UserID": "S-1-5-18"
                }
            },
            "UserData": {
                "CbsPackageChangeState": {
                    "@xmlns": "http://manifests.microsoft.com/win/2004/08/windows/setup_provider",
                    "PackageIdentifier": "KB5014699",
                    "IntendedPackageState": "5112",
                    "IntendedPackageStateTextized": "Installed",
                    "ErrorCode": "0x0",
                    "Client": "UpdateAgentLCU"
                }
            }
        }
    },
    {
        "Event": {
            "@xmlns": "http://schemas.microsoft.com/win/2004/08/events/event",
            "System": {
                "Provider": {
                    "@Name": "Microsoft-Windows-Servicing",
                    "@Guid": "{bd12f3b8-fc40-4a61-a307-b7a013a069c1}"
                },
                "EventID": {
                    "@Qualifiers": "",
                    "#text": "2"
                },
                "Version": "0",
                "Level": "0",
                "Task": "1",
                "Opcode": "0",
                "Keywords": "0x8000000000000000",
                "TimeCreated": {
                    "@SystemTime": "2022-06-24 09:59:52.769032+00:00"
                },
                "EventRecordID": "141",
                "Correlation": {
                    "@ActivityID": "{150ea705-87b1-0007-a6a7-0e15b187d801}",
                    "@RelatedActivityID": ""
                },
                "Execution": {
                    "@ProcessID": "1180",
                    "@ThreadID": "3204"
                },
                "Channel": "Setup",
                "Computer": "N900B7FFD.kapsch.co.at",
                "Security": {
                    "@UserID": "S-1-5-18"
                }
            },
            "UserData": {
                "CbsPackageChangeState": {
                    "@xmlns": "http://manifests.microsoft.com/win/2004/08/windows/setup_provider",
                    "PackageIdentifier": "KB5014699",
                    "IntendedPackageState": "5112",
                    "IntendedPackageStateTextized": "Installed",
                    "ErrorCode": "0x0",
                    "Client": "UpdateAgentLCU"
                }
            }
        }
    },
    {
        "Event": {
            "@xmlns": "http://schemas.microsoft.com/win/2004/08/events/event",
            "System": {
                "Provider": {
                    "@Name": "Microsoft-Windows-Servicing",
                    "@Guid": "{bd12f3b8-fc40-4a61-a307-b7a013a069c1}"
                },
                "EventID": {
                    "@Qualifiers": "",
                    "#text": "1"
                },
                "Version": "0",
                "Level": "0",
                "Task": "1",
                "Opcode": "0",
                "Keywords": "0x8000000000000000",
                "TimeCreated": {
                    "@SystemTime": "2022-08-04 18:07:19.873531+00:00"
                },
                "EventRecordID": "142",
                "Correlation": {
                    "@ActivityID": "",
                    "@RelatedActivityID": ""
                },
                "Execution": {
                    "@ProcessID": "3444",
                    "@ThreadID": "16284"
                },
                "Channel": "Setup",
                "Computer": "N900B7FFD.kapsch.co.at",
                "Security": {
                    "@UserID": "S-1-5-18"
                }
            },
            "UserData": {
                "CbsPackageInitiateChanges": {
                    "@xmlns": "http://manifests.microsoft.com/win/2004/08/windows/setup_provider",
                    "PackageIdentifier": "KB5012599",
                    "InitialPackageState": "5080",
                    "InitialPackageStateTextized": "Superseded",
                    "IntendedPackageState": "5000",
                    "IntendedPackageStateTextized": "Absent",
                    "Client": "Arbiter"
                }
            }
        }
    },
    {
        "Event": {
            "@xmlns": "http://schemas.microsoft.com/win/2004/08/events/event",
            "System": {
                "Provider": {
                    "@Name": "Microsoft-Windows-Servicing",
                    "@Guid": "{bd12f3b8-fc40-4a61-a307-b7a013a069c1}"
                },
                "EventID": {
                    "@Qualifiers": "",
                    "#text": "1"
                },
                "Version": "0",
                "Level": "0",
                "Task": "1",
                "Opcode": "0",
                "Keywords": "0x8000000000000000",
                "TimeCreated": {
                    "@SystemTime": "2022-08-04 18:09:20.356045+00:00"
                },
                "EventRecordID": "143",
                "Correlation": {
                    "@ActivityID": "",
                    "@RelatedActivityID": ""
                },
                "Execution": {
                    "@ProcessID": "3444",
                    "@ThreadID": "16284"
                },
                "Channel": "Setup",
                "Computer": "N900B7FFD.kapsch.co.at",
                "Security": {
                    "@UserID": "S-1-5-18"
                }
            },
            "UserData": {
                "CbsPackageInitiateChanges": {
                    "@xmlns": "http://manifests.microsoft.com/win/2004/08/windows/setup_provider",
                    "PackageIdentifier": "KB5013942",
                    "InitialPackageState": "5080",
                    "InitialPackageStateTextized": "Superseded",
                    "IntendedPackageState": "5000",
                    "IntendedPackageStateTextized": "Absent",
                    "Client": "Arbiter"
                }
            }
        }
    },
