[
    {
        "Event": {
            "@xmlns": "http://schemas.microsoft.com/win/2004/08/events/event",
            "System": {
                "Provider": {
                    "@Name": "Microsoft-Windows-Servicing",
                    "@Guid": "{bd12f3b8-fc40-4a61-a307-b7a013a069c1}"
                },
                "EventID": {
                    "@Qualifiers": "",
                    "#text": "1"
                },
                "Version": "0",
                "Level": "0",
                "Task": "1",
                "Opcode": "0",
                "Keywords": "0x8000000000000000",
                "TimeCreated": {
                    "@SystemTime": "2022-03-17 10:27:03.111603+00:00"
                },
                "EventRecordID": "1",
                "Correlation": {
                    "@ActivityID": "",
                    "@RelatedActivityID": ""
                },
                "Execution": {
                    "@ProcessID": "932",
                    "@ThreadID": "5952"
                },
                "Channel": "Setup",
                "Computer": "N900B7FFD.kapsch.co.at",
                "Security": {
                    "@UserID": "S-1-5-18"
                }
            },
            "UserData": {
                "CbsPackageInitiateChanges": {
                    "@xmlns": "http://manifests.microsoft.com/win/2004/08/windows/setup_provider",
                    "PackageIdentifier": "KB5005716",
                    "InitialPackageState": "5000",
                    "InitialPackageStateTextized": "Absent",
                    "IntendedPackageState": "5112",
                    "IntendedPackageStateTextized": "Installed",
                    "Client": "WindowsUpdateAgent"
                }
            }
        }
    },
    {
        "Event": {
            "@xmlns": "http://schemas.microsoft.com/win/2004/08/events/event",
            "System": {
                "Provider": {
                    "@Name": "Microsoft-Windows-Servicing",
                    "@Guid": "{bd12f3b8-fc40-4a61-a307-b7a013a069c1}"
                },
                "EventID": {
                    "@Qualifiers": "",
                    "#text": "4"
                },
                "Version": "0",
                "Level": "0",
                "Task": "1",
                "Opcode": "0",
                "Keywords": "0x8000000000000000",
                "TimeCreated": {
                    "@SystemTime": "2022-03-17 10:27:30.997992+00:00"
                },
                "EventRecordID": "2",
                "Correlation": {
                    "@ActivityID": "",
                    "@RelatedActivityID": ""
                },
                "Execution": {
                    "@ProcessID": "932",
                    "@ThreadID": "4332"
                },
                "Channel": "Setup",
                "Computer": "N900B7FFD.kapsch.co.at",
                "Security": {
                    "@UserID": "S-1-5-18"
                }
            },
            "UserData": {
                "CbsPackageChangeState": {
                    "@xmlns": "http://manifests.microsoft.com/win/2004/08/windows/setup_provider",
                    "PackageIdentifier": "KB5005716",
                    "IntendedPackageState": "5112",
                    "IntendedPackageStateTextized": "Installed",
                    "ErrorCode": "0x0",
                    "Client": "WindowsUpdateAgent"
                }
            }
        }
    },
    {
        "Event": {
            "@xmlns": "http://schemas.microsoft.com/win/2004/08/events/event",
            "System": {
                "Provider": {
                    "@Name": "Microsoft-Windows-Servicing",
                    "@Guid": "{bd12f3b8-fc40-4a61-a307-b7a013a069c1}"
                },
                "EventID": {
                    "@Qualifiers": "",
                    "#text": "2"
                },
                "Version": "0",
                "Level": "0",
                "Task": "1",
                "Opcode": "0",
                "Keywords": "0x8000000000000000",
                "TimeCreated": {
                    "@SystemTime": "2022-03-17 10:28:21.376015+00:00"
                },
                "EventRecordID": "3",
                "Correlation": {
                    "@ActivityID": "{b0fdb997-39e9-0006-acba-fdb0e939d801}",
                    "@RelatedActivityID": ""
                },
                "Execution": {
                    "@ProcessID": "4152",
                    "@ThreadID": "1432"
                },
                "Channel": "Setup",
                "Computer": "N900B7FFD.kapsch.co.at",
                "Security": {
                    "@UserID": "S-1-5-18"
                }
            },
            "UserData": {
                "CbsPackageChangeState": {
                    "@xmlns": "http://manifests.microsoft.com/win/2004/08/windows/setup_provider",
                    "PackageIdentifier": "KB5005716",
                    "IntendedPackageState": "5112",
                    "IntendedPackageStateTextized": "Installed",
                    "ErrorCode": "0x0",
                    "Client": "WindowsUpdateAgent"
                }
            }
        }
    },
    {
        "Event": {
            "@xmlns": "http://schemas.microsoft.com/win/2004/08/events/event",
            "System": {
                "Provider": {
                    "@Name": "Microsoft-Windows-Servicing",
                    "@Guid": "{bd12f3b8-fc40-4a61-a307-b7a013a069c1}"
                },
                "EventID": {
                    "@Qualifiers": "",
                    "#text": "1"
                },
                "Version": "0",
                "Level": "0",
                "Task": "1",
                "Opcode": "0",
                "Keywords": "0x8000000000000000",
                "TimeCreated": {
                    "@SystemTime": "2022-03-17 11:53:28.667530+00:00"
                },
                "EventRecordID": "4",
                "Correlation": {
                    "@ActivityID": "",
                    "@RelatedActivityID": ""
                },
                "Execution": {
                    "@ProcessID": "2868",
                    "@ThreadID": "2408"
                },
                "Channel": "Setup",
                "Computer": "N900B7FFD.kapsch.co.at",
                "Security": {
                    "@UserID": "S-1-5-18"
                }
            },
            "UserData": {
                "CbsPackageInitiateChanges": {
                    "@xmlns": "http://manifests.microsoft.com/win/2004/08/windows/setup_provider",
                    "PackageIdentifier": "KB5005260",
                    "InitialPackageState": "5000",
                    "InitialPackageStateTextized": "Absent",
                    "IntendedPackageState": "5112",
                    "IntendedPackageStateTextized": "Installed",
                    "Client": "WindowsUpdateAgent"
                }
            }
        }
    },
    {
        "Event": {
            "@xmlns": "http://schemas.microsoft.com/win/2004/08/events/event",
            "System": {
                "Provider": {
                    "@Name": "Microsoft-Windows-Servicing",
                    "@Guid": "{bd12f3b8-fc40-4a61-a307-b7a013a069c1}"
                },
                "EventID": {
                    "@Qualifiers": "",
                    "#text": "2"
                },
                "Version": "0",
                "Level": "0",
                "Task": "1",
                "Opcode": "0",
                "Keywords": "0x8000000000000000",
                "TimeCreated": {
                    "@SystemTime": "2022-03-17 11:53:34.462038+00:00"
                },
                "EventRecordID": "5",
                "Correlation": {
                    "@ActivityID": "",
                    "@RelatedActivityID": ""
                },
                "Execution": {
                    "@ProcessID": "2868",
                    "@ThreadID": "2408"
                },
                "Channel": "Setup",
                "Computer": "N900B7FFD.kapsch.co.at",
                "Security": {
                    "@UserID": "S-1-5-18"
                }
            },
            "UserData": {
                "CbsPackageChangeState": {
                    "@xmlns": "http://manifests.microsoft.com/win/2004/08/windows/setup_provider",
                    "PackageIdentifier": "KB5005260",
                    "IntendedPackageState": "5112",
                    "IntendedPackageStateTextized": "Installed",
                    "ErrorCode": "0x0",
                    "Client": "WindowsUpdateAgent"
                }
            }
        }
    },
    {
        "Event": {
            "@xmlns": "http://schemas.microsoft.com/win/2004/08/events/event",
            "System": {
                "Provider": {
                    "@Name": "Microsoft-Windows-Servicing",
                    "@Guid": "{bd12f3b8-fc40-4a61-a307-b7a013a069c1}"
                },
                "EventID": {
                    "@Qualifiers": "",
                    "#text": "1"
                },
                "Version": "0",
                "Level": "0",
                "Task": "1",
                "Opcode": "0",
                "Keywords": "0x8000000000000000",
                "TimeCreated": {
                    "@SystemTime": "2022-03-17 11:54:50.504517+00:00"
                },
                "EventRecordID": "6",
                "Correlation": {
                    "@ActivityID": "",
                    "@RelatedActivityID": ""
                },
                "Execution": {
                    "@ProcessID": "3528",
                    "@ThreadID": "6488"
                },
                "Channel": "Setup",
                "Computer": "N900B7FFD.kapsch.co.at",
                "Security": {
                    "@UserID": "S-1-5-18"
                }
            },
            "UserData": {
                "CbsPackageInitiateChanges": {
                    "@xmlns": "http://manifests.microsoft.com/win/2004/08/windows/setup_provider",
                    "PackageIdentifier": "KB5008876",
                    "InitialPackageState": "5000",
                    "InitialPackageStateTextized": "Absent",
                    "IntendedPackageState": "5112",
                    "IntendedPackageStateTextized": "Installed",
                    "Client": "WindowsUpdateAgent"
                }
            }
        }
    },
    {
        "Event": {
            "@xmlns": "http://schemas.microsoft.com/win/2004/08/events/event",
            "System": {
                "Provider": {
                    "@Name": "Microsoft-Windows-Servicing",
                    "@Guid": "{bd12f3b8-fc40-4a61-a307-b7a013a069c1}"
                },
                "EventID": {
                    "@Qualifiers": "",
                    "#text": "1"
                },
                "Version": "0",
                "Level": "0",
                "Task": "1",
                "Opcode": "0",
                "Keywords": "0x8000000000000000",
                "TimeCreated": {
                    "@SystemTime": "2022-03-17 11:55:45.550137+00:00"
                },
                "EventRecordID": "7",
                "Correlation": {
                    "@ActivityID": "",
                    "@RelatedActivityID": ""
                },
                "Execution": {
                    "@ProcessID": "3528",
                    "@ThreadID": "5108"
                },
                "Channel": "Setup",
                "Computer": "N900B7FFD.kapsch.co.at",
                "Security": {
                    "@UserID": "S-1-5-18"
                }
            },
            "UserData": {
                "CbsPackageInitiateChanges": {
                    "@xmlns": "http://manifests.microsoft.com/win/2004/08/windows/setup_provider",
                    "PackageIdentifier": "KB5009467",
                    "InitialPackageState": "5000",
                    "InitialPackageStateTextized": "Absent",
                    "IntendedPackageState": "5112",
                    "IntendedPackageStateTextized": "Installed",
                    "Client": "WindowsUpdateAgent"
                }
            }
        }
    },
    {
        "Event": {
            "@xmlns": "http://schemas.microsoft.com/win/2004/08/events/event",
            "System": {
                "Provider": {
                    "@Name": "Microsoft-Windows-Servicing",
                    "@Guid": "{bd12f3b8-fc40-4a61-a307-b7a013a069c1}"
                },
                "EventID": {
                    "@Qualifiers": "",
                    "#text": "1"
                },
                "Version": "0",
                "Level": "0",
                "Task": "1",
                "Opcode": "0",
                "Keywords": "0x8000000000000000",
                "TimeCreated": {
                    "@SystemTime": "2022-03-17 11:56:40.234938+00:00"
                },
                "EventRecordID": "8",
                "Correlation": {
                    "@ActivityID": "",
                    "@RelatedActivityID": ""
                },
                "Execution": {
                    "@ProcessID": "3528",
                    "@ThreadID": "1016"
                },
                "Channel": "Setup",
                "Computer": "N900B7FFD.kapsch.co.at",
                "Security": {
                    "@UserID": "S-1-5-18"
                }
            },
            "UserData": {
                "CbsPackageInitiateChanges": {
                    "@xmlns": "http://manifests.microsoft.com/win/2004/08/windows/setup_provider",
                    "PackageIdentifier": "KB4589212",
                    "InitialPackageState": "5000",
                    "InitialPackageStateTextized": "Absent",
                    "IntendedPackageState": "5112",
                    "IntendedPackageStateTextized": "Installed",
                    "Client": "WindowsUpdateAgent"
                }
            }
        }
    },
    {
        "Event": {
            "@xmlns": "http://schemas.microsoft.com/win/2004/08/events/event",
            "System": {
                "Provider": {
                    "@Name": "Microsoft-Windows-Servicing",
                    "@Guid": "{bd12f3b8-fc40-4a61-a307-b7a013a069c1}"
                },
                "EventID": {
                    "@Qualifiers": "",
                    "#text": "4"
                },
                "Version": "0",
                "Level": "0",
                "Task": "1",
                "Opcode": "0",
                "Keywords": "0x8000000000000000",
                "TimeCreated": {
                    "@SystemTime": "2022-03-17 11:58:16.759016+00:00"
                },
                "EventRecordID": "9",
                "Correlation": {
                    "@ActivityID": "",
                    "@RelatedActivityID": ""
                },
                "Execution": {
                    "@ProcessID": "3528",
                    "@ThreadID": "4564"
                },
                "Channel": "Setup",
                "Computer": "N900B7FFD.kapsch.co.at",
                "Security": {
                    "@UserID": "S-1-5-18"
                }
            },
            "UserData": {
                "CbsPackageChangeState": {
                    "@xmlns": "http://manifests.microsoft.com/win/2004/08/windows/setup_provider",
                    "PackageIdentifier": "KB4589212",
                    "IntendedPackageState": "5112",
                    "IntendedPackageStateTextized": "Installed",
                    "ErrorCode": "0x0",
                    "Client": "WindowsUpdateAgent"
                }
            }
        }
    },
    {
        "Event": {
            "@xmlns": "http://schemas.microsoft.com/win/2004/08/events/event",
            "System": {
                "Provider": {
                    "@Name": "Microsoft-Windows-Servicing",
                    "@Guid": "{bd12f3b8-fc40-4a61-a307-b7a013a069c1}"
                },
                "EventID": {
                    "@Qualifiers": "",
                    "#text": "4"
                },
                "Version": "0",
                "Level": "0",
                "Task": "1",
                "Opcode": "0",
                "Keywords": "0x8000000000000000",
                "TimeCreated": {
                    "@SystemTime": "2022-03-17 11:58:18.435947+00:00"
                },
                "EventRecordID": "10",
                "Correlation": {
                    "@ActivityID": "",
                    "@RelatedActivityID": ""
                },
                "Execution": {
                    "@ProcessID": "3528",
                    "@ThreadID": "4564"
                },
                "Channel": "Setup",
                "Computer": "N900B7FFD.kapsch.co.at",
                "Security": {
                    "@UserID": "S-1-5-18"
                }
            },
            "UserData": {
                "CbsPackageChangeState": {
                    "@xmlns": "http://manifests.microsoft.com/win/2004/08/windows/setup_provider",
                    "PackageIdentifier": "KB5009467",
                    "IntendedPackageState": "5112",
                    "IntendedPackageStateTextized": "Installed",
                    "ErrorCode": "0x0",
                    "Client": "WindowsUpdateAgent"
                }
            }
        }
    },
    {
        "Event": {
            "@xmlns": "http://schemas.microsoft.com/win/2004/08/events/event",
            "System": {
                "Provider": {
                    "@Name": "Microsoft-Windows-Servicing",
                    "@Guid": "{bd12f3b8-fc40-4a61-a307-b7a013a069c1}"
                },
                "EventID": {
                    "@Qualifiers": "",
                    "#text": "4"
                },
                "Version": "0",
                "Level": "0",
                "Task": "1",
                "Opcode": "0",
                "Keywords": "0x8000000000000000",
                "TimeCreated": {
                    "@SystemTime": "2022-03-17 11:58:19.252861+00:00"
                },
                "EventRecordID": "11",
                "Correlation": {
                    "@ActivityID": "",
                    "@RelatedActivityID": ""
                },
                "Execution": {
                    "@ProcessID": "3528",
                    "@ThreadID": "4564"
                },
                "Channel": "Setup",
                "Computer": "N900B7FFD.kapsch.co.at",
                "Security": {
                    "@UserID": "S-1-5-18"
                }
            },
            "UserData": {
                "CbsPackageChangeState": {
                    "@xmlns": "http://manifests.microsoft.com/win/2004/08/windows/setup_provider",
                    "PackageIdentifier": "KB5008876",
                    "IntendedPackageState": "5112",
                    "IntendedPackageStateTextized": "Installed",
                    "ErrorCode": "0x0",
                    "Client": "WindowsUpdateAgent"
                }
            }
        }
    },
    {
        "Event": {
            "@xmlns": "http://schemas.microsoft.com/win/2004/08/events/event",
            "System": {
                "Provider": {
                    "@Name": "Microsoft-Windows-Servicing",
                    "@Guid": "{bd12f3b8-fc40-4a61-a307-b7a013a069c1}"
                },
                "EventID": {
                    "@Qualifiers": "",
                    "#text": "2"
                },
                "Version": "0",
                "Level": "0",
                "Task": "1",
                "Opcode": "0",
                "Keywords": "0x8000000000000000",
                "TimeCreated": {
                    "@SystemTime": "2022-03-17 12:00:00.919338+00:00"
                },
                "EventRecordID": "12",
                "Correlation": {
                    "@ActivityID": "",
                    "@RelatedActivityID": ""
                },
                "Execution": {
                    "@ProcessID": "3320",
                    "@ThreadID": "3380"
                },
                "Channel": "Setup",
                "Computer": "N900B7FFD.kapsch.co.at",
                "Security": {
                    "@UserID": "S-1-5-18"
                }
            },
            "UserData": {
                "CbsPackageChangeState": {
                    "@xmlns": "http://manifests.microsoft.com/win/2004/08/windows/setup_provider",
                    "PackageIdentifier": "KB4589212",
                    "IntendedPackageState": "5112",
                    "IntendedPackageStateTextized": "Installed",
                    "ErrorCode": "0x0",
                    "Client": "WindowsUpdateAgent"
                }
            }
        }
    },
    {
        "Event": {
            "@xmlns": "http://schemas.microsoft.com/win/2004/08/events/event",
            "System": {
                "Provider": {
                    "@Name": "Microsoft-Windows-Servicing",
                    "@Guid": "{bd12f3b8-fc40-4a61-a307-b7a013a069c1}"
                },
                "EventID": {
                    "@Qualifiers": "",
                    "#text": "2"
                },
                "Version": "0",
                "Level": "0",
                "Task": "1",
                "Opcode": "0",
                "Keywords": "0x8000000000000000",
                "TimeCreated": {
                    "@SystemTime": "2022-03-17 12:00:00.974195+00:00"
                },
                "EventRecordID": "13",
                "Correlation": {
                    "@ActivityID": "",
                    "@RelatedActivityID": ""
                },
                "Execution": {
                    "@ProcessID": "3320",
                    "@ThreadID": "3380"
                },
                "Channel": "Setup",
                "Computer": "N900B7FFD.kapsch.co.at",
                "Security": {
                    "@UserID": "S-1-5-18"
                }
            },
            "UserData": {
                "CbsPackageChangeState": {
                    "@xmlns": "http://manifests.microsoft.com/win/2004/08/windows/setup_provider",
                    "PackageIdentifier": "KB5009467",
                    "IntendedPackageState": "5112",
                    "IntendedPackageStateTextized": "Installed",
                    "ErrorCode": "0x0",
                    "Client": "WindowsUpdateAgent"
                }
            }
        }
    },
    {
        "Event": {
            "@xmlns": "http://schemas.microsoft.com/win/2004/08/events/event",
            "System": {
                "Provider": {
                    "@Name": "Microsoft-Windows-Servicing",
                    "@Guid": "{bd12f3b8-fc40-4a61-a307-b7a013a069c1}"
                },
                "EventID": {
                    "@Qualifiers": "",
                    "#text": "2"
                },
                "Version": "0",
                "Level": "0",
                "Task": "1",
                "Opcode": "0",
                "Keywords": "0x8000000000000000",
                "TimeCreated": {
                    "@SystemTime": "2022-03-17 12:00:00.998793+00:00"
                },
                "EventRecordID": "14",
                "Correlation": {
                    "@ActivityID": "",
                    "@RelatedActivityID": ""
                },
                "Execution": {
                    "@ProcessID": "3320",
                    "@ThreadID": "3380"
                },
                "Channel": "Setup",
                "Computer": "N900B7FFD.kapsch.co.at",
                "Security": {
                    "@UserID": "S-1-5-18"
                }
            },
            "UserData": {
                "CbsPackageChangeState": {
                    "@xmlns": "http://manifests.microsoft.com/win/2004/08/windows/setup_provider",
                    "PackageIdentifier": "KB5008876",
                    "IntendedPackageState": "5112",
                    "IntendedPackageStateTextized": "Installed",
                    "ErrorCode": "0x0",
                    "Client": "WindowsUpdateAgent"
                }
            }
        }
    },
    {
        "Event": {
            "@xmlns": "http://schemas.microsoft.com/win/2004/08/events/event",
            "System": {
                "Provider": {
                    "@Name": "Microsoft-Windows-Servicing",
                    "@Guid": "{bd12f3b8-fc40-4a61-a307-b7a013a069c1}"
                },
                "EventID": {
                    "@Qualifiers": "",
                    "#text": "1"
                },
                "Version": "0",
                "Level": "0",
                "Task": "1",
                "Opcode": "0",
                "Keywords": "0x8000000000000000",
                "TimeCreated": {
                    "@SystemTime": "2022-03-17 12:04:29.311146+00:00"
                },
                "EventRecordID": "15",
                "Correlation": {
                    "@ActivityID": "",
                    "@RelatedActivityID": ""
                },
                "Execution": {
                    "@ProcessID": "6680",
                    "@ThreadID": "1012"
                },
                "Channel": "Setup",
                "Computer": "N900B7FFD.kapsch.co.at",
                "Security": {
                    "@UserID": "S-1-5-18"
                }
            },
            "UserData": {
                "CbsPackageInitiateChanges": {
                    "@xmlns": "http://manifests.microsoft.com/win/2004/08/windows/setup_provider",
                    "PackageIdentifier": "KB5011352",
                    "InitialPackageState": "5000",
                    "InitialPackageStateTextized": "Absent",
                    "IntendedPackageState": "5112",
                    "IntendedPackageStateTextized": "Installed",
                    "Client": "WindowsUpdateAgent"
                }
            }
        }
    },
    {
        "Event": {
            "@xmlns": "http://schemas.microsoft.com/win/2004/08/events/event",
            "System": {
                "Provider": {
                    "@Name": "Microsoft-Windows-Servicing",
                    "@Guid": "{bd12f3b8-fc40-4a61-a307-b7a013a069c1}"
                },
                "EventID": {
                    "@Qualifiers": "",
                    "#text": "1"
                },
                "Version": "0",
                "Level": "0",
                "Task": "1",
                "Opcode": "0",
                "Keywords": "0x8000000000000000",
                "TimeCreated": {
                    "@SystemTime": "2022-03-17 12:04:29.311148+00:00"
                },
                "EventRecordID": "16",
                "Correlation": {
                    "@ActivityID": "",
                    "@RelatedActivityID": ""
                },
                "Execution": {
                    "@ProcessID": "6680",
                    "@ThreadID": "1012"
                },
                "Channel": "Setup",
                "Computer": "N900B7FFD.kapsch.co.at",
                "Security": {
                    "@UserID": "S-1-5-18"
                }
            },
            "UserData": {
                "CbsPackageInitiateChanges": {
                    "@xmlns": "http://manifests.microsoft.com/win/2004/08/windows/setup_provider",
                    "PackageIdentifier": "KB5010342",
                    "InitialPackageState": "5000",
                    "InitialPackageStateTextized": "Absent",
                    "IntendedPackageState": "5112",
                    "IntendedPackageStateTextized": "Installed",
                    "Client": "WindowsUpdateAgent"
                }
            }
        }
    },
    {
        "Event": {
            "@xmlns": "http://schemas.microsoft.com/win/2004/08/events/event",
            "System": {
                "Provider": {
                    "@Name": "Microsoft-Windows-Servicing",
                    "@Guid": "{bd12f3b8-fc40-4a61-a307-b7a013a069c1}"
                },
                "EventID": {
                    "@Qualifiers": "",
                    "#text": "4"
                },
                "Version": "0",
                "Level": "0",
                "Task": "1",
                "Opcode": "0",
                "Keywords": "0x8000000000000000",
                "TimeCreated": {
                    "@SystemTime": "2022-03-17 12:04:35.151363+00:00"
                },
                "EventRecordID": "17",
                "Correlation": {
                    "@ActivityID": "",
                    "@RelatedActivityID": ""
                },
                "Execution": {
                    "@ProcessID": "6680",
                    "@ThreadID": "1012"
                },
                "Channel": "Setup",
                "Computer": "N900B7FFD.kapsch.co.at",
                "Security": {
                    "@UserID": "S-1-5-18"
                }
            },
            "UserData": {
                "CbsPackageChangeState": {
                    "@xmlns": "http://manifests.microsoft.com/win/2004/08/windows/setup_provider",
                    "PackageIdentifier": "KB5011352",
                    "IntendedPackageState": "5112",
                    "IntendedPackageStateTextized": "Installed",
                    "ErrorCode": "0x0",
                    "Client": "WindowsUpdateAgent"
                }
            }
        }
    },
    {
        "Event": {
            "@xmlns": "http://schemas.microsoft.com/win/2004/08/events/event",
            "System": {
                "Provider": {
                    "@Name": "Microsoft-Windows-Servicing",
                    "@Guid": "{bd12f3b8-fc40-4a61-a307-b7a013a069c1}"
                },
                "EventID": {
                    "@Qualifiers": "",
                    "#text": "4"
                },
                "Version": "0",
                "Level": "0",
                "Task": "1",
                "Opcode": "0",
                "Keywords": "0x8000000000000000",
                "TimeCreated": {
                    "@SystemTime": "2022-03-17 12:04:35.151365+00:00"
                },
                "EventRecordID": "18",
                "Correlation": {
                    "@ActivityID": "",
                    "@RelatedActivityID": ""
                },
                "Execution": {
                    "@ProcessID": "6680",
                    "@ThreadID": "1012"
                },
                "Channel": "Setup",
                "Computer": "N900B7FFD.kapsch.co.at",
                "Security": {
                    "@UserID": "S-1-5-18"
                }
            },
            "UserData": {
                "CbsPackageChangeState": {
                    "@xmlns": "http://manifests.microsoft.com/win/2004/08/windows/setup_provider",
                    "PackageIdentifier": "KB5010342",
                    "IntendedPackageState": "5112",
                    "IntendedPackageStateTextized": "Installed",
                    "ErrorCode": "0x0",
                    "Client": "WindowsUpdateAgent"
                }
            }
        }
    },
    {
        "Event": {
            "@xmlns": "http://schemas.microsoft.com/win/2004/08/events/event",
            "System": {
                "Provider": {
                    "@Name": "Microsoft-Windows-Servicing",
                    "@Guid": "{bd12f3b8-fc40-4a61-a307-b7a013a069c1}"
                },
                "EventID": {
                    "@Qualifiers": "",
                    "#text": "2"
                },
                "Version": "0",
                "Level": "0",
                "Task": "1",
                "Opcode": "0",
                "Keywords": "0x8000000000000000",
                "TimeCreated": {
                    "@SystemTime": "2022-03-17 12:19:30.980158+00:00"
                },
                "EventRecordID": "19",
                "Correlation": {
                    "@ActivityID": "{14fa531a-39f9-0005-c056-fa14f939d801}",
                    "@RelatedActivityID": ""
                },
                "Execution": {
                    "@ProcessID": "3304",
                    "@ThreadID": "3380"
                },
                "Channel": "Setup",
                "Computer": "N900B7FFD.kapsch.co.at",
                "Security": {
                    "@UserID": "S-1-5-18"
                }
            },
            "UserData": {
                "CbsPackageChangeState": {
                    "@xmlns": "http://manifests.microsoft.com/win/2004/08/windows/setup_provider",
                    "PackageIdentifier": "KB5011352",
                    "IntendedPackageState": "5112",
                    "IntendedPackageStateTextized": "Installed",
                    "ErrorCode": "0x0",
                    "Client": "WindowsUpdateAgent"
                }
            }
        }
    },
    {
        "Event": {
            "@xmlns": "http://schemas.microsoft.com/win/2004/08/events/event",
            "System": {
                "Provider": {
                    "@Name": "Microsoft-Windows-Servicing",
                    "@Guid": "{bd12f3b8-fc40-4a61-a307-b7a013a069c1}"
                },
                "EventID": {
                    "@Qualifiers": "",
                    "#text": "2"
                },
                "Version": "0",
                "Level": "0",
                "Task": "1",
                "Opcode": "0",
                "Keywords": "0x8000000000000000",
                "TimeCreated": {
                    "@SystemTime": "2022-03-17 12:19:30.980165+00:00"
                },
                "EventRecordID": "20",
                "Correlation": {
                    "@ActivityID": "{14fa531a-39f9-0005-c056-fa14f939d801}",
                    "@RelatedActivityID": ""
                },
                "Execution": {
                    "@ProcessID": "3304",
                    "@ThreadID": "3380"
                },
                "Channel": "Setup",
                "Computer": "N900B7FFD.kapsch.co.at",
                "Security": {
                    "@UserID": "S-1-5-18"
                }
            },
            "UserData": {
                "CbsPackageChangeState": {
                    "@xmlns": "http://manifests.microsoft.com/win/2004/08/windows/setup_provider",
                    "PackageIdentifier": "KB5010342",
                    "IntendedPackageState": "5112",
                    "IntendedPackageStateTextized": "Installed",
                    "ErrorCode": "0x0",
                    "Client": "WindowsUpdateAgent"
                }
            }
        }
    },
    {
        "Event": {
            "@xmlns": "http://schemas.microsoft.com/win/2004/08/events/event",
            "System": {
                "Provider": {
                    "@Name": "Microsoft-Windows-Servicing",
                    "@Guid": "{bd12f3b8-fc40-4a61-a307-b7a013a069c1}"
                },
                "EventID": {
                    "@Qualifiers": "",
                    "#text": "8"
                },
                "Version": "0",
                "Level": "0",
                "Task": "1",
                "Opcode": "0",
                "Keywords": "0x8000000000000000",
                "TimeCreated": {
                    "@SystemTime": "2022-04-04 09:34:23.102926+00:00"
                },
                "EventRecordID": "21",
                "Correlation": {
                    "@ActivityID": "{5e3ef0a6-d286-4320-a2e8-ae15128166b5}",
                    "@RelatedActivityID": ""
                },
                "Execution": {
                    "@ProcessID": "14668",
                    "@ThreadID": "19008"
                },
                "Channel": "Setup",
                "Computer": "N900B7FFD.kapsch.co.at",
                "Security": {
                    "@UserID": "S-1-5-18"
                }
            },
            "UserData": {
                "CbsUpdateChangeState": {
                    "@xmlns": "http://manifests.microsoft.com/win/2004/08/windows/setup_provider",
                    "UpdateName": "Windows-Defender-Default-Definitions",
                    "PackageIdentifier": "Windows-Defender-Client",
                    "ErrorCode": null,
                    "Client": "DISM Package Manager Provider"
                }
            }
        }
    },
    {
        "Event": {
            "@xmlns": "http://schemas.microsoft.com/win/2004/08/events/event",
            "System": {
                "Provider": {
                    "@Name": "Microsoft-Windows-Servicing",
                    "@Guid": "{bd12f3b8-fc40-4a61-a307-b7a013a069c1}"
                },
                "EventID": {
                    "@Qualifiers": "",
                    "#text": "10"
                },
                "Version": "0",
                "Level": "0",
                "Task": "1",
                "Opcode": "0",
                "Keywords": "0x8000000000000000",
                "TimeCreated": {
                    "@SystemTime": "2022-04-04 09:34:28.558432+00:00"
                },
                "EventRecordID": "22",
                "Correlation": {
                    "@ActivityID": "{5e3ef0a6-d286-4320-a2e8-ae15128166b5}",
                    "@RelatedActivityID": ""
                },
                "Execution": {
                    "@ProcessID": "14668",
                    "@ThreadID": "19008"
                },
                "Channel": "Setup",
                "Computer": "N900B7FFD.kapsch.co.at",
                "Security": {
                    "@UserID": "S-1-5-18"
                }
            },
            "UserData": {
                "CbsUpdateChangeState": {
                    "@xmlns": "http://manifests.microsoft.com/win/2004/08/windows/setup_provider",
                    "UpdateName": "Windows-Defender-Default-Definitions",
                    "PackageIdentifier": "Windows-Defender-Client",
                    "ErrorCode": "0x0",
                    "Client": "DISM Package Manager Provider"
                }
            }
        }
    },
    {
        "Event": {
            "@xmlns": "http://schemas.microsoft.com/win/2004/08/events/event",
            "System": {
                "Provider": {
                    "@Name": "Microsoft-Windows-Servicing",
                    "@Guid": "{bd12f3b8-fc40-4a61-a307-b7a013a069c1}"
                },
                "EventID": {
                    "@Qualifiers": "",
                    "#text": "8"
                },
                "Version": "0",
                "Level": "0",
                "Task": "1",
                "Opcode": "0",
                "Keywords": "0x8000000000000000",
                "TimeCreated": {
                    "@SystemTime": "2022-04-12 07:16:31.721752+00:00"
                },
                "EventRecordID": "23",
                "Correlation": {
                    "@ActivityID": "{ea63197f-a824-4705-b266-209761251978}",
                    "@RelatedActivityID": ""
                },
                "Execution": {
                    "@ProcessID": "12148",
                    "@ThreadID": "16708"
                },
                "Channel": "Setup",
                "Computer": "N900B7FFD.kapsch.co.at",
                "Security": {
                    "@UserID": "S-1-5-18"
                }
            },
            "UserData": {
                "CbsUpdateChangeState": {
                    "@xmlns": "http://manifests.microsoft.com/win/2004/08/windows/setup_provider",
                    "UpdateName": "Printing-PrintToPDFServices-Features",
                    "PackageIdentifier": "Microsoft-Windows-Printing-PrintToPDFServices",
                    "ErrorCode": null,
                    "Client": "Windows Optional Component Manager"
                }
            }
        }
    },
    {
        "Event": {
            "@xmlns": "http://schemas.microsoft.com/win/2004/08/events/event",
            "System": {
                "Provider": {
                    "@Name": "Microsoft-Windows-Servicing",
                    "@Guid": "{bd12f3b8-fc40-4a61-a307-b7a013a069c1}"
                },
                "EventID": {
                    "@Qualifiers": "",
                    "#text": "8"
                },
                "Version": "0",
                "Level": "0",
                "Task": "1",
                "Opcode": "0",
                "Keywords": "0x8000000000000000",
                "TimeCreated": {
                    "@SystemTime": "2022-04-12 07:16:31.721783+00:00"
                },
                "EventRecordID": "24",
                "Correlation": {
                    "@ActivityID": "{ea63197f-a824-4705-b266-209761251978}",
                    "@RelatedActivityID": ""
                },
                "Execution": {
                    "@ProcessID": "12148",
                    "@ThreadID": "16708"
                },
                "Channel": "Setup",
                "Computer": "N900B7FFD.kapsch.co.at",
                "Security": {
                    "@UserID": "S-1-5-18"
                }
            },
            "UserData": {
                "CbsUpdateChangeState": {
                    "@xmlns": "http://manifests.microsoft.com/win/2004/08/windows/setup_provider",
                    "UpdateName": "Printing-XPSServices-Features",
                    "PackageIdentifier": "Microsoft-Windows-Printing-XPSServices",
                    "ErrorCode": null,
                    "Client": "Windows Optional Component Manager"
                }
            }
        }
    },
    {
        "Event": {
            "@xmlns": "http://schemas.microsoft.com/win/2004/08/events/event",
            "System": {
                "Provider": {
                    "@Name": "Microsoft-Windows-Servicing",
                    "@Guid": "{bd12f3b8-fc40-4a61-a307-b7a013a069c1}"
                },
                "EventID": {
                    "@Qualifiers": "",
                    "#text": "8"
                },
                "Version": "0",
                "Level": "0",
                "Task": "1",
                "Opcode": "0",
                "Keywords": "0x8000000000000000",
                "TimeCreated": {
                    "@SystemTime": "2022-04-12 07:16:31.726240+00:00"
                },
                "EventRecordID": "25",
                "Correlation": {
                    "@ActivityID": "{ea63197f-a824-4705-b266-209761251978}",
                    "@RelatedActivityID": ""
                },
                "Execution": {
                    "@ProcessID": "12148",
                    "@ThreadID": "16708"
                },
                "Channel": "Setup",
                "Computer": "N900B7FFD.kapsch.co.at",
                "Security": {
                    "@UserID": "S-1-5-18"
                }
            },
            "UserData": {
                "CbsUpdateChangeState": {
                    "@xmlns": "http://manifests.microsoft.com/win/2004/08/windows/setup_provider",
                    "UpdateName": "MediaPlayback",
                    "PackageIdentifier": "Microsoft-Windows-MediaPlayback-OC",
                    "ErrorCode": null,
                    "Client": "Windows Optional Component Manager"
                }
            }
        }
    },
    {
        "Event": {
            "@xmlns": "http://schemas.microsoft.com/win/2004/08/events/event",
            "System": {
                "Provider": {
                    "@Name": "Microsoft-Windows-Servicing",
                    "@Guid": "{bd12f3b8-fc40-4a61-a307-b7a013a069c1}"
                },
                "EventID": {
                    "@Qualifiers": "",
                    "#text": "8"
                },
                "Version": "0",
                "Level": "0",
                "Task": "1",
                "Opcode": "0",
                "Keywords": "0x8000000000000000",
                "TimeCreated": {
                    "@SystemTime": "2022-04-12 07:16:31.726244+00:00"
                },
                "EventRecordID": "26",
                "Correlation": {
                    "@ActivityID": "{ea63197f-a824-4705-b266-209761251978}",
                    "@RelatedActivityID": ""
                },
                "Execution": {
                    "@ProcessID": "12148",
                    "@ThreadID": "16708"
                },
                "Channel": "Setup",
                "Computer": "N900B7FFD.kapsch.co.at",
                "Security": {
                    "@UserID": "S-1-5-18"
                }
            },
            "UserData": {
                "CbsUpdateChangeState": {
                    "@xmlns": "http://manifests.microsoft.com/win/2004/08/windows/setup_provider",
                    "UpdateName": "WindowsMediaPlayer",
                    "PackageIdentifier": "Windows Media Player",
                    "ErrorCode": null,
                    "Client": "Windows Optional Component Manager"
                }
            }
        }
    },
    {
        "Event": {
            "@xmlns": "http://schemas.microsoft.com/win/2004/08/events/event",
            "System": {
                "Provider": {
                    "@Name": "Microsoft-Windows-Servicing",
                    "@Guid": "{bd12f3b8-fc40-4a61-a307-b7a013a069c1}"
                },
                "EventID": {
                    "@Qualifiers": "",
                    "#text": "8"
                },
                "Version": "0",
                "Level": "0",
                "Task": "1",
                "Opcode": "0",
                "Keywords": "0x8000000000000000",
                "TimeCreated": {
                    "@SystemTime": "2022-04-12 07:16:31.726343+00:00"
                },
                "EventRecordID": "27",
                "Correlation": {
                    "@ActivityID": "{ea63197f-a824-4705-b266-209761251978}",
                    "@RelatedActivityID": ""
                },
                "Execution": {
                    "@ProcessID": "12148",
                    "@ThreadID": "16708"
                },
                "Channel": "Setup",
                "Computer": "N900B7FFD.kapsch.co.at",
                "Security": {
                    "@UserID": "S-1-5-18"
                }
            },
            "UserData": {
                "CbsUpdateChangeState": {
                    "@xmlns": "http://manifests.microsoft.com/win/2004/08/windows/setup_provider",
                    "UpdateName": "MSRDC-Infrastructure",
                    "PackageIdentifier": "Microsoft-Windows-RDC",
                    "ErrorCode": null,
                    "Client": "Windows Optional Component Manager"
                }
            }
        }
    },
    {
        "Event": {
            "@xmlns": "http://schemas.microsoft.com/win/2004/08/events/event",
            "System": {
                "Provider": {
                    "@Name": "Microsoft-Windows-Servicing",
                    "@Guid": "{bd12f3b8-fc40-4a61-a307-b7a013a069c1}"
                },
                "EventID": {
                    "@Qualifiers": "",
                    "#text": "8"
                },
                "Version": "0",
                "Level": "0",
                "Task": "1",
                "Opcode": "0",
                "Keywords": "0x8000000000000000",
                "TimeCreated": {
                    "@SystemTime": "2022-04-12 07:16:31.726444+00:00"
                },
                "EventRecordID": "28",
                "Correlation": {
                    "@ActivityID": "{ea63197f-a824-4705-b266-209761251978}",
                    "@RelatedActivityID": ""
                },
                "Execution": {
                    "@ProcessID": "12148",
                    "@ThreadID": "16708"
                },
                "Channel": "Setup",
                "Computer": "N900B7FFD.kapsch.co.at",
                "Security": {
                    "@UserID": "S-1-5-18"
                }
            },
            "UserData": {
                "CbsUpdateChangeState": {
                    "@xmlns": "http://manifests.microsoft.com/win/2004/08/windows/setup_provider",
                    "UpdateName": "WorkFolders-Client",
                    "PackageIdentifier": "Microsoft-Windows-EnterpriseClientSync-Host",
                    "ErrorCode": null,
                    "Client": "Windows Optional Component Manager"
                }
            }
        }
    },
