[
    {
        "Event": {
            "@xmlns": "http://schemas.microsoft.com/win/2004/08/events/event",
            "System": {
                "Provider": {
                    "@Name": "Microsoft-Windows-Security-Auditing",
                    "@Guid": "{54849625-5478-4994-a5ba-3e3b0328c30d}"
                },
                "EventID": {
                    "@Qualifiers": "",
                    "#text": "4616"
                },
                "Version": "1",
                "Level": "0",
                "Task": "12288",
                "Opcode": "0",
                "Keywords": "0x8020000000000000",
                "TimeCreated": {
                    "@SystemTime": "2021-11-27 15:47:00.365612+00:00"
                },
                "EventRecordID": "19620789",
                "Correlation": {
                    "@ActivityID": "",
                    "@RelatedActivityID": ""
                },
                "Execution": {
                    "@ProcessID": "4",
                    "@ThreadID": "22320"
                },
                "Channel": "Security",
                "Computer": "jump01.offsec.lan",
                "Security": {
                    "@UserID": ""
                }
            },
            "EventData": {
                "Data": [
                    {
                        "@Name": "SubjectUserSid",
                        "#text": "S-1-5-21-4230534742-2542757381-3142984815-1111"
                    },
                    {
                        "@Name": "SubjectUserName",
                        "#text": "admmig"
                    },
                    {
                        "@Name": "SubjectDomainName",
                        "#text": "OFFSEC"
                    },
                    {
                        "@Name": "SubjectLogonId",
                        "#text": "0x00000000000934c5"
                    },
                    {
                        "@Name": "PreviousTime",
                        "#text": "2021-11-24 15:47:00.388763+00:00"
                    },
                    {
                        "@Name": "NewTime",
                        "#text": "2021-11-27 15:47:00.368999+00:00"
                    },
                    {
                        "@Name": "ProcessId",
                        "#text": "0x00000000000040fc"
                    },
                    {
                        "@Name": "ProcessName",
                        "#text": "C:\\Windows\\System32\\WindowsPowerShell\\v1.0\\powershell.exe"
                    }
                ]
            }
        }
    },
    {
        "Event": {
            "@xmlns": "http://schemas.microsoft.com/win/2004/08/events/event",
            "System": {
                "Provider": {
                    "@Name": "Microsoft-Windows-Security-Auditing",
                    "@Guid": "{54849625-5478-4994-a5ba-3e3b0328c30d}"
                },
                "EventID": {
                    "@Qualifiers": "",
                    "#text": "4616"
                },
                "Version": "1",
                "Level": "0",
                "Task": "12288",
                "Opcode": "0",
                "Keywords": "0x8020000000000000",
                "TimeCreated": {
                    "@SystemTime": "2021-11-27 15:47:00.369551+00:00"
                },
                "EventRecordID": "19620790",
                "Correlation": {
                    "@ActivityID": "",
                    "@RelatedActivityID": ""
                },
                "Execution": {
                    "@ProcessID": "4",
                    "@ThreadID": "22320"
                },
                "Channel": "Security",
                "Computer": "jump01.offsec.lan",
                "Security": {
                    "@UserID": ""
                }
            },
            "EventData": {
                "Data": [
                    {
                        "@Name": "SubjectUserSid",
                        "#text": "S-1-5-21-4230534742-2542757381-3142984815-1111"
                    },
                    {
                        "@Name": "SubjectUserName",
                        "#text": "admmig"
                    },
                    {
                        "@Name": "SubjectDomainName",
                        "#text": "OFFSEC"
                    },
                    {
                        "@Name": "SubjectLogonId",
                        "#text": "0x00000000000934c5"
                    },
                    {
                        "@Name": "PreviousTime",
                        "#text": "2021-11-27 15:47:00.365662+00:00"
                    },
                    {
                        "@Name": "NewTime",
                        "#text": "2021-11-27 15:47:00.368999+00:00"
                    },
                    {
                        "@Name": "ProcessId",
                        "#text": "0x00000000000040fc"
                    },
                    {
                        "@Name": "ProcessName",
                        "#text": "C:\\Windows\\System32\\WindowsPowerShell\\v1.0\\powershell.exe"
                    }
                ]
            }
        }
    },
    {
        "Event": {
            "@xmlns": "http://schemas.microsoft.com/win/2004/08/events/event",
            "System": {
                "Provider": {
                    "@Name": "Microsoft-Windows-Security-Auditing",
                    "@Guid": "{54849625-5478-4994-a5ba-3e3b0328c30d}"
                },
                "EventID": {
                    "@Qualifiers": "",
                    "#text": "4616"
                },
                "Version": "1",
                "Level": "0",
                "Task": "12288",
                "Opcode": "0",
                "Keywords": "0x8020000000000000",
                "TimeCreated": {
                    "@SystemTime": "2021-11-24 15:43:16.657681+00:00"
                },
                "EventRecordID": "19620793",
                "Correlation": {
                    "@ActivityID": "",
                    "@RelatedActivityID": ""
                },
                "Execution": {
                    "@ProcessID": "4",
                    "@ThreadID": "20628"
                },
                "Channel": "Security",
                "Computer": "jump01.offsec.lan",
                "Security": {
                    "@UserID": ""
                }
            },
            "EventData": {
                "Data": [
                    {
                        "@Name": "SubjectUserSid",
                        "#text": "S-1-5-19"
                    },
                    {
                        "@Name": "SubjectUserName",
                        "#text": "LOCAL SERVICE"
                    },
                    {
                        "@Name": "SubjectDomainName",
                        "#text": "NT AUTHORITY"
                    },
                    {
                        "@Name": "SubjectLogonId",
                        "#text": "0x00000000000003e5"
                    },
                    {
                        "@Name": "PreviousTime",
                        "#text": "2021-11-27 15:47:00.465385+00:00"
                    },
                    {
                        "@Name": "NewTime",
                        "#text": "2021-11-24 15:43:16.657000+00:00"
                    },
                    {
                        "@Name": "ProcessId",
                        "#text": "0x000000000000017c"
                    },
                    {
                        "@Name": "ProcessName",
                        "#text": "C:\\Windows\\System32\\svchost.exe"
                    }
                ]
            }
        }
    },
    {
        "Event": {
            "@xmlns": "http://schemas.microsoft.com/win/2004/08/events/event",
            "System": {
                "Provider": {
                    "@Name": "Microsoft-Windows-Security-Auditing",
                    "@Guid": "{54849625-5478-4994-a5ba-3e3b0328c30d}"
                },
                "EventID": {
                    "@Qualifiers": "",
                    "#text": "4616"
                },
                "Version": "1",
                "Level": "0",
                "Task": "12288",
                "Opcode": "0",
                "Keywords": "0x8020000000000000",
                "TimeCreated": {
                    "@SystemTime": "2021-11-24 15:43:16.653427+00:00"
                },
                "EventRecordID": "19620794",
                "Correlation": {
                    "@ActivityID": "",
                    "@RelatedActivityID": ""
                },
                "Execution": {
                    "@ProcessID": "4",
                    "@ThreadID": "23440"
                },
                "Channel": "Security",
                "Computer": "jump01.offsec.lan",
                "Security": {
                    "@UserID": ""
                }
            },
            "EventData": {
                "Data": [
                    {
                        "@Name": "SubjectUserSid",
                        "#text": "S-1-5-19"
                    },
                    {
                        "@Name": "SubjectUserName",
                        "#text": "LOCAL SERVICE"
                    },
                    {
                        "@Name": "SubjectDomainName",
                        "#text": "NT AUTHORITY"
                    },
                    {
                        "@Name": "SubjectLogonId",
                        "#text": "0x00000000000003e5"
                    },
                    {
                        "@Name": "PreviousTime",
                        "#text": "2021-11-24 15:43:16.659672+00:00"
                    },
                    {
                        "@Name": "NewTime",
                        "#text": "2021-11-24 15:43:16.656000+00:00"
                    },
                    {
                        "@Name": "ProcessId",
                        "#text": "0x000000000000017c"
                    },
                    {
                        "@Name": "ProcessName",
                        "#text": "C:\\Windows\\System32\\svchost.exe"
                    }
                ]
            }
        }
    },
    {
        "Event": {
            "@xmlns": "http://schemas.microsoft.com/win/2004/08/events/event",
            "System": {
                "Provider": {
                    "@Name": "Microsoft-Windows-Security-Auditing",
                    "@Guid": "{54849625-5478-4994-a5ba-3e3b0328c30d}"
                },
                "EventID": {
                    "@Qualifiers": "",
                    "#text": "4616"
                },
                "Version": "1",
                "Level": "0",
                "Task": "12288",
                "Opcode": "0",
                "Keywords": "0x8020000000000000",
                "TimeCreated": {
                    "@SystemTime": "2021-11-24 15:48:15.210850+00:00"
                },
                "EventRecordID": "19620900",
                "Correlation": {
                    "@ActivityID": "",
                    "@RelatedActivityID": ""
                },
                "Execution": {
                    "@ProcessID": "4",
                    "@ThreadID": "22320"
                },
                "Channel": "Security",
                "Computer": "jump01.offsec.lan",
                "Security": {
                    "@UserID": ""
                }
            },
            "EventData": {
                "Data": [
                    {
                        "@Name": "SubjectUserSid",
                        "#text": "S-1-5-19"
                    },
                    {
                        "@Name": "SubjectUserName",
                        "#text": "LOCAL SERVICE"
                    },
                    {
                        "@Name": "SubjectDomainName",
                        "#text": "NT AUTHORITY"
                    },
                    {
                        "@Name": "SubjectLogonId",
                        "#text": "0x00000000000003e5"
                    },
                    {
                        "@Name": "PreviousTime",
                        "#text": "2021-11-24 15:48:05.022785+00:00"
                    },
                    {
                        "@Name": "NewTime",
                        "#text": "2021-11-24 15:48:15.210859+00:00"
                    },
                    {
                        "@Name": "ProcessId",
                        "#text": "0x000000000000017c"
                    },
                    {
                        "@Name": "ProcessName",
                        "#text": "C:\\Windows\\System32\\svchost.exe"
                    }
                ]
            }
        }
    },
    {
        "Event": {
            "@xmlns": "http://schemas.microsoft.com/win/2004/08/events/event",
            "System": {
                "Provider": {
                    "@Name": "Microsoft-Windows-Security-Auditing",
                    "@Guid": "{54849625-5478-4994-a5ba-3e3b0328c30d}"
                },
                "EventID": {
                    "@Qualifiers": "",
                    "#text": "4616"
                },
                "Version": "1",
                "Level": "0",
                "Task": "12288",
                "Opcode": "0",
                "Keywords": "0x8020000000000000",
                "TimeCreated": {
                    "@SystemTime": "2021-11-24 15:48:15.210432+00:00"
                },
                "EventRecordID": "19620901",
                "Correlation": {
                    "@ActivityID": "",
                    "@RelatedActivityID": ""
                },
                "Execution": {
                    "@ProcessID": "4",
                    "@ThreadID": "22320"
                },
                "Channel": "Security",
                "Computer": "jump01.offsec.lan",
                "Security": {
                    "@UserID": ""
                }
            },
            "EventData": {
                "Data": [
                    {
                        "@Name": "SubjectUserSid",
                        "#text": "S-1-5-19"
                    },
                    {
                        "@Name": "SubjectUserName",
                        "#text": "LOCAL SERVICE"
                    },
                    {
                        "@Name": "SubjectDomainName",
                        "#text": "NT AUTHORITY"
                    },
                    {
                        "@Name": "SubjectLogonId",
                        "#text": "0x00000000000003e5"
                    },
                    {
                        "@Name": "PreviousTime",
                        "#text": "2021-11-24 15:48:15.210953+00:00"
                    },
                    {
                        "@Name": "NewTime",
                        "#text": "2021-11-24 15:48:15.209999+00:00"
                    },
                    {
                        "@Name": "ProcessId",
                        "#text": "0x000000000000017c"
                    },
                    {
                        "@Name": "ProcessName",
                        "#text": "C:\\Windows\\System32\\svchost.exe"
                    }
                ]
            }
        }
    },
    {
        "Event": {
            "@xmlns": "http://schemas.microsoft.com/win/2004/08/events/event",
            "System": {
                "Provider": {
                    "@Name": "Microsoft-Windows-Security-Auditing",
                    "@Guid": "{54849625-5478-4994-a5ba-3e3b0328c30d}"
                },
                "EventID": {
                    "@Qualifiers": "",
                    "#text": "4616"
                },
                "Version": "1",
                "Level": "0",
                "Task": "12288",
                "Opcode": "0",
                "Keywords": "0x8020000000000000",
                "TimeCreated": {
                    "@SystemTime": "2021-11-24 15:48:24.985485+00:00"
                },
                "EventRecordID": "19620903",
                "Correlation": {
                    "@ActivityID": "",
                    "@RelatedActivityID": ""
                },
                "Execution": {
                    "@ProcessID": "4",
                    "@ThreadID": "20628"
                },
                "Channel": "Security",
                "Computer": "jump01.offsec.lan",
                "Security": {
                    "@UserID": ""
                }
            },
            "EventData": {
                "Data": [
                    {
                        "@Name": "SubjectUserSid",
                        "#text": "S-1-5-21-4230534742-2542757381-3142984815-1111"
                    },
                    {
                        "@Name": "SubjectUserName",
                        "#text": "admmig"
                    },
                    {
                        "@Name": "SubjectDomainName",
                        "#text": "OFFSEC"
                    },
                    {
                        "@Name": "SubjectLogonId",
                        "#text": "0x00000000000934c5"
                    },
                    {
                        "@Name": "PreviousTime",
                        "#text": "2021-11-24 15:48:33.084791+00:00"
                    },
                    {
                        "@Name": "NewTime",
                        "#text": "2021-11-24 15:48:25+00:00"
                    },
                    {
                        "@Name": "ProcessId",
                        "#text": "0x0000000000005924"
                    },
                    {
                        "@Name": "ProcessName",
                        "#text": "C:\\Windows\\System32\\dllhost.exe"
                    }
                ]
            }
        }
    },
    {
        "Event": {
            "@xmlns": "http://schemas.microsoft.com/win/2004/08/events/event",
            "System": {
                "Provider": {
                    "@Name": "Microsoft-Windows-Security-Auditing",
                    "@Guid": "{54849625-5478-4994-a5ba-3e3b0328c30d}"
                },
                "EventID": {
                    "@Qualifiers": "",
                    "#text": "4616"
                },
                "Version": "1",
                "Level": "0",
                "Task": "12288",
                "Opcode": "0",
                "Keywords": "0x8020000000000000",
                "TimeCreated": {
                    "@SystemTime": "2021-11-24 15:48:25.000237+00:00"
                },
                "EventRecordID": "19620904",
                "Correlation": {
                    "@ActivityID": "",
                    "@RelatedActivityID": ""
                },
                "Execution": {
                    "@ProcessID": "4",
                    "@ThreadID": "20628"
                },
                "Channel": "Security",
                "Computer": "jump01.offsec.lan",
                "Security": {
                    "@UserID": ""
                }
            },
            "EventData": {
                "Data": [
                    {
                        "@Name": "SubjectUserSid",
                        "#text": "S-1-5-21-4230534742-2542757381-3142984815-1111"
                    },
                    {
                        "@Name": "SubjectUserName",
                        "#text": "admmig"
                    },
                    {
                        "@Name": "SubjectDomainName",
                        "#text": "OFFSEC"
                    },
                    {
                        "@Name": "SubjectLogonId",
                        "#text": "0x00000000000934c5"
                    },
                    {
                        "@Name": "PreviousTime",
                        "#text": "2021-11-24 15:48:24.985521+00:00"
                    },
                    {
                        "@Name": "NewTime",
                        "#text": "2021-11-24 15:48:25+00:00"
                    },
                    {
                        "@Name": "ProcessId",
                        "#text": "0x0000000000005924"
                    },
                    {
                        "@Name": "ProcessName",
                        "#text": "C:\\Windows\\System32\\dllhost.exe"
                    }
                ]
            }
        }
    }
]