    {
        "Event": {
            "@xmlns": "http://schemas.microsoft.com/win/2004/08/events/event",
            "System": {
                "Provider": {
                    "@Name": "Microsoft-Windows-Security-Auditing",
                    "@Guid": "{54849625-5478-4994-a5ba-3e3b0328c30d}"
                },
                "EventID": {
                    "@Qualifiers": "",
                    "#text": "4726"
                },
                "Version": "0",
                "Level": "0",
                "Task": "13824",
                "Opcode": "0",
                "Keywords": "0x8020000000000000",
                "TimeCreated": {
                    "@SystemTime": "2022-01-24 17:03:25.009872+00:00"
                },
                "EventRecordID": "1934526",
                "Correlation": {
                    "@ActivityID": "",
                    "@RelatedActivityID": ""
                },
                "Execution": {
                    "@ProcessID": "480",
                    "@ThreadID": "1496"
                },
                "Channel": "Security",
                "Computer": "fs03vuln.offsec.lan",
                "Security": {
                    "@UserID": ""
                }
            },
            "EventData": {
                "Data": [
                    {
                        "@Name": "TargetUserName",
                        "#text": "3teamssixf$"
                    },
                    {
                        "@Name": "TargetDomainName",
                        "#text": "FS03VULN"
                    },
                    {
                        "@Name": "TargetSid",
                        "#text": "S-1-5-21-2721507831-1374043488-2540227515-1008"
                    },
                    {
                        "@Name": "SubjectUserSid",
                        "#text": "S-1-5-21-4230534742-2542757381-3142984815-1111"
                    },
                    {
                        "@Name": "SubjectUserName",
                        "#text": "admmig"
                    },
                    {
                        "@Name": "SubjectDomainName",
                        "#text": "OFFSEC"
                    },
                    {
                        "@Name": "SubjectLogonId",
                        "#text": "0x0000000014f509e2"
                    },
                    {
                        "@Name": "PrivilegeList",
                        "#text": "-"
                    }
                ]
            }
        }
    },
    {
        "Event": {
            "@xmlns": "http://schemas.microsoft.com/win/2004/08/events/event",
            "System": {
                "Provider": {
                    "@Name": "Microsoft-Windows-Security-Auditing",
                    "@Guid": "{54849625-5478-4994-a5ba-3e3b0328c30d}"
                },
                "EventID": {
                    "@Qualifiers": "",
                    "#text": "4660"
                },
                "Version": "0",
                "Level": "0",
                "Task": "12804",
                "Opcode": "0",
                "Keywords": "0x8020000000000000",
                "TimeCreated": {
                    "@SystemTime": "2022-01-24 17:03:25.009872+00:00"
                },
                "EventRecordID": "1934527",
                "Correlation": {
                    "@ActivityID": "",
                    "@RelatedActivityID": ""
                },
                "Execution": {
                    "@ProcessID": "4",
                    "@ThreadID": "4488"
                },
                "Channel": "Security",
                "Computer": "fs03vuln.offsec.lan",
                "Security": {
                    "@UserID": ""
                }
            },
            "EventData": {
                "Data": [
                    {
                        "@Name": "SubjectUserSid",
                        "#text": "S-1-5-21-4230534742-2542757381-3142984815-1111"
                    },
                    {
                        "@Name": "SubjectUserName",
                        "#text": "admmig"
                    },
                    {
                        "@Name": "SubjectDomainName",
                        "#text": "OFFSEC"
                    },
                    {
                        "@Name": "SubjectLogonId",
                        "#text": "0x0000000014f509e2"
                    },
                    {
                        "@Name": "ObjectServer",
                        "#text": "Security Account Manager"
                    },
                    {
                        "@Name": "HandleId",
                        "#text": "0x000000e9a9292e70"
                    },
                    {
                        "@Name": "ProcessId",
                        "#text": "0x00000000000001e0"
                    },
                    {
                        "@Name": "ProcessName",
                        "#text": "C:\\Windows\\System32\\lsass.exe"
                    },
                    {
                        "@Name": "TransactionId",
                        "#text": "{00000000-0000-0000-0000-000000000000}"
                    }
                ]
            }
        }
    },
    {
        "Event": {
            "@xmlns": "http://schemas.microsoft.com/win/2004/08/events/event",
            "System": {
                "Provider": {
                    "@Name": "Microsoft-Windows-Security-Auditing",
                    "@Guid": "{54849625-5478-4994-a5ba-3e3b0328c30d}"
                },
                "EventID": {
                    "@Qualifiers": "",
                    "#text": "4688"
                },
                "Version": "1",
                "Level": "0",
                "Task": "13312",
                "Opcode": "0",
                "Keywords": "0x8020000000000000",
                "TimeCreated": {
                    "@SystemTime": "2022-01-24 17:03:25.012873+00:00"
                },
                "EventRecordID": "1934528",
                "Correlation": {
                    "@ActivityID": "",
                    "@RelatedActivityID": ""
                },
                "Execution": {
                    "@ProcessID": "4",
                    "@ThreadID": "4488"
                },
                "Channel": "Security",
                "Computer": "fs03vuln.offsec.lan",
                "Security": {
                    "@UserID": ""
                }
            },
            "EventData": {
                "Data": [
                    {
                        "@Name": "SubjectUserSid",
                        "#text": "S-1-5-21-4230534742-2542757381-3142984815-1111"
                    },
                    {
                        "@Name": "SubjectUserName",
                        "#text": "admmig"
                    },
                    {
                        "@Name": "SubjectDomainName",
                        "#text": "OFFSEC"
                    },
                    {
                        "@Name": "SubjectLogonId",
                        "#text": "0x0000000014f509e2"
                    },
                    {
                        "@Name": "NewProcessId",
                        "#text": "0x000000000000101c"
                    },
                    {
                        "@Name": "NewProcessName",
                        "#text": "C:\\Windows\\regedit.exe"
                    },
                    {
                        "@Name": "TokenElevationType",
                        "#text": "%%1937"
                    },
                    {
                        "@Name": "ProcessId",
                        "#text": "0x00000000000008cc"
                    },
                    {
                        "@Name": "CommandLine",
                        "#text": "regedit /s .sTRmxJkRFoTFaPRXBeavZhjaAYNvpYko.reg"
                    }
                ]
            }
        }
    },
    {
        "Event": {
            "@xmlns": "http://schemas.microsoft.com/win/2004/08/events/event",
            "System": {
                "Provider": {
                    "@Name": "Microsoft-Windows-Security-Auditing",
                    "@Guid": "{54849625-5478-4994-a5ba-3e3b0328c30d}"
                },
                "EventID": {
                    "@Qualifiers": "",
                    "#text": "4656"
                },
                "Version": "1",
                "Level": "0",
                "Task": "12803",
                "Opcode": "0",
                "Keywords": "0x8020000000000000",
                "TimeCreated": {
                    "@SystemTime": "2022-01-24 17:03:25.035923+00:00"
                },
                "EventRecordID": "1934529",
                "Correlation": {
                    "@ActivityID": "",
                    "@RelatedActivityID": ""
                },
                "Execution": {
                    "@ProcessID": "480",
                    "@ThreadID": "488"
                },
                "Channel": "Security",
                "Computer": "fs03vuln.offsec.lan",
                "Security": {
                    "@UserID": ""
                }
            },
            "EventData": {
                "Data": [
                    {
                        "@Name": "SubjectUserSid",
                        "#text": "S-1-5-21-4230534742-2542757381-3142984815-1111"
                    },
                    {
                        "@Name": "SubjectUserName",
                        "#text": "admmig"
                    },
                    {
                        "@Name": "SubjectDomainName",
                        "#text": "OFFSEC"
                    },
                    {
                        "@Name": "SubjectLogonId",
                        "#text": "0x0000000014f509e2"
                    },
                    {
                        "@Name": "ObjectServer",
                        "#text": "Security Account Manager"
                    },
                    {
                        "@Name": "ObjectType",
                        "#text": "SAM_USER"
                    },
                    {
                        "@Name": "ObjectName",
                        "#text": "DOMAINS\\Account\\Users\\000003F0"
                    },
                    {
                        "@Name": "HandleId",
                        "#text": "0x000000e9a9290e80"
                    },
                    {
                        "@Name": "TransactionId",
                        "#text": "{00000000-0000-0000-0000-000000000000}"
                    },
                    {
                        "@Name": "AccessList",
                        "#text": "%%1538\n\t\t\t\t%%1539\n\t\t\t\t%%5444\n\t\t\t\t%%5445"
                    },
                    {
                        "@Name": "AccessReason",
                        "#text": "-"
                    },
                    {
                        "@Name": "AccessMask",
                        "#text": "0x00060030"
                    },
                    {
                        "@Name": "PrivilegeList",
                        "#text": "-"
                    },
                    {
                        "@Name": "RestrictedSidCount",
                        "#text": "0"
                    },
                    {
                        "@Name": "ProcessId",
                        "#text": "0x00000000000001e0"
                    },
                    {
                        "@Name": "ProcessName",
                        "#text": "C:\\Windows\\System32\\lsass.exe"
                    },
                    {
                        "@Name": "ResourceAttributes",
                        "#text": "-"
                    }
                ]
            }
        }
    },
    {
        "Event": {
            "@xmlns": "http://schemas.microsoft.com/win/2004/08/events/event",
            "System": {
                "Provider": {
                    "@Name": "Microsoft-Windows-Security-Auditing",
                    "@Guid": "{54849625-5478-4994-a5ba-3e3b0328c30d}"
                },
                "EventID": {
                    "@Qualifiers": "",
                    "#text": "4738"
                },
                "Version": "0",
                "Level": "0",
                "Task": "13824",
                "Opcode": "0",
                "Keywords": "0x8020000000000000",
                "TimeCreated": {
                    "@SystemTime": "2022-01-24 17:03:25.035923+00:00"
                },
                "EventRecordID": "1934530",
                "Correlation": {
                    "@ActivityID": "",
                    "@RelatedActivityID": ""
                },
                "Execution": {
                    "@ProcessID": "480",
                    "@ThreadID": "1496"
                },
                "Channel": "Security",
                "Computer": "fs03vuln.offsec.lan",
                "Security": {
                    "@UserID": ""
                }
            },
            "EventData": {
                "Data": [
                    {
                        "@Name": "Dummy",
                        "#text": "-"
                    },
                    {
                        "@Name": "TargetUserName",
                        "#text": "3teamssixf$"
                    },
                    {
                        "@Name": "TargetDomainName",
                        "#text": "FS03VULN"
                    },
                    {
                        "@Name": "TargetSid",
                        "#text": "S-1-5-21-2721507831-1374043488-2540227515-1008"
                    },
                    {
                        "@Name": "SubjectUserSid",
                        "#text": "S-1-5-21-4230534742-2542757381-3142984815-1111"
                    },
                    {
                        "@Name": "SubjectUserName",
                        "#text": "admmig"
                    },
                    {
                        "@Name": "SubjectDomainName",
                        "#text": "OFFSEC"
                    },
                    {
                        "@Name": "SubjectLogonId",
                        "#text": "0x0000000014f509e2"
                    },
                    {
                        "@Name": "PrivilegeList",
                        "#text": "-"
                    },
                    {
                        "@Name": "SamAccountName",
                        "#text": "3teamssixf$"
                    },
                    {
                        "@Name": "DisplayName",
                        "#text": "3teamssixf$"
                    },
                    {
                        "@Name": "UserPrincipalName",
                        "#text": "-"
                    },
                    {
                        "@Name": "HomeDirectory",
                        "#text": "%%1793"
                    },
                    {
                        "@Name": "HomePath",
                        "#text": "%%1793"
                    },
                    {
                        "@Name": "ScriptPath",
                        "#text": "%%1793"
                    },
                    {
                        "@Name": "ProfilePath",
                        "#text": "%%1793"
                    },
                    {
                        "@Name": "UserWorkstations",
                        "#text": "%%1793"
                    },
                    {
                        "@Name": "PasswordLastSet",
                        "#text": "5/7/2020 1:39:46 PM"
                    },
                    {
                        "@Name": "AccountExpires",
                        "#text": "%%1794"
                    },
                    {
                        "@Name": "PrimaryGroupId",
                        "#text": "513"
                    },
                    {
                        "@Name": "AllowedToDelegateTo",
                        "#text": "-"
                    },
                    {
                        "@Name": "OldUacValue",
                        "#text": "0x10"
                    },
                    {
                        "@Name": "NewUacValue",
                        "#text": "0x10"
                    },
                    {
                        "@Name": "UserAccountControl",
                        "#text": "-"
                    },
                    {
                        "@Name": "UserParameters",
                        "#text": "%%1793"
                    },
                    {
                        "@Name": "SidHistory",
                        "#text": "-"
                    },
                    {
                        "@Name": "LogonHours",
                        "#text": "%%1797"
                    }
                ]
            }
        }
    },
    {
        "Event": {
            "@xmlns": "http://schemas.microsoft.com/win/2004/08/events/event",
            "System": {
                "Provider": {
                    "@Name": "Microsoft-Windows-Security-Auditing",
                    "@Guid": "{54849625-5478-4994-a5ba-3e3b0328c30d}"
                },
                "EventID": {
                    "@Qualifiers": "",
                    "#text": "4688"
                },
                "Version": "1",
                "Level": "0",
                "Task": "13312",
                "Opcode": "0",
                "Keywords": "0x8020000000000000",
                "TimeCreated": {
                    "@SystemTime": "2022-01-24 17:03:25.039921+00:00"
                },
                "EventRecordID": "1934531",
                "Correlation": {
                    "@ActivityID": "",
                    "@RelatedActivityID": ""
                },
                "Execution": {
                    "@ProcessID": "4",
                    "@ThreadID": "4488"
                },
                "Channel": "Security",
                "Computer": "fs03vuln.offsec.lan",
                "Security": {
                    "@UserID": ""
                }
            },
            "EventData": {
                "Data": [
                    {
                        "@Name": "SubjectUserSid",
                        "#text": "S-1-5-21-4230534742-2542757381-3142984815-1111"
                    },
                    {
                        "@Name": "SubjectUserName",
                        "#text": "admmig"
                    },
                    {
                        "@Name": "SubjectDomainName",
                        "#text": "OFFSEC"
                    },
                    {
                        "@Name": "SubjectLogonId",
                        "#text": "0x0000000014f509e2"
                    },
                    {
                        "@Name": "NewProcessId",
                        "#text": "0x00000000000003e0"
                    },
                    {
                        "@Name": "NewProcessName",
                        "#text": "C:\\Windows\\System32\\netdom.exe"
                    },
                    {
                        "@Name": "TokenElevationType",
                        "#text": "%%1937"
                    },
                    {
                        "@Name": "ProcessId",
                        "#text": "0x00000000000008cc"
                    },
                    {
                        "@Name": "CommandLine",
                        "#text": "netdom query pdc"
                    }
                ]
            }
        }
    }
]