[
    {
        "Event": {
            "@xmlns": "http://schemas.microsoft.com/win/2004/08/events/event",
            "System": {
                "Provider": {
                    "@Name": "Microsoft-Windows-Security-Auditing",
                    "@Guid": "{54849625-5478-4994-a5ba-3e3b0328c30d}"
                },
                "EventID": {
                    "@Qualifiers": "",
                    "#text": "4661"
                },
                "Version": "1",
                "Level": "0",
                "Task": "12803",
                "Opcode": "0",
                "Keywords": "0x8020000000000000",
                "TimeCreated": {
                    "@SystemTime": "2021-05-03 08:16:43.005226+00:00"
                },
                "EventRecordID": "141120255",
                "Correlation": {
                    "@ActivityID": "",
                    "@RelatedActivityID": ""
                },
                "Execution": {
                    "@ProcessID": "4",
                    "@ThreadID": "3812"
                },
                "Channel": "Security",
                "Computer": "rootdc1.offsec.lan",
                "Security": {
                    "@UserID": ""
                }
            },
            "EventData": {
                "Data": [
                    {
                        "@Name": "SubjectUserSid",
                        "#text": "S-1-5-21-4230534742-2542757381-3142984815-1111"
                    },
                    {
                        "@Name": "SubjectUserName",
                        "#text": "admmig"
                    },
                    {
                        "@Name": "SubjectDomainName",
                        "#text": "OFFSEC"
                    },
                    {
                        "@Name": "SubjectLogonId",
                        "#text": "0x0000000046920341"
                    },
                    {
                        "@Name": "ObjectServer",
                        "#text": "Security Account Manager"
                    },
                    {
                        "@Name": "ObjectType",
                        "#text": "SAM_SERVER"
                    },
                    {
                        "@Name": "ObjectName",
                        "#text": "CN=Server,CN=System,DC=offsec,DC=lan"
                    },
                    {
                        "@Name": "HandleId",
                        "#text": "0x0000012a91586010"
                    },
                    {
                        "@Name": "TransactionId",
                        "#text": "{00000000-0000-0000-0000-000000000000}"
                    },
                    {
                        "@Name": "AccessList",
                        "#text": "%%1537\n\t\t\t\t%%1538\n\t\t\t\t%%1539\n\t\t\t\t%%1540\n\t\t\t\t%%5376\n\t\t\t\t%%5377\n\t\t\t\t%%5378\n\t\t\t\t%%5379\n\t\t\t\t%%5380\n\t\t\t\t%%5381\n\t\t\t\t%%5382\n\t\t\t\t%%5383\n\t\t\t\t%%5384"
                    },
                    {
                        "@Name": "AccessReason",
                        "#text": "-"
                    },
                    {
                        "@Name": "AccessMask",
                        "#text": "0x000f01ff"
                    },
                    {
                        "@Name": "PrivilegeList",
                        "#text": "-"
                    },
                    {
                        "@Name": "Properties",
                        "#text": "---\n\t{bf967aad-0de6-11d0-a285-00aa003049e2}"
                    },
                    {
                        "@Name": "RestrictedSidCount",
                        "#text": "0"
                    },
                    {
                        "@Name": "ProcessId",
                        "#text": "0x0000000000000224"
                    },
                    {
                        "@Name": "ProcessName",
                        "#text": "C:\\Windows\\System32\\lsass.exe"
                    }
                ]
            }
        }
    },
    {
        "Event": {
            "@xmlns": "http://schemas.microsoft.com/win/2004/08/events/event",
            "System": {
                "Provider": {
                    "@Name": "Microsoft-Windows-Security-Auditing",
                    "@Guid": "{54849625-5478-4994-a5ba-3e3b0328c30d}"
                },
                "EventID": {
                    "@Qualifiers": "",
                    "#text": "4661"
                },
                "Version": "1",
                "Level": "0",
                "Task": "12803",
                "Opcode": "0",
                "Keywords": "0x8020000000000000",
                "TimeCreated": {
                    "@SystemTime": "2021-05-03 08:16:43.006943+00:00"
                },
                "EventRecordID": "141120256",
                "Correlation": {
                    "@ActivityID": "",
                    "@RelatedActivityID": ""
                },
                "Execution": {
                    "@ProcessID": "4",
                    "@ThreadID": "3812"
                },
                "Channel": "Security",
                "Computer": "rootdc1.offsec.lan",
                "Security": {
                    "@UserID": ""
                }
            },
            "EventData": {
                "Data": [
                    {
                        "@Name": "SubjectUserSid",
                        "#text": "S-1-5-21-4230534742-2542757381-3142984815-1111"
                    },
                    {
                        "@Name": "SubjectUserName",
                        "#text": "admmig"
                    },
                    {
                        "@Name": "SubjectDomainName",
                        "#text": "OFFSEC"
                    },
                    {
                        "@Name": "SubjectLogonId",
                        "#text": "0x0000000046920341"
                    },
                    {
                        "@Name": "ObjectServer",
                        "#text": "Security Account Manager"
                    },
                    {
                        "@Name": "ObjectType",
                        "#text": "SAM_DOMAIN"
                    },
                    {
                        "@Name": "ObjectName",
                        "#text": "DC=offsec,DC=lan"
                    },
                    {
                        "@Name": "HandleId",
                        "#text": "0x0000012a91585b40"
                    },
                    {
                        "@Name": "TransactionId",
                        "#text": "{00000000-0000-0000-0000-000000000000}"
                    },
                    {
                        "@Name": "AccessList",
                        "#text": "%%1537\n\t\t\t\t%%1538\n\t\t\t\t%%1539\n\t\t\t\t%%1540\n\t\t\t\t%%5392\n\t\t\t\t%%5394\n\t\t\t\t%%5395\n\t\t\t\t%%5396\n\t\t\t\t%%5397\n\t\t\t\t%%5398\n\t\t\t\t%%5399\n\t\t\t\t%%5400"
                    },
                    {
                        "@Name": "AccessReason",
                        "#text": "-"
                    },
                    {
                        "@Name": "AccessMask",
                        "#text": "0x000f01fd"
                    },
                    {
                        "@Name": "PrivilegeList",
                        "#text": "-"
                    },
                    {
                        "@Name": "Properties",
                        "#text": "---\n\t{19195a5a-6da0-11d0-afd3-00c04fd930c9}\n%%1537\n%%1538\n%%1539\n%%1540\n%%5392\n%%5394\n%%5395\n%%5396\n%%5397\n%%5398\n%%5399\n%%5400\n\t\t{c7407360-20bf-11d0-a768-00aa006e0529}\n\t\t\t{bf9679a4-0de6-11d0-a285-00aa003049e2}\n\t\t\t{bf9679a5-0de6-11d0-a285-00aa003049e2}\n\t\t\t{bf9679a6-0de6-11d0-a285-00aa003049e2}\n\t\t\t{bf9679bb-0de6-11d0-a285-00aa003049e2}\n\t\t\t{bf9679c2-0de6-11d0-a285-00aa003049e2}\n\t\t\t{bf9679c3-0de6-11d0-a285-00aa003049e2}\n\t\t\t{bf967a09-0de6-11d0-a285-00aa003049e2}\n\t\t\t{bf967a0b-0de6-11d0-a285-00aa003049e2}\n\t\t{b8119fd0-04f6-4762-ab7a-4986c76b3f9a}\n\t\t\t{bf967a34-0de6-11d0-a285-00aa003049e2}\n\t\t\t{bf967a33-0de6-11d0-a285-00aa003049e2}\n\t\t\t{bf9679c5-0de6-11d0-a285-00aa003049e2}\n\t\t\t{bf967a61-0de6-11d0-a285-00aa003049e2}\n\t\t\t{bf967977-0de6-11d0-a285-00aa003049e2}\n\t\t\t{bf96795e-0de6-11d0-a285-00aa003049e2}\n\t\t\t{bf9679ea-0de6-11d0-a285-00aa003049e2}\n\t\t{ab721a52-1e2f-11d0-9819-00aa0040529b}"
                    },
                    {
                        "@Name": "RestrictedSidCount",
                        "#text": "0"
                    },
                    {
                        "@Name": "ProcessId",
                        "#text": "0x0000000000000224"
                    },
                    {
                        "@Name": "ProcessName",
                        "#text": "C:\\Windows\\System32\\lsass.exe"
                    }
                ]
            }
        }
    },
    {
        "Event": {
            "@xmlns": "http://schemas.microsoft.com/win/2004/08/events/event",
            "System": {
                "Provider": {
                    "@Name": "Microsoft-Windows-Security-Auditing",
                    "@Guid": "{54849625-5478-4994-a5ba-3e3b0328c30d}"
                },
                "EventID": {
                    "@Qualifiers": "",
                    "#text": "4661"
                },
                "Version": "1",
                "Level": "0",
                "Task": "12803",
                "Opcode": "0",
                "Keywords": "0x8020000000000000",
                "TimeCreated": {
                    "@SystemTime": "2021-05-03 08:16:43.008253+00:00"
                },
                "EventRecordID": "141120257",
                "Correlation": {
                    "@ActivityID": "",
                    "@RelatedActivityID": ""
                },
                "Execution": {
                    "@ProcessID": "4",
                    "@ThreadID": "3812"
                },
                "Channel": "Security",
                "Computer": "rootdc1.offsec.lan",
                "Security": {
                    "@UserID": ""
                }
            },
            "EventData": {
                "Data": [
                    {
                        "@Name": "SubjectUserSid",
                        "#text": "S-1-5-21-4230534742-2542757381-3142984815-1111"
                    },
                    {
                        "@Name": "SubjectUserName",
                        "#text": "admmig"
                    },
                    {
                        "@Name": "SubjectDomainName",
                        "#text": "OFFSEC"
                    },
                    {
                        "@Name": "SubjectLogonId",
                        "#text": "0x0000000046920341"
                    },
                    {
                        "@Name": "ObjectServer",
                        "#text": "Security Account Manager"
                    },
                    {
                        "@Name": "ObjectType",
                        "#text": "SAM_GROUP"
                    },
                    {
                        "@Name": "ObjectName",
                        "#text": "S-1-5-21-4230534742-2542757381-3142984815-512"
                    },
                    {
                        "@Name": "HandleId",
                        "#text": "0x0000012a91585670"
                    },
                    {
                        "@Name": "TransactionId",
                        "#text": "{00000000-0000-0000-0000-000000000000}"
                    },
                    {
                        "@Name": "AccessList",
                        "#text": "%%1537\n\t\t\t\t%%1538\n\t\t\t\t%%1539\n\t\t\t\t%%1540\n\t\t\t\t%%5408\n\t\t\t\t%%5409\n\t\t\t\t%%5410\n\t\t\t\t%%5411\n\t\t\t\t%%5412\n\t\t\t\t%%5413\n\t\t\t\t%%5415\n\t\t\t\t%%5416"
                    },
                    {
                        "@Name": "AccessReason",
                        "#text": "-"
                    },
                    {
                        "@Name": "AccessMask",
                        "#text": "0x000f01bf"
                    },
                    {
                        "@Name": "PrivilegeList",
                        "#text": "-"
                    },
                    {
                        "@Name": "Properties",
                        "#text": "---\n\t{bf967a9c-0de6-11d0-a285-00aa003049e2}\n%%1537\n%%1538\n%%1539\n%%1540\n%%5408\n%%5409\n%%5410\n%%5411\n%%5412\n%%5413\n%%5415\n%%5416\n\t\t\t{bf9679e8-0de6-11d0-a285-00aa003049e2}\n\t\t\t{3e0abfd0-126a-11d0-a060-00aa006c33ed}\n\t\t{bc0ac240-79a9-11d0-9020-00c04fc2d4cf}\n\t\t\t{bf9679c0-0de6-11d0-a285-00aa003049e2}\n\t\t{59ba2f42-79a2-11d0-9020-00c04fc2d3cf}"
                    },
                    {
                        "@Name": "RestrictedSidCount",
                        "#text": "0"
                    },
                    {
                        "@Name": "ProcessId",
                        "#text": "0x0000000000000224"
                    },
                    {
                        "@Name": "ProcessName",
                        "#text": "C:\\Windows\\System32\\lsass.exe"
                    }
                ]
            }
        }
    },
    {
        "Event": {
            "@xmlns": "http://schemas.microsoft.com/win/2004/08/events/event",
            "System": {
                "Provider": {
                    "@Name": "Microsoft-Windows-Security-Auditing",
                    "@Guid": "{54849625-5478-4994-a5ba-3e3b0328c30d}"
                },
                "EventID": {
                    "@Qualifiers": "",
                    "#text": "4661"
                },
                "Version": "1",
                "Level": "0",
                "Task": "12803",
                "Opcode": "0",
                "Keywords": "0x8020000000000000",
                "TimeCreated": {
                    "@SystemTime": "2021-05-03 08:16:43.014299+00:00"
                },
                "EventRecordID": "141120262",
                "Correlation": {
                    "@ActivityID": "",
                    "@RelatedActivityID": ""
                },
                "Execution": {
                    "@ProcessID": "4",
                    "@ThreadID": "3812"
                },
                "Channel": "Security",
                "Computer": "rootdc1.offsec.lan",
                "Security": {
                    "@UserID": ""
                }
            },
            "EventData": {
                "Data": [
                    {
                        "@Name": "SubjectUserSid",
                        "#text": "S-1-5-21-4230534742-2542757381-3142984815-1111"
                    },
                    {
                        "@Name": "SubjectUserName",
                        "#text": "admmig"
                    },
                    {
                        "@Name": "SubjectDomainName",
                        "#text": "OFFSEC"
                    },
                    {
                        "@Name": "SubjectLogonId",
                        "#text": "0x0000000046920341"
                    },
                    {
                        "@Name": "ObjectServer",
                        "#text": "Security Account Manager"
                    },
                    {
                        "@Name": "ObjectType",
                        "#text": "SAM_SERVER"
                    },
                    {
                        "@Name": "ObjectName",
                        "#text": "CN=Server,CN=System,DC=offsec,DC=lan"
                    },
                    {
                        "@Name": "HandleId",
                        "#text": "0x0000012a91585670"
                    },
                    {
                        "@Name": "TransactionId",
                        "#text": "{00000000-0000-0000-0000-000000000000}"
                    },
                    {
                        "@Name": "AccessList",
                        "#text": "%%1537\n\t\t\t\t%%1538\n\t\t\t\t%%1539\n\t\t\t\t%%1540\n\t\t\t\t%%5376\n\t\t\t\t%%5377\n\t\t\t\t%%5378\n\t\t\t\t%%5379\n\t\t\t\t%%5380\n\t\t\t\t%%5381\n\t\t\t\t%%5382\n\t\t\t\t%%5383\n\t\t\t\t%%5384"
                    },
                    {
                        "@Name": "AccessReason",
                        "#text": "-"
                    },
                    {
                        "@Name": "AccessMask",
                        "#text": "0x000f01ff"
                    },
                    {
                        "@Name": "PrivilegeList",
                        "#text": "-"
                    },
                    {
                        "@Name": "Properties",
                        "#text": "---\n\t{bf967aad-0de6-11d0-a285-00aa003049e2}"
                    },
                    {
                        "@Name": "RestrictedSidCount",
                        "#text": "0"
                    },
                    {
                        "@Name": "ProcessId",
                        "#text": "0x0000000000000224"
                    },
                    {
                        "@Name": "ProcessName",
                        "#text": "C:\\Windows\\System32\\lsass.exe"
                    }
                ]
            }
        }
    },
    {
        "Event": {
            "@xmlns": "http://schemas.microsoft.com/win/2004/08/events/event",
            "System": {
                "Provider": {
                    "@Name": "Microsoft-Windows-Security-Auditing",
                    "@Guid": "{54849625-5478-4994-a5ba-3e3b0328c30d}"
                },
                "EventID": {
                    "@Qualifiers": "",
                    "#text": "4661"
                },
                "Version": "1",
                "Level": "0",
                "Task": "12803",
                "Opcode": "0",
                "Keywords": "0x8020000000000000",
                "TimeCreated": {
                    "@SystemTime": "2021-05-03 08:16:43.015919+00:00"
                },
                "EventRecordID": "141120263",
                "Correlation": {
                    "@ActivityID": "",
                    "@RelatedActivityID": ""
                },
                "Execution": {
                    "@ProcessID": "4",
                    "@ThreadID": "3812"
                },
                "Channel": "Security",
                "Computer": "rootdc1.offsec.lan",
                "Security": {
                    "@UserID": ""
                }
            },
            "EventData": {
                "Data": [
                    {
                        "@Name": "SubjectUserSid",
                        "#text": "S-1-5-21-4230534742-2542757381-3142984815-1111"
                    },
                    {
                        "@Name": "SubjectUserName",
                        "#text": "admmig"
                    },
                    {
                        "@Name": "SubjectDomainName",
                        "#text": "OFFSEC"
                    },
                    {
                        "@Name": "SubjectLogonId",
                        "#text": "0x0000000046920341"
                    },
                    {
                        "@Name": "ObjectServer",
                        "#text": "Security Account Manager"
                    },
                    {
                        "@Name": "ObjectType",
                        "#text": "SAM_DOMAIN"
                    },
                    {
                        "@Name": "ObjectName",
                        "#text": "DC=offsec,DC=lan"
                    },
                    {
                        "@Name": "HandleId",
                        "#text": "0x0000012a91586010"
                    },
                    {
                        "@Name": "TransactionId",
                        "#text": "{00000000-0000-0000-0000-000000000000}"
                    },
                    {
                        "@Name": "AccessList",
                        "#text": "%%1537\n\t\t\t\t%%1538\n\t\t\t\t%%1539\n\t\t\t\t%%1540\n\t\t\t\t%%5392\n\t\t\t\t%%5394\n\t\t\t\t%%5395\n\t\t\t\t%%5396\n\t\t\t\t%%5397\n\t\t\t\t%%5398\n\t\t\t\t%%5399\n\t\t\t\t%%5400"
                    },
                    {
                        "@Name": "AccessReason",
                        "#text": "-"
                    },
                    {
                        "@Name": "AccessMask",
                        "#text": "0x000f01fd"
                    },
                    {
                        "@Name": "PrivilegeList",
                        "#text": "-"
                    },
                    {
                        "@Name": "Properties",
                        "#text": "---\n\t{19195a5a-6da0-11d0-afd3-00c04fd930c9}\n%%1537\n%%1538\n%%1539\n%%1540\n%%5392\n%%5394\n%%5395\n%%5396\n%%5397\n%%5398\n%%5399\n%%5400\n\t\t{c7407360-20bf-11d0-a768-00aa006e0529}\n\t\t\t{bf9679a4-0de6-11d0-a285-00aa003049e2}\n\t\t\t{bf9679a5-0de6-11d0-a285-00aa003049e2}\n\t\t\t{bf9679a6-0de6-11d0-a285-00aa003049e2}\n\t\t\t{bf9679bb-0de6-11d0-a285-00aa003049e2}\n\t\t\t{bf9679c2-0de6-11d0-a285-00aa003049e2}\n\t\t\t{bf9679c3-0de6-11d0-a285-00aa003049e2}\n\t\t\t{bf967a09-0de6-11d0-a285-00aa003049e2}\n\t\t\t{bf967a0b-0de6-11d0-a285-00aa003049e2}\n\t\t{b8119fd0-04f6-4762-ab7a-4986c76b3f9a}\n\t\t\t{bf967a34-0de6-11d0-a285-00aa003049e2}\n\t\t\t{bf967a33-0de6-11d0-a285-00aa003049e2}\n\t\t\t{bf9679c5-0de6-11d0-a285-00aa003049e2}\n\t\t\t{bf967a61-0de6-11d0-a285-00aa003049e2}\n\t\t\t{bf967977-0de6-11d0-a285-00aa003049e2}\n\t\t\t{bf96795e-0de6-11d0-a285-00aa003049e2}\n\t\t\t{bf9679ea-0de6-11d0-a285-00aa003049e2}\n\t\t{ab721a52-1e2f-11d0-9819-00aa0040529b}"
                    },
                    {
                        "@Name": "RestrictedSidCount",
                        "#text": "0"
                    },
                    {
                        "@Name": "ProcessId",
                        "#text": "0x0000000000000224"
                    },
                    {
                        "@Name": "ProcessName",
                        "#text": "C:\\Windows\\System32\\lsass.exe"
                    }
                ]
            }
        }
    },
    {
        "Event": {
            "@xmlns": "http://schemas.microsoft.com/win/2004/08/events/event",
            "System": {
                "Provider": {
                    "@Name": "Microsoft-Windows-Security-Auditing",
                    "@Guid": "{54849625-5478-4994-a5ba-3e3b0328c30d}"
                },
                "EventID": {
                    "@Qualifiers": "",
                    "#text": "4661"
                },
                "Version": "1",
                "Level": "0",
                "Task": "12803",
                "Opcode": "0",
                "Keywords": "0x8020000000000000",
                "TimeCreated": {
                    "@SystemTime": "2021-05-03 08:16:43.017036+00:00"
                },
                "EventRecordID": "141120264",
                "Correlation": {
                    "@ActivityID": "",
                    "@RelatedActivityID": ""
                },
                "Execution": {
                    "@ProcessID": "4",
                    "@ThreadID": "3812"
                },
                "Channel": "Security",
                "Computer": "rootdc1.offsec.lan",
                "Security": {
                    "@UserID": ""
                }
            },
            "EventData": {
                "Data": [
                    {
                        "@Name": "SubjectUserSid",
                        "#text": "S-1-5-21-4230534742-2542757381-3142984815-1111"
                    },
                    {
                        "@Name": "SubjectUserName",
                        "#text": "admmig"
                    },
                    {
                        "@Name": "SubjectDomainName",
                        "#text": "OFFSEC"
                    },
                    {
                        "@Name": "SubjectLogonId",
                        "#text": "0x0000000046920341"
                    },
                    {
                        "@Name": "ObjectServer",
                        "#text": "Security Account Manager"
                    },
                    {
                        "@Name": "ObjectType",
                        "#text": "SAM_GROUP"
                    },
                    {
                        "@Name": "ObjectName",
                        "#text": "S-1-5-21-4230534742-2542757381-3142984815-512"
                    },
                    {
                        "@Name": "HandleId",
                        "#text": "0x0000012a91585b40"
                    },
                    {
                        "@Name": "TransactionId",
                        "#text": "{00000000-0000-0000-0000-000000000000}"
                    },
                    {
                        "@Name": "AccessList",
                        "#text": "%%1537\n\t\t\t\t%%1538\n\t\t\t\t%%1539\n\t\t\t\t%%1540\n\t\t\t\t%%5408\n\t\t\t\t%%5409\n\t\t\t\t%%5410\n\t\t\t\t%%5411\n\t\t\t\t%%5412\n\t\t\t\t%%5413\n\t\t\t\t%%5415\n\t\t\t\t%%5416"
                    },
                    {
                        "@Name": "AccessReason",
                        "#text": "-"
                    },
                    {
                        "@Name": "AccessMask",
                        "#text": "0x000f01bf"
                    },
                    {
                        "@Name": "PrivilegeList",
                        "#text": "-"
                    },
                    {
                        "@Name": "Properties",
                        "#text": "---\n\t{bf967a9c-0de6-11d0-a285-00aa003049e2}\n%%1537\n%%1538\n%%1539\n%%1540\n%%5408\n%%5409\n%%5410\n%%5411\n%%5412\n%%5413\n%%5415\n%%5416\n\t\t\t{bf9679e8-0de6-11d0-a285-00aa003049e2}\n\t\t\t{3e0abfd0-126a-11d0-a060-00aa006c33ed}\n\t\t{bc0ac240-79a9-11d0-9020-00c04fc2d4cf}\n\t\t\t{bf9679c0-0de6-11d0-a285-00aa003049e2}\n\t\t{59ba2f42-79a2-11d0-9020-00c04fc2d3cf}"
                    },
                    {
                        "@Name": "RestrictedSidCount",
                        "#text": "0"
                    },
                    {
                        "@Name": "ProcessId",
                        "#text": "0x0000000000000224"
                    },
                    {
                        "@Name": "ProcessName",
                        "#text": "C:\\Windows\\System32\\lsass.exe"
                    }
                ]
            }
        }
    },
    {
        "Event": {
            "@xmlns": "http://schemas.microsoft.com/win/2004/08/events/event",
            "System": {
                "Provider": {
                    "@Name": "Microsoft-Windows-Security-Auditing",
                    "@Guid": "{54849625-5478-4994-a5ba-3e3b0328c30d}"
                },
                "EventID": {
                    "@Qualifiers": "",
                    "#text": "4661"
                },
                "Version": "1",
                "Level": "0",
                "Task": "12803",
                "Opcode": "0",
                "Keywords": "0x8020000000000000",
                "TimeCreated": {
                    "@SystemTime": "2021-05-03 08:16:52.149881+00:00"
                },
                "EventRecordID": "141120280",
                "Correlation": {
                    "@ActivityID": "",
                    "@RelatedActivityID": ""
                },
                "Execution": {
                    "@ProcessID": "4",
                    "@ThreadID": "1680"
                },
                "Channel": "Security",
                "Computer": "rootdc1.offsec.lan",
                "Security": {
                    "@UserID": ""
                }
            },
            "EventData": {
                "Data": [
                    {
                        "@Name": "SubjectUserSid",
                        "#text": "S-1-5-21-4230534742-2542757381-3142984815-1111"
                    },
                    {
                        "@Name": "SubjectUserName",
                        "#text": "admmig"
                    },
                    {
                        "@Name": "SubjectDomainName",
                        "#text": "OFFSEC"
                    },
                    {
                        "@Name": "SubjectLogonId",
                        "#text": "0x0000000046920341"
                    },
                    {
                        "@Name": "ObjectServer",
                        "#text": "Security Account Manager"
                    },
                    {
                        "@Name": "ObjectType",
                        "#text": "SAM_SERVER"
                    },
                    {
                        "@Name": "ObjectName",
                        "#text": "CN=Server,CN=System,DC=offsec,DC=lan"
                    },
                    {
                        "@Name": "HandleId",
                        "#text": "0x0000012a8e0b9010"
                    },
                    {
                        "@Name": "TransactionId",
                        "#text": "{00000000-0000-0000-0000-000000000000}"
                    },
                    {
                        "@Name": "AccessList",
                        "#text": "%%1537\n\t\t\t\t%%1538\n\t\t\t\t%%1539\n\t\t\t\t%%1540\n\t\t\t\t%%5376\n\t\t\t\t%%5377\n\t\t\t\t%%5378\n\t\t\t\t%%5379\n\t\t\t\t%%5380\n\t\t\t\t%%5381\n\t\t\t\t%%5382\n\t\t\t\t%%5383\n\t\t\t\t%%5384"
                    },
                    {
                        "@Name": "AccessReason",
                        "#text": "-"
                    },
                    {
                        "@Name": "AccessMask",
                        "#text": "0x000f01ff"
                    },
                    {
                        "@Name": "PrivilegeList",
                        "#text": "-"
                    },
                    {
                        "@Name": "Properties",
                        "#text": "---\n\t{bf967aad-0de6-11d0-a285-00aa003049e2}"
                    },
                    {
                        "@Name": "RestrictedSidCount",
                        "#text": "0"
                    },
                    {
                        "@Name": "ProcessId",
                        "#text": "0x0000000000000224"
                    },
                    {
                        "@Name": "ProcessName",
                        "#text": "C:\\Windows\\System32\\lsass.exe"
                    }
                ]
            }
        }
    },
    {
        "Event": {
            "@xmlns": "http://schemas.microsoft.com/win/2004/08/events/event",
            "System": {
                "Provider": {
                    "@Name": "Microsoft-Windows-Security-Auditing",
                    "@Guid": "{54849625-5478-4994-a5ba-3e3b0328c30d}"
                },
                "EventID": {
                    "@Qualifiers": "",
                    "#text": "4661"
                },
                "Version": "1",
                "Level": "0",
                "Task": "12803",
                "Opcode": "0",
                "Keywords": "0x8020000000000000",
                "TimeCreated": {
                    "@SystemTime": "2021-05-03 08:16:52.151970+00:00"
                },
                "EventRecordID": "141120281",
                "Correlation": {
                    "@ActivityID": "",
                    "@RelatedActivityID": ""
                },
                "Execution": {
                    "@ProcessID": "4",
                    "@ThreadID": "1680"
                },
                "Channel": "Security",
                "Computer": "rootdc1.offsec.lan",
                "Security": {
                    "@UserID": ""
                }
            },
            "EventData": {
                "Data": [
                    {
                        "@Name": "SubjectUserSid",
                        "#text": "S-1-5-21-4230534742-2542757381-3142984815-1111"
                    },
                    {
                        "@Name": "SubjectUserName",
                        "#text": "admmig"
                    },
                    {
                        "@Name": "SubjectDomainName",
                        "#text": "OFFSEC"
                    },
                    {
                        "@Name": "SubjectLogonId",
                        "#text": "0x0000000046920341"
                    },
                    {
                        "@Name": "ObjectServer",
                        "#text": "Security Account Manager"
                    },
                    {
                        "@Name": "ObjectType",
                        "#text": "SAM_DOMAIN"
                    },
                    {
                        "@Name": "ObjectName",
                        "#text": "DC=offsec,DC=lan"
                    },
                    {
                        "@Name": "HandleId",
                        "#text": "0x0000012a8e0b94e0"
                    },
                    {
                        "@Name": "TransactionId",
                        "#text": "{00000000-0000-0000-0000-000000000000}"
                    },
                    {
                        "@Name": "AccessList",
                        "#text": "%%1537\n\t\t\t\t%%1538\n\t\t\t\t%%1539\n\t\t\t\t%%1540\n\t\t\t\t%%5392\n\t\t\t\t%%5394\n\t\t\t\t%%5395\n\t\t\t\t%%5396\n\t\t\t\t%%5397\n\t\t\t\t%%5398\n\t\t\t\t%%5399\n\t\t\t\t%%5400"
                    },
                    {
                        "@Name": "AccessReason",
                        "#text": "-"
                    },
                    {
                        "@Name": "AccessMask",
                        "#text": "0x000f01fd"
                    },
                    {
                        "@Name": "PrivilegeList",
                        "#text": "-"
                    },
                    {
                        "@Name": "Properties",
                        "#text": "---\n\t{19195a5a-6da0-11d0-afd3-00c04fd930c9}\n%%1537\n%%1538\n%%1539\n%%1540\n%%5392\n%%5394\n%%5395\n%%5396\n%%5397\n%%5398\n%%5399\n%%5400\n\t\t{c7407360-20bf-11d0-a768-00aa006e0529}\n\t\t\t{bf9679a4-0de6-11d0-a285-00aa003049e2}\n\t\t\t{bf9679a5-0de6-11d0-a285-00aa003049e2}\n\t\t\t{bf9679a6-0de6-11d0-a285-00aa003049e2}\n\t\t\t{bf9679bb-0de6-11d0-a285-00aa003049e2}\n\t\t\t{bf9679c2-0de6-11d0-a285-00aa003049e2}\n\t\t\t{bf9679c3-0de6-11d0-a285-00aa003049e2}\n\t\t\t{bf967a09-0de6-11d0-a285-00aa003049e2}\n\t\t\t{bf967a0b-0de6-11d0-a285-00aa003049e2}\n\t\t{b8119fd0-04f6-4762-ab7a-4986c76b3f9a}\n\t\t\t{bf967a34-0de6-11d0-a285-00aa003049e2}\n\t\t\t{bf967a33-0de6-11d0-a285-00aa003049e2}\n\t\t\t{bf9679c5-0de6-11d0-a285-00aa003049e2}\n\t\t\t{bf967a61-0de6-11d0-a285-00aa003049e2}\n\t\t\t{bf967977-0de6-11d0-a285-00aa003049e2}\n\t\t\t{bf96795e-0de6-11d0-a285-00aa003049e2}\n\t\t\t{bf9679ea-0de6-11d0-a285-00aa003049e2}\n\t\t{ab721a52-1e2f-11d0-9819-00aa0040529b}"
                    },
                    {
                        "@Name": "RestrictedSidCount",
                        "#text": "0"
                    },
                    {
                        "@Name": "ProcessId",
                        "#text": "0x0000000000000224"
                    },
                    {
                        "@Name": "ProcessName",
                        "#text": "C:\\Windows\\System32\\lsass.exe"
                    }
                ]
            }
        }
    },
    {
        "Event": {
            "@xmlns": "http://schemas.microsoft.com/win/2004/08/events/event",
            "System": {
                "Provider": {
                    "@Name": "Microsoft-Windows-Security-Auditing",
                    "@Guid": "{54849625-5478-4994-a5ba-3e3b0328c30d}"
                },
                "EventID": {
                    "@Qualifiers": "",
                    "#text": "4661"
                },
                "Version": "1",
                "Level": "0",
                "Task": "12803",
                "Opcode": "0",
                "Keywords": "0x8020000000000000",
                "TimeCreated": {
                    "@SystemTime": "2021-05-03 08:16:52.153307+00:00"
                },
                "EventRecordID": "141120282",
                "Correlation": {
                    "@ActivityID": "",
                    "@RelatedActivityID": ""
                },
                "Execution": {
                    "@ProcessID": "4",
                    "@ThreadID": "1680"
                },
                "Channel": "Security",
                "Computer": "rootdc1.offsec.lan",
                "Security": {
                    "@UserID": ""
                }
            },
            "EventData": {
                "Data": [
                    {
                        "@Name": "SubjectUserSid",
                        "#text": "S-1-5-21-4230534742-2542757381-3142984815-1111"
                    },
                    {
                        "@Name": "SubjectUserName",
                        "#text": "admmig"
                    },
                    {
                        "@Name": "SubjectDomainName",
                        "#text": "OFFSEC"
                    },
                    {
                        "@Name": "SubjectLogonId",
                        "#text": "0x0000000046920341"
                    },
                    {
                        "@Name": "ObjectServer",
                        "#text": "Security Account Manager"
                    },
                    {
                        "@Name": "ObjectType",
                        "#text": "SAM_GROUP"
                    },
                    {
                        "@Name": "ObjectName",
                        "#text": "S-1-5-21-4230534742-2542757381-3142984815-513"
                    },
                    {
                        "@Name": "HandleId",
                        "#text": "0x0000012a8e0b81a0"
                    },
                    {
                        "@Name": "TransactionId",
                        "#text": "{00000000-0000-0000-0000-000000000000}"
                    },
                    {
                        "@Name": "AccessList",
                        "#text": "%%1537\n\t\t\t\t%%1538\n\t\t\t\t%%1539\n\t\t\t\t%%1540\n\t\t\t\t%%5408\n\t\t\t\t%%5409\n\t\t\t\t%%5410\n\t\t\t\t%%5411\n\t\t\t\t%%5412\n\t\t\t\t%%5413\n\t\t\t\t%%5414\n\t\t\t\t%%5415\n\t\t\t\t%%5416"
                    },
                    {
                        "@Name": "AccessReason",
                        "#text": "-"
                    },
                    {
                        "@Name": "AccessMask",
                        "#text": "0x000f01ff"
                    },
                    {
                        "@Name": "PrivilegeList",
                        "#text": "-"
                    },
                    {
                        "@Name": "Properties",
                        "#text": "---\n\t{bf967a9c-0de6-11d0-a285-00aa003049e2}\n%%1537\n%%1538\n%%1539\n%%1540\n%%5408\n%%5409\n%%5410\n%%5411\n%%5412\n%%5413\n%%5414\n%%5415\n%%5416\n\t\t\t{bf9679e8-0de6-11d0-a285-00aa003049e2}\n\t\t\t{3e0abfd0-126a-11d0-a060-00aa006c33ed}\n\t\t{bc0ac240-79a9-11d0-9020-00c04fc2d4cf}\n\t\t\t{bf9679c0-0de6-11d0-a285-00aa003049e2}\n\t\t{59ba2f42-79a2-11d0-9020-00c04fc2d3cf}"
                    },
                    {
                        "@Name": "RestrictedSidCount",
                        "#text": "0"
                    },
                    {
                        "@Name": "ProcessId",
                        "#text": "0x0000000000000224"
                    },
                    {
                        "@Name": "ProcessName",
                        "#text": "C:\\Windows\\System32\\lsass.exe"
                    }
                ]
            }
        }
    },
    {
        "Event": {
            "@xmlns": "http://schemas.microsoft.com/win/2004/08/events/event",
            "System": {
                "Provider": {
                    "@Name": "Microsoft-Windows-Security-Auditing",
                    "@Guid": "{54849625-5478-4994-a5ba-3e3b0328c30d}"
                },
                "EventID": {
                    "@Qualifiers": "",
                    "#text": "4661"
                },
                "Version": "1",
                "Level": "0",
                "Task": "12803",
                "Opcode": "0",
                "Keywords": "0x8020000000000000",
                "TimeCreated": {
                    "@SystemTime": "2021-05-03 08:16:52.159157+00:00"
                },
                "EventRecordID": "141120287",
                "Correlation": {
                    "@ActivityID": "",
                    "@RelatedActivityID": ""
                },
                "Execution": {
                    "@ProcessID": "4",
                    "@ThreadID": "1680"
                },
                "Channel": "Security",
                "Computer": "rootdc1.offsec.lan",
                "Security": {
                    "@UserID": ""
                }
            },
            "EventData": {
                "Data": [
                    {
                        "@Name": "SubjectUserSid",
                        "#text": "S-1-5-21-4230534742-2542757381-3142984815-1111"
                    },
                    {
                        "@Name": "SubjectUserName",
                        "#text": "admmig"
                    },
                    {
                        "@Name": "SubjectDomainName",
                        "#text": "OFFSEC"
                    },
                    {
                        "@Name": "SubjectLogonId",
                        "#text": "0x0000000046920341"
                    },
                    {
                        "@Name": "ObjectServer",
                        "#text": "Security Account Manager"
                    },
                    {
                        "@Name": "ObjectType",
                        "#text": "SAM_SERVER"
                    },
                    {
                        "@Name": "ObjectName",
                        "#text": "CN=Server,CN=System,DC=offsec,DC=lan"
                    },
                    {
                        "@Name": "HandleId",
                        "#text": "0x0000012a8e0b9010"
                    },
                    {
                        "@Name": "TransactionId",
                        "#text": "{00000000-0000-0000-0000-000000000000}"
                    },
                    {
                        "@Name": "AccessList",
                        "#text": "%%1537\n\t\t\t\t%%1538\n\t\t\t\t%%1539\n\t\t\t\t%%1540\n\t\t\t\t%%5376\n\t\t\t\t%%5377\n\t\t\t\t%%5378\n\t\t\t\t%%5379\n\t\t\t\t%%5380\n\t\t\t\t%%5381\n\t\t\t\t%%5382\n\t\t\t\t%%5383\n\t\t\t\t%%5384"
                    },
                    {
                        "@Name": "AccessReason",
                        "#text": "-"
                    },
                    {
                        "@Name": "AccessMask",
                        "#text": "0x000f01ff"
                    },
                    {
                        "@Name": "PrivilegeList",
                        "#text": "-"
                    },
                    {
                        "@Name": "Properties",
                        "#text": "---\n\t{bf967aad-0de6-11d0-a285-00aa003049e2}"
                    },
                    {
                        "@Name": "RestrictedSidCount",
                        "#text": "0"
                    },
                    {
                        "@Name": "ProcessId",
                        "#text": "0x0000000000000224"
                    },
                    {
                        "@Name": "ProcessName",
                        "#text": "C:\\Windows\\System32\\lsass.exe"
                    }
                ]
            }
        }
    },
    {
        "Event": {
            "@xmlns": "http://schemas.microsoft.com/win/2004/08/events/event",
            "System": {
                "Provider": {
                    "@Name": "Microsoft-Windows-Security-Auditing",
                    "@Guid": "{54849625-5478-4994-a5ba-3e3b0328c30d}"
                },
                "EventID": {
                    "@Qualifiers": "",
                    "#text": "4661"
                },
                "Version": "1",
                "Level": "0",
                "Task": "12803",
                "Opcode": "0",
                "Keywords": "0x8020000000000000",
                "TimeCreated": {
                    "@SystemTime": "2021-05-03 08:16:52.160820+00:00"
                },
                "EventRecordID": "141120288",
                "Correlation": {
                    "@ActivityID": "",
                    "@RelatedActivityID": ""
                },
                "Execution": {
                    "@ProcessID": "4",
                    "@ThreadID": "1680"
                },
                "Channel": "Security",
                "Computer": "rootdc1.offsec.lan",
                "Security": {
                    "@UserID": ""
                }
            },
            "EventData": {
                "Data": [
                    {
                        "@Name": "SubjectUserSid",
                        "#text": "S-1-5-21-4230534742-2542757381-3142984815-1111"
                    },
                    {
                        "@Name": "SubjectUserName",
                        "#text": "admmig"
                    },
                    {
                        "@Name": "SubjectDomainName",
                        "#text": "OFFSEC"
                    },
                    {
                        "@Name": "SubjectLogonId",
                        "#text": "0x0000000046920341"
                    },
                    {
                        "@Name": "ObjectServer",
                        "#text": "Security Account Manager"
                    },
                    {
                        "@Name": "ObjectType",
                        "#text": "SAM_DOMAIN"
                    },
                    {
                        "@Name": "ObjectName",
                        "#text": "DC=offsec,DC=lan"
                    },
                    {
                        "@Name": "HandleId",
                        "#text": "0x0000012a8e0b94e0"
                    },
                    {
                        "@Name": "TransactionId",
                        "#text": "{00000000-0000-0000-0000-000000000000}"
                    },
                    {
                        "@Name": "AccessList",
                        "#text": "%%1537\n\t\t\t\t%%1538\n\t\t\t\t%%1539\n\t\t\t\t%%1540\n\t\t\t\t%%5392\n\t\t\t\t%%5394\n\t\t\t\t%%5395\n\t\t\t\t%%5396\n\t\t\t\t%%5397\n\t\t\t\t%%5398\n\t\t\t\t%%5399\n\t\t\t\t%%5400"
                    },
                    {
                        "@Name": "AccessReason",
                        "#text": "-"
                    },
                    {
                        "@Name": "AccessMask",
                        "#text": "0x000f01fd"
                    },
                    {
                        "@Name": "PrivilegeList",
                        "#text": "-"
                    },
                    {
                        "@Name": "Properties",
                        "#text": "---\n\t{19195a5a-6da0-11d0-afd3-00c04fd930c9}\n%%1537\n%%1538\n%%1539\n%%1540\n%%5392\n%%5394\n%%5395\n%%5396\n%%5397\n%%5398\n%%5399\n%%5400\n\t\t{c7407360-20bf-11d0-a768-00aa006e0529}\n\t\t\t{bf9679a4-0de6-11d0-a285-00aa003049e2}\n\t\t\t{bf9679a5-0de6-11d0-a285-00aa003049e2}\n\t\t\t{bf9679a6-0de6-11d0-a285-00aa003049e2}\n\t\t\t{bf9679bb-0de6-11d0-a285-00aa003049e2}\n\t\t\t{bf9679c2-0de6-11d0-a285-00aa003049e2}\n\t\t\t{bf9679c3-0de6-11d0-a285-00aa003049e2}\n\t\t\t{bf967a09-0de6-11d0-a285-00aa003049e2}\n\t\t\t{bf967a0b-0de6-11d0-a285-00aa003049e2}\n\t\t{b8119fd0-04f6-4762-ab7a-4986c76b3f9a}\n\t\t\t{bf967a34-0de6-11d0-a285-00aa003049e2}\n\t\t\t{bf967a33-0de6-11d0-a285-00aa003049e2}\n\t\t\t{bf9679c5-0de6-11d0-a285-00aa003049e2}\n\t\t\t{bf967a61-0de6-11d0-a285-00aa003049e2}\n\t\t\t{bf967977-0de6-11d0-a285-00aa003049e2}\n\t\t\t{bf96795e-0de6-11d0-a285-00aa003049e2}\n\t\t\t{bf9679ea-0de6-11d0-a285-00aa003049e2}\n\t\t{ab721a52-1e2f-11d0-9819-00aa0040529b}"
                    },
                    {
                        "@Name": "RestrictedSidCount",
                        "#text": "0"
                    },
                    {
                        "@Name": "ProcessId",
                        "#text": "0x0000000000000224"
                    },
                    {
                        "@Name": "ProcessName",
                        "#text": "C:\\Windows\\System32\\lsass.exe"
                    }
                ]
            }
        }
    },
