    {
        "Event": {
            "@xmlns": "http://schemas.microsoft.com/win/2004/08/events/event",
            "System": {
                "Provider": {
                    "@Name": "Microsoft-Windows-Security-Auditing",
                    "@Guid": "{54849625-5478-4994-a5ba-3e3b0328c30d}"
                },
                "EventID": {
                    "@Qualifiers": "",
                    "#text": "5447"
                },
                "Version": "0",
                "Level": "0",
                "Task": "13573",
                "Opcode": "0",
                "Keywords": "0x8020000000000000",
                "TimeCreated": {
                    "@SystemTime": "2021-06-03 19:17:46.825436+00:00"
                },
                "EventRecordID": "1965877",
                "Correlation": {
                    "@ActivityID": "{38068009-512d-0000-1d80-06382d51d701}",
                    "@RelatedActivityID": ""
                },
                "Execution": {
                    "@ProcessID": "556",
                    "@ThreadID": "2532"
                },
                "Channel": "Security",
                "Computer": "fs01.offsec.lan",
                "Security": {
                    "@UserID": ""
                }
            },
            "EventData": {
                "Data": [
                    {
                        "@Name": "ProcessId",
                        "#text": "1000"
                    },
                    {
                        "@Name": "UserSid",
                        "#text": "S-1-5-19"
                    },
                    {
                        "@Name": "UserName",
                        "#text": "NT AUTHORITY\\LOCAL SERVICE"
                    },
                    {
                        "@Name": "ProviderKey",
                        "#text": "{4b153735-1049-4480-aab4-d1b9bdc03710}"
                    },
                    {
                        "@Name": "ProviderName",
                        "#text": "Microsoft Corporation"
                    },
                    {
                        "@Name": "ChangeType",
                        "#text": "%%16384"
                    },
                    {
                        "@Name": "FilterKey",
                        "#text": "{78900d89-4d6b-4a24-aff5-d100eb956299}"
                    },
                    {
                        "@Name": "FilterName",
                        "#text": "AxInstSV TCP outbound allow"
                    },
                    {
                        "@Name": "FilterType",
                        "#text": "%%16388"
                    },
                    {
                        "@Name": "FilterId",
                        "#text": "72212"
                    },
                    {
                        "@Name": "LayerKey",
                        "#text": "{c38d57d1-05a7-4c33-904f-7fbceee60e82}"
                    },
                    {
                        "@Name": "LayerName",
                        "#text": "ALE Connect v4 Layer"
                    },
                    {
                        "@Name": "LayerId",
                        "#text": "48"
                    },
                    {
                        "@Name": "Weight",
                        "#text": "422418623496192"
                    },
                    {
                        "@Name": "Conditions",
                        "#text": "Condition ID:\t{d78e1e87-8644-4ea5-9437-d809ecefc971}\n\tMatch value:\tEqual to\n\tCondition value:\t\n    00000000  5c 00 64 00 65 00 76 00-69 00 63 00 65 00 5c 00  \\.d.e.v.i.c.e.\\.\n    00000010  68 00 61 00 72 00 64 00-64 00 69 00 73 00 6b 00  h.a.r.d.d.i.s.k.\n    00000020  76 00 6f 00 6c 00 75 00-6d 00 65 00 34 00 5c 00  v.o.l.u.m.e.4.\\.\n    00000030  77 00 69 00 6e 00 64 00-6f 00 77 00 73 00 5c 00  w.i.n.d.o.w.s.\\.\n    00000040  73 00 79 00 73 00 74 00-65 00 6d 00 33 00 32 00  s.y.s.t.e.m.3.2.\n    00000050  5c 00 73 00 76 00 63 00-68 00 6f 00 73 00 74 00  \\.s.v.c.h.o.s.t.\n    00000060  2e 00 65 00 78 00 65 00-00 00                    ..e.x.e...\n\n\n\tCondition ID:\t{af043a0a-b34d-4f86-979c-c90371af6e66}\n\tMatch value:\tEqual to\n\tCondition value:\t\nO:SYG:SYD:(A;;CCRC;;;S-1-5-80-1058592404-331734164-3167594226-3910907650-1299295147)\n\n\n\tCondition ID:\t{3971ef2b-623e-4f9a-8cb1-6e79b806b9a7}\n\tMatch value:\tEqual to\n\tCondition value:\t0x06"
                    },
                    {
                        "@Name": "Action",
                        "#text": "%%16390"
                    },
                    {
                        "@Name": "CalloutKey",
                        "#text": "{00000000-0000-0000-0000-000000000000}"
                    },
                    {
                        "@Name": "CalloutName",
                        "#text": "-"
                    }
                ]
            }
        }
    },
    {
        "Event": {
            "@xmlns": "http://schemas.microsoft.com/win/2004/08/events/event",
            "System": {
                "Provider": {
                    "@Name": "Microsoft-Windows-Security-Auditing",
                    "@Guid": "{54849625-5478-4994-a5ba-3e3b0328c30d}"
                },
                "EventID": {
                    "@Qualifiers": "",
                    "#text": "5447"
                },
                "Version": "0",
                "Level": "0",
                "Task": "13573",
                "Opcode": "0",
                "Keywords": "0x8020000000000000",
                "TimeCreated": {
                    "@SystemTime": "2021-06-03 19:17:46.825619+00:00"
                },
                "EventRecordID": "1965878",
                "Correlation": {
                    "@ActivityID": "{38068009-512d-0000-1d80-06382d51d701}",
                    "@RelatedActivityID": ""
                },
                "Execution": {
                    "@ProcessID": "556",
                    "@ThreadID": "2532"
                },
                "Channel": "Security",
                "Computer": "fs01.offsec.lan",
                "Security": {
                    "@UserID": ""
                }
            },
            "EventData": {
                "Data": [
                    {
                        "@Name": "ProcessId",
                        "#text": "1000"
                    },
                    {
                        "@Name": "UserSid",
                        "#text": "S-1-5-19"
                    },
                    {
                        "@Name": "UserName",
                        "#text": "NT AUTHORITY\\LOCAL SERVICE"
                    },
                    {
                        "@Name": "ProviderKey",
                        "#text": "{4b153735-1049-4480-aab4-d1b9bdc03710}"
                    },
                    {
                        "@Name": "ProviderName",
                        "#text": "Microsoft Corporation"
                    },
                    {
                        "@Name": "ChangeType",
                        "#text": "%%16384"
                    },
                    {
                        "@Name": "FilterKey",
                        "#text": "{7f066508-9df3-44c2-9e2b-c5b21f38c3f8}"
                    },
                    {
                        "@Name": "FilterName",
                        "#text": "AxInstSV TCP outbound allow"
                    },
                    {
                        "@Name": "FilterType",
                        "#text": "%%16388"
                    },
                    {
                        "@Name": "FilterId",
                        "#text": "72213"
                    },
                    {
                        "@Name": "LayerKey",
                        "#text": "{4a72393b-319f-44bc-84c3-ba54dcb3b6b4}"
                    },
                    {
                        "@Name": "LayerName",
                        "#text": "ALE Connect v6 Layer"
                    },
                    {
                        "@Name": "LayerId",
                        "#text": "50"
                    },
                    {
                        "@Name": "Weight",
                        "#text": "105604655874048"
                    },
                    {
                        "@Name": "Conditions",
                        "#text": "Condition ID:\t{d78e1e87-8644-4ea5-9437-d809ecefc971}\n\tMatch value:\tEqual to\n\tCondition value:\t\n    00000000  5c 00 64 00 65 00 76 00-69 00 63 00 65 00 5c 00  \\.d.e.v.i.c.e.\\.\n    00000010  68 00 61 00 72 00 64 00-64 00 69 00 73 00 6b 00  h.a.r.d.d.i.s.k.\n    00000020  76 00 6f 00 6c 00 75 00-6d 00 65 00 34 00 5c 00  v.o.l.u.m.e.4.\\.\n    00000030  77 00 69 00 6e 00 64 00-6f 00 77 00 73 00 5c 00  w.i.n.d.o.w.s.\\.\n    00000040  73 00 79 00 73 00 74 00-65 00 6d 00 33 00 32 00  s.y.s.t.e.m.3.2.\n    00000050  5c 00 73 00 76 00 63 00-68 00 6f 00 73 00 74 00  \\.s.v.c.h.o.s.t.\n    00000060  2e 00 65 00 78 00 65 00-00 00                    ..e.x.e...\n\n\n\tCondition ID:\t{af043a0a-b34d-4f86-979c-c90371af6e66}\n\tMatch value:\tEqual to\n\tCondition value:\t\nO:SYG:SYD:(A;;CCRC;;;S-1-5-80-1058592404-331734164-3167594226-3910907650-1299295147)\n\n\n\tCondition ID:\t{3971ef2b-623e-4f9a-8cb1-6e79b806b9a7}\n\tMatch value:\tEqual to\n\tCondition value:\t0x06"
                    },
                    {
                        "@Name": "Action",
                        "#text": "%%16390"
                    },
                    {
                        "@Name": "CalloutKey",
                        "#text": "{00000000-0000-0000-0000-000000000000}"
                    },
                    {
                        "@Name": "CalloutName",
                        "#text": "-"
                    }
                ]
            }
        }
    },
    {
        "Event": {
            "@xmlns": "http://schemas.microsoft.com/win/2004/08/events/event",
            "System": {
                "Provider": {
                    "@Name": "Microsoft-Windows-Security-Auditing",
                    "@Guid": "{54849625-5478-4994-a5ba-3e3b0328c30d}"
                },
                "EventID": {
                    "@Qualifiers": "",
                    "#text": "5447"
                },
                "Version": "0",
                "Level": "0",
                "Task": "13573",
                "Opcode": "0",
                "Keywords": "0x8020000000000000",
                "TimeCreated": {
                    "@SystemTime": "2021-06-03 19:17:46.825779+00:00"
                },
                "EventRecordID": "1965879",
                "Correlation": {
                    "@ActivityID": "{38068009-512d-0000-1d80-06382d51d701}",
                    "@RelatedActivityID": ""
                },
                "Execution": {
                    "@ProcessID": "556",
                    "@ThreadID": "2532"
                },
                "Channel": "Security",
                "Computer": "fs01.offsec.lan",
                "Security": {
                    "@UserID": ""
                }
            },
            "EventData": {
                "Data": [
                    {
                        "@Name": "ProcessId",
                        "#text": "1000"
                    },
                    {
                        "@Name": "UserSid",
                        "#text": "S-1-5-19"
                    },
                    {
                        "@Name": "UserName",
                        "#text": "NT AUTHORITY\\LOCAL SERVICE"
                    },
                    {
                        "@Name": "ProviderKey",
                        "#text": "{4b153735-1049-4480-aab4-d1b9bdc03710}"
                    },
                    {
                        "@Name": "ProviderName",
                        "#text": "Microsoft Corporation"
                    },
                    {
                        "@Name": "ChangeType",
                        "#text": "%%16384"
                    },
                    {
                        "@Name": "FilterKey",
                        "#text": "{b24fde32-a046-44b9-b57b-33157de9e46f}"
                    },
                    {
                        "@Name": "FilterName",
                        "#text": "DhcpFirewallPolicy"
                    },
                    {
                        "@Name": "FilterType",
                        "#text": "%%16388"
                    },
                    {
                        "@Name": "FilterId",
                        "#text": "72214"
                    },
                    {
                        "@Name": "LayerKey",
                        "#text": "{c38d57d1-05a7-4c33-904f-7fbceee60e82}"
                    },
                    {
                        "@Name": "LayerName",
                        "#text": "ALE Connect v4 Layer"
                    },
                    {
                        "@Name": "LayerId",
                        "#text": "48"
                    },
                    {
                        "@Name": "Weight",
                        "#text": "494711513022464"
                    },
                    {
                        "@Name": "Conditions",
                        "#text": "Condition ID:\t{d78e1e87-8644-4ea5-9437-d809ecefc971}\n\tMatch value:\tEqual to\n\tCondition value:\t\n    00000000  5c 00 64 00 65 00 76 00-69 00 63 00 65 00 5c 00  \\.d.e.v.i.c.e.\\.\n    00000010  68 00 61 00 72 00 64 00-64 00 69 00 73 00 6b 00  h.a.r.d.d.i.s.k.\n    00000020  76 00 6f 00 6c 00 75 00-6d 00 65 00 34 00 5c 00  v.o.l.u.m.e.4.\\.\n    00000030  77 00 69 00 6e 00 64 00-6f 00 77 00 73 00 5c 00  w.i.n.d.o.w.s.\\.\n    00000040  73 00 79 00 73 00 74 00-65 00 6d 00 33 00 32 00  s.y.s.t.e.m.3.2.\n    00000050  5c 00 73 00 76 00 63 00-68 00 6f 00 73 00 74 00  \\.s.v.c.h.o.s.t.\n    00000060  2e 00 65 00 78 00 65 00-00 00                    ..e.x.e...\n\n\n\tCondition ID:\t{af043a0a-b34d-4f86-979c-c90371af6e66}\n\tMatch value:\tEqual to\n\tCondition value:\t\nO:SYG:SYD:(A;;CCRC;;;S-1-5-80-2940520708-3855866260-481812779-327648279-1710889582)\n\n\n\tCondition ID:\t{0c1ba1af-5765-453f-af22-a8f791ac775b}\n\tMatch value:\tEqual to\n\tCondition value:\t0x0044\n\n\tCondition ID:\t{3971ef2b-623e-4f9a-8cb1-6e79b806b9a7}\n\tMatch value:\tEqual to\n\tCondition value:\t0x11\n\n\tCondition ID:\t{c35a604d-d22b-4e1a-91b4-68f674ee674b}\n\tMatch value:\tEqual to\n\tCondition value:\t0x0043"
                    },
                    {
                        "@Name": "Action",
                        "#text": "%%16390"
                    },
                    {
                        "@Name": "CalloutKey",
                        "#text": "{00000000-0000-0000-0000-000000000000}"
                    },
                    {
                        "@Name": "CalloutName",
                        "#text": "-"
                    }
                ]
            }
        }
    },
    {
        "Event": {
            "@xmlns": "http://schemas.microsoft.com/win/2004/08/events/event",
            "System": {
                "Provider": {
                    "@Name": "Microsoft-Windows-Security-Auditing",
                    "@Guid": "{54849625-5478-4994-a5ba-3e3b0328c30d}"
                },
                "EventID": {
                    "@Qualifiers": "",
                    "#text": "5447"
                },
                "Version": "0",
                "Level": "0",
                "Task": "13573",
                "Opcode": "0",
                "Keywords": "0x8020000000000000",
                "TimeCreated": {
                    "@SystemTime": "2021-06-03 19:17:46.825920+00:00"
                },
                "EventRecordID": "1965880",
                "Correlation": {
                    "@ActivityID": "{38068009-512d-0000-1d80-06382d51d701}",
                    "@RelatedActivityID": ""
                },
                "Execution": {
                    "@ProcessID": "556",
                    "@ThreadID": "2532"
                },
                "Channel": "Security",
                "Computer": "fs01.offsec.lan",
                "Security": {
                    "@UserID": ""
                }
            },
            "EventData": {
                "Data": [
                    {
                        "@Name": "ProcessId",
                        "#text": "1000"
                    },
                    {
                        "@Name": "UserSid",
                        "#text": "S-1-5-19"
                    },
                    {
                        "@Name": "UserName",
                        "#text": "NT AUTHORITY\\LOCAL SERVICE"
                    },
                    {
                        "@Name": "ProviderKey",
                        "#text": "{4b153735-1049-4480-aab4-d1b9bdc03710}"
                    },
                    {
                        "@Name": "ProviderName",
                        "#text": "Microsoft Corporation"
                    },
                    {
                        "@Name": "ChangeType",
                        "#text": "%%16384"
                    },
                    {
                        "@Name": "FilterKey",
                        "#text": "{55292da5-73c6-4ac1-a088-ccf319583a19}"
                    },
                    {
                        "@Name": "FilterName",
                        "#text": "DhcpFirewallPolicy"
                    },
                    {
                        "@Name": "FilterType",
                        "#text": "%%16388"
                    },
                    {
                        "@Name": "FilterId",
                        "#text": "72215"
                    },
                    {
                        "@Name": "LayerKey",
                        "#text": "{4a72393b-319f-44bc-84c3-ba54dcb3b6b4}"
                    },
                    {
                        "@Name": "LayerName",
                        "#text": "ALE Connect v6 Layer"
                    },
                    {
                        "@Name": "LayerId",
                        "#text": "50"
                    },
                    {
                        "@Name": "Weight",
                        "#text": "123677878255616"
                    },
                    {
                        "@Name": "Conditions",
                        "#text": "Condition ID:\t{d78e1e87-8644-4ea5-9437-d809ecefc971}\n\tMatch value:\tEqual to\n\tCondition value:\t\n    00000000  5c 00 64 00 65 00 76 00-69 00 63 00 65 00 5c 00  \\.d.e.v.i.c.e.\\.\n    00000010  68 00 61 00 72 00 64 00-64 00 69 00 73 00 6b 00  h.a.r.d.d.i.s.k.\n    00000020  76 00 6f 00 6c 00 75 00-6d 00 65 00 34 00 5c 00  v.o.l.u.m.e.4.\\.\n    00000030  77 00 69 00 6e 00 64 00-6f 00 77 00 73 00 5c 00  w.i.n.d.o.w.s.\\.\n    00000040  73 00 79 00 73 00 74 00-65 00 6d 00 33 00 32 00  s.y.s.t.e.m.3.2.\n    00000050  5c 00 73 00 76 00 63 00-68 00 6f 00 73 00 74 00  \\.s.v.c.h.o.s.t.\n    00000060  2e 00 65 00 78 00 65 00-00 00                    ..e.x.e...\n\n\n\tCondition ID:\t{af043a0a-b34d-4f86-979c-c90371af6e66}\n\tMatch value:\tEqual to\n\tCondition value:\t\nO:SYG:SYD:(A;;CCRC;;;S-1-5-80-2940520708-3855866260-481812779-327648279-1710889582)\n\n\n\tCondition ID:\t{0c1ba1af-5765-453f-af22-a8f791ac775b}\n\tMatch value:\tEqual to\n\tCondition value:\t0x0044\n\n\tCondition ID:\t{3971ef2b-623e-4f9a-8cb1-6e79b806b9a7}\n\tMatch value:\tEqual to\n\tCondition value:\t0x11\n\n\tCondition ID:\t{c35a604d-d22b-4e1a-91b4-68f674ee674b}\n\tMatch value:\tEqual to\n\tCondition value:\t0x0043"
                    },
                    {
                        "@Name": "Action",
                        "#text": "%%16390"
                    },
                    {
                        "@Name": "CalloutKey",
                        "#text": "{00000000-0000-0000-0000-000000000000}"
                    },
                    {
                        "@Name": "CalloutName",
                        "#text": "-"
                    }
                ]
            }
        }
    },
    {
        "Event": {
            "@xmlns": "http://schemas.microsoft.com/win/2004/08/events/event",
            "System": {
                "Provider": {
                    "@Name": "Microsoft-Windows-Security-Auditing",
                    "@Guid": "{54849625-5478-4994-a5ba-3e3b0328c30d}"
                },
                "EventID": {
                    "@Qualifiers": "",
                    "#text": "5447"
                },
                "Version": "0",
                "Level": "0",
                "Task": "13573",
                "Opcode": "0",
                "Keywords": "0x8020000000000000",
                "TimeCreated": {
                    "@SystemTime": "2021-06-03 19:17:46.826092+00:00"
                },
                "EventRecordID": "1965881",
                "Correlation": {
                    "@ActivityID": "{38068009-512d-0000-1d80-06382d51d701}",
                    "@RelatedActivityID": ""
                },
                "Execution": {
                    "@ProcessID": "556",
                    "@ThreadID": "2532"
                },
                "Channel": "Security",
                "Computer": "fs01.offsec.lan",
                "Security": {
                    "@UserID": ""
                }
            },
            "EventData": {
                "Data": [
                    {
                        "@Name": "ProcessId",
                        "#text": "1000"
                    },
                    {
                        "@Name": "UserSid",
                        "#text": "S-1-5-19"
                    },
                    {
                        "@Name": "UserName",
                        "#text": "NT AUTHORITY\\LOCAL SERVICE"
                    },
                    {
                        "@Name": "ProviderKey",
                        "#text": "{4b153735-1049-4480-aab4-d1b9bdc03710}"
                    },
                    {
                        "@Name": "ProviderName",
                        "#text": "Microsoft Corporation"
                    },
                    {
                        "@Name": "ChangeType",
                        "#text": "%%16384"
                    },
                    {
                        "@Name": "FilterKey",
                        "#text": "{2b20aeff-5c8c-4414-8da0-22e95795a2af}"
                    },
                    {
                        "@Name": "FilterName",
                        "#text": "DhcpFirewallPolicy"
                    },
                    {
                        "@Name": "FilterType",
                        "#text": "%%16388"
                    },
                    {
                        "@Name": "FilterId",
                        "#text": "72216"
                    },
                    {
                        "@Name": "LayerKey",
                        "#text": "{e1cd9fe7-f4b5-4273-96c0-592e487b8650}"
                    },
                    {
                        "@Name": "LayerName",
                        "#text": "ALE Receive/Accept v4 Layer"
                    },
                    {
                        "@Name": "LayerId",
                        "#text": "44"
                    },
                    {
                        "@Name": "Weight",
                        "#text": "2115185493934080"
                    },
                    {
                        "@Name": "Conditions",
                        "#text": "Condition ID:\t{d78e1e87-8644-4ea5-9437-d809ecefc971}\n\tMatch value:\tEqual to\n\tCondition value:\t\n    00000000  5c 00 64 00 65 00 76 00-69 00 63 00 65 00 5c 00  \\.d.e.v.i.c.e.\\.\n    00000010  68 00 61 00 72 00 64 00-64 00 69 00 73 00 6b 00  h.a.r.d.d.i.s.k.\n    00000020  76 00 6f 00 6c 00 75 00-6d 00 65 00 34 00 5c 00  v.o.l.u.m.e.4.\\.\n    00000030  77 00 69 00 6e 00 64 00-6f 00 77 00 73 00 5c 00  w.i.n.d.o.w.s.\\.\n    00000040  73 00 79 00 73 00 74 00-65 00 6d 00 33 00 32 00  s.y.s.t.e.m.3.2.\n    00000050  5c 00 73 00 76 00 63 00-68 00 6f 00 73 00 74 00  \\.s.v.c.h.o.s.t.\n    00000060  2e 00 65 00 78 00 65 00-00 00                    ..e.x.e...\n\n\n\tCondition ID:\t{af043a0a-b34d-4f86-979c-c90371af6e66}\n\tMatch value:\tEqual to\n\tCondition value:\t\nO:SYG:SYD:(A;;CCRC;;;S-1-5-80-2940520708-3855866260-481812779-327648279-1710889582)\n\n\n\tCondition ID:\t{0c1ba1af-5765-453f-af22-a8f791ac775b}\n\tMatch value:\tEqual to\n\tCondition value:\t0x0044\n\n\tCondition ID:\t{3971ef2b-623e-4f9a-8cb1-6e79b806b9a7}\n\tMatch value:\tEqual to\n\tCondition value:\t0x11\n\n\tCondition ID:\t{c35a604d-d22b-4e1a-91b4-68f674ee674b}\n\tMatch value:\tEqual to\n\tCondition value:\t0x0043"
                    },
                    {
                        "@Name": "Action",
                        "#text": "%%16390"
                    },
                    {
                        "@Name": "CalloutKey",
                        "#text": "{00000000-0000-0000-0000-000000000000}"
                    },
                    {
                        "@Name": "CalloutName",
                        "#text": "-"
                    }
                ]
            }
        }
    },
    {
        "Event": {
            "@xmlns": "http://schemas.microsoft.com/win/2004/08/events/event",
            "System": {
                "Provider": {
                    "@Name": "Microsoft-Windows-Security-Auditing",
                    "@Guid": "{54849625-5478-4994-a5ba-3e3b0328c30d}"
                },
                "EventID": {
                    "@Qualifiers": "",
                    "#text": "5447"
                },
                "Version": "0",
                "Level": "0",
                "Task": "13573",
                "Opcode": "0",
                "Keywords": "0x8020000000000000",
                "TimeCreated": {
                    "@SystemTime": "2021-06-03 19:17:46.826237+00:00"
                },
                "EventRecordID": "1965882",
                "Correlation": {
                    "@ActivityID": "{38068009-512d-0000-1d80-06382d51d701}",
                    "@RelatedActivityID": ""
                },
                "Execution": {
                    "@ProcessID": "556",
                    "@ThreadID": "2532"
                },
                "Channel": "Security",
                "Computer": "fs01.offsec.lan",
                "Security": {
                    "@UserID": ""
                }
            },
            "EventData": {
                "Data": [
                    {
                        "@Name": "ProcessId",
                        "#text": "1000"
                    },
                    {
                        "@Name": "UserSid",
                        "#text": "S-1-5-19"
                    },
                    {
                        "@Name": "UserName",
                        "#text": "NT AUTHORITY\\LOCAL SERVICE"
                    },
                    {
                        "@Name": "ProviderKey",
                        "#text": "{4b153735-1049-4480-aab4-d1b9bdc03710}"
                    },
                    {
                        "@Name": "ProviderName",
                        "#text": "Microsoft Corporation"
                    },
                    {
                        "@Name": "ChangeType",
                        "#text": "%%16384"
                    },
                    {
                        "@Name": "FilterKey",
                        "#text": "{2496bbff-ce55-4821-b58f-dd23e4f88c90}"
                    },
                    {
                        "@Name": "FilterName",
                        "#text": "DhcpFirewallPolicy"
                    },
                    {
                        "@Name": "FilterType",
                        "#text": "%%16388"
                    },
                    {
                        "@Name": "FilterId",
                        "#text": "72217"
                    },
                    {
                        "@Name": "LayerKey",
                        "#text": "{a3b42c97-9f04-4672-b87e-cee9c483257f}"
                    },
                    {
                        "@Name": "LayerName",
                        "#text": "ALE Receive/Accept v6 Layer"
                    },
                    {
                        "@Name": "LayerId",
                        "#text": "46"
                    },
                    {
                        "@Name": "Weight",
                        "#text": "248420908400640"
                    },
                    {
                        "@Name": "Conditions",
                        "#text": "Condition ID:\t{d78e1e87-8644-4ea5-9437-d809ecefc971}\n\tMatch value:\tEqual to\n\tCondition value:\t\n    00000000  5c 00 64 00 65 00 76 00-69 00 63 00 65 00 5c 00  \\.d.e.v.i.c.e.\\.\n    00000010  68 00 61 00 72 00 64 00-64 00 69 00 73 00 6b 00  h.a.r.d.d.i.s.k.\n    00000020  76 00 6f 00 6c 00 75 00-6d 00 65 00 34 00 5c 00  v.o.l.u.m.e.4.\\.\n    00000030  77 00 69 00 6e 00 64 00-6f 00 77 00 73 00 5c 00  w.i.n.d.o.w.s.\\.\n    00000040  73 00 79 00 73 00 74 00-65 00 6d 00 33 00 32 00  s.y.s.t.e.m.3.2.\n    00000050  5c 00 73 00 76 00 63 00-68 00 6f 00 73 00 74 00  \\.s.v.c.h.o.s.t.\n    00000060  2e 00 65 00 78 00 65 00-00 00                    ..e.x.e...\n\n\n\tCondition ID:\t{af043a0a-b34d-4f86-979c-c90371af6e66}\n\tMatch value:\tEqual to\n\tCondition value:\t\nO:SYG:SYD:(A;;CCRC;;;S-1-5-80-2940520708-3855866260-481812779-327648279-1710889582)\n\n\n\tCondition ID:\t{0c1ba1af-5765-453f-af22-a8f791ac775b}\n\tMatch value:\tEqual to\n\tCondition value:\t0x0044\n\n\tCondition ID:\t{3971ef2b-623e-4f9a-8cb1-6e79b806b9a7}\n\tMatch value:\tEqual to\n\tCondition value:\t0x11\n\n\tCondition ID:\t{c35a604d-d22b-4e1a-91b4-68f674ee674b}\n\tMatch value:\tEqual to\n\tCondition value:\t0x0043"
                    },
                    {
                        "@Name": "Action",
                        "#text": "%%16390"
                    },
                    {
                        "@Name": "CalloutKey",
                        "#text": "{00000000-0000-0000-0000-000000000000}"
                    },
                    {
                        "@Name": "CalloutName",
                        "#text": "-"
                    }
                ]
            }
        }
    },
    {
        "Event": {
            "@xmlns": "http://schemas.microsoft.com/win/2004/08/events/event",
            "System": {
                "Provider": {
                    "@Name": "Microsoft-Windows-Security-Auditing",
                    "@Guid": "{54849625-5478-4994-a5ba-3e3b0328c30d}"
                },
                "EventID": {
                    "@Qualifiers": "",
                    "#text": "5447"
                },
                "Version": "0",
                "Level": "0",
                "Task": "13573",
                "Opcode": "0",
                "Keywords": "0x8020000000000000",
                "TimeCreated": {
                    "@SystemTime": "2021-06-03 19:17:46.826370+00:00"
                },
                "EventRecordID": "1965883",
                "Correlation": {
                    "@ActivityID": "{38068009-512d-0000-1d80-06382d51d701}",
                    "@RelatedActivityID": ""
                },
                "Execution": {
                    "@ProcessID": "556",
                    "@ThreadID": "2532"
                },
                "Channel": "Security",
                "Computer": "fs01.offsec.lan",
                "Security": {
                    "@UserID": ""
                }
            },
            "EventData": {
                "Data": [
                    {
                        "@Name": "ProcessId",
                        "#text": "1000"
                    },
                    {
                        "@Name": "UserSid",
                        "#text": "S-1-5-19"
                    },
                    {
                        "@Name": "UserName",
                        "#text": "NT AUTHORITY\\LOCAL SERVICE"
                    },
                    {
                        "@Name": "ProviderKey",
                        "#text": "{4b153735-1049-4480-aab4-d1b9bdc03710}"
                    },
                    {
                        "@Name": "ProviderName",
                        "#text": "Microsoft Corporation"
                    },
                    {
                        "@Name": "ChangeType",
                        "#text": "%%16384"
                    },
                    {
                        "@Name": "FilterKey",
                        "#text": "{d65c7fcb-a2e1-44fd-88a4-f2b86045094c}"
                    },
                    {
                        "@Name": "FilterName",
                        "#text": "DhcpFirewallPolicy"
                    },
                    {
                        "@Name": "FilterType",
                        "#text": "%%16388"
                    },
                    {
                        "@Name": "FilterId",
                        "#text": "72218"
                    },
                    {
                        "@Name": "LayerKey",
                        "#text": "{e1cd9fe7-f4b5-4273-96c0-592e487b8650}"
                    },
                    {
                        "@Name": "LayerName",
                        "#text": "ALE Receive/Accept v4 Layer"
                    },
                    {
                        "@Name": "LayerId",
                        "#text": "44"
                    },
                    {
                        "@Name": "Weight",
                        "#text": "2115185493934080"
                    },
                    {
                        "@Name": "Conditions",
                        "#text": "Condition ID:\t{d78e1e87-8644-4ea5-9437-d809ecefc971}\n\tMatch value:\tEqual to\n\tCondition value:\t\n    00000000  5c 00 64 00 65 00 76 00-69 00 63 00 65 00 5c 00  \\.d.e.v.i.c.e.\\.\n    00000010  68 00 61 00 72 00 64 00-64 00 69 00 73 00 6b 00  h.a.r.d.d.i.s.k.\n    00000020  76 00 6f 00 6c 00 75 00-6d 00 65 00 34 00 5c 00  v.o.l.u.m.e.4.\\.\n    00000030  77 00 69 00 6e 00 64 00-6f 00 77 00 73 00 5c 00  w.i.n.d.o.w.s.\\.\n    00000040  73 00 79 00 73 00 74 00-65 00 6d 00 33 00 32 00  s.y.s.t.e.m.3.2.\n    00000050  5c 00 73 00 76 00 63 00-68 00 6f 00 73 00 74 00  \\.s.v.c.h.o.s.t.\n    00000060  2e 00 65 00 78 00 65 00-00 00                    ..e.x.e...\n\n\n\tCondition ID:\t{af043a0a-b34d-4f86-979c-c90371af6e66}\n\tMatch value:\tEqual to\n\tCondition value:\t\nO:SYG:SYD:(A;;CCRC;;;S-1-5-80-2940520708-3855866260-481812779-327648279-1710889582)\n\n\n\tCondition ID:\t{0c1ba1af-5765-453f-af22-a8f791ac775b}\n\tMatch value:\tEqual to\n\tCondition value:\t0x0222\n\n\tCondition ID:\t{3971ef2b-623e-4f9a-8cb1-6e79b806b9a7}\n\tMatch value:\tEqual to\n\tCondition value:\t0x11\n\n\tCondition ID:\t{c35a604d-d22b-4e1a-91b4-68f674ee674b}\n\tMatch value:\tEqual to\n\tCondition value:\t0x0223"
                    },
                    {
                        "@Name": "Action",
                        "#text": "%%16390"
                    },
                    {
                        "@Name": "CalloutKey",
                        "#text": "{00000000-0000-0000-0000-000000000000}"
                    },
                    {
                        "@Name": "CalloutName",
                        "#text": "-"
                    }
                ]
            }
        }
    },
    {
        "Event": {
            "@xmlns": "http://schemas.microsoft.com/win/2004/08/events/event",
            "System": {
                "Provider": {
                    "@Name": "Microsoft-Windows-Security-Auditing",
                    "@Guid": "{54849625-5478-4994-a5ba-3e3b0328c30d}"
                },
                "EventID": {
                    "@Qualifiers": "",
                    "#text": "5447"
                },
                "Version": "0",
                "Level": "0",
                "Task": "13573",
                "Opcode": "0",
                "Keywords": "0x8020000000000000",
                "TimeCreated": {
                    "@SystemTime": "2021-06-03 19:17:46.826506+00:00"
                },
                "EventRecordID": "1965884",
                "Correlation": {
                    "@ActivityID": "{38068009-512d-0000-1d80-06382d51d701}",
                    "@RelatedActivityID": ""
                },
                "Execution": {
                    "@ProcessID": "556",
                    "@ThreadID": "2532"
                },
                "Channel": "Security",
                "Computer": "fs01.offsec.lan",
                "Security": {
                    "@UserID": ""
                }
            },
            "EventData": {
                "Data": [
                    {
                        "@Name": "ProcessId",
                        "#text": "1000"
                    },
                    {
                        "@Name": "UserSid",
                        "#text": "S-1-5-19"
                    },
                    {
                        "@Name": "UserName",
                        "#text": "NT AUTHORITY\\LOCAL SERVICE"
                    },
                    {
                        "@Name": "ProviderKey",
                        "#text": "{4b153735-1049-4480-aab4-d1b9bdc03710}"
                    },
                    {
                        "@Name": "ProviderName",
                        "#text": "Microsoft Corporation"
                    },
                    {
                        "@Name": "ChangeType",
                        "#text": "%%16384"
                    },
                    {
                        "@Name": "FilterKey",
                        "#text": "{aa3961f9-1f71-4c00-b591-b1c6ed41314e}"
                    },
                    {
                        "@Name": "FilterName",
                        "#text": "DhcpFirewallPolicy"
                    },
                    {
                        "@Name": "FilterType",
                        "#text": "%%16388"
                    },
                    {
                        "@Name": "FilterId",
                        "#text": "72219"
                    },
                    {
                        "@Name": "LayerKey",
                        "#text": "{a3b42c97-9f04-4672-b87e-cee9c483257f}"
                    },
                    {
                        "@Name": "LayerName",
                        "#text": "ALE Receive/Accept v6 Layer"
                    },
                    {
                        "@Name": "LayerId",
                        "#text": "46"
                    },
                    {
                        "@Name": "Weight",
                        "#text": "248420908400640"
                    },
                    {
                        "@Name": "Conditions",
                        "#text": "Condition ID:\t{d78e1e87-8644-4ea5-9437-d809ecefc971}\n\tMatch value:\tEqual to\n\tCondition value:\t\n    00000000  5c 00 64 00 65 00 76 00-69 00 63 00 65 00 5c 00  \\.d.e.v.i.c.e.\\.\n    00000010  68 00 61 00 72 00 64 00-64 00 69 00 73 00 6b 00  h.a.r.d.d.i.s.k.\n    00000020  76 00 6f 00 6c 00 75 00-6d 00 65 00 34 00 5c 00  v.o.l.u.m.e.4.\\.\n    00000030  77 00 69 00 6e 00 64 00-6f 00 77 00 73 00 5c 00  w.i.n.d.o.w.s.\\.\n    00000040  73 00 79 00 73 00 74 00-65 00 6d 00 33 00 32 00  s.y.s.t.e.m.3.2.\n    00000050  5c 00 73 00 76 00 63 00-68 00 6f 00 73 00 74 00  \\.s.v.c.h.o.s.t.\n    00000060  2e 00 65 00 78 00 65 00-00 00                    ..e.x.e...\n\n\n\tCondition ID:\t{af043a0a-b34d-4f86-979c-c90371af6e66}\n\tMatch value:\tEqual to\n\tCondition value:\t\nO:SYG:SYD:(A;;CCRC;;;S-1-5-80-2940520708-3855866260-481812779-327648279-1710889582)\n\n\n\tCondition ID:\t{0c1ba1af-5765-453f-af22-a8f791ac775b}\n\tMatch value:\tEqual to\n\tCondition value:\t0x0222\n\n\tCondition ID:\t{3971ef2b-623e-4f9a-8cb1-6e79b806b9a7}\n\tMatch value:\tEqual to\n\tCondition value:\t0x11\n\n\tCondition ID:\t{c35a604d-d22b-4e1a-91b4-68f674ee674b}\n\tMatch value:\tEqual to\n\tCondition value:\t0x0223"
                    },
                    {
                        "@Name": "Action",
                        "#text": "%%16390"
                    },
                    {
                        "@Name": "CalloutKey",
                        "#text": "{00000000-0000-0000-0000-000000000000}"
                    },
                    {
                        "@Name": "CalloutName",
                        "#text": "-"
                    }
                ]
            }
        }
    },
    {
        "Event": {
            "@xmlns": "http://schemas.microsoft.com/win/2004/08/events/event",
            "System": {
                "Provider": {
                    "@Name": "Microsoft-Windows-Security-Auditing",
                    "@Guid": "{54849625-5478-4994-a5ba-3e3b0328c30d}"
                },
                "EventID": {
                    "@Qualifiers": "",
                    "#text": "5447"
                },
                "Version": "0",
                "Level": "0",
                "Task": "13573",
                "Opcode": "0",
                "Keywords": "0x8020000000000000",
                "TimeCreated": {
                    "@SystemTime": "2021-06-03 19:17:46.826637+00:00"
                },
                "EventRecordID": "1965885",
                "Correlation": {
                    "@ActivityID": "{38068009-512d-0000-1d80-06382d51d701}",
                    "@RelatedActivityID": ""
                },
                "Execution": {
                    "@ProcessID": "556",
                    "@ThreadID": "2532"
                },
                "Channel": "Security",
                "Computer": "fs01.offsec.lan",
                "Security": {
                    "@UserID": ""
                }
            },
            "EventData": {
                "Data": [
                    {
                        "@Name": "ProcessId",
                        "#text": "1000"
                    },
                    {
                        "@Name": "UserSid",
                        "#text": "S-1-5-19"
                    },
                    {
                        "@Name": "UserName",
                        "#text": "NT AUTHORITY\\LOCAL SERVICE"
                    },
                    {
                        "@Name": "ProviderKey",
                        "#text": "{4b153735-1049-4480-aab4-d1b9bdc03710}"
                    },
                    {
                        "@Name": "ProviderName",
                        "#text": "Microsoft Corporation"
                    },
                    {
                        "@Name": "ChangeType",
                        "#text": "%%16384"
                    },
                    {
                        "@Name": "FilterKey",
                        "#text": "{0cfdb64b-aa5b-466d-8779-586fcfda43b3}"
                    },
                    {
                        "@Name": "FilterName",
                        "#text": "DhcpFirewallPolicy"
                    },
                    {
                        "@Name": "FilterType",
                        "#text": "%%16388"
                    },
                    {
                        "@Name": "FilterId",
                        "#text": "72220"
                    },
                    {
                        "@Name": "LayerKey",
                        "#text": "{c38d57d1-05a7-4c33-904f-7fbceee60e82}"
                    },
                    {
                        "@Name": "LayerName",
                        "#text": "ALE Connect v4 Layer"
                    },
                    {
                        "@Name": "LayerId",
                        "#text": "48"
                    },
                    {
                        "@Name": "Weight",
                        "#text": "494711513022464"
                    },
                    {
                        "@Name": "Conditions",
                        "#text": "Condition ID:\t{d78e1e87-8644-4ea5-9437-d809ecefc971}\n\tMatch value:\tEqual to\n\tCondition value:\t\n    00000000  5c 00 64 00 65 00 76 00-69 00 63 00 65 00 5c 00  \\.d.e.v.i.c.e.\\.\n    00000010  68 00 61 00 72 00 64 00-64 00 69 00 73 00 6b 00  h.a.r.d.d.i.s.k.\n    00000020  76 00 6f 00 6c 00 75 00-6d 00 65 00 34 00 5c 00  v.o.l.u.m.e.4.\\.\n    00000030  77 00 69 00 6e 00 64 00-6f 00 77 00 73 00 5c 00  w.i.n.d.o.w.s.\\.\n    00000040  73 00 79 00 73 00 74 00-65 00 6d 00 33 00 32 00  s.y.s.t.e.m.3.2.\n    00000050  5c 00 73 00 76 00 63 00-68 00 6f 00 73 00 74 00  \\.s.v.c.h.o.s.t.\n    00000060  2e 00 65 00 78 00 65 00-00 00                    ..e.x.e...\n\n\n\tCondition ID:\t{af043a0a-b34d-4f86-979c-c90371af6e66}\n\tMatch value:\tEqual to\n\tCondition value:\t\nO:SYG:SYD:(A;;CCRC;;;S-1-5-80-2940520708-3855866260-481812779-327648279-1710889582)\n\n\n\tCondition ID:\t{0c1ba1af-5765-453f-af22-a8f791ac775b}\n\tMatch value:\tEqual to\n\tCondition value:\t0x0222\n\n\tCondition ID:\t{3971ef2b-623e-4f9a-8cb1-6e79b806b9a7}\n\tMatch value:\tEqual to\n\tCondition value:\t0x11\n\n\tCondition ID:\t{c35a604d-d22b-4e1a-91b4-68f674ee674b}\n\tMatch value:\tEqual to\n\tCondition value:\t0x0223"
                    },
                    {
                        "@Name": "Action",
                        "#text": "%%16390"
                    },
                    {
                        "@Name": "CalloutKey",
                        "#text": "{00000000-0000-0000-0000-000000000000}"
                    },
                    {
                        "@Name": "CalloutName",
                        "#text": "-"
                    }
                ]
            }
        }
    },
