    {
        "Event": {
            "@xmlns": "http://schemas.microsoft.com/win/2004/08/events/event",
            "System": {
                "Provider": {
                    "@Name": "Microsoft-Windows-Security-Auditing",
                    "@Guid": "{54849625-5478-4994-a5ba-3e3b0328c30d}"
                },
                "EventID": {
                    "@Qualifiers": "",
                    "#text": "5447"
                },
                "Version": "0",
                "Level": "0",
                "Task": "13573",
                "Opcode": "0",
                "Keywords": "0x8020000000000000",
                "TimeCreated": {
                    "@SystemTime": "2021-06-03 19:17:46.849993+00:00"
                },
                "EventRecordID": "1965989",
                "Correlation": {
                    "@ActivityID": "{38068009-512d-0000-1d80-06382d51d701}",
                    "@RelatedActivityID": ""
                },
                "Execution": {
                    "@ProcessID": "556",
                    "@ThreadID": "2532"
                },
                "Channel": "Security",
                "Computer": "fs01.offsec.lan",
                "Security": {
                    "@UserID": ""
                }
            },
            "EventData": {
                "Data": [
                    {
                        "@Name": "ProcessId",
                        "#text": "1000"
                    },
                    {
                        "@Name": "UserSid",
                        "#text": "S-1-5-19"
                    },
                    {
                        "@Name": "UserName",
                        "#text": "NT AUTHORITY\\LOCAL SERVICE"
                    },
                    {
                        "@Name": "ProviderKey",
                        "#text": "{4b153735-1049-4480-aab4-d1b9bdc03710}"
                    },
                    {
                        "@Name": "ProviderName",
                        "#text": "Microsoft Corporation"
                    },
                    {
                        "@Name": "ChangeType",
                        "#text": "%%16385"
                    },
                    {
                        "@Name": "FilterKey",
                        "#text": "{c924ca1a-00e9-42c0-b433-c415610847ef}"
                    },
                    {
                        "@Name": "FilterName",
                        "#text": "InternetClientServer Outbound Default Rule"
                    },
                    {
                        "@Name": "FilterType",
                        "#text": "%%16388"
                    },
                    {
                        "@Name": "FilterId",
                        "#text": "72078"
                    },
                    {
                        "@Name": "LayerKey",
                        "#text": "{4a72393b-319f-44bc-84c3-ba54dcb3b6b4}"
                    },
                    {
                        "@Name": "LayerName",
                        "#text": "ALE Connect v6 Layer"
                    },
                    {
                        "@Name": "LayerId",
                        "#text": "50"
                    },
                    {
                        "@Name": "Weight",
                        "#text": "563001493029372"
                    },
                    {
                        "@Name": "Conditions",
                        "#text": "Condition ID:\t{71bc78fa-f17c-4997-a602-6abb261f351c}\n\tMatch value:\tNot equal to\n\tCondition value:\t-\n\n\tCondition ID:\t{b235ae9a-1d64-49b8-a44c-5ff3d9095045}\n\tMatch value:\tIn range\n\tCondition value:\t00000000000000000000000000000000 - fe800000000000000000000000000000\n\n\tCondition ID:\t{46ea1551-2255-492b-8019-aabeee349f40}\n\tMatch value:\tEqual to\n\tCondition value:\t0x00000003\n\n\tCondition ID:\t{ab3033c9-c0e3-4759-937d-5758c65d4ae3}\n\tMatch value:\tEqual to\n\tCondition value:\t0x00000003\n\n\tCondition ID:\t{af043a0a-b34d-4f86-979c-c90371af6e66}\n\tMatch value:\tEqual to\n\tCondition value:\t\nO:LSD:(A;;CC;;;S-1-15-3-2)(A;;CC;;;WD)(A;;CC;;;AN)"
                    },
                    {
                        "@Name": "Action",
                        "#text": "%%16390"
                    },
                    {
                        "@Name": "CalloutKey",
                        "#text": "{00000000-0000-0000-0000-000000000000}"
                    },
                    {
                        "@Name": "CalloutName",
                        "#text": "-"
                    }
                ]
            }
        }
    },
    {
        "Event": {
            "@xmlns": "http://schemas.microsoft.com/win/2004/08/events/event",
            "System": {
                "Provider": {
                    "@Name": "Microsoft-Windows-Security-Auditing",
                    "@Guid": "{54849625-5478-4994-a5ba-3e3b0328c30d}"
                },
                "EventID": {
                    "@Qualifiers": "",
                    "#text": "5447"
                },
                "Version": "0",
                "Level": "0",
                "Task": "13573",
                "Opcode": "0",
                "Keywords": "0x8020000000000000",
                "TimeCreated": {
                    "@SystemTime": "2021-06-03 19:17:46.850103+00:00"
                },
                "EventRecordID": "1965990",
                "Correlation": {
                    "@ActivityID": "{38068009-512d-0000-1d80-06382d51d701}",
                    "@RelatedActivityID": ""
                },
                "Execution": {
                    "@ProcessID": "556",
                    "@ThreadID": "2532"
                },
                "Channel": "Security",
                "Computer": "fs01.offsec.lan",
                "Security": {
                    "@UserID": ""
                }
            },
            "EventData": {
                "Data": [
                    {
                        "@Name": "ProcessId",
                        "#text": "1000"
                    },
                    {
                        "@Name": "UserSid",
                        "#text": "S-1-5-19"
                    },
                    {
                        "@Name": "UserName",
                        "#text": "NT AUTHORITY\\LOCAL SERVICE"
                    },
                    {
                        "@Name": "ProviderKey",
                        "#text": "{4b153735-1049-4480-aab4-d1b9bdc03710}"
                    },
                    {
                        "@Name": "ProviderName",
                        "#text": "Microsoft Corporation"
                    },
                    {
                        "@Name": "ChangeType",
                        "#text": "%%16385"
                    },
                    {
                        "@Name": "FilterKey",
                        "#text": "{95093a5f-7add-4ce6-9eb0-9afa258a54a9}"
                    },
                    {
                        "@Name": "FilterName",
                        "#text": "InternetClientServer Outbound Default Rule"
                    },
                    {
                        "@Name": "FilterType",
                        "#text": "%%16388"
                    },
                    {
                        "@Name": "FilterId",
                        "#text": "72079"
                    },
                    {
                        "@Name": "LayerKey",
                        "#text": "{4a72393b-319f-44bc-84c3-ba54dcb3b6b4}"
                    },
                    {
                        "@Name": "LayerName",
                        "#text": "ALE Connect v6 Layer"
                    },
                    {
                        "@Name": "LayerId",
                        "#text": "50"
                    },
                    {
                        "@Name": "Weight",
                        "#text": "20266249862775292"
                    },
                    {
                        "@Name": "Conditions",
                        "#text": "Condition ID:\t{71bc78fa-f17c-4997-a602-6abb261f351c}\n\tMatch value:\tNot equal to\n\tCondition value:\t-\n\n\tCondition ID:\t{b235ae9a-1d64-49b8-a44c-5ff3d9095045}\n\tMatch value:\tIn range\n\tCondition value:\tfe80000000000000ffffffffffffffff - ff000000000000000000000000000000\n\n\tCondition ID:\t{46ea1551-2255-492b-8019-aabeee349f40}\n\tMatch value:\tEqual to\n\tCondition value:\t0x00000003\n\n\tCondition ID:\t{ab3033c9-c0e3-4759-937d-5758c65d4ae3}\n\tMatch value:\tEqual to\n\tCondition value:\t0x00000003\n\n\tCondition ID:\t{af043a0a-b34d-4f86-979c-c90371af6e66}\n\tMatch value:\tEqual to\n\tCondition value:\t\nO:LSD:(A;;CC;;;S-1-15-3-2)(A;;CC;;;WD)(A;;CC;;;AN)"
                    },
                    {
                        "@Name": "Action",
                        "#text": "%%16390"
                    },
                    {
                        "@Name": "CalloutKey",
                        "#text": "{00000000-0000-0000-0000-000000000000}"
                    },
                    {
                        "@Name": "CalloutName",
                        "#text": "-"
                    }
                ]
            }
        }
    },
    {
        "Event": {
            "@xmlns": "http://schemas.microsoft.com/win/2004/08/events/event",
            "System": {
                "Provider": {
                    "@Name": "Microsoft-Windows-Security-Auditing",
                    "@Guid": "{54849625-5478-4994-a5ba-3e3b0328c30d}"
                },
                "EventID": {
                    "@Qualifiers": "",
                    "#text": "5447"
                },
                "Version": "0",
                "Level": "0",
                "Task": "13573",
                "Opcode": "0",
                "Keywords": "0x8020000000000000",
                "TimeCreated": {
                    "@SystemTime": "2021-06-03 19:17:46.850227+00:00"
                },
                "EventRecordID": "1965991",
                "Correlation": {
                    "@ActivityID": "{38068009-512d-0000-1d80-06382d51d701}",
                    "@RelatedActivityID": ""
                },
                "Execution": {
                    "@ProcessID": "556",
                    "@ThreadID": "2532"
                },
                "Channel": "Security",
                "Computer": "fs01.offsec.lan",
                "Security": {
                    "@UserID": ""
                }
            },
            "EventData": {
                "Data": [
                    {
                        "@Name": "ProcessId",
                        "#text": "1000"
                    },
                    {
                        "@Name": "UserSid",
                        "#text": "S-1-5-19"
                    },
                    {
                        "@Name": "UserName",
                        "#text": "NT AUTHORITY\\LOCAL SERVICE"
                    },
                    {
                        "@Name": "ProviderKey",
                        "#text": "{4b153735-1049-4480-aab4-d1b9bdc03710}"
                    },
                    {
                        "@Name": "ProviderName",
                        "#text": "Microsoft Corporation"
                    },
                    {
                        "@Name": "ChangeType",
                        "#text": "%%16385"
                    },
                    {
                        "@Name": "FilterKey",
                        "#text": "{a8974abf-b032-4256-9aef-2e1352334621}"
                    },
                    {
                        "@Name": "FilterName",
                        "#text": "InternetClient Default Rule"
                    },
                    {
                        "@Name": "FilterType",
                        "#text": "%%16388"
                    },
                    {
                        "@Name": "FilterId",
                        "#text": "72080"
                    },
                    {
                        "@Name": "LayerKey",
                        "#text": "{c38d57d1-05a7-4c33-904f-7fbceee60e82}"
                    },
                    {
                        "@Name": "LayerName",
                        "#text": "ALE Connect v4 Layer"
                    },
                    {
                        "@Name": "LayerId",
                        "#text": "48"
                    },
                    {
                        "@Name": "Weight",
                        "#text": "42784402618450940"
                    },
                    {
                        "@Name": "Conditions",
                        "#text": "Condition ID:\t{71bc78fa-f17c-4997-a602-6abb261f351c}\n\tMatch value:\tNot equal to\n\tCondition value:\t-\n\n\tCondition ID:\t{b235ae9a-1d64-49b8-a44c-5ff3d9095045}\n\tMatch value:\tIn range\n\tCondition value:\t0x00000000 - 0x0a172a00\n\n\tCondition ID:\t{46ea1551-2255-492b-8019-aabeee349f40}\n\tMatch value:\tEqual to\n\tCondition value:\t0x00000003\n\n\tCondition ID:\t{ab3033c9-c0e3-4759-937d-5758c65d4ae3}\n\tMatch value:\tEqual to\n\tCondition value:\t0x00000003\n\n\tCondition ID:\t{af043a0a-b34d-4f86-979c-c90371af6e66}\n\tMatch value:\tEqual to\n\tCondition value:\t\nO:LSD:(A;;CC;;;S-1-15-3-1)(A;;CC;;;WD)(A;;CC;;;AN)"
                    },
                    {
                        "@Name": "Action",
                        "#text": "%%16390"
                    },
                    {
                        "@Name": "CalloutKey",
                        "#text": "{00000000-0000-0000-0000-000000000000}"
                    },
                    {
                        "@Name": "CalloutName",
                        "#text": "-"
                    }
                ]
            }
        }
    },
    {
        "Event": {
            "@xmlns": "http://schemas.microsoft.com/win/2004/08/events/event",
            "System": {
                "Provider": {
                    "@Name": "Microsoft-Windows-Security-Auditing",
                    "@Guid": "{54849625-5478-4994-a5ba-3e3b0328c30d}"
                },
                "EventID": {
                    "@Qualifiers": "",
                    "#text": "5447"
                },
                "Version": "0",
                "Level": "0",
                "Task": "13573",
                "Opcode": "0",
                "Keywords": "0x8020000000000000",
                "TimeCreated": {
                    "@SystemTime": "2021-06-03 19:17:46.850328+00:00"
                },
                "EventRecordID": "1965992",
                "Correlation": {
                    "@ActivityID": "{38068009-512d-0000-1d80-06382d51d701}",
                    "@RelatedActivityID": ""
                },
                "Execution": {
                    "@ProcessID": "556",
                    "@ThreadID": "2532"
                },
                "Channel": "Security",
                "Computer": "fs01.offsec.lan",
                "Security": {
                    "@UserID": ""
                }
            },
            "EventData": {
                "Data": [
                    {
                        "@Name": "ProcessId",
                        "#text": "1000"
                    },
                    {
                        "@Name": "UserSid",
                        "#text": "S-1-5-19"
                    },
                    {
                        "@Name": "UserName",
                        "#text": "NT AUTHORITY\\LOCAL SERVICE"
                    },
                    {
                        "@Name": "ProviderKey",
                        "#text": "{4b153735-1049-4480-aab4-d1b9bdc03710}"
                    },
                    {
                        "@Name": "ProviderName",
                        "#text": "Microsoft Corporation"
                    },
                    {
                        "@Name": "ChangeType",
                        "#text": "%%16385"
                    },
                    {
                        "@Name": "FilterKey",
                        "#text": "{3ca8e993-2a76-4194-b254-2788aa1b5be6}"
                    },
                    {
                        "@Name": "FilterName",
                        "#text": "InternetClient Default Rule"
                    },
                    {
                        "@Name": "FilterType",
                        "#text": "%%16388"
                    },
                    {
                        "@Name": "FilterId",
                        "#text": "72081"
                    },
                    {
                        "@Name": "LayerKey",
                        "#text": "{c38d57d1-05a7-4c33-904f-7fbceee60e82}"
                    },
                    {
                        "@Name": "LayerName",
                        "#text": "ALE Connect v4 Layer"
                    },
                    {
                        "@Name": "LayerId",
                        "#text": "48"
                    },
                    {
                        "@Name": "Weight",
                        "#text": "2252005972116476"
                    },
                    {
                        "@Name": "Conditions",
                        "#text": "Condition ID:\t{71bc78fa-f17c-4997-a602-6abb261f351c}\n\tMatch value:\tNot equal to\n\tCondition value:\t-\n\n\tCondition ID:\t{b235ae9a-1d64-49b8-a44c-5ff3d9095045}\n\tMatch value:\tIn range\n\tCondition value:\t0x0a172aff - 0xe0000000\n\n\tCondition ID:\t{46ea1551-2255-492b-8019-aabeee349f40}\n\tMatch value:\tEqual to\n\tCondition value:\t0x00000003\n\n\tCondition ID:\t{ab3033c9-c0e3-4759-937d-5758c65d4ae3}\n\tMatch value:\tEqual to\n\tCondition value:\t0x00000003\n\n\tCondition ID:\t{af043a0a-b34d-4f86-979c-c90371af6e66}\n\tMatch value:\tEqual to\n\tCondition value:\t\nO:LSD:(A;;CC;;;S-1-15-3-1)(A;;CC;;;WD)(A;;CC;;;AN)"
                    },
                    {
                        "@Name": "Action",
                        "#text": "%%16390"
                    },
                    {
                        "@Name": "CalloutKey",
                        "#text": "{00000000-0000-0000-0000-000000000000}"
                    },
                    {
                        "@Name": "CalloutName",
                        "#text": "-"
                    }
                ]
            }
        }
    },
    {
        "Event": {
            "@xmlns": "http://schemas.microsoft.com/win/2004/08/events/event",
            "System": {
                "Provider": {
                    "@Name": "Microsoft-Windows-Security-Auditing",
                    "@Guid": "{54849625-5478-4994-a5ba-3e3b0328c30d}"
                },
                "EventID": {
                    "@Qualifiers": "",
                    "#text": "5447"
                },
                "Version": "0",
                "Level": "0",
                "Task": "13573",
                "Opcode": "0",
                "Keywords": "0x8020000000000000",
                "TimeCreated": {
                    "@SystemTime": "2021-06-03 19:17:46.850426+00:00"
                },
                "EventRecordID": "1965993",
                "Correlation": {
                    "@ActivityID": "{38068009-512d-0000-1d80-06382d51d701}",
                    "@RelatedActivityID": ""
                },
                "Execution": {
                    "@ProcessID": "556",
                    "@ThreadID": "2532"
                },
                "Channel": "Security",
                "Computer": "fs01.offsec.lan",
                "Security": {
                    "@UserID": ""
                }
            },
            "EventData": {
                "Data": [
                    {
                        "@Name": "ProcessId",
                        "#text": "1000"
                    },
                    {
                        "@Name": "UserSid",
                        "#text": "S-1-5-19"
                    },
                    {
                        "@Name": "UserName",
                        "#text": "NT AUTHORITY\\LOCAL SERVICE"
                    },
                    {
                        "@Name": "ProviderKey",
                        "#text": "{4b153735-1049-4480-aab4-d1b9bdc03710}"
                    },
                    {
                        "@Name": "ProviderName",
                        "#text": "Microsoft Corporation"
                    },
                    {
                        "@Name": "ChangeType",
                        "#text": "%%16385"
                    },
                    {
                        "@Name": "FilterKey",
                        "#text": "{ceeaa5a3-ad78-43eb-a5c7-02b6383fa6c6}"
                    },
                    {
                        "@Name": "FilterName",
                        "#text": "InternetClient Default Rule"
                    },
                    {
                        "@Name": "FilterType",
                        "#text": "%%16388"
                    },
                    {
                        "@Name": "FilterId",
                        "#text": "72082"
                    },
                    {
                        "@Name": "LayerKey",
                        "#text": "{c38d57d1-05a7-4c33-904f-7fbceee60e82}"
                    },
                    {
                        "@Name": "LayerName",
                        "#text": "ALE Connect v4 Layer"
                    },
                    {
                        "@Name": "LayerId",
                        "#text": "48"
                    },
                    {
                        "@Name": "Weight",
                        "#text": "36029003177395196"
                    },
                    {
                        "@Name": "Conditions",
                        "#text": "Condition ID:\t{71bc78fa-f17c-4997-a602-6abb261f351c}\n\tMatch value:\tNot equal to\n\tCondition value:\t-\n\n\tCondition ID:\t{b235ae9a-1d64-49b8-a44c-5ff3d9095045}\n\tMatch value:\tIn range\n\tCondition value:\t0xefffffff - 0xffffffff\n\n\tCondition ID:\t{46ea1551-2255-492b-8019-aabeee349f40}\n\tMatch value:\tEqual to\n\tCondition value:\t0x00000003\n\n\tCondition ID:\t{ab3033c9-c0e3-4759-937d-5758c65d4ae3}\n\tMatch value:\tEqual to\n\tCondition value:\t0x00000003\n\n\tCondition ID:\t{af043a0a-b34d-4f86-979c-c90371af6e66}\n\tMatch value:\tEqual to\n\tCondition value:\t\nO:LSD:(A;;CC;;;S-1-15-3-1)(A;;CC;;;WD)(A;;CC;;;AN)"
                    },
                    {
                        "@Name": "Action",
                        "#text": "%%16390"
                    },
                    {
                        "@Name": "CalloutKey",
                        "#text": "{00000000-0000-0000-0000-000000000000}"
                    },
                    {
                        "@Name": "CalloutName",
                        "#text": "-"
                    }
                ]
            }
        }
    },
    {
        "Event": {
            "@xmlns": "http://schemas.microsoft.com/win/2004/08/events/event",
            "System": {
                "Provider": {
                    "@Name": "Microsoft-Windows-Security-Auditing",
                    "@Guid": "{54849625-5478-4994-a5ba-3e3b0328c30d}"
                },
                "EventID": {
                    "@Qualifiers": "",
                    "#text": "5447"
                },
                "Version": "0",
                "Level": "0",
                "Task": "13573",
                "Opcode": "0",
                "Keywords": "0x8020000000000000",
                "TimeCreated": {
                    "@SystemTime": "2021-06-03 19:17:46.850525+00:00"
                },
                "EventRecordID": "1965994",
                "Correlation": {
                    "@ActivityID": "{38068009-512d-0000-1d80-06382d51d701}",
                    "@RelatedActivityID": ""
                },
                "Execution": {
                    "@ProcessID": "556",
                    "@ThreadID": "2532"
                },
                "Channel": "Security",
                "Computer": "fs01.offsec.lan",
                "Security": {
                    "@UserID": ""
                }
            },
            "EventData": {
                "Data": [
                    {
                        "@Name": "ProcessId",
                        "#text": "1000"
                    },
                    {
                        "@Name": "UserSid",
                        "#text": "S-1-5-19"
                    },
                    {
                        "@Name": "UserName",
                        "#text": "NT AUTHORITY\\LOCAL SERVICE"
                    },
                    {
                        "@Name": "ProviderKey",
                        "#text": "{4b153735-1049-4480-aab4-d1b9bdc03710}"
                    },
                    {
                        "@Name": "ProviderName",
                        "#text": "Microsoft Corporation"
                    },
                    {
                        "@Name": "ChangeType",
                        "#text": "%%16385"
                    },
                    {
                        "@Name": "FilterKey",
                        "#text": "{60e89372-9465-415a-8dee-381dccd8466b}"
                    },
                    {
                        "@Name": "FilterName",
                        "#text": "InternetClient Default Rule"
                    },
                    {
                        "@Name": "FilterType",
                        "#text": "%%16388"
                    },
                    {
                        "@Name": "FilterId",
                        "#text": "72083"
                    },
                    {
                        "@Name": "LayerKey",
                        "#text": "{4a72393b-319f-44bc-84c3-ba54dcb3b6b4}"
                    },
                    {
                        "@Name": "LayerName",
                        "#text": "ALE Connect v6 Layer"
                    },
                    {
                        "@Name": "LayerId",
                        "#text": "50"
                    },
                    {
                        "@Name": "Weight",
                        "#text": "563001493029372"
                    },
                    {
                        "@Name": "Conditions",
                        "#text": "Condition ID:\t{71bc78fa-f17c-4997-a602-6abb261f351c}\n\tMatch value:\tNot equal to\n\tCondition value:\t-\n\n\tCondition ID:\t{b235ae9a-1d64-49b8-a44c-5ff3d9095045}\n\tMatch value:\tIn range\n\tCondition value:\t00000000000000000000000000000000 - fe800000000000000000000000000000\n\n\tCondition ID:\t{46ea1551-2255-492b-8019-aabeee349f40}\n\tMatch value:\tEqual to\n\tCondition value:\t0x00000003\n\n\tCondition ID:\t{ab3033c9-c0e3-4759-937d-5758c65d4ae3}\n\tMatch value:\tEqual to\n\tCondition value:\t0x00000003\n\n\tCondition ID:\t{af043a0a-b34d-4f86-979c-c90371af6e66}\n\tMatch value:\tEqual to\n\tCondition value:\t\nO:LSD:(A;;CC;;;S-1-15-3-1)(A;;CC;;;WD)(A;;CC;;;AN)"
                    },
                    {
                        "@Name": "Action",
                        "#text": "%%16390"
                    },
                    {
                        "@Name": "CalloutKey",
                        "#text": "{00000000-0000-0000-0000-000000000000}"
                    },
                    {
                        "@Name": "CalloutName",
                        "#text": "-"
                    }
                ]
            }
        }
    },
    {
        "Event": {
            "@xmlns": "http://schemas.microsoft.com/win/2004/08/events/event",
            "System": {
                "Provider": {
                    "@Name": "Microsoft-Windows-Security-Auditing",
                    "@Guid": "{54849625-5478-4994-a5ba-3e3b0328c30d}"
                },
                "EventID": {
                    "@Qualifiers": "",
                    "#text": "5447"
                },
                "Version": "0",
                "Level": "0",
                "Task": "13573",
                "Opcode": "0",
                "Keywords": "0x8020000000000000",
                "TimeCreated": {
                    "@SystemTime": "2021-06-03 19:17:46.850622+00:00"
                },
                "EventRecordID": "1965995",
                "Correlation": {
                    "@ActivityID": "{38068009-512d-0000-1d80-06382d51d701}",
                    "@RelatedActivityID": ""
                },
                "Execution": {
                    "@ProcessID": "556",
                    "@ThreadID": "2532"
                },
                "Channel": "Security",
                "Computer": "fs01.offsec.lan",
                "Security": {
                    "@UserID": ""
                }
            },
            "EventData": {
                "Data": [
                    {
                        "@Name": "ProcessId",
                        "#text": "1000"
                    },
                    {
                        "@Name": "UserSid",
                        "#text": "S-1-5-19"
                    },
                    {
                        "@Name": "UserName",
                        "#text": "NT AUTHORITY\\LOCAL SERVICE"
                    },
                    {
                        "@Name": "ProviderKey",
                        "#text": "{4b153735-1049-4480-aab4-d1b9bdc03710}"
                    },
                    {
                        "@Name": "ProviderName",
                        "#text": "Microsoft Corporation"
                    },
                    {
                        "@Name": "ChangeType",
                        "#text": "%%16385"
                    },
                    {
                        "@Name": "FilterKey",
                        "#text": "{9c05094f-8348-4351-a8b5-a36545ecec3b}"
                    },
                    {
                        "@Name": "FilterName",
                        "#text": "InternetClient Default Rule"
                    },
                    {
                        "@Name": "FilterType",
                        "#text": "%%16388"
                    },
                    {
                        "@Name": "FilterId",
                        "#text": "72084"
                    },
                    {
                        "@Name": "LayerKey",
                        "#text": "{4a72393b-319f-44bc-84c3-ba54dcb3b6b4}"
                    },
                    {
                        "@Name": "LayerName",
                        "#text": "ALE Connect v6 Layer"
                    },
                    {
                        "@Name": "LayerId",
                        "#text": "50"
                    },
                    {
                        "@Name": "Weight",
                        "#text": "20266249862775292"
                    },
                    {
                        "@Name": "Conditions",
                        "#text": "Condition ID:\t{71bc78fa-f17c-4997-a602-6abb261f351c}\n\tMatch value:\tNot equal to\n\tCondition value:\t-\n\n\tCondition ID:\t{b235ae9a-1d64-49b8-a44c-5ff3d9095045}\n\tMatch value:\tIn range\n\tCondition value:\tfe80000000000000ffffffffffffffff - ff000000000000000000000000000000\n\n\tCondition ID:\t{46ea1551-2255-492b-8019-aabeee349f40}\n\tMatch value:\tEqual to\n\tCondition value:\t0x00000003\n\n\tCondition ID:\t{ab3033c9-c0e3-4759-937d-5758c65d4ae3}\n\tMatch value:\tEqual to\n\tCondition value:\t0x00000003\n\n\tCondition ID:\t{af043a0a-b34d-4f86-979c-c90371af6e66}\n\tMatch value:\tEqual to\n\tCondition value:\t\nO:LSD:(A;;CC;;;S-1-15-3-1)(A;;CC;;;WD)(A;;CC;;;AN)"
                    },
                    {
                        "@Name": "Action",
                        "#text": "%%16390"
                    },
                    {
                        "@Name": "CalloutKey",
                        "#text": "{00000000-0000-0000-0000-000000000000}"
                    },
                    {
                        "@Name": "CalloutName",
                        "#text": "-"
                    }
                ]
            }
        }
    },
    {
        "Event": {
            "@xmlns": "http://schemas.microsoft.com/win/2004/08/events/event",
            "System": {
                "Provider": {
                    "@Name": "Microsoft-Windows-Security-Auditing",
                    "@Guid": "{54849625-5478-4994-a5ba-3e3b0328c30d}"
                },
                "EventID": {
                    "@Qualifiers": "",
                    "#text": "5447"
                },
                "Version": "0",
                "Level": "0",
                "Task": "13573",
                "Opcode": "0",
                "Keywords": "0x8020000000000000",
                "TimeCreated": {
                    "@SystemTime": "2021-06-03 19:17:46.850693+00:00"
                },
                "EventRecordID": "1965996",
                "Correlation": {
                    "@ActivityID": "{38068009-512d-0000-1d80-06382d51d701}",
                    "@RelatedActivityID": ""
                },
                "Execution": {
                    "@ProcessID": "556",
                    "@ThreadID": "2532"
                },
                "Channel": "Security",
                "Computer": "fs01.offsec.lan",
                "Security": {
                    "@UserID": ""
                }
            },
            "EventData": {
                "Data": [
                    {
                        "@Name": "ProcessId",
                        "#text": "1000"
                    },
                    {
                        "@Name": "UserSid",
                        "#text": "S-1-5-19"
                    },
                    {
                        "@Name": "UserName",
                        "#text": "NT AUTHORITY\\LOCAL SERVICE"
                    },
                    {
                        "@Name": "ProviderKey",
                        "#text": "{4b153735-1049-4480-aab4-d1b9bdc03710}"
                    },
                    {
                        "@Name": "ProviderName",
                        "#text": "Microsoft Corporation"
                    },
                    {
                        "@Name": "ChangeType",
                        "#text": "%%16385"
                    },
                    {
                        "@Name": "FilterKey",
                        "#text": "{684fb723-ec18-4d62-99bf-0c2b431be2da}"
                    },
                    {
                        "@Name": "FilterName",
                        "#text": "Block Inbound Default Rule"
                    },
                    {
                        "@Name": "FilterType",
                        "#text": "%%16388"
                    },
                    {
                        "@Name": "FilterId",
                        "#text": "72085"
                    },
                    {
                        "@Name": "LayerKey",
                        "#text": "{e1cd9fe7-f4b5-4273-96c0-592e487b8650}"
                    },
                    {
                        "@Name": "LayerName",
                        "#text": "ALE Receive/Accept v4 Layer"
                    },
                    {
                        "@Name": "LayerId",
                        "#text": "44"
                    },
                    {
                        "@Name": "Weight",
                        "#text": "549755813888"
                    },
                    {
                        "@Name": "Conditions",
                        "#text": "Condition ID:\t{71bc78fa-f17c-4997-a602-6abb261f351c}\n\tMatch value:\tNot equal to\n\tCondition value:\t-"
                    },
                    {
                        "@Name": "Action",
                        "#text": "%%16389"
                    },
                    {
                        "@Name": "CalloutKey",
                        "#text": "{00000000-0000-0000-0000-000000000000}"
                    },
                    {
                        "@Name": "CalloutName",
                        "#text": "-"
                    }
                ]
            }
        }
    },
    {
        "Event": {
            "@xmlns": "http://schemas.microsoft.com/win/2004/08/events/event",
            "System": {
                "Provider": {
                    "@Name": "Microsoft-Windows-Security-Auditing",
                    "@Guid": "{54849625-5478-4994-a5ba-3e3b0328c30d}"
                },
                "EventID": {
                    "@Qualifiers": "",
                    "#text": "5447"
                },
                "Version": "0",
                "Level": "0",
                "Task": "13573",
                "Opcode": "0",
                "Keywords": "0x8020000000000000",
                "TimeCreated": {
                    "@SystemTime": "2021-06-03 19:17:46.850758+00:00"
                },
                "EventRecordID": "1965997",
                "Correlation": {
                    "@ActivityID": "{38068009-512d-0000-1d80-06382d51d701}",
                    "@RelatedActivityID": ""
                },
                "Execution": {
                    "@ProcessID": "556",
                    "@ThreadID": "2532"
                },
                "Channel": "Security",
                "Computer": "fs01.offsec.lan",
                "Security": {
                    "@UserID": ""
                }
            },
            "EventData": {
                "Data": [
                    {
                        "@Name": "ProcessId",
                        "#text": "1000"
                    },
                    {
                        "@Name": "UserSid",
                        "#text": "S-1-5-19"
                    },
                    {
                        "@Name": "UserName",
                        "#text": "NT AUTHORITY\\LOCAL SERVICE"
                    },
                    {
                        "@Name": "ProviderKey",
                        "#text": "{4b153735-1049-4480-aab4-d1b9bdc03710}"
                    },
                    {
                        "@Name": "ProviderName",
                        "#text": "Microsoft Corporation"
                    },
                    {
                        "@Name": "ChangeType",
                        "#text": "%%16385"
                    },
                    {
                        "@Name": "FilterKey",
                        "#text": "{a060eae1-3212-418b-be67-650da2be525a}"
                    },
                    {
                        "@Name": "FilterName",
                        "#text": "Block Inbound Default Rule"
                    },
                    {
                        "@Name": "FilterType",
                        "#text": "%%16388"
                    },
                    {
                        "@Name": "FilterId",
                        "#text": "72086"
                    },
                    {
                        "@Name": "LayerKey",
                        "#text": "{a3b42c97-9f04-4672-b87e-cee9c483257f}"
                    },
                    {
                        "@Name": "LayerName",
                        "#text": "ALE Receive/Accept v6 Layer"
                    },
                    {
                        "@Name": "LayerId",
                        "#text": "46"
                    },
                    {
                        "@Name": "Weight",
                        "#text": "137438953472"
                    },
                    {
                        "@Name": "Conditions",
                        "#text": "Condition ID:\t{71bc78fa-f17c-4997-a602-6abb261f351c}\n\tMatch value:\tNot equal to\n\tCondition value:\t-"
                    },
                    {
                        "@Name": "Action",
                        "#text": "%%16389"
                    },
                    {
                        "@Name": "CalloutKey",
                        "#text": "{00000000-0000-0000-0000-000000000000}"
                    },
                    {
                        "@Name": "CalloutName",
                        "#text": "-"
                    }
                ]
            }
        }
    },
    {
        "Event": {
            "@xmlns": "http://schemas.microsoft.com/win/2004/08/events/event",
            "System": {
                "Provider": {
                    "@Name": "Microsoft-Windows-Security-Auditing",
                    "@Guid": "{54849625-5478-4994-a5ba-3e3b0328c30d}"
                },
                "EventID": {
                    "@Qualifiers": "",
                    "#text": "5447"
                },
                "Version": "0",
                "Level": "0",
                "Task": "13573",
                "Opcode": "0",
                "Keywords": "0x8020000000000000",
                "TimeCreated": {
                    "@SystemTime": "2021-06-03 19:17:46.850824+00:00"
                },
                "EventRecordID": "1965998",
                "Correlation": {
                    "@ActivityID": "{38068009-512d-0000-1d80-06382d51d701}",
                    "@RelatedActivityID": ""
                },
                "Execution": {
                    "@ProcessID": "556",
                    "@ThreadID": "2532"
                },
                "Channel": "Security",
                "Computer": "fs01.offsec.lan",
                "Security": {
                    "@UserID": ""
                }
            },
            "EventData": {
                "Data": [
                    {
                        "@Name": "ProcessId",
                        "#text": "1000"
                    },
                    {
                        "@Name": "UserSid",
                        "#text": "S-1-5-19"
                    },
                    {
                        "@Name": "UserName",
                        "#text": "NT AUTHORITY\\LOCAL SERVICE"
                    },
                    {
                        "@Name": "ProviderKey",
                        "#text": "{4b153735-1049-4480-aab4-d1b9bdc03710}"
                    },
                    {
                        "@Name": "ProviderName",
                        "#text": "Microsoft Corporation"
                    },
                    {
                        "@Name": "ChangeType",
                        "#text": "%%16385"
                    },
                    {
                        "@Name": "FilterKey",
                        "#text": "{1ea5745a-a324-4004-a38b-3ee69f2eaacc}"
                    },
                    {
                        "@Name": "FilterName",
                        "#text": "Block Outbound Default Rule"
                    },
                    {
                        "@Name": "FilterType",
                        "#text": "%%16388"
                    },
                    {
                        "@Name": "FilterId",
                        "#text": "72087"
                    },
                    {
                        "@Name": "LayerKey",
                        "#text": "{c38d57d1-05a7-4c33-904f-7fbceee60e82}"
                    },
                    {
                        "@Name": "LayerName",
                        "#text": "ALE Connect v4 Layer"
                    },
                    {
                        "@Name": "LayerId",
                        "#text": "48"
                    },
                    {
                        "@Name": "Weight",
                        "#text": "137438953472"
                    },
                    {
                        "@Name": "Conditions",
                        "#text": "Condition ID:\t{71bc78fa-f17c-4997-a602-6abb261f351c}\n\tMatch value:\tNot equal to\n\tCondition value:\t-"
                    },
                    {
                        "@Name": "Action",
                        "#text": "%%16389"
                    },
                    {
                        "@Name": "CalloutKey",
                        "#text": "{00000000-0000-0000-0000-000000000000}"
                    },
                    {
                        "@Name": "CalloutName",
                        "#text": "-"
                    }
                ]
            }
        }
    },
    {
        "Event": {
            "@xmlns": "http://schemas.microsoft.com/win/2004/08/events/event",
            "System": {
                "Provider": {
                    "@Name": "Microsoft-Windows-Security-Auditing",
                    "@Guid": "{54849625-5478-4994-a5ba-3e3b0328c30d}"
                },
                "EventID": {
                    "@Qualifiers": "",
                    "#text": "5447"
                },
                "Version": "0",
                "Level": "0",
                "Task": "13573",
                "Opcode": "0",
                "Keywords": "0x8020000000000000",
                "TimeCreated": {
                    "@SystemTime": "2021-06-03 19:17:46.850889+00:00"
                },
                "EventRecordID": "1965999",
                "Correlation": {
                    "@ActivityID": "{38068009-512d-0000-1d80-06382d51d701}",
                    "@RelatedActivityID": ""
                },
                "Execution": {
                    "@ProcessID": "556",
                    "@ThreadID": "2532"
                },
                "Channel": "Security",
                "Computer": "fs01.offsec.lan",
                "Security": {
                    "@UserID": ""
                }
            },
            "EventData": {
                "Data": [
                    {
                        "@Name": "ProcessId",
                        "#text": "1000"
                    },
                    {
                        "@Name": "UserSid",
                        "#text": "S-1-5-19"
                    },
                    {
                        "@Name": "UserName",
                        "#text": "NT AUTHORITY\\LOCAL SERVICE"
                    },
                    {
                        "@Name": "ProviderKey",
                        "#text": "{4b153735-1049-4480-aab4-d1b9bdc03710}"
                    },
                    {
                        "@Name": "ProviderName",
                        "#text": "Microsoft Corporation"
                    },
                    {
                        "@Name": "ChangeType",
                        "#text": "%%16385"
                    },
                    {
                        "@Name": "FilterKey",
                        "#text": "{94da35da-25fd-4a23-9f8e-b8750f67244c}"
                    },
                    {
                        "@Name": "FilterName",
                        "#text": "Block Outbound Default Rule"
                    },
                    {
                        "@Name": "FilterType",
                        "#text": "%%16388"
                    },
                    {
                        "@Name": "FilterId",
                        "#text": "72088"
                    },
                    {
                        "@Name": "LayerKey",
                        "#text": "{4a72393b-319f-44bc-84c3-ba54dcb3b6b4}"
                    },
                    {
                        "@Name": "LayerName",
                        "#text": "ALE Connect v6 Layer"
                    },
                    {
                        "@Name": "LayerId",
                        "#text": "50"
                    },
                    {
                        "@Name": "Weight",
                        "#text": "34359738368"
                    },
                    {
                        "@Name": "Conditions",
                        "#text": "Condition ID:\t{71bc78fa-f17c-4997-a602-6abb261f351c}\n\tMatch value:\tNot equal to\n\tCondition value:\t-"
                    },
                    {
                        "@Name": "Action",
                        "#text": "%%16389"
                    },
                    {
                        "@Name": "CalloutKey",
                        "#text": "{00000000-0000-0000-0000-000000000000}"
                    },
                    {
                        "@Name": "CalloutName",
                        "#text": "-"
                    }
                ]
            }
        }
    },
