    {
        "Event": {
            "@xmlns": "http://schemas.microsoft.com/win/2004/08/events/event",
            "System": {
                "Provider": {
                    "@Name": "Microsoft-Windows-Security-Auditing",
                    "@Guid": "{54849625-5478-4994-a5ba-3e3b0328c30d}"
                },
                "EventID": {
                    "@Qualifiers": "",
                    "#text": "5447"
                },
                "Version": "0",
                "Level": "0",
                "Task": "13573",
                "Opcode": "0",
                "Keywords": "0x8020000000000000",
                "TimeCreated": {
                    "@SystemTime": "2021-06-03 19:17:46.753786+00:00"
                },
                "EventRecordID": "1965640",
                "Correlation": {
                    "@ActivityID": "{38068009-512d-0000-1d80-06382d51d701}",
                    "@RelatedActivityID": ""
                },
                "Execution": {
                    "@ProcessID": "556",
                    "@ThreadID": "2532"
                },
                "Channel": "Security",
                "Computer": "fs01.offsec.lan",
                "Security": {
                    "@UserID": ""
                }
            },
            "EventData": {
                "Data": [
                    {
                        "@Name": "ProcessId",
                        "#text": "1000"
                    },
                    {
                        "@Name": "UserSid",
                        "#text": "S-1-5-19"
                    },
                    {
                        "@Name": "UserName",
                        "#text": "NT AUTHORITY\\LOCAL SERVICE"
                    },
                    {
                        "@Name": "ProviderKey",
                        "#text": "{4b153735-1049-4480-aab4-d1b9bdc03710}"
                    },
                    {
                        "@Name": "ProviderName",
                        "#text": "Microsoft Corporation"
                    },
                    {
                        "@Name": "ChangeType",
                        "#text": "%%16384"
                    },
                    {
                        "@Name": "FilterKey",
                        "#text": "{502ef8d5-1111-4d90-8e36-44f9c42aa4fa}"
                    },
                    {
                        "@Name": "FilterName",
                        "#text": "Device Metadata Retrieval"
                    },
                    {
                        "@Name": "FilterType",
                        "#text": "%%16388"
                    },
                    {
                        "@Name": "FilterId",
                        "#text": "72099"
                    },
                    {
                        "@Name": "LayerKey",
                        "#text": "{c38d57d1-05a7-4c33-904f-7fbceee60e82}"
                    },
                    {
                        "@Name": "LayerName",
                        "#text": "ALE Connect v4 Layer"
                    },
                    {
                        "@Name": "LayerId",
                        "#text": "48"
                    },
                    {
                        "@Name": "Weight",
                        "#text": "424342768844800"
                    },
                    {
                        "@Name": "Conditions",
                        "#text": "Condition ID:\t{d78e1e87-8644-4ea5-9437-d809ecefc971}\n\tMatch value:\tEqual to\n\tCondition value:\t\n    00000000  5c 00 64 00 65 00 76 00-69 00 63 00 65 00 5c 00  \\.d.e.v.i.c.e.\\.\n    00000010  68 00 61 00 72 00 64 00-64 00 69 00 73 00 6b 00  h.a.r.d.d.i.s.k.\n    00000020  76 00 6f 00 6c 00 75 00-6d 00 65 00 34 00 5c 00  v.o.l.u.m.e.4.\\.\n    00000030  77 00 69 00 6e 00 64 00-6f 00 77 00 73 00 5c 00  w.i.n.d.o.w.s.\\.\n    00000040  73 00 79 00 73 00 74 00-65 00 6d 00 33 00 32 00  s.y.s.t.e.m.3.2.\n    00000050  5c 00 73 00 76 00 63 00-68 00 6f 00 73 00 74 00  \\.s.v.c.h.o.s.t.\n    00000060  2e 00 65 00 78 00 65 00-00 00                    ..e.x.e...\n\n\n\tCondition ID:\t{af043a0a-b34d-4f86-979c-c90371af6e66}\n\tMatch value:\tEqual to\n\tCondition value:\t\nO:SYG:SYD:(A;;CCRC;;;S-1-5-80-286057374-2594772386-1471686342-3682429118-820474675)\n\n\n\tCondition ID:\t{3971ef2b-623e-4f9a-8cb1-6e79b806b9a7}\n\tMatch value:\tEqual to\n\tCondition value:\t0x06\n\n\tCondition ID:\t{c35a604d-d22b-4e1a-91b4-68f674ee674b}\n\tMatch value:\tEqual to\n\tCondition value:\t0x0050"
                    },
                    {
                        "@Name": "Action",
                        "#text": "%%16390"
                    },
                    {
                        "@Name": "CalloutKey",
                        "#text": "{00000000-0000-0000-0000-000000000000}"
                    },
                    {
                        "@Name": "CalloutName",
                        "#text": "-"
                    }
                ]
            }
        }
    },
    {
        "Event": {
            "@xmlns": "http://schemas.microsoft.com/win/2004/08/events/event",
            "System": {
                "Provider": {
                    "@Name": "Microsoft-Windows-Security-Auditing",
                    "@Guid": "{54849625-5478-4994-a5ba-3e3b0328c30d}"
                },
                "EventID": {
                    "@Qualifiers": "",
                    "#text": "5447"
                },
                "Version": "0",
                "Level": "0",
                "Task": "13573",
                "Opcode": "0",
                "Keywords": "0x8020000000000000",
                "TimeCreated": {
                    "@SystemTime": "2021-06-03 19:17:46.753920+00:00"
                },
                "EventRecordID": "1965641",
                "Correlation": {
                    "@ActivityID": "{38068009-512d-0000-1d80-06382d51d701}",
                    "@RelatedActivityID": ""
                },
                "Execution": {
                    "@ProcessID": "556",
                    "@ThreadID": "2532"
                },
                "Channel": "Security",
                "Computer": "fs01.offsec.lan",
                "Security": {
                    "@UserID": ""
                }
            },
            "EventData": {
                "Data": [
                    {
                        "@Name": "ProcessId",
                        "#text": "1000"
                    },
                    {
                        "@Name": "UserSid",
                        "#text": "S-1-5-19"
                    },
                    {
                        "@Name": "UserName",
                        "#text": "NT AUTHORITY\\LOCAL SERVICE"
                    },
                    {
                        "@Name": "ProviderKey",
                        "#text": "{4b153735-1049-4480-aab4-d1b9bdc03710}"
                    },
                    {
                        "@Name": "ProviderName",
                        "#text": "Microsoft Corporation"
                    },
                    {
                        "@Name": "ChangeType",
                        "#text": "%%16384"
                    },
                    {
                        "@Name": "FilterKey",
                        "#text": "{273baa87-1f7a-453d-ab6d-f22eb6bf6b5b}"
                    },
                    {
                        "@Name": "FilterName",
                        "#text": "Device Metadata Retrieval"
                    },
                    {
                        "@Name": "FilterType",
                        "#text": "%%16388"
                    },
                    {
                        "@Name": "FilterId",
                        "#text": "72100"
                    },
                    {
                        "@Name": "LayerKey",
                        "#text": "{4a72393b-319f-44bc-84c3-ba54dcb3b6b4}"
                    },
                    {
                        "@Name": "LayerName",
                        "#text": "ALE Connect v6 Layer"
                    },
                    {
                        "@Name": "LayerId",
                        "#text": "50"
                    },
                    {
                        "@Name": "Weight",
                        "#text": "106085692211200"
                    },
                    {
                        "@Name": "Conditions",
                        "#text": "Condition ID:\t{d78e1e87-8644-4ea5-9437-d809ecefc971}\n\tMatch value:\tEqual to\n\tCondition value:\t\n    00000000  5c 00 64 00 65 00 76 00-69 00 63 00 65 00 5c 00  \\.d.e.v.i.c.e.\\.\n    00000010  68 00 61 00 72 00 64 00-64 00 69 00 73 00 6b 00  h.a.r.d.d.i.s.k.\n    00000020  76 00 6f 00 6c 00 75 00-6d 00 65 00 34 00 5c 00  v.o.l.u.m.e.4.\\.\n    00000030  77 00 69 00 6e 00 64 00-6f 00 77 00 73 00 5c 00  w.i.n.d.o.w.s.\\.\n    00000040  73 00 79 00 73 00 74 00-65 00 6d 00 33 00 32 00  s.y.s.t.e.m.3.2.\n    00000050  5c 00 73 00 76 00 63 00-68 00 6f 00 73 00 74 00  \\.s.v.c.h.o.s.t.\n    00000060  2e 00 65 00 78 00 65 00-00 00                    ..e.x.e...\n\n\n\tCondition ID:\t{af043a0a-b34d-4f86-979c-c90371af6e66}\n\tMatch value:\tEqual to\n\tCondition value:\t\nO:SYG:SYD:(A;;CCRC;;;S-1-5-80-286057374-2594772386-1471686342-3682429118-820474675)\n\n\n\tCondition ID:\t{3971ef2b-623e-4f9a-8cb1-6e79b806b9a7}\n\tMatch value:\tEqual to\n\tCondition value:\t0x06\n\n\tCondition ID:\t{c35a604d-d22b-4e1a-91b4-68f674ee674b}\n\tMatch value:\tEqual to\n\tCondition value:\t0x0050"
                    },
                    {
                        "@Name": "Action",
                        "#text": "%%16390"
                    },
                    {
                        "@Name": "CalloutKey",
                        "#text": "{00000000-0000-0000-0000-000000000000}"
                    },
                    {
                        "@Name": "CalloutName",
                        "#text": "-"
                    }
                ]
            }
        }
    },
    {
        "Event": {
            "@xmlns": "http://schemas.microsoft.com/win/2004/08/events/event",
            "System": {
                "Provider": {
                    "@Name": "Microsoft-Windows-Security-Auditing",
                    "@Guid": "{54849625-5478-4994-a5ba-3e3b0328c30d}"
                },
                "EventID": {
                    "@Qualifiers": "",
                    "#text": "5447"
                },
                "Version": "0",
                "Level": "0",
                "Task": "13573",
                "Opcode": "0",
                "Keywords": "0x8020000000000000",
                "TimeCreated": {
                    "@SystemTime": "2021-06-03 19:17:46.754049+00:00"
                },
                "EventRecordID": "1965642",
                "Correlation": {
                    "@ActivityID": "{38068009-512d-0000-1d80-06382d51d701}",
                    "@RelatedActivityID": ""
                },
                "Execution": {
                    "@ProcessID": "556",
                    "@ThreadID": "2532"
                },
                "Channel": "Security",
                "Computer": "fs01.offsec.lan",
                "Security": {
                    "@UserID": ""
                }
            },
            "EventData": {
                "Data": [
                    {
                        "@Name": "ProcessId",
                        "#text": "1000"
                    },
                    {
                        "@Name": "UserSid",
                        "#text": "S-1-5-19"
                    },
                    {
                        "@Name": "UserName",
                        "#text": "NT AUTHORITY\\LOCAL SERVICE"
                    },
                    {
                        "@Name": "ProviderKey",
                        "#text": "{4b153735-1049-4480-aab4-d1b9bdc03710}"
                    },
                    {
                        "@Name": "ProviderName",
                        "#text": "Microsoft Corporation"
                    },
                    {
                        "@Name": "ChangeType",
                        "#text": "%%16384"
                    },
                    {
                        "@Name": "FilterKey",
                        "#text": "{3ed2e57b-c9a3-47dc-8154-776cc5696b74}"
                    },
                    {
                        "@Name": "FilterName",
                        "#text": "Allow RPC/TCP traffic to EventLog"
                    },
                    {
                        "@Name": "FilterType",
                        "#text": "%%16388"
                    },
                    {
                        "@Name": "FilterId",
                        "#text": "72101"
                    },
                    {
                        "@Name": "LayerKey",
                        "#text": "{e1cd9fe7-f4b5-4273-96c0-592e487b8650}"
                    },
                    {
                        "@Name": "LayerName",
                        "#text": "ALE Receive/Accept v4 Layer"
                    },
                    {
                        "@Name": "LayerId",
                        "#text": "44"
                    },
                    {
                        "@Name": "Weight",
                        "#text": "1971166650564608"
                    },
                    {
                        "@Name": "Conditions",
                        "#text": "Condition ID:\t{d78e1e87-8644-4ea5-9437-d809ecefc971}\n\tMatch value:\tEqual to\n\tCondition value:\t\n    00000000  5c 00 64 00 65 00 76 00-69 00 63 00 65 00 5c 00  \\.d.e.v.i.c.e.\\.\n    00000010  68 00 61 00 72 00 64 00-64 00 69 00 73 00 6b 00  h.a.r.d.d.i.s.k.\n    00000020  76 00 6f 00 6c 00 75 00-6d 00 65 00 34 00 5c 00  v.o.l.u.m.e.4.\\.\n    00000030  77 00 69 00 6e 00 64 00-6f 00 77 00 73 00 5c 00  w.i.n.d.o.w.s.\\.\n    00000040  73 00 79 00 73 00 74 00-65 00 6d 00 33 00 32 00  s.y.s.t.e.m.3.2.\n    00000050  5c 00 73 00 76 00 63 00-68 00 6f 00 73 00 74 00  \\.s.v.c.h.o.s.t.\n    00000060  2e 00 65 00 78 00 65 00-00 00                    ..e.x.e...\n\n\n\tCondition ID:\t{af043a0a-b34d-4f86-979c-c90371af6e66}\n\tMatch value:\tEqual to\n\tCondition value:\t\nO:SYG:SYD:(A;;CCRC;;;S-1-5-80-880578595-1860270145-482643319-2788375705-1540778122)\n\n\n\tCondition ID:\t{3971ef2b-623e-4f9a-8cb1-6e79b806b9a7}\n\tMatch value:\tEqual to\n\tCondition value:\t0x06\n\n\tCondition ID:\t{b9f4e088-cb98-4efb-a2c7-ad07332643db}\n\tMatch value:\tEqual to\n\tCondition value:\t0x00000001"
                    },
                    {
                        "@Name": "Action",
                        "#text": "%%16390"
                    },
                    {
                        "@Name": "CalloutKey",
                        "#text": "{00000000-0000-0000-0000-000000000000}"
                    },
                    {
                        "@Name": "CalloutName",
                        "#text": "-"
                    }
                ]
            }
        }
    },
    {
        "Event": {
            "@xmlns": "http://schemas.microsoft.com/win/2004/08/events/event",
            "System": {
                "Provider": {
                    "@Name": "Microsoft-Windows-Security-Auditing",
                    "@Guid": "{54849625-5478-4994-a5ba-3e3b0328c30d}"
                },
                "EventID": {
                    "@Qualifiers": "",
                    "#text": "5447"
                },
                "Version": "0",
                "Level": "0",
                "Task": "13573",
                "Opcode": "0",
                "Keywords": "0x8020000000000000",
                "TimeCreated": {
                    "@SystemTime": "2021-06-03 19:17:46.754179+00:00"
                },
                "EventRecordID": "1965643",
                "Correlation": {
                    "@ActivityID": "{38068009-512d-0000-1d80-06382d51d701}",
                    "@RelatedActivityID": ""
                },
                "Execution": {
                    "@ProcessID": "556",
                    "@ThreadID": "2532"
                },
                "Channel": "Security",
                "Computer": "fs01.offsec.lan",
                "Security": {
                    "@UserID": ""
                }
            },
            "EventData": {
                "Data": [
                    {
                        "@Name": "ProcessId",
                        "#text": "1000"
                    },
                    {
                        "@Name": "UserSid",
                        "#text": "S-1-5-19"
                    },
                    {
                        "@Name": "UserName",
                        "#text": "NT AUTHORITY\\LOCAL SERVICE"
                    },
                    {
                        "@Name": "ProviderKey",
                        "#text": "{4b153735-1049-4480-aab4-d1b9bdc03710}"
                    },
                    {
                        "@Name": "ProviderName",
                        "#text": "Microsoft Corporation"
                    },
                    {
                        "@Name": "ChangeType",
                        "#text": "%%16384"
                    },
                    {
                        "@Name": "FilterKey",
                        "#text": "{8aea1926-842a-4369-960a-2a2d8cdd6196}"
                    },
                    {
                        "@Name": "FilterName",
                        "#text": "Allow RPC/TCP traffic to EventLog"
                    },
                    {
                        "@Name": "FilterType",
                        "#text": "%%16388"
                    },
                    {
                        "@Name": "FilterId",
                        "#text": "72102"
                    },
                    {
                        "@Name": "LayerKey",
                        "#text": "{a3b42c97-9f04-4672-b87e-cee9c483257f}"
                    },
                    {
                        "@Name": "LayerName",
                        "#text": "ALE Receive/Accept v6 Layer"
                    },
                    {
                        "@Name": "LayerId",
                        "#text": "46"
                    },
                    {
                        "@Name": "Weight",
                        "#text": "211316685930496"
                    },
                    {
                        "@Name": "Conditions",
                        "#text": "Condition ID:\t{d78e1e87-8644-4ea5-9437-d809ecefc971}\n\tMatch value:\tEqual to\n\tCondition value:\t\n    00000000  5c 00 64 00 65 00 76 00-69 00 63 00 65 00 5c 00  \\.d.e.v.i.c.e.\\.\n    00000010  68 00 61 00 72 00 64 00-64 00 69 00 73 00 6b 00  h.a.r.d.d.i.s.k.\n    00000020  76 00 6f 00 6c 00 75 00-6d 00 65 00 34 00 5c 00  v.o.l.u.m.e.4.\\.\n    00000030  77 00 69 00 6e 00 64 00-6f 00 77 00 73 00 5c 00  w.i.n.d.o.w.s.\\.\n    00000040  73 00 79 00 73 00 74 00-65 00 6d 00 33 00 32 00  s.y.s.t.e.m.3.2.\n    00000050  5c 00 73 00 76 00 63 00-68 00 6f 00 73 00 74 00  \\.s.v.c.h.o.s.t.\n    00000060  2e 00 65 00 78 00 65 00-00 00                    ..e.x.e...\n\n\n\tCondition ID:\t{af043a0a-b34d-4f86-979c-c90371af6e66}\n\tMatch value:\tEqual to\n\tCondition value:\t\nO:SYG:SYD:(A;;CCRC;;;S-1-5-80-880578595-1860270145-482643319-2788375705-1540778122)\n\n\n\tCondition ID:\t{3971ef2b-623e-4f9a-8cb1-6e79b806b9a7}\n\tMatch value:\tEqual to\n\tCondition value:\t0x06\n\n\tCondition ID:\t{b9f4e088-cb98-4efb-a2c7-ad07332643db}\n\tMatch value:\tEqual to\n\tCondition value:\t0x00000001"
                    },
                    {
                        "@Name": "Action",
                        "#text": "%%16390"
                    },
                    {
                        "@Name": "CalloutKey",
                        "#text": "{00000000-0000-0000-0000-000000000000}"
                    },
                    {
                        "@Name": "CalloutName",
                        "#text": "-"
                    }
                ]
            }
        }
    },
    {
        "Event": {
            "@xmlns": "http://schemas.microsoft.com/win/2004/08/events/event",
            "System": {
                "Provider": {
                    "@Name": "Microsoft-Windows-Security-Auditing",
                    "@Guid": "{54849625-5478-4994-a5ba-3e3b0328c30d}"
                },
                "EventID": {
                    "@Qualifiers": "",
                    "#text": "5447"
                },
                "Version": "0",
                "Level": "0",
                "Task": "13573",
                "Opcode": "0",
                "Keywords": "0x8020000000000000",
                "TimeCreated": {
                    "@SystemTime": "2021-06-03 19:17:46.754309+00:00"
                },
                "EventRecordID": "1965644",
                "Correlation": {
                    "@ActivityID": "{38068009-512d-0000-1d80-06382d51d701}",
                    "@RelatedActivityID": ""
                },
                "Execution": {
                    "@ProcessID": "556",
                    "@ThreadID": "2532"
                },
                "Channel": "Security",
                "Computer": "fs01.offsec.lan",
                "Security": {
                    "@UserID": ""
                }
            },
            "EventData": {
                "Data": [
                    {
                        "@Name": "ProcessId",
                        "#text": "1000"
                    },
                    {
                        "@Name": "UserSid",
                        "#text": "S-1-5-19"
                    },
                    {
                        "@Name": "UserName",
                        "#text": "NT AUTHORITY\\LOCAL SERVICE"
                    },
                    {
                        "@Name": "ProviderKey",
                        "#text": "{4b153735-1049-4480-aab4-d1b9bdc03710}"
                    },
                    {
                        "@Name": "ProviderName",
                        "#text": "Microsoft Corporation"
                    },
                    {
                        "@Name": "ChangeType",
                        "#text": "%%16384"
                    },
                    {
                        "@Name": "FilterKey",
                        "#text": "{5539511f-ae50-4d5f-bccb-c7f770fdd175}"
                    },
                    {
                        "@Name": "FilterName",
                        "#text": "Allow KDC Proxy Server service to use DNS over UDP."
                    },
                    {
                        "@Name": "FilterType",
                        "#text": "%%16388"
                    },
                    {
                        "@Name": "FilterId",
                        "#text": "72103"
                    },
                    {
                        "@Name": "LayerKey",
                        "#text": "{c38d57d1-05a7-4c33-904f-7fbceee60e82}"
                    },
                    {
                        "@Name": "LayerName",
                        "#text": "ALE Connect v4 Layer"
                    },
                    {
                        "@Name": "LayerId",
                        "#text": "48"
                    },
                    {
                        "@Name": "Weight",
                        "#text": "424342768844800"
                    },
                    {
                        "@Name": "Conditions",
                        "#text": "Condition ID:\t{d78e1e87-8644-4ea5-9437-d809ecefc971}\n\tMatch value:\tEqual to\n\tCondition value:\t\n    00000000  5c 00 64 00 65 00 76 00-69 00 63 00 65 00 5c 00  \\.d.e.v.i.c.e.\\.\n    00000010  68 00 61 00 72 00 64 00-64 00 69 00 73 00 6b 00  h.a.r.d.d.i.s.k.\n    00000020  76 00 6f 00 6c 00 75 00-6d 00 65 00 34 00 5c 00  v.o.l.u.m.e.4.\\.\n    00000030  77 00 69 00 6e 00 64 00-6f 00 77 00 73 00 5c 00  w.i.n.d.o.w.s.\\.\n    00000040  73 00 79 00 73 00 74 00-65 00 6d 00 33 00 32 00  s.y.s.t.e.m.3.2.\n    00000050  5c 00 73 00 76 00 63 00-68 00 6f 00 73 00 74 00  \\.s.v.c.h.o.s.t.\n    00000060  2e 00 65 00 78 00 65 00-00 00                    ..e.x.e...\n\n\n\tCondition ID:\t{af043a0a-b34d-4f86-979c-c90371af6e66}\n\tMatch value:\tEqual to\n\tCondition value:\t\nO:SYG:SYD:(A;;CCRC;;;S-1-5-80-2251494273-104013570-864825310-3133670442-2017388150)\n\n\n\tCondition ID:\t{3971ef2b-623e-4f9a-8cb1-6e79b806b9a7}\n\tMatch value:\tEqual to\n\tCondition value:\t0x11\n\n\tCondition ID:\t{c35a604d-d22b-4e1a-91b4-68f674ee674b}\n\tMatch value:\tEqual to\n\tCondition value:\t0x0035"
                    },
                    {
                        "@Name": "Action",
                        "#text": "%%16390"
                    },
                    {
                        "@Name": "CalloutKey",
                        "#text": "{00000000-0000-0000-0000-000000000000}"
                    },
                    {
                        "@Name": "CalloutName",
                        "#text": "-"
                    }
                ]
            }
        }
    },
    {
        "Event": {
            "@xmlns": "http://schemas.microsoft.com/win/2004/08/events/event",
            "System": {
                "Provider": {
                    "@Name": "Microsoft-Windows-Security-Auditing",
                    "@Guid": "{54849625-5478-4994-a5ba-3e3b0328c30d}"
                },
                "EventID": {
                    "@Qualifiers": "",
                    "#text": "5447"
                },
                "Version": "0",
                "Level": "0",
                "Task": "13573",
                "Opcode": "0",
                "Keywords": "0x8020000000000000",
                "TimeCreated": {
                    "@SystemTime": "2021-06-03 19:17:46.754438+00:00"
                },
                "EventRecordID": "1965645",
                "Correlation": {
                    "@ActivityID": "{38068009-512d-0000-1d80-06382d51d701}",
                    "@RelatedActivityID": ""
                },
                "Execution": {
                    "@ProcessID": "556",
                    "@ThreadID": "2532"
                },
                "Channel": "Security",
                "Computer": "fs01.offsec.lan",
                "Security": {
                    "@UserID": ""
                }
            },
            "EventData": {
                "Data": [
                    {
                        "@Name": "ProcessId",
                        "#text": "1000"
                    },
                    {
                        "@Name": "UserSid",
                        "#text": "S-1-5-19"
                    },
                    {
                        "@Name": "UserName",
                        "#text": "NT AUTHORITY\\LOCAL SERVICE"
                    },
                    {
                        "@Name": "ProviderKey",
                        "#text": "{4b153735-1049-4480-aab4-d1b9bdc03710}"
                    },
                    {
                        "@Name": "ProviderName",
                        "#text": "Microsoft Corporation"
                    },
                    {
                        "@Name": "ChangeType",
                        "#text": "%%16384"
                    },
                    {
                        "@Name": "FilterKey",
                        "#text": "{ce79a266-1a6d-4d8e-8c8c-e7fce81f7413}"
                    },
                    {
                        "@Name": "FilterName",
                        "#text": "Allow KDC Proxy Server service to use DNS over UDP."
                    },
                    {
                        "@Name": "FilterType",
                        "#text": "%%16388"
                    },
                    {
                        "@Name": "FilterId",
                        "#text": "72104"
                    },
                    {
                        "@Name": "LayerKey",
                        "#text": "{4a72393b-319f-44bc-84c3-ba54dcb3b6b4}"
                    },
                    {
                        "@Name": "LayerName",
                        "#text": "ALE Connect v6 Layer"
                    },
                    {
                        "@Name": "LayerId",
                        "#text": "50"
                    },
                    {
                        "@Name": "Weight",
                        "#text": "106085692211200"
                    },
                    {
                        "@Name": "Conditions",
                        "#text": "Condition ID:\t{d78e1e87-8644-4ea5-9437-d809ecefc971}\n\tMatch value:\tEqual to\n\tCondition value:\t\n    00000000  5c 00 64 00 65 00 76 00-69 00 63 00 65 00 5c 00  \\.d.e.v.i.c.e.\\.\n    00000010  68 00 61 00 72 00 64 00-64 00 69 00 73 00 6b 00  h.a.r.d.d.i.s.k.\n    00000020  76 00 6f 00 6c 00 75 00-6d 00 65 00 34 00 5c 00  v.o.l.u.m.e.4.\\.\n    00000030  77 00 69 00 6e 00 64 00-6f 00 77 00 73 00 5c 00  w.i.n.d.o.w.s.\\.\n    00000040  73 00 79 00 73 00 74 00-65 00 6d 00 33 00 32 00  s.y.s.t.e.m.3.2.\n    00000050  5c 00 73 00 76 00 63 00-68 00 6f 00 73 00 74 00  \\.s.v.c.h.o.s.t.\n    00000060  2e 00 65 00 78 00 65 00-00 00                    ..e.x.e...\n\n\n\tCondition ID:\t{af043a0a-b34d-4f86-979c-c90371af6e66}\n\tMatch value:\tEqual to\n\tCondition value:\t\nO:SYG:SYD:(A;;CCRC;;;S-1-5-80-2251494273-104013570-864825310-3133670442-2017388150)\n\n\n\tCondition ID:\t{3971ef2b-623e-4f9a-8cb1-6e79b806b9a7}\n\tMatch value:\tEqual to\n\tCondition value:\t0x11\n\n\tCondition ID:\t{c35a604d-d22b-4e1a-91b4-68f674ee674b}\n\tMatch value:\tEqual to\n\tCondition value:\t0x0035"
                    },
                    {
                        "@Name": "Action",
                        "#text": "%%16390"
                    },
                    {
                        "@Name": "CalloutKey",
                        "#text": "{00000000-0000-0000-0000-000000000000}"
                    },
                    {
                        "@Name": "CalloutName",
                        "#text": "-"
                    }
                ]
            }
        }
    },
    {
        "Event": {
            "@xmlns": "http://schemas.microsoft.com/win/2004/08/events/event",
            "System": {
                "Provider": {
                    "@Name": "Microsoft-Windows-Security-Auditing",
                    "@Guid": "{54849625-5478-4994-a5ba-3e3b0328c30d}"
                },
                "EventID": {
                    "@Qualifiers": "",
                    "#text": "5447"
                },
                "Version": "0",
                "Level": "0",
                "Task": "13573",
                "Opcode": "0",
                "Keywords": "0x8020000000000000",
                "TimeCreated": {
                    "@SystemTime": "2021-06-03 19:17:46.754566+00:00"
                },
                "EventRecordID": "1965646",
                "Correlation": {
                    "@ActivityID": "{38068009-512d-0000-1d80-06382d51d701}",
                    "@RelatedActivityID": ""
                },
                "Execution": {
                    "@ProcessID": "556",
                    "@ThreadID": "2532"
                },
                "Channel": "Security",
                "Computer": "fs01.offsec.lan",
                "Security": {
                    "@UserID": ""
                }
            },
            "EventData": {
                "Data": [
                    {
                        "@Name": "ProcessId",
                        "#text": "1000"
                    },
                    {
                        "@Name": "UserSid",
                        "#text": "S-1-5-19"
                    },
                    {
                        "@Name": "UserName",
                        "#text": "NT AUTHORITY\\LOCAL SERVICE"
                    },
                    {
                        "@Name": "ProviderKey",
                        "#text": "{4b153735-1049-4480-aab4-d1b9bdc03710}"
                    },
                    {
                        "@Name": "ProviderName",
                        "#text": "Microsoft Corporation"
                    },
                    {
                        "@Name": "ChangeType",
                        "#text": "%%16384"
                    },
                    {
                        "@Name": "FilterKey",
                        "#text": "{dba6a5f0-6eb2-4fce-9030-49a9657178b0}"
                    },
                    {
                        "@Name": "FilterName",
                        "#text": "Allow KDC Proxy Server service to use DNS over TCP."
                    },
                    {
                        "@Name": "FilterType",
                        "#text": "%%16388"
                    },
                    {
                        "@Name": "FilterId",
                        "#text": "72105"
                    },
                    {
                        "@Name": "LayerKey",
                        "#text": "{c38d57d1-05a7-4c33-904f-7fbceee60e82}"
                    },
                    {
                        "@Name": "LayerName",
                        "#text": "ALE Connect v4 Layer"
                    },
                    {
                        "@Name": "LayerId",
                        "#text": "48"
                    },
                    {
                        "@Name": "Weight",
                        "#text": "424342768844800"
                    },
                    {
                        "@Name": "Conditions",
                        "#text": "Condition ID:\t{d78e1e87-8644-4ea5-9437-d809ecefc971}\n\tMatch value:\tEqual to\n\tCondition value:\t\n    00000000  5c 00 64 00 65 00 76 00-69 00 63 00 65 00 5c 00  \\.d.e.v.i.c.e.\\.\n    00000010  68 00 61 00 72 00 64 00-64 00 69 00 73 00 6b 00  h.a.r.d.d.i.s.k.\n    00000020  76 00 6f 00 6c 00 75 00-6d 00 65 00 34 00 5c 00  v.o.l.u.m.e.4.\\.\n    00000030  77 00 69 00 6e 00 64 00-6f 00 77 00 73 00 5c 00  w.i.n.d.o.w.s.\\.\n    00000040  73 00 79 00 73 00 74 00-65 00 6d 00 33 00 32 00  s.y.s.t.e.m.3.2.\n    00000050  5c 00 73 00 76 00 63 00-68 00 6f 00 73 00 74 00  \\.s.v.c.h.o.s.t.\n    00000060  2e 00 65 00 78 00 65 00-00 00                    ..e.x.e...\n\n\n\tCondition ID:\t{af043a0a-b34d-4f86-979c-c90371af6e66}\n\tMatch value:\tEqual to\n\tCondition value:\t\nO:SYG:SYD:(A;;CCRC;;;S-1-5-80-2251494273-104013570-864825310-3133670442-2017388150)\n\n\n\tCondition ID:\t{3971ef2b-623e-4f9a-8cb1-6e79b806b9a7}\n\tMatch value:\tEqual to\n\tCondition value:\t0x06\n\n\tCondition ID:\t{c35a604d-d22b-4e1a-91b4-68f674ee674b}\n\tMatch value:\tEqual to\n\tCondition value:\t0x0035"
                    },
                    {
                        "@Name": "Action",
                        "#text": "%%16390"
                    },
                    {
                        "@Name": "CalloutKey",
                        "#text": "{00000000-0000-0000-0000-000000000000}"
                    },
                    {
                        "@Name": "CalloutName",
                        "#text": "-"
                    }
                ]
            }
        }
    },
    {
        "Event": {
            "@xmlns": "http://schemas.microsoft.com/win/2004/08/events/event",
            "System": {
                "Provider": {
                    "@Name": "Microsoft-Windows-Security-Auditing",
                    "@Guid": "{54849625-5478-4994-a5ba-3e3b0328c30d}"
                },
                "EventID": {
                    "@Qualifiers": "",
                    "#text": "5447"
                },
                "Version": "0",
                "Level": "0",
                "Task": "13573",
                "Opcode": "0",
                "Keywords": "0x8020000000000000",
                "TimeCreated": {
                    "@SystemTime": "2021-06-03 19:17:46.754694+00:00"
                },
                "EventRecordID": "1965647",
                "Correlation": {
                    "@ActivityID": "{38068009-512d-0000-1d80-06382d51d701}",
                    "@RelatedActivityID": ""
                },
                "Execution": {
                    "@ProcessID": "556",
                    "@ThreadID": "2532"
                },
                "Channel": "Security",
                "Computer": "fs01.offsec.lan",
                "Security": {
                    "@UserID": ""
                }
            },
            "EventData": {
                "Data": [
                    {
                        "@Name": "ProcessId",
                        "#text": "1000"
                    },
                    {
                        "@Name": "UserSid",
                        "#text": "S-1-5-19"
                    },
                    {
                        "@Name": "UserName",
                        "#text": "NT AUTHORITY\\LOCAL SERVICE"
                    },
                    {
                        "@Name": "ProviderKey",
                        "#text": "{4b153735-1049-4480-aab4-d1b9bdc03710}"
                    },
                    {
                        "@Name": "ProviderName",
                        "#text": "Microsoft Corporation"
                    },
                    {
                        "@Name": "ChangeType",
                        "#text": "%%16384"
                    },
                    {
                        "@Name": "FilterKey",
                        "#text": "{dbf1fb83-b722-477c-9bc6-82c89408baa9}"
                    },
                    {
                        "@Name": "FilterName",
                        "#text": "Allow KDC Proxy Server service to use DNS over TCP."
                    },
                    {
                        "@Name": "FilterType",
                        "#text": "%%16388"
                    },
                    {
                        "@Name": "FilterId",
                        "#text": "72106"
                    },
                    {
                        "@Name": "LayerKey",
                        "#text": "{4a72393b-319f-44bc-84c3-ba54dcb3b6b4}"
                    },
                    {
                        "@Name": "LayerName",
                        "#text": "ALE Connect v6 Layer"
                    },
                    {
                        "@Name": "LayerId",
                        "#text": "50"
                    },
                    {
                        "@Name": "Weight",
                        "#text": "106085692211200"
                    },
                    {
                        "@Name": "Conditions",
                        "#text": "Condition ID:\t{d78e1e87-8644-4ea5-9437-d809ecefc971}\n\tMatch value:\tEqual to\n\tCondition value:\t\n    00000000  5c 00 64 00 65 00 76 00-69 00 63 00 65 00 5c 00  \\.d.e.v.i.c.e.\\.\n    00000010  68 00 61 00 72 00 64 00-64 00 69 00 73 00 6b 00  h.a.r.d.d.i.s.k.\n    00000020  76 00 6f 00 6c 00 75 00-6d 00 65 00 34 00 5c 00  v.o.l.u.m.e.4.\\.\n    00000030  77 00 69 00 6e 00 64 00-6f 00 77 00 73 00 5c 00  w.i.n.d.o.w.s.\\.\n    00000040  73 00 79 00 73 00 74 00-65 00 6d 00 33 00 32 00  s.y.s.t.e.m.3.2.\n    00000050  5c 00 73 00 76 00 63 00-68 00 6f 00 73 00 74 00  \\.s.v.c.h.o.s.t.\n    00000060  2e 00 65 00 78 00 65 00-00 00                    ..e.x.e...\n\n\n\tCondition ID:\t{af043a0a-b34d-4f86-979c-c90371af6e66}\n\tMatch value:\tEqual to\n\tCondition value:\t\nO:SYG:SYD:(A;;CCRC;;;S-1-5-80-2251494273-104013570-864825310-3133670442-2017388150)\n\n\n\tCondition ID:\t{3971ef2b-623e-4f9a-8cb1-6e79b806b9a7}\n\tMatch value:\tEqual to\n\tCondition value:\t0x06\n\n\tCondition ID:\t{c35a604d-d22b-4e1a-91b4-68f674ee674b}\n\tMatch value:\tEqual to\n\tCondition value:\t0x0035"
                    },
                    {
                        "@Name": "Action",
                        "#text": "%%16390"
                    },
                    {
                        "@Name": "CalloutKey",
                        "#text": "{00000000-0000-0000-0000-000000000000}"
                    },
                    {
                        "@Name": "CalloutName",
                        "#text": "-"
                    }
                ]
            }
        }
    },
    {
        "Event": {
            "@xmlns": "http://schemas.microsoft.com/win/2004/08/events/event",
            "System": {
                "Provider": {
                    "@Name": "Microsoft-Windows-Security-Auditing",
                    "@Guid": "{54849625-5478-4994-a5ba-3e3b0328c30d}"
                },
                "EventID": {
                    "@Qualifiers": "",
                    "#text": "5447"
                },
                "Version": "0",
                "Level": "0",
                "Task": "13573",
                "Opcode": "0",
                "Keywords": "0x8020000000000000",
                "TimeCreated": {
                    "@SystemTime": "2021-06-03 19:17:46.754822+00:00"
                },
                "EventRecordID": "1965648",
                "Correlation": {
                    "@ActivityID": "{38068009-512d-0000-1d80-06382d51d701}",
                    "@RelatedActivityID": ""
                },
                "Execution": {
                    "@ProcessID": "556",
                    "@ThreadID": "2532"
                },
                "Channel": "Security",
                "Computer": "fs01.offsec.lan",
                "Security": {
                    "@UserID": ""
                }
            },
            "EventData": {
                "Data": [
                    {
                        "@Name": "ProcessId",
                        "#text": "1000"
                    },
                    {
                        "@Name": "UserSid",
                        "#text": "S-1-5-19"
                    },
                    {
                        "@Name": "UserName",
                        "#text": "NT AUTHORITY\\LOCAL SERVICE"
                    },
                    {
                        "@Name": "ProviderKey",
                        "#text": "{4b153735-1049-4480-aab4-d1b9bdc03710}"
                    },
                    {
                        "@Name": "ProviderName",
                        "#text": "Microsoft Corporation"
                    },
                    {
                        "@Name": "ChangeType",
                        "#text": "%%16384"
                    },
                    {
                        "@Name": "FilterKey",
                        "#text": "{ce73191f-700f-4755-8ca1-85bd952ac13c}"
                    },
                    {
                        "@Name": "FilterName",
                        "#text": "Allow KDC Proxy Server service to use KDC over UDP."
                    },
                    {
                        "@Name": "FilterType",
                        "#text": "%%16388"
                    },
                    {
                        "@Name": "FilterId",
                        "#text": "72107"
                    },
                    {
                        "@Name": "LayerKey",
                        "#text": "{c38d57d1-05a7-4c33-904f-7fbceee60e82}"
                    },
                    {
                        "@Name": "LayerName",
                        "#text": "ALE Connect v4 Layer"
                    },
                    {
                        "@Name": "LayerId",
                        "#text": "48"
                    },
                    {
                        "@Name": "Weight",
                        "#text": "424342768844800"
                    },
                    {
                        "@Name": "Conditions",
                        "#text": "Condition ID:\t{d78e1e87-8644-4ea5-9437-d809ecefc971}\n\tMatch value:\tEqual to\n\tCondition value:\t\n    00000000  5c 00 64 00 65 00 76 00-69 00 63 00 65 00 5c 00  \\.d.e.v.i.c.e.\\.\n    00000010  68 00 61 00 72 00 64 00-64 00 69 00 73 00 6b 00  h.a.r.d.d.i.s.k.\n    00000020  76 00 6f 00 6c 00 75 00-6d 00 65 00 34 00 5c 00  v.o.l.u.m.e.4.\\.\n    00000030  77 00 69 00 6e 00 64 00-6f 00 77 00 73 00 5c 00  w.i.n.d.o.w.s.\\.\n    00000040  73 00 79 00 73 00 74 00-65 00 6d 00 33 00 32 00  s.y.s.t.e.m.3.2.\n    00000050  5c 00 73 00 76 00 63 00-68 00 6f 00 73 00 74 00  \\.s.v.c.h.o.s.t.\n    00000060  2e 00 65 00 78 00 65 00-00 00                    ..e.x.e...\n\n\n\tCondition ID:\t{af043a0a-b34d-4f86-979c-c90371af6e66}\n\tMatch value:\tEqual to\n\tCondition value:\t\nO:SYG:SYD:(A;;CCRC;;;S-1-5-80-2251494273-104013570-864825310-3133670442-2017388150)\n\n\n\tCondition ID:\t{3971ef2b-623e-4f9a-8cb1-6e79b806b9a7}\n\tMatch value:\tEqual to\n\tCondition value:\t0x11\n\n\tCondition ID:\t{c35a604d-d22b-4e1a-91b4-68f674ee674b}\n\tMatch value:\tEqual to\n\tCondition value:\t0x0058"
                    },
                    {
                        "@Name": "Action",
                        "#text": "%%16390"
                    },
                    {
                        "@Name": "CalloutKey",
                        "#text": "{00000000-0000-0000-0000-000000000000}"
                    },
                    {
                        "@Name": "CalloutName",
                        "#text": "-"
                    }
                ]
            }
        }
    },
