    {
        "Event": {
            "@xmlns": "http://schemas.microsoft.com/win/2004/08/events/event",
            "System": {
                "Provider": {
                    "@Name": "Microsoft-Windows-Security-Auditing",
                    "@Guid": "{54849625-5478-4994-a5ba-3e3b0328c30d}"
                },
                "EventID": {
                    "@Qualifiers": "",
                    "#text": "5447"
                },
                "Version": "0",
                "Level": "0",
                "Task": "13573",
                "Opcode": "0",
                "Keywords": "0x8020000000000000",
                "TimeCreated": {
                    "@SystemTime": "2021-06-03 19:17:46.832445+00:00"
                },
                "EventRecordID": "1965923",
                "Correlation": {
                    "@ActivityID": "{38068009-512d-0000-1d80-06382d51d701}",
                    "@RelatedActivityID": ""
                },
                "Execution": {
                    "@ProcessID": "556",
                    "@ThreadID": "2532"
                },
                "Channel": "Security",
                "Computer": "fs01.offsec.lan",
                "Security": {
                    "@UserID": ""
                }
            },
            "EventData": {
                "Data": [
                    {
                        "@Name": "ProcessId",
                        "#text": "1000"
                    },
                    {
                        "@Name": "UserSid",
                        "#text": "S-1-5-19"
                    },
                    {
                        "@Name": "UserName",
                        "#text": "NT AUTHORITY\\LOCAL SERVICE"
                    },
                    {
                        "@Name": "ProviderKey",
                        "#text": "{4b153735-1049-4480-aab4-d1b9bdc03710}"
                    },
                    {
                        "@Name": "ProviderName",
                        "#text": "Microsoft Corporation"
                    },
                    {
                        "@Name": "ChangeType",
                        "#text": "%%16384"
                    },
                    {
                        "@Name": "FilterKey",
                        "#text": "{1878d547-04ed-4d0e-81ad-6d6b7628af56}"
                    },
                    {
                        "@Name": "FilterName",
                        "#text": "Allow inbound UDP traffic to AJRouter"
                    },
                    {
                        "@Name": "FilterType",
                        "#text": "%%16388"
                    },
                    {
                        "@Name": "FilterId",
                        "#text": "72258"
                    },
                    {
                        "@Name": "LayerKey",
                        "#text": "{e1cd9fe7-f4b5-4273-96c0-592e487b8650}"
                    },
                    {
                        "@Name": "LayerName",
                        "#text": "ALE Receive/Accept v4 Layer"
                    },
                    {
                        "@Name": "LayerId",
                        "#text": "44"
                    },
                    {
                        "@Name": "Weight",
                        "#text": "1971149470695424"
                    },
                    {
                        "@Name": "Conditions",
                        "#text": "Condition ID:\t{d78e1e87-8644-4ea5-9437-d809ecefc971}\n\tMatch value:\tEqual to\n\tCondition value:\t\n    00000000  5c 00 64 00 65 00 76 00-69 00 63 00 65 00 5c 00  \\.d.e.v.i.c.e.\\.\n    00000010  68 00 61 00 72 00 64 00-64 00 69 00 73 00 6b 00  h.a.r.d.d.i.s.k.\n    00000020  76 00 6f 00 6c 00 75 00-6d 00 65 00 34 00 5c 00  v.o.l.u.m.e.4.\\.\n    00000030  77 00 69 00 6e 00 64 00-6f 00 77 00 73 00 5c 00  w.i.n.d.o.w.s.\\.\n    00000040  73 00 79 00 73 00 74 00-65 00 6d 00 33 00 32 00  s.y.s.t.e.m.3.2.\n    00000050  5c 00 73 00 76 00 63 00-68 00 6f 00 73 00 74 00  \\.s.v.c.h.o.s.t.\n    00000060  2e 00 65 00 78 00 65 00-00 00                    ..e.x.e...\n\n\n\tCondition ID:\t{af043a0a-b34d-4f86-979c-c90371af6e66}\n\tMatch value:\tEqual to\n\tCondition value:\t\nO:SYG:SYD:(A;;CCRC;;;S-1-5-80-3532809085-2652327567-2620918877-1058261733-582902671)\n\n\n\tCondition ID:\t{3971ef2b-623e-4f9a-8cb1-6e79b806b9a7}\n\tMatch value:\tEqual to\n\tCondition value:\t0x11"
                    },
                    {
                        "@Name": "Action",
                        "#text": "%%16390"
                    },
                    {
                        "@Name": "CalloutKey",
                        "#text": "{00000000-0000-0000-0000-000000000000}"
                    },
                    {
                        "@Name": "CalloutName",
                        "#text": "-"
                    }
                ]
            }
        }
    },
    {
        "Event": {
            "@xmlns": "http://schemas.microsoft.com/win/2004/08/events/event",
            "System": {
                "Provider": {
                    "@Name": "Microsoft-Windows-Security-Auditing",
                    "@Guid": "{54849625-5478-4994-a5ba-3e3b0328c30d}"
                },
                "EventID": {
                    "@Qualifiers": "",
                    "#text": "5447"
                },
                "Version": "0",
                "Level": "0",
                "Task": "13573",
                "Opcode": "0",
                "Keywords": "0x8020000000000000",
                "TimeCreated": {
                    "@SystemTime": "2021-06-03 19:17:46.832577+00:00"
                },
                "EventRecordID": "1965924",
                "Correlation": {
                    "@ActivityID": "{38068009-512d-0000-1d80-06382d51d701}",
                    "@RelatedActivityID": ""
                },
                "Execution": {
                    "@ProcessID": "556",
                    "@ThreadID": "2532"
                },
                "Channel": "Security",
                "Computer": "fs01.offsec.lan",
                "Security": {
                    "@UserID": ""
                }
            },
            "EventData": {
                "Data": [
                    {
                        "@Name": "ProcessId",
                        "#text": "1000"
                    },
                    {
                        "@Name": "UserSid",
                        "#text": "S-1-5-19"
                    },
                    {
                        "@Name": "UserName",
                        "#text": "NT AUTHORITY\\LOCAL SERVICE"
                    },
                    {
                        "@Name": "ProviderKey",
                        "#text": "{4b153735-1049-4480-aab4-d1b9bdc03710}"
                    },
                    {
                        "@Name": "ProviderName",
                        "#text": "Microsoft Corporation"
                    },
                    {
                        "@Name": "ChangeType",
                        "#text": "%%16384"
                    },
                    {
                        "@Name": "FilterKey",
                        "#text": "{a169fdf8-a029-4e49-bf7b-1d79fd3d406d}"
                    },
                    {
                        "@Name": "FilterName",
                        "#text": "Allow inbound UDP traffic to AJRouter"
                    },
                    {
                        "@Name": "FilterType",
                        "#text": "%%16388"
                    },
                    {
                        "@Name": "FilterId",
                        "#text": "72259"
                    },
                    {
                        "@Name": "LayerKey",
                        "#text": "{a3b42c97-9f04-4672-b87e-cee9c483257f}"
                    },
                    {
                        "@Name": "LayerName",
                        "#text": "ALE Receive/Accept v6 Layer"
                    },
                    {
                        "@Name": "LayerId",
                        "#text": "46"
                    },
                    {
                        "@Name": "Weight",
                        "#text": "211312390963200"
                    },
                    {
                        "@Name": "Conditions",
                        "#text": "Condition ID:\t{d78e1e87-8644-4ea5-9437-d809ecefc971}\n\tMatch value:\tEqual to\n\tCondition value:\t\n    00000000  5c 00 64 00 65 00 76 00-69 00 63 00 65 00 5c 00  \\.d.e.v.i.c.e.\\.\n    00000010  68 00 61 00 72 00 64 00-64 00 69 00 73 00 6b 00  h.a.r.d.d.i.s.k.\n    00000020  76 00 6f 00 6c 00 75 00-6d 00 65 00 34 00 5c 00  v.o.l.u.m.e.4.\\.\n    00000030  77 00 69 00 6e 00 64 00-6f 00 77 00 73 00 5c 00  w.i.n.d.o.w.s.\\.\n    00000040  73 00 79 00 73 00 74 00-65 00 6d 00 33 00 32 00  s.y.s.t.e.m.3.2.\n    00000050  5c 00 73 00 76 00 63 00-68 00 6f 00 73 00 74 00  \\.s.v.c.h.o.s.t.\n    00000060  2e 00 65 00 78 00 65 00-00 00                    ..e.x.e...\n\n\n\tCondition ID:\t{af043a0a-b34d-4f86-979c-c90371af6e66}\n\tMatch value:\tEqual to\n\tCondition value:\t\nO:SYG:SYD:(A;;CCRC;;;S-1-5-80-3532809085-2652327567-2620918877-1058261733-582902671)\n\n\n\tCondition ID:\t{3971ef2b-623e-4f9a-8cb1-6e79b806b9a7}\n\tMatch value:\tEqual to\n\tCondition value:\t0x11"
                    },
                    {
                        "@Name": "Action",
                        "#text": "%%16390"
                    },
                    {
                        "@Name": "CalloutKey",
                        "#text": "{00000000-0000-0000-0000-000000000000}"
                    },
                    {
                        "@Name": "CalloutName",
                        "#text": "-"
                    }
                ]
            }
        }
    },
    {
        "Event": {
            "@xmlns": "http://schemas.microsoft.com/win/2004/08/events/event",
            "System": {
                "Provider": {
                    "@Name": "Microsoft-Windows-Security-Auditing",
                    "@Guid": "{54849625-5478-4994-a5ba-3e3b0328c30d}"
                },
                "EventID": {
                    "@Qualifiers": "",
                    "#text": "5447"
                },
                "Version": "0",
                "Level": "0",
                "Task": "13573",
                "Opcode": "0",
                "Keywords": "0x8020000000000000",
                "TimeCreated": {
                    "@SystemTime": "2021-06-03 19:17:46.832706+00:00"
                },
                "EventRecordID": "1965925",
                "Correlation": {
                    "@ActivityID": "{38068009-512d-0000-1d80-06382d51d701}",
                    "@RelatedActivityID": ""
                },
                "Execution": {
                    "@ProcessID": "556",
                    "@ThreadID": "2532"
                },
                "Channel": "Security",
                "Computer": "fs01.offsec.lan",
                "Security": {
                    "@UserID": ""
                }
            },
            "EventData": {
                "Data": [
                    {
                        "@Name": "ProcessId",
                        "#text": "1000"
                    },
                    {
                        "@Name": "UserSid",
                        "#text": "S-1-5-19"
                    },
                    {
                        "@Name": "UserName",
                        "#text": "NT AUTHORITY\\LOCAL SERVICE"
                    },
                    {
                        "@Name": "ProviderKey",
                        "#text": "{4b153735-1049-4480-aab4-d1b9bdc03710}"
                    },
                    {
                        "@Name": "ProviderName",
                        "#text": "Microsoft Corporation"
                    },
                    {
                        "@Name": "ChangeType",
                        "#text": "%%16384"
                    },
                    {
                        "@Name": "FilterKey",
                        "#text": "{daddac84-1a5c-4af4-baa6-f198956f8b1e}"
                    },
                    {
                        "@Name": "FilterName",
                        "#text": "Allow outbound TCP traffic from AJRouter"
                    },
                    {
                        "@Name": "FilterType",
                        "#text": "%%16388"
                    },
                    {
                        "@Name": "FilterId",
                        "#text": "72260"
                    },
                    {
                        "@Name": "LayerKey",
                        "#text": "{c38d57d1-05a7-4c33-904f-7fbceee60e82}"
                    },
                    {
                        "@Name": "LayerName",
                        "#text": "ALE Connect v4 Layer"
                    },
                    {
                        "@Name": "LayerId",
                        "#text": "48"
                    },
                    {
                        "@Name": "Weight",
                        "#text": "422418623496192"
                    },
                    {
                        "@Name": "Conditions",
                        "#text": "Condition ID:\t{d78e1e87-8644-4ea5-9437-d809ecefc971}\n\tMatch value:\tEqual to\n\tCondition value:\t\n    00000000  5c 00 64 00 65 00 76 00-69 00 63 00 65 00 5c 00  \\.d.e.v.i.c.e.\\.\n    00000010  68 00 61 00 72 00 64 00-64 00 69 00 73 00 6b 00  h.a.r.d.d.i.s.k.\n    00000020  76 00 6f 00 6c 00 75 00-6d 00 65 00 34 00 5c 00  v.o.l.u.m.e.4.\\.\n    00000030  77 00 69 00 6e 00 64 00-6f 00 77 00 73 00 5c 00  w.i.n.d.o.w.s.\\.\n    00000040  73 00 79 00 73 00 74 00-65 00 6d 00 33 00 32 00  s.y.s.t.e.m.3.2.\n    00000050  5c 00 73 00 76 00 63 00-68 00 6f 00 73 00 74 00  \\.s.v.c.h.o.s.t.\n    00000060  2e 00 65 00 78 00 65 00-00 00                    ..e.x.e...\n\n\n\tCondition ID:\t{af043a0a-b34d-4f86-979c-c90371af6e66}\n\tMatch value:\tEqual to\n\tCondition value:\t\nO:SYG:SYD:(A;;CCRC;;;S-1-5-80-3532809085-2652327567-2620918877-1058261733-582902671)\n\n\n\tCondition ID:\t{3971ef2b-623e-4f9a-8cb1-6e79b806b9a7}\n\tMatch value:\tEqual to\n\tCondition value:\t0x06"
                    },
                    {
                        "@Name": "Action",
                        "#text": "%%16390"
                    },
                    {
                        "@Name": "CalloutKey",
                        "#text": "{00000000-0000-0000-0000-000000000000}"
                    },
                    {
                        "@Name": "CalloutName",
                        "#text": "-"
                    }
                ]
            }
        }
    },
    {
        "Event": {
            "@xmlns": "http://schemas.microsoft.com/win/2004/08/events/event",
            "System": {
                "Provider": {
                    "@Name": "Microsoft-Windows-Security-Auditing",
                    "@Guid": "{54849625-5478-4994-a5ba-3e3b0328c30d}"
                },
                "EventID": {
                    "@Qualifiers": "",
                    "#text": "5447"
                },
                "Version": "0",
                "Level": "0",
                "Task": "13573",
                "Opcode": "0",
                "Keywords": "0x8020000000000000",
                "TimeCreated": {
                    "@SystemTime": "2021-06-03 19:17:46.832851+00:00"
                },
                "EventRecordID": "1965926",
                "Correlation": {
                    "@ActivityID": "{38068009-512d-0000-1d80-06382d51d701}",
                    "@RelatedActivityID": ""
                },
                "Execution": {
                    "@ProcessID": "556",
                    "@ThreadID": "2532"
                },
                "Channel": "Security",
                "Computer": "fs01.offsec.lan",
                "Security": {
                    "@UserID": ""
                }
            },
            "EventData": {
                "Data": [
                    {
                        "@Name": "ProcessId",
                        "#text": "1000"
                    },
                    {
                        "@Name": "UserSid",
                        "#text": "S-1-5-19"
                    },
                    {
                        "@Name": "UserName",
                        "#text": "NT AUTHORITY\\LOCAL SERVICE"
                    },
                    {
                        "@Name": "ProviderKey",
                        "#text": "{4b153735-1049-4480-aab4-d1b9bdc03710}"
                    },
                    {
                        "@Name": "ProviderName",
                        "#text": "Microsoft Corporation"
                    },
                    {
                        "@Name": "ChangeType",
                        "#text": "%%16384"
                    },
                    {
                        "@Name": "FilterKey",
                        "#text": "{5160d953-ab47-4947-a26a-3a7e2890d9c8}"
                    },
                    {
                        "@Name": "FilterName",
                        "#text": "Allow outbound TCP traffic from AJRouter"
                    },
                    {
                        "@Name": "FilterType",
                        "#text": "%%16388"
                    },
                    {
                        "@Name": "FilterId",
                        "#text": "72261"
                    },
                    {
                        "@Name": "LayerKey",
                        "#text": "{4a72393b-319f-44bc-84c3-ba54dcb3b6b4}"
                    },
                    {
                        "@Name": "LayerName",
                        "#text": "ALE Connect v6 Layer"
                    },
                    {
                        "@Name": "LayerId",
                        "#text": "50"
                    },
                    {
                        "@Name": "Weight",
                        "#text": "105604655874048"
                    },
                    {
                        "@Name": "Conditions",
                        "#text": "Condition ID:\t{d78e1e87-8644-4ea5-9437-d809ecefc971}\n\tMatch value:\tEqual to\n\tCondition value:\t\n    00000000  5c 00 64 00 65 00 76 00-69 00 63 00 65 00 5c 00  \\.d.e.v.i.c.e.\\.\n    00000010  68 00 61 00 72 00 64 00-64 00 69 00 73 00 6b 00  h.a.r.d.d.i.s.k.\n    00000020  76 00 6f 00 6c 00 75 00-6d 00 65 00 34 00 5c 00  v.o.l.u.m.e.4.\\.\n    00000030  77 00 69 00 6e 00 64 00-6f 00 77 00 73 00 5c 00  w.i.n.d.o.w.s.\\.\n    00000040  73 00 79 00 73 00 74 00-65 00 6d 00 33 00 32 00  s.y.s.t.e.m.3.2.\n    00000050  5c 00 73 00 76 00 63 00-68 00 6f 00 73 00 74 00  \\.s.v.c.h.o.s.t.\n    00000060  2e 00 65 00 78 00 65 00-00 00                    ..e.x.e...\n\n\n\tCondition ID:\t{af043a0a-b34d-4f86-979c-c90371af6e66}\n\tMatch value:\tEqual to\n\tCondition value:\t\nO:SYG:SYD:(A;;CCRC;;;S-1-5-80-3532809085-2652327567-2620918877-1058261733-582902671)\n\n\n\tCondition ID:\t{3971ef2b-623e-4f9a-8cb1-6e79b806b9a7}\n\tMatch value:\tEqual to\n\tCondition value:\t0x06"
                    },
                    {
                        "@Name": "Action",
                        "#text": "%%16390"
                    },
                    {
                        "@Name": "CalloutKey",
                        "#text": "{00000000-0000-0000-0000-000000000000}"
                    },
                    {
                        "@Name": "CalloutName",
                        "#text": "-"
                    }
                ]
            }
        }
    },
    {
        "Event": {
            "@xmlns": "http://schemas.microsoft.com/win/2004/08/events/event",
            "System": {
                "Provider": {
                    "@Name": "Microsoft-Windows-Security-Auditing",
                    "@Guid": "{54849625-5478-4994-a5ba-3e3b0328c30d}"
                },
                "EventID": {
                    "@Qualifiers": "",
                    "#text": "5447"
                },
                "Version": "0",
                "Level": "0",
                "Task": "13573",
                "Opcode": "0",
                "Keywords": "0x8020000000000000",
                "TimeCreated": {
                    "@SystemTime": "2021-06-03 19:17:46.832993+00:00"
                },
                "EventRecordID": "1965927",
                "Correlation": {
                    "@ActivityID": "{38068009-512d-0000-1d80-06382d51d701}",
                    "@RelatedActivityID": ""
                },
                "Execution": {
                    "@ProcessID": "556",
                    "@ThreadID": "2532"
                },
                "Channel": "Security",
                "Computer": "fs01.offsec.lan",
                "Security": {
                    "@UserID": ""
                }
            },
            "EventData": {
                "Data": [
                    {
                        "@Name": "ProcessId",
                        "#text": "1000"
                    },
                    {
                        "@Name": "UserSid",
                        "#text": "S-1-5-19"
                    },
                    {
                        "@Name": "UserName",
                        "#text": "NT AUTHORITY\\LOCAL SERVICE"
                    },
                    {
                        "@Name": "ProviderKey",
                        "#text": "{4b153735-1049-4480-aab4-d1b9bdc03710}"
                    },
                    {
                        "@Name": "ProviderName",
                        "#text": "Microsoft Corporation"
                    },
                    {
                        "@Name": "ChangeType",
                        "#text": "%%16384"
                    },
                    {
                        "@Name": "FilterKey",
                        "#text": "{589abc58-48f5-4fea-9acc-1e76b31b5dd6}"
                    },
                    {
                        "@Name": "FilterName",
                        "#text": "Allow outbound UDP traffic from AJRouter"
                    },
                    {
                        "@Name": "FilterType",
                        "#text": "%%16388"
                    },
                    {
                        "@Name": "FilterId",
                        "#text": "72262"
                    },
                    {
                        "@Name": "LayerKey",
                        "#text": "{c38d57d1-05a7-4c33-904f-7fbceee60e82}"
                    },
                    {
                        "@Name": "LayerName",
                        "#text": "ALE Connect v4 Layer"
                    },
                    {
                        "@Name": "LayerId",
                        "#text": "48"
                    },
                    {
                        "@Name": "Weight",
                        "#text": "422418623496192"
                    },
                    {
                        "@Name": "Conditions",
                        "#text": "Condition ID:\t{d78e1e87-8644-4ea5-9437-d809ecefc971}\n\tMatch value:\tEqual to\n\tCondition value:\t\n    00000000  5c 00 64 00 65 00 76 00-69 00 63 00 65 00 5c 00  \\.d.e.v.i.c.e.\\.\n    00000010  68 00 61 00 72 00 64 00-64 00 69 00 73 00 6b 00  h.a.r.d.d.i.s.k.\n    00000020  76 00 6f 00 6c 00 75 00-6d 00 65 00 34 00 5c 00  v.o.l.u.m.e.4.\\.\n    00000030  77 00 69 00 6e 00 64 00-6f 00 77 00 73 00 5c 00  w.i.n.d.o.w.s.\\.\n    00000040  73 00 79 00 73 00 74 00-65 00 6d 00 33 00 32 00  s.y.s.t.e.m.3.2.\n    00000050  5c 00 73 00 76 00 63 00-68 00 6f 00 73 00 74 00  \\.s.v.c.h.o.s.t.\n    00000060  2e 00 65 00 78 00 65 00-00 00                    ..e.x.e...\n\n\n\tCondition ID:\t{af043a0a-b34d-4f86-979c-c90371af6e66}\n\tMatch value:\tEqual to\n\tCondition value:\t\nO:SYG:SYD:(A;;CCRC;;;S-1-5-80-3532809085-2652327567-2620918877-1058261733-582902671)\n\n\n\tCondition ID:\t{3971ef2b-623e-4f9a-8cb1-6e79b806b9a7}\n\tMatch value:\tEqual to\n\tCondition value:\t0x11"
                    },
                    {
                        "@Name": "Action",
                        "#text": "%%16390"
                    },
                    {
                        "@Name": "CalloutKey",
                        "#text": "{00000000-0000-0000-0000-000000000000}"
                    },
                    {
                        "@Name": "CalloutName",
                        "#text": "-"
                    }
                ]
            }
        }
    },
    {
        "Event": {
            "@xmlns": "http://schemas.microsoft.com/win/2004/08/events/event",
            "System": {
                "Provider": {
                    "@Name": "Microsoft-Windows-Security-Auditing",
                    "@Guid": "{54849625-5478-4994-a5ba-3e3b0328c30d}"
                },
                "EventID": {
                    "@Qualifiers": "",
                    "#text": "5447"
                },
                "Version": "0",
                "Level": "0",
                "Task": "13573",
                "Opcode": "0",
                "Keywords": "0x8020000000000000",
                "TimeCreated": {
                    "@SystemTime": "2021-06-03 19:17:46.833126+00:00"
                },
                "EventRecordID": "1965928",
                "Correlation": {
                    "@ActivityID": "{38068009-512d-0000-1d80-06382d51d701}",
                    "@RelatedActivityID": ""
                },
                "Execution": {
                    "@ProcessID": "556",
                    "@ThreadID": "2532"
                },
                "Channel": "Security",
                "Computer": "fs01.offsec.lan",
                "Security": {
                    "@UserID": ""
                }
            },
            "EventData": {
                "Data": [
                    {
                        "@Name": "ProcessId",
                        "#text": "1000"
                    },
                    {
                        "@Name": "UserSid",
                        "#text": "S-1-5-19"
                    },
                    {
                        "@Name": "UserName",
                        "#text": "NT AUTHORITY\\LOCAL SERVICE"
                    },
                    {
                        "@Name": "ProviderKey",
                        "#text": "{4b153735-1049-4480-aab4-d1b9bdc03710}"
                    },
                    {
                        "@Name": "ProviderName",
                        "#text": "Microsoft Corporation"
                    },
                    {
                        "@Name": "ChangeType",
                        "#text": "%%16384"
                    },
                    {
                        "@Name": "FilterKey",
                        "#text": "{422e7d87-9605-423f-9f68-076539d0e1b3}"
                    },
                    {
                        "@Name": "FilterName",
                        "#text": "Allow outbound UDP traffic from AJRouter"
                    },
                    {
                        "@Name": "FilterType",
                        "#text": "%%16388"
                    },
                    {
                        "@Name": "FilterId",
                        "#text": "72263"
                    },
                    {
                        "@Name": "LayerKey",
                        "#text": "{4a72393b-319f-44bc-84c3-ba54dcb3b6b4}"
                    },
                    {
                        "@Name": "LayerName",
                        "#text": "ALE Connect v6 Layer"
                    },
                    {
                        "@Name": "LayerId",
                        "#text": "50"
                    },
                    {
                        "@Name": "Weight",
                        "#text": "105604655874048"
                    },
                    {
                        "@Name": "Conditions",
                        "#text": "Condition ID:\t{d78e1e87-8644-4ea5-9437-d809ecefc971}\n\tMatch value:\tEqual to\n\tCondition value:\t\n    00000000  5c 00 64 00 65 00 76 00-69 00 63 00 65 00 5c 00  \\.d.e.v.i.c.e.\\.\n    00000010  68 00 61 00 72 00 64 00-64 00 69 00 73 00 6b 00  h.a.r.d.d.i.s.k.\n    00000020  76 00 6f 00 6c 00 75 00-6d 00 65 00 34 00 5c 00  v.o.l.u.m.e.4.\\.\n    00000030  77 00 69 00 6e 00 64 00-6f 00 77 00 73 00 5c 00  w.i.n.d.o.w.s.\\.\n    00000040  73 00 79 00 73 00 74 00-65 00 6d 00 33 00 32 00  s.y.s.t.e.m.3.2.\n    00000050  5c 00 73 00 76 00 63 00-68 00 6f 00 73 00 74 00  \\.s.v.c.h.o.s.t.\n    00000060  2e 00 65 00 78 00 65 00-00 00                    ..e.x.e...\n\n\n\tCondition ID:\t{af043a0a-b34d-4f86-979c-c90371af6e66}\n\tMatch value:\tEqual to\n\tCondition value:\t\nO:SYG:SYD:(A;;CCRC;;;S-1-5-80-3532809085-2652327567-2620918877-1058261733-582902671)\n\n\n\tCondition ID:\t{3971ef2b-623e-4f9a-8cb1-6e79b806b9a7}\n\tMatch value:\tEqual to\n\tCondition value:\t0x11"
                    },
                    {
                        "@Name": "Action",
                        "#text": "%%16390"
                    },
                    {
                        "@Name": "CalloutKey",
                        "#text": "{00000000-0000-0000-0000-000000000000}"
                    },
                    {
                        "@Name": "CalloutName",
                        "#text": "-"
                    }
                ]
            }
        }
    },
    {
        "Event": {
            "@xmlns": "http://schemas.microsoft.com/win/2004/08/events/event",
            "System": {
                "Provider": {
                    "@Name": "Microsoft-Windows-Security-Auditing",
                    "@Guid": "{54849625-5478-4994-a5ba-3e3b0328c30d}"
                },
                "EventID": {
                    "@Qualifiers": "",
                    "#text": "5447"
                },
                "Version": "0",
                "Level": "0",
                "Task": "13573",
                "Opcode": "0",
                "Keywords": "0x8020000000000000",
                "TimeCreated": {
                    "@SystemTime": "2021-06-03 19:17:46.833300+00:00"
                },
                "EventRecordID": "1965929",
                "Correlation": {
                    "@ActivityID": "{38068009-512d-0000-1d80-06382d51d701}",
                    "@RelatedActivityID": ""
                },
                "Execution": {
                    "@ProcessID": "556",
                    "@ThreadID": "2532"
                },
                "Channel": "Security",
                "Computer": "fs01.offsec.lan",
                "Security": {
                    "@UserID": ""
                }
            },
            "EventData": {
                "Data": [
                    {
                        "@Name": "ProcessId",
                        "#text": "1000"
                    },
                    {
                        "@Name": "UserSid",
                        "#text": "S-1-5-19"
                    },
                    {
                        "@Name": "UserName",
                        "#text": "NT AUTHORITY\\LOCAL SERVICE"
                    },
                    {
                        "@Name": "ProviderKey",
                        "#text": "{4b153735-1049-4480-aab4-d1b9bdc03710}"
                    },
                    {
                        "@Name": "ProviderName",
                        "#text": "Microsoft Corporation"
                    },
                    {
                        "@Name": "ChangeType",
                        "#text": "%%16384"
                    },
                    {
                        "@Name": "FilterKey",
                        "#text": "{37098902-965b-439f-ad28-ca7426282bd7}"
                    },
                    {
                        "@Name": "FilterName",
                        "#text": "IPsec Policy Agent service hardening - LDAP/TCP"
                    },
                    {
                        "@Name": "FilterType",
                        "#text": "%%16388"
                    },
                    {
                        "@Name": "FilterId",
                        "#text": "72264"
                    },
                    {
                        "@Name": "LayerKey",
                        "#text": "{c38d57d1-05a7-4c33-904f-7fbceee60e82}"
                    },
                    {
                        "@Name": "LayerName",
                        "#text": "ALE Connect v4 Layer"
                    },
                    {
                        "@Name": "LayerId",
                        "#text": "48"
                    },
                    {
                        "@Name": "Weight",
                        "#text": "424342768844800"
                    },
                    {
                        "@Name": "Conditions",
                        "#text": "Condition ID:\t{d78e1e87-8644-4ea5-9437-d809ecefc971}\n\tMatch value:\tEqual to\n\tCondition value:\t\n    00000000  5c 00 64 00 65 00 76 00-69 00 63 00 65 00 5c 00  \\.d.e.v.i.c.e.\\.\n    00000010  68 00 61 00 72 00 64 00-64 00 69 00 73 00 6b 00  h.a.r.d.d.i.s.k.\n    00000020  76 00 6f 00 6c 00 75 00-6d 00 65 00 34 00 5c 00  v.o.l.u.m.e.4.\\.\n    00000030  77 00 69 00 6e 00 64 00-6f 00 77 00 73 00 5c 00  w.i.n.d.o.w.s.\\.\n    00000040  73 00 79 00 73 00 74 00-65 00 6d 00 33 00 32 00  s.y.s.t.e.m.3.2.\n    00000050  5c 00 73 00 76 00 63 00-68 00 6f 00 73 00 74 00  \\.s.v.c.h.o.s.t.\n    00000060  2e 00 65 00 78 00 65 00-00 00                    ..e.x.e...\n\n\n\tCondition ID:\t{af043a0a-b34d-4f86-979c-c90371af6e66}\n\tMatch value:\tEqual to\n\tCondition value:\t\nO:SYG:SYD:(A;;CCRC;;;S-1-5-80-3044542841-3639452079-4096941652-1606687743-1256249853)\n\n\n\tCondition ID:\t{3971ef2b-623e-4f9a-8cb1-6e79b806b9a7}\n\tMatch value:\tEqual to\n\tCondition value:\t0x06\n\n\tCondition ID:\t{c35a604d-d22b-4e1a-91b4-68f674ee674b}\n\tMatch value:\tEqual to\n\tCondition value:\t0x0185"
                    },
                    {
                        "@Name": "Action",
                        "#text": "%%16390"
                    },
                    {
                        "@Name": "CalloutKey",
                        "#text": "{00000000-0000-0000-0000-000000000000}"
                    },
                    {
                        "@Name": "CalloutName",
                        "#text": "-"
                    }
                ]
            }
        }
    },
    {
        "Event": {
            "@xmlns": "http://schemas.microsoft.com/win/2004/08/events/event",
            "System": {
                "Provider": {
                    "@Name": "Microsoft-Windows-Security-Auditing",
                    "@Guid": "{54849625-5478-4994-a5ba-3e3b0328c30d}"
                },
                "EventID": {
                    "@Qualifiers": "",
                    "#text": "5447"
                },
                "Version": "0",
                "Level": "0",
                "Task": "13573",
                "Opcode": "0",
                "Keywords": "0x8020000000000000",
                "TimeCreated": {
                    "@SystemTime": "2021-06-03 19:17:46.833487+00:00"
                },
                "EventRecordID": "1965930",
                "Correlation": {
                    "@ActivityID": "{38068009-512d-0000-1d80-06382d51d701}",
                    "@RelatedActivityID": ""
                },
                "Execution": {
                    "@ProcessID": "556",
                    "@ThreadID": "2532"
                },
                "Channel": "Security",
                "Computer": "fs01.offsec.lan",
                "Security": {
                    "@UserID": ""
                }
            },
            "EventData": {
                "Data": [
                    {
                        "@Name": "ProcessId",
                        "#text": "1000"
                    },
                    {
                        "@Name": "UserSid",
                        "#text": "S-1-5-19"
                    },
                    {
                        "@Name": "UserName",
                        "#text": "NT AUTHORITY\\LOCAL SERVICE"
                    },
                    {
                        "@Name": "ProviderKey",
                        "#text": "{4b153735-1049-4480-aab4-d1b9bdc03710}"
                    },
                    {
                        "@Name": "ProviderName",
                        "#text": "Microsoft Corporation"
                    },
                    {
                        "@Name": "ChangeType",
                        "#text": "%%16384"
                    },
                    {
                        "@Name": "FilterKey",
                        "#text": "{e5b42b5d-ec89-4201-a903-542fc5ffe12a}"
                    },
                    {
                        "@Name": "FilterName",
                        "#text": "IPsec Policy Agent service hardening - LDAP/TCP"
                    },
                    {
                        "@Name": "FilterType",
                        "#text": "%%16388"
                    },
                    {
                        "@Name": "FilterId",
                        "#text": "72265"
                    },
                    {
                        "@Name": "LayerKey",
                        "#text": "{4a72393b-319f-44bc-84c3-ba54dcb3b6b4}"
                    },
                    {
                        "@Name": "LayerName",
                        "#text": "ALE Connect v6 Layer"
                    },
                    {
                        "@Name": "LayerId",
                        "#text": "50"
                    },
                    {
                        "@Name": "Weight",
                        "#text": "106085692211200"
                    },
                    {
                        "@Name": "Conditions",
                        "#text": "Condition ID:\t{d78e1e87-8644-4ea5-9437-d809ecefc971}\n\tMatch value:\tEqual to\n\tCondition value:\t\n    00000000  5c 00 64 00 65 00 76 00-69 00 63 00 65 00 5c 00  \\.d.e.v.i.c.e.\\.\n    00000010  68 00 61 00 72 00 64 00-64 00 69 00 73 00 6b 00  h.a.r.d.d.i.s.k.\n    00000020  76 00 6f 00 6c 00 75 00-6d 00 65 00 34 00 5c 00  v.o.l.u.m.e.4.\\.\n    00000030  77 00 69 00 6e 00 64 00-6f 00 77 00 73 00 5c 00  w.i.n.d.o.w.s.\\.\n    00000040  73 00 79 00 73 00 74 00-65 00 6d 00 33 00 32 00  s.y.s.t.e.m.3.2.\n    00000050  5c 00 73 00 76 00 63 00-68 00 6f 00 73 00 74 00  \\.s.v.c.h.o.s.t.\n    00000060  2e 00 65 00 78 00 65 00-00 00                    ..e.x.e...\n\n\n\tCondition ID:\t{af043a0a-b34d-4f86-979c-c90371af6e66}\n\tMatch value:\tEqual to\n\tCondition value:\t\nO:SYG:SYD:(A;;CCRC;;;S-1-5-80-3044542841-3639452079-4096941652-1606687743-1256249853)\n\n\n\tCondition ID:\t{3971ef2b-623e-4f9a-8cb1-6e79b806b9a7}\n\tMatch value:\tEqual to\n\tCondition value:\t0x06\n\n\tCondition ID:\t{c35a604d-d22b-4e1a-91b4-68f674ee674b}\n\tMatch value:\tEqual to\n\tCondition value:\t0x0185"
                    },
                    {
                        "@Name": "Action",
                        "#text": "%%16390"
                    },
                    {
                        "@Name": "CalloutKey",
                        "#text": "{00000000-0000-0000-0000-000000000000}"
                    },
                    {
                        "@Name": "CalloutName",
                        "#text": "-"
                    }
                ]
            }
        }
    },
    {
        "Event": {
            "@xmlns": "http://schemas.microsoft.com/win/2004/08/events/event",
            "System": {
                "Provider": {
                    "@Name": "Microsoft-Windows-Security-Auditing",
                    "@Guid": "{54849625-5478-4994-a5ba-3e3b0328c30d}"
                },
                "EventID": {
                    "@Qualifiers": "",
                    "#text": "5447"
                },
                "Version": "0",
                "Level": "0",
                "Task": "13573",
                "Opcode": "0",
                "Keywords": "0x8020000000000000",
                "TimeCreated": {
                    "@SystemTime": "2021-06-03 19:17:46.833672+00:00"
                },
                "EventRecordID": "1965931",
                "Correlation": {
                    "@ActivityID": "{38068009-512d-0000-1d80-06382d51d701}",
                    "@RelatedActivityID": ""
                },
                "Execution": {
                    "@ProcessID": "556",
                    "@ThreadID": "2532"
                },
                "Channel": "Security",
                "Computer": "fs01.offsec.lan",
                "Security": {
                    "@UserID": ""
                }
            },
            "EventData": {
                "Data": [
                    {
                        "@Name": "ProcessId",
                        "#text": "1000"
                    },
                    {
                        "@Name": "UserSid",
                        "#text": "S-1-5-19"
                    },
                    {
                        "@Name": "UserName",
                        "#text": "NT AUTHORITY\\LOCAL SERVICE"
                    },
                    {
                        "@Name": "ProviderKey",
                        "#text": "{4b153735-1049-4480-aab4-d1b9bdc03710}"
                    },
                    {
                        "@Name": "ProviderName",
                        "#text": "Microsoft Corporation"
                    },
                    {
                        "@Name": "ChangeType",
                        "#text": "%%16384"
                    },
                    {
                        "@Name": "FilterKey",
                        "#text": "{680d8534-5752-48d1-9863-bcf75bb7e4c0}"
                    },
                    {
                        "@Name": "FilterName",
                        "#text": "IPsec Policy Agent service hardening - LDAP/UDP"
                    },
                    {
                        "@Name": "FilterType",
                        "#text": "%%16388"
                    },
                    {
                        "@Name": "FilterId",
                        "#text": "72266"
                    },
                    {
                        "@Name": "LayerKey",
                        "#text": "{c38d57d1-05a7-4c33-904f-7fbceee60e82}"
                    },
                    {
                        "@Name": "LayerName",
                        "#text": "ALE Connect v4 Layer"
                    },
                    {
                        "@Name": "LayerId",
                        "#text": "48"
                    },
                    {
                        "@Name": "Weight",
                        "#text": "424342768844800"
                    },
                    {
                        "@Name": "Conditions",
                        "#text": "Condition ID:\t{d78e1e87-8644-4ea5-9437-d809ecefc971}\n\tMatch value:\tEqual to\n\tCondition value:\t\n    00000000  5c 00 64 00 65 00 76 00-69 00 63 00 65 00 5c 00  \\.d.e.v.i.c.e.\\.\n    00000010  68 00 61 00 72 00 64 00-64 00 69 00 73 00 6b 00  h.a.r.d.d.i.s.k.\n    00000020  76 00 6f 00 6c 00 75 00-6d 00 65 00 34 00 5c 00  v.o.l.u.m.e.4.\\.\n    00000030  77 00 69 00 6e 00 64 00-6f 00 77 00 73 00 5c 00  w.i.n.d.o.w.s.\\.\n    00000040  73 00 79 00 73 00 74 00-65 00 6d 00 33 00 32 00  s.y.s.t.e.m.3.2.\n    00000050  5c 00 73 00 76 00 63 00-68 00 6f 00 73 00 74 00  \\.s.v.c.h.o.s.t.\n    00000060  2e 00 65 00 78 00 65 00-00 00                    ..e.x.e...\n\n\n\tCondition ID:\t{af043a0a-b34d-4f86-979c-c90371af6e66}\n\tMatch value:\tEqual to\n\tCondition value:\t\nO:SYG:SYD:(A;;CCRC;;;S-1-5-80-3044542841-3639452079-4096941652-1606687743-1256249853)\n\n\n\tCondition ID:\t{3971ef2b-623e-4f9a-8cb1-6e79b806b9a7}\n\tMatch value:\tEqual to\n\tCondition value:\t0x11\n\n\tCondition ID:\t{c35a604d-d22b-4e1a-91b4-68f674ee674b}\n\tMatch value:\tEqual to\n\tCondition value:\t0x0185"
                    },
                    {
                        "@Name": "Action",
                        "#text": "%%16390"
                    },
                    {
                        "@Name": "CalloutKey",
                        "#text": "{00000000-0000-0000-0000-000000000000}"
                    },
                    {
                        "@Name": "CalloutName",
                        "#text": "-"
                    }
                ]
            }
        }
    },
    {
        "Event": {
            "@xmlns": "http://schemas.microsoft.com/win/2004/08/events/event",
            "System": {
                "Provider": {
                    "@Name": "Microsoft-Windows-Security-Auditing",
                    "@Guid": "{54849625-5478-4994-a5ba-3e3b0328c30d}"
                },
                "EventID": {
                    "@Qualifiers": "",
                    "#text": "5447"
                },
                "Version": "0",
                "Level": "0",
                "Task": "13573",
                "Opcode": "0",
                "Keywords": "0x8020000000000000",
                "TimeCreated": {
                    "@SystemTime": "2021-06-03 19:17:46.833817+00:00"
                },
                "EventRecordID": "1965932",
                "Correlation": {
                    "@ActivityID": "{38068009-512d-0000-1d80-06382d51d701}",
                    "@RelatedActivityID": ""
                },
                "Execution": {
                    "@ProcessID": "556",
                    "@ThreadID": "2532"
                },
                "Channel": "Security",
                "Computer": "fs01.offsec.lan",
                "Security": {
                    "@UserID": ""
                }
            },
            "EventData": {
                "Data": [
                    {
                        "@Name": "ProcessId",
                        "#text": "1000"
                    },
                    {
                        "@Name": "UserSid",
                        "#text": "S-1-5-19"
                    },
                    {
                        "@Name": "UserName",
                        "#text": "NT AUTHORITY\\LOCAL SERVICE"
                    },
                    {
                        "@Name": "ProviderKey",
                        "#text": "{4b153735-1049-4480-aab4-d1b9bdc03710}"
                    },
                    {
                        "@Name": "ProviderName",
                        "#text": "Microsoft Corporation"
                    },
                    {
                        "@Name": "ChangeType",
                        "#text": "%%16384"
                    },
                    {
                        "@Name": "FilterKey",
                        "#text": "{a75e7dd2-bc35-4960-a1b9-98c6b8c8feb0}"
                    },
                    {
                        "@Name": "FilterName",
                        "#text": "IPsec Policy Agent service hardening - LDAP/UDP"
                    },
                    {
                        "@Name": "FilterType",
                        "#text": "%%16388"
                    },
                    {
                        "@Name": "FilterId",
                        "#text": "72267"
                    },
                    {
                        "@Name": "LayerKey",
                        "#text": "{4a72393b-319f-44bc-84c3-ba54dcb3b6b4}"
                    },
                    {
                        "@Name": "LayerName",
                        "#text": "ALE Connect v6 Layer"
                    },
                    {
                        "@Name": "LayerId",
                        "#text": "50"
                    },
                    {
                        "@Name": "Weight",
                        "#text": "106085692211200"
                    },
                    {
                        "@Name": "Conditions",
                        "#text": "Condition ID:\t{d78e1e87-8644-4ea5-9437-d809ecefc971}\n\tMatch value:\tEqual to\n\tCondition value:\t\n    00000000  5c 00 64 00 65 00 76 00-69 00 63 00 65 00 5c 00  \\.d.e.v.i.c.e.\\.\n    00000010  68 00 61 00 72 00 64 00-64 00 69 00 73 00 6b 00  h.a.r.d.d.i.s.k.\n    00000020  76 00 6f 00 6c 00 75 00-6d 00 65 00 34 00 5c 00  v.o.l.u.m.e.4.\\.\n    00000030  77 00 69 00 6e 00 64 00-6f 00 77 00 73 00 5c 00  w.i.n.d.o.w.s.\\.\n    00000040  73 00 79 00 73 00 74 00-65 00 6d 00 33 00 32 00  s.y.s.t.e.m.3.2.\n    00000050  5c 00 73 00 76 00 63 00-68 00 6f 00 73 00 74 00  \\.s.v.c.h.o.s.t.\n    00000060  2e 00 65 00 78 00 65 00-00 00                    ..e.x.e...\n\n\n\tCondition ID:\t{af043a0a-b34d-4f86-979c-c90371af6e66}\n\tMatch value:\tEqual to\n\tCondition value:\t\nO:SYG:SYD:(A;;CCRC;;;S-1-5-80-3044542841-3639452079-4096941652-1606687743-1256249853)\n\n\n\tCondition ID:\t{3971ef2b-623e-4f9a-8cb1-6e79b806b9a7}\n\tMatch value:\tEqual to\n\tCondition value:\t0x11\n\n\tCondition ID:\t{c35a604d-d22b-4e1a-91b4-68f674ee674b}\n\tMatch value:\tEqual to\n\tCondition value:\t0x0185"
                    },
                    {
                        "@Name": "Action",
                        "#text": "%%16390"
                    },
                    {
                        "@Name": "CalloutKey",
                        "#text": "{00000000-0000-0000-0000-000000000000}"
                    },
                    {
                        "@Name": "CalloutName",
                        "#text": "-"
                    }
                ]
            }
        }
    },
