    {
        "Event": {
            "@xmlns": "http://schemas.microsoft.com/win/2004/08/events/event",
            "System": {
                "Provider": {
                    "@Name": "Microsoft-Windows-Security-Auditing",
                    "@Guid": "{54849625-5478-4994-a5ba-3e3b0328c30d}"
                },
                "EventID": {
                    "@Qualifiers": "",
                    "#text": "5447"
                },
                "Version": "0",
                "Level": "0",
                "Task": "13573",
                "Opcode": "0",
                "Keywords": "0x8020000000000000",
                "TimeCreated": {
                    "@SystemTime": "2021-06-03 19:17:46.816359+00:00"
                },
                "EventRecordID": "1965856",
                "Correlation": {
                    "@ActivityID": "{38068009-512d-0000-1d80-06382d51d701}",
                    "@RelatedActivityID": ""
                },
                "Execution": {
                    "@ProcessID": "556",
                    "@ThreadID": "2532"
                },
                "Channel": "Security",
                "Computer": "fs01.offsec.lan",
                "Security": {
                    "@UserID": ""
                }
            },
            "EventData": {
                "Data": [
                    {
                        "@Name": "ProcessId",
                        "#text": "1000"
                    },
                    {
                        "@Name": "UserSid",
                        "#text": "S-1-5-19"
                    },
                    {
                        "@Name": "UserName",
                        "#text": "NT AUTHORITY\\LOCAL SERVICE"
                    },
                    {
                        "@Name": "ProviderKey",
                        "#text": "{4b153735-1049-4480-aab4-d1b9bdc03710}"
                    },
                    {
                        "@Name": "ProviderName",
                        "#text": "Microsoft Corporation"
                    },
                    {
                        "@Name": "ChangeType",
                        "#text": "%%16384"
                    },
                    {
                        "@Name": "FilterKey",
                        "#text": "{295cda8c-013a-41d8-a7dd-efede503b5b3}"
                    },
                    {
                        "@Name": "FilterName",
                        "#text": "PrivateNetwork Outbound Default Rule"
                    },
                    {
                        "@Name": "FilterType",
                        "#text": "%%16388"
                    },
                    {
                        "@Name": "FilterId",
                        "#text": "72191"
                    },
                    {
                        "@Name": "LayerKey",
                        "#text": "{4a72393b-319f-44bc-84c3-ba54dcb3b6b4}"
                    },
                    {
                        "@Name": "LayerName",
                        "#text": "ALE Connect v6 Layer"
                    },
                    {
                        "@Name": "LayerId",
                        "#text": "50"
                    },
                    {
                        "@Name": "Weight",
                        "#text": "144115239615463932"
                    },
                    {
                        "@Name": "Conditions",
                        "#text": "Condition ID:\t{71bc78fa-f17c-4997-a602-6abb261f351c}\n\tMatch value:\tNot equal to\n\tCondition value:\t-\n\n\tCondition ID:\t{b235ae9a-1d64-49b8-a44c-5ff3d9095045}\n\tMatch value:\tIn range\n\tCondition value:\tfe800000000000000000000000000000 - fe80000000000000ffffffffffffffff\n\n\tCondition ID:\t{46ea1551-2255-492b-8019-aabeee349f40}\n\tMatch value:\tEqual to\n\tCondition value:\t0x00000003\n\n\tCondition ID:\t{ab3033c9-c0e3-4759-937d-5758c65d4ae3}\n\tMatch value:\tEqual to\n\tCondition value:\t0x00000003\n\n\tCondition ID:\t{af043a0a-b34d-4f86-979c-c90371af6e66}\n\tMatch value:\tEqual to\n\tCondition value:\t\nO:LSD:(A;;CC;;;S-1-15-3-3)(A;;CC;;;WD)(A;;CC;;;AN)"
                    },
                    {
                        "@Name": "Action",
                        "#text": "%%16390"
                    },
                    {
                        "@Name": "CalloutKey",
                        "#text": "{00000000-0000-0000-0000-000000000000}"
                    },
                    {
                        "@Name": "CalloutName",
                        "#text": "-"
                    }
                ]
            }
        }
    },
    {
        "Event": {
            "@xmlns": "http://schemas.microsoft.com/win/2004/08/events/event",
            "System": {
                "Provider": {
                    "@Name": "Microsoft-Windows-Security-Auditing",
                    "@Guid": "{54849625-5478-4994-a5ba-3e3b0328c30d}"
                },
                "EventID": {
                    "@Qualifiers": "",
                    "#text": "5447"
                },
                "Version": "0",
                "Level": "0",
                "Task": "13573",
                "Opcode": "0",
                "Keywords": "0x8020000000000000",
                "TimeCreated": {
                    "@SystemTime": "2021-06-03 19:17:46.816450+00:00"
                },
                "EventRecordID": "1965857",
                "Correlation": {
                    "@ActivityID": "{38068009-512d-0000-1d80-06382d51d701}",
                    "@RelatedActivityID": ""
                },
                "Execution": {
                    "@ProcessID": "556",
                    "@ThreadID": "2532"
                },
                "Channel": "Security",
                "Computer": "fs01.offsec.lan",
                "Security": {
                    "@UserID": ""
                }
            },
            "EventData": {
                "Data": [
                    {
                        "@Name": "ProcessId",
                        "#text": "1000"
                    },
                    {
                        "@Name": "UserSid",
                        "#text": "S-1-5-19"
                    },
                    {
                        "@Name": "UserName",
                        "#text": "NT AUTHORITY\\LOCAL SERVICE"
                    },
                    {
                        "@Name": "ProviderKey",
                        "#text": "{4b153735-1049-4480-aab4-d1b9bdc03710}"
                    },
                    {
                        "@Name": "ProviderName",
                        "#text": "Microsoft Corporation"
                    },
                    {
                        "@Name": "ChangeType",
                        "#text": "%%16384"
                    },
                    {
                        "@Name": "FilterKey",
                        "#text": "{67db2ed5-13a7-4b21-9431-4a1b96181174}"
                    },
                    {
                        "@Name": "FilterName",
                        "#text": "PrivateNetwork Outbound Default Rule"
                    },
                    {
                        "@Name": "FilterType",
                        "#text": "%%16388"
                    },
                    {
                        "@Name": "FilterId",
                        "#text": "72192"
                    },
                    {
                        "@Name": "LayerKey",
                        "#text": "{4a72393b-319f-44bc-84c3-ba54dcb3b6b4}"
                    },
                    {
                        "@Name": "LayerName",
                        "#text": "ALE Connect v6 Layer"
                    },
                    {
                        "@Name": "LayerId",
                        "#text": "50"
                    },
                    {
                        "@Name": "Weight",
                        "#text": "18014450049090044"
                    },
                    {
                        "@Name": "Conditions",
                        "#text": "Condition ID:\t{71bc78fa-f17c-4997-a602-6abb261f351c}\n\tMatch value:\tNot equal to\n\tCondition value:\t-\n\n\tCondition ID:\t{b235ae9a-1d64-49b8-a44c-5ff3d9095045}\n\tMatch value:\tIn range\n\tCondition value:\tff000000000000000000000000000000 - ffffffffffffffffffffffffffffffff\n\n\tCondition ID:\t{46ea1551-2255-492b-8019-aabeee349f40}\n\tMatch value:\tEqual to\n\tCondition value:\t0x00000003\n\n\tCondition ID:\t{ab3033c9-c0e3-4759-937d-5758c65d4ae3}\n\tMatch value:\tEqual to\n\tCondition value:\t0x00000003\n\n\tCondition ID:\t{af043a0a-b34d-4f86-979c-c90371af6e66}\n\tMatch value:\tEqual to\n\tCondition value:\t\nO:LSD:(A;;CC;;;S-1-15-3-3)(A;;CC;;;WD)(A;;CC;;;AN)"
                    },
                    {
                        "@Name": "Action",
                        "#text": "%%16390"
                    },
                    {
                        "@Name": "CalloutKey",
                        "#text": "{00000000-0000-0000-0000-000000000000}"
                    },
                    {
                        "@Name": "CalloutName",
                        "#text": "-"
                    }
                ]
            }
        }
    },
    {
        "Event": {
            "@xmlns": "http://schemas.microsoft.com/win/2004/08/events/event",
            "System": {
                "Provider": {
                    "@Name": "Microsoft-Windows-Security-Auditing",
                    "@Guid": "{54849625-5478-4994-a5ba-3e3b0328c30d}"
                },
                "EventID": {
                    "@Qualifiers": "",
                    "#text": "5447"
                },
                "Version": "0",
                "Level": "0",
                "Task": "13573",
                "Opcode": "0",
                "Keywords": "0x8020000000000000",
                "TimeCreated": {
                    "@SystemTime": "2021-06-03 19:17:46.816542+00:00"
                },
                "EventRecordID": "1965858",
                "Correlation": {
                    "@ActivityID": "{38068009-512d-0000-1d80-06382d51d701}",
                    "@RelatedActivityID": ""
                },
                "Execution": {
                    "@ProcessID": "556",
                    "@ThreadID": "2532"
                },
                "Channel": "Security",
                "Computer": "fs01.offsec.lan",
                "Security": {
                    "@UserID": ""
                }
            },
            "EventData": {
                "Data": [
                    {
                        "@Name": "ProcessId",
                        "#text": "1000"
                    },
                    {
                        "@Name": "UserSid",
                        "#text": "S-1-5-19"
                    },
                    {
                        "@Name": "UserName",
                        "#text": "NT AUTHORITY\\LOCAL SERVICE"
                    },
                    {
                        "@Name": "ProviderKey",
                        "#text": "{4b153735-1049-4480-aab4-d1b9bdc03710}"
                    },
                    {
                        "@Name": "ProviderName",
                        "#text": "Microsoft Corporation"
                    },
                    {
                        "@Name": "ChangeType",
                        "#text": "%%16384"
                    },
                    {
                        "@Name": "FilterKey",
                        "#text": "{a64c15da-e919-476e-8e9b-6d4c4a4001fe}"
                    },
                    {
                        "@Name": "FilterName",
                        "#text": "InternetClientServer Inbound Default Rule"
                    },
                    {
                        "@Name": "FilterType",
                        "#text": "%%16388"
                    },
                    {
                        "@Name": "FilterId",
                        "#text": "72193"
                    },
                    {
                        "@Name": "LayerKey",
                        "#text": "{e1cd9fe7-f4b5-4273-96c0-592e487b8650}"
                    },
                    {
                        "@Name": "LayerName",
                        "#text": "ALE Receive/Accept v4 Layer"
                    },
                    {
                        "@Name": "LayerId",
                        "#text": "44"
                    },
                    {
                        "@Name": "Weight",
                        "#text": "81065617926390268"
                    },
                    {
                        "@Name": "Conditions",
                        "#text": "Condition ID:\t{71bc78fa-f17c-4997-a602-6abb261f351c}\n\tMatch value:\tNot equal to\n\tCondition value:\t-\n\n\tCondition ID:\t{b235ae9a-1d64-49b8-a44c-5ff3d9095045}\n\tMatch value:\tIn range\n\tCondition value:\t0x00000000 - 0x0a172a00\n\n\tCondition ID:\t{46ea1551-2255-492b-8019-aabeee349f40}\n\tMatch value:\tEqual to\n\tCondition value:\t0x00000003\n\n\tCondition ID:\t{ab3033c9-c0e3-4759-937d-5758c65d4ae3}\n\tMatch value:\tEqual to\n\tCondition value:\t0x00000003\n\n\tCondition ID:\t{af043a0a-b34d-4f86-979c-c90371af6e66}\n\tMatch value:\tEqual to\n\tCondition value:\t\nO:LSD:(A;;CC;;;S-1-15-3-2)(A;;CC;;;WD)(A;;CC;;;AN)"
                    },
                    {
                        "@Name": "Action",
                        "#text": "%%16390"
                    },
                    {
                        "@Name": "CalloutKey",
                        "#text": "{00000000-0000-0000-0000-000000000000}"
                    },
                    {
                        "@Name": "CalloutName",
                        "#text": "-"
                    }
                ]
            }
        }
    },
    {
        "Event": {
            "@xmlns": "http://schemas.microsoft.com/win/2004/08/events/event",
            "System": {
                "Provider": {
                    "@Name": "Microsoft-Windows-Security-Auditing",
                    "@Guid": "{54849625-5478-4994-a5ba-3e3b0328c30d}"
                },
                "EventID": {
                    "@Qualifiers": "",
                    "#text": "5447"
                },
                "Version": "0",
                "Level": "0",
                "Task": "13573",
                "Opcode": "0",
                "Keywords": "0x8020000000000000",
                "TimeCreated": {
                    "@SystemTime": "2021-06-03 19:17:46.816633+00:00"
                },
                "EventRecordID": "1965859",
                "Correlation": {
                    "@ActivityID": "{38068009-512d-0000-1d80-06382d51d701}",
                    "@RelatedActivityID": ""
                },
                "Execution": {
                    "@ProcessID": "556",
                    "@ThreadID": "2532"
                },
                "Channel": "Security",
                "Computer": "fs01.offsec.lan",
                "Security": {
                    "@UserID": ""
                }
            },
            "EventData": {
                "Data": [
                    {
                        "@Name": "ProcessId",
                        "#text": "1000"
                    },
                    {
                        "@Name": "UserSid",
                        "#text": "S-1-5-19"
                    },
                    {
                        "@Name": "UserName",
                        "#text": "NT AUTHORITY\\LOCAL SERVICE"
                    },
                    {
                        "@Name": "ProviderKey",
                        "#text": "{4b153735-1049-4480-aab4-d1b9bdc03710}"
                    },
                    {
                        "@Name": "ProviderName",
                        "#text": "Microsoft Corporation"
                    },
                    {
                        "@Name": "ChangeType",
                        "#text": "%%16384"
                    },
                    {
                        "@Name": "FilterKey",
                        "#text": "{d1ee14e1-3634-42ef-b360-dc8c8bbf648d}"
                    },
                    {
                        "@Name": "FilterName",
                        "#text": "InternetClientServer Inbound Default Rule"
                    },
                    {
                        "@Name": "FilterType",
                        "#text": "%%16388"
                    },
                    {
                        "@Name": "FilterId",
                        "#text": "72194"
                    },
                    {
                        "@Name": "LayerKey",
                        "#text": "{e1cd9fe7-f4b5-4273-96c0-592e487b8650}"
                    },
                    {
                        "@Name": "LayerName",
                        "#text": "ALE Receive/Accept v4 Layer"
                    },
                    {
                        "@Name": "LayerId",
                        "#text": "44"
                    },
                    {
                        "@Name": "Weight",
                        "#text": "9008023888462332"
                    },
                    {
                        "@Name": "Conditions",
                        "#text": "Condition ID:\t{71bc78fa-f17c-4997-a602-6abb261f351c}\n\tMatch value:\tNot equal to\n\tCondition value:\t-\n\n\tCondition ID:\t{b235ae9a-1d64-49b8-a44c-5ff3d9095045}\n\tMatch value:\tIn range\n\tCondition value:\t0x0a172aff - 0xe0000000\n\n\tCondition ID:\t{46ea1551-2255-492b-8019-aabeee349f40}\n\tMatch value:\tEqual to\n\tCondition value:\t0x00000003\n\n\tCondition ID:\t{ab3033c9-c0e3-4759-937d-5758c65d4ae3}\n\tMatch value:\tEqual to\n\tCondition value:\t0x00000003\n\n\tCondition ID:\t{af043a0a-b34d-4f86-979c-c90371af6e66}\n\tMatch value:\tEqual to\n\tCondition value:\t\nO:LSD:(A;;CC;;;S-1-15-3-2)(A;;CC;;;WD)(A;;CC;;;AN)"
                    },
                    {
                        "@Name": "Action",
                        "#text": "%%16390"
                    },
                    {
                        "@Name": "CalloutKey",
                        "#text": "{00000000-0000-0000-0000-000000000000}"
                    },
                    {
                        "@Name": "CalloutName",
                        "#text": "-"
                    }
                ]
            }
        }
    },
    {
        "Event": {
            "@xmlns": "http://schemas.microsoft.com/win/2004/08/events/event",
            "System": {
                "Provider": {
                    "@Name": "Microsoft-Windows-Security-Auditing",
                    "@Guid": "{54849625-5478-4994-a5ba-3e3b0328c30d}"
                },
                "EventID": {
                    "@Qualifiers": "",
                    "#text": "5447"
                },
                "Version": "0",
                "Level": "0",
                "Task": "13573",
                "Opcode": "0",
                "Keywords": "0x8020000000000000",
                "TimeCreated": {
                    "@SystemTime": "2021-06-03 19:17:46.816744+00:00"
                },
                "EventRecordID": "1965860",
                "Correlation": {
                    "@ActivityID": "{38068009-512d-0000-1d80-06382d51d701}",
                    "@RelatedActivityID": ""
                },
                "Execution": {
                    "@ProcessID": "556",
                    "@ThreadID": "2532"
                },
                "Channel": "Security",
                "Computer": "fs01.offsec.lan",
                "Security": {
                    "@UserID": ""
                }
            },
            "EventData": {
                "Data": [
                    {
                        "@Name": "ProcessId",
                        "#text": "1000"
                    },
                    {
                        "@Name": "UserSid",
                        "#text": "S-1-5-19"
                    },
                    {
                        "@Name": "UserName",
                        "#text": "NT AUTHORITY\\LOCAL SERVICE"
                    },
                    {
                        "@Name": "ProviderKey",
                        "#text": "{4b153735-1049-4480-aab4-d1b9bdc03710}"
                    },
                    {
                        "@Name": "ProviderName",
                        "#text": "Microsoft Corporation"
                    },
                    {
                        "@Name": "ChangeType",
                        "#text": "%%16384"
                    },
                    {
                        "@Name": "FilterKey",
                        "#text": "{584b4de5-8dac-4779-bcc5-b255ebfc36ed}"
                    },
                    {
                        "@Name": "FilterName",
                        "#text": "InternetClientServer Inbound Default Rule"
                    },
                    {
                        "@Name": "FilterType",
                        "#text": "%%16388"
                    },
                    {
                        "@Name": "FilterId",
                        "#text": "72195"
                    },
                    {
                        "@Name": "LayerKey",
                        "#text": "{e1cd9fe7-f4b5-4273-96c0-592e487b8650}"
                    },
                    {
                        "@Name": "LayerName",
                        "#text": "ALE Receive/Accept v4 Layer"
                    },
                    {
                        "@Name": "LayerId",
                        "#text": "44"
                    },
                    {
                        "@Name": "Weight",
                        "#text": "72058418671649276"
                    },
                    {
                        "@Name": "Conditions",
                        "#text": "Condition ID:\t{71bc78fa-f17c-4997-a602-6abb261f351c}\n\tMatch value:\tNot equal to\n\tCondition value:\t-\n\n\tCondition ID:\t{b235ae9a-1d64-49b8-a44c-5ff3d9095045}\n\tMatch value:\tIn range\n\tCondition value:\t0xefffffff - 0xffffffff\n\n\tCondition ID:\t{46ea1551-2255-492b-8019-aabeee349f40}\n\tMatch value:\tEqual to\n\tCondition value:\t0x00000003\n\n\tCondition ID:\t{ab3033c9-c0e3-4759-937d-5758c65d4ae3}\n\tMatch value:\tEqual to\n\tCondition value:\t0x00000003\n\n\tCondition ID:\t{af043a0a-b34d-4f86-979c-c90371af6e66}\n\tMatch value:\tEqual to\n\tCondition value:\t\nO:LSD:(A;;CC;;;S-1-15-3-2)(A;;CC;;;WD)(A;;CC;;;AN)"
                    },
                    {
                        "@Name": "Action",
                        "#text": "%%16390"
                    },
                    {
                        "@Name": "CalloutKey",
                        "#text": "{00000000-0000-0000-0000-000000000000}"
                    },
                    {
                        "@Name": "CalloutName",
                        "#text": "-"
                    }
                ]
            }
        }
    },
    {
        "Event": {
            "@xmlns": "http://schemas.microsoft.com/win/2004/08/events/event",
            "System": {
                "Provider": {
                    "@Name": "Microsoft-Windows-Security-Auditing",
                    "@Guid": "{54849625-5478-4994-a5ba-3e3b0328c30d}"
                },
                "EventID": {
                    "@Qualifiers": "",
                    "#text": "5447"
                },
                "Version": "0",
                "Level": "0",
                "Task": "13573",
                "Opcode": "0",
                "Keywords": "0x8020000000000000",
                "TimeCreated": {
                    "@SystemTime": "2021-06-03 19:17:46.823580+00:00"
                },
                "EventRecordID": "1965861",
                "Correlation": {
                    "@ActivityID": "{38068009-512d-0000-1d80-06382d51d701}",
                    "@RelatedActivityID": ""
                },
                "Execution": {
                    "@ProcessID": "556",
                    "@ThreadID": "2532"
                },
                "Channel": "Security",
                "Computer": "fs01.offsec.lan",
                "Security": {
                    "@UserID": ""
                }
            },
            "EventData": {
                "Data": [
                    {
                        "@Name": "ProcessId",
                        "#text": "1000"
                    },
                    {
                        "@Name": "UserSid",
                        "#text": "S-1-5-19"
                    },
                    {
                        "@Name": "UserName",
                        "#text": "NT AUTHORITY\\LOCAL SERVICE"
                    },
                    {
                        "@Name": "ProviderKey",
                        "#text": "{4b153735-1049-4480-aab4-d1b9bdc03710}"
                    },
                    {
                        "@Name": "ProviderName",
                        "#text": "Microsoft Corporation"
                    },
                    {
                        "@Name": "ChangeType",
                        "#text": "%%16384"
                    },
                    {
                        "@Name": "FilterKey",
                        "#text": "{e912aa8b-2ca2-4e46-a300-4c124f0251aa}"
                    },
                    {
                        "@Name": "FilterName",
                        "#text": "InternetClientServer Inbound Default Rule"
                    },
                    {
                        "@Name": "FilterType",
                        "#text": "%%16388"
                    },
                    {
                        "@Name": "FilterId",
                        "#text": "72196"
                    },
                    {
                        "@Name": "LayerKey",
                        "#text": "{a3b42c97-9f04-4672-b87e-cee9c483257f}"
                    },
                    {
                        "@Name": "LayerName",
                        "#text": "ALE Receive/Accept v6 Layer"
                    },
                    {
                        "@Name": "LayerId",
                        "#text": "46"
                    },
                    {
                        "@Name": "Weight",
                        "#text": "1126106065273340"
                    },
                    {
                        "@Name": "Conditions",
                        "#text": "Condition ID:\t{71bc78fa-f17c-4997-a602-6abb261f351c}\n\tMatch value:\tNot equal to\n\tCondition value:\t-\n\n\tCondition ID:\t{b235ae9a-1d64-49b8-a44c-5ff3d9095045}\n\tMatch value:\tIn range\n\tCondition value:\t00000000000000000000000000000000 - fe800000000000000000000000000000\n\n\tCondition ID:\t{46ea1551-2255-492b-8019-aabeee349f40}\n\tMatch value:\tEqual to\n\tCondition value:\t0x00000003\n\n\tCondition ID:\t{ab3033c9-c0e3-4759-937d-5758c65d4ae3}\n\tMatch value:\tEqual to\n\tCondition value:\t0x00000003\n\n\tCondition ID:\t{af043a0a-b34d-4f86-979c-c90371af6e66}\n\tMatch value:\tEqual to\n\tCondition value:\t\nO:LSD:(A;;CC;;;S-1-15-3-2)(A;;CC;;;WD)(A;;CC;;;AN)"
                    },
                    {
                        "@Name": "Action",
                        "#text": "%%16390"
                    },
                    {
                        "@Name": "CalloutKey",
                        "#text": "{00000000-0000-0000-0000-000000000000}"
                    },
                    {
                        "@Name": "CalloutName",
                        "#text": "-"
                    }
                ]
            }
        }
    },
    {
        "Event": {
            "@xmlns": "http://schemas.microsoft.com/win/2004/08/events/event",
            "System": {
                "Provider": {
                    "@Name": "Microsoft-Windows-Security-Auditing",
                    "@Guid": "{54849625-5478-4994-a5ba-3e3b0328c30d}"
                },
                "EventID": {
                    "@Qualifiers": "",
                    "#text": "5447"
                },
                "Version": "0",
                "Level": "0",
                "Task": "13573",
                "Opcode": "0",
                "Keywords": "0x8020000000000000",
                "TimeCreated": {
                    "@SystemTime": "2021-06-03 19:17:46.823694+00:00"
                },
                "EventRecordID": "1965862",
                "Correlation": {
                    "@ActivityID": "{38068009-512d-0000-1d80-06382d51d701}",
                    "@RelatedActivityID": ""
                },
                "Execution": {
                    "@ProcessID": "556",
                    "@ThreadID": "2532"
                },
                "Channel": "Security",
                "Computer": "fs01.offsec.lan",
                "Security": {
                    "@UserID": ""
                }
            },
            "EventData": {
                "Data": [
                    {
                        "@Name": "ProcessId",
                        "#text": "1000"
                    },
                    {
                        "@Name": "UserSid",
                        "#text": "S-1-5-19"
                    },
                    {
                        "@Name": "UserName",
                        "#text": "NT AUTHORITY\\LOCAL SERVICE"
                    },
                    {
                        "@Name": "ProviderKey",
                        "#text": "{4b153735-1049-4480-aab4-d1b9bdc03710}"
                    },
                    {
                        "@Name": "ProviderName",
                        "#text": "Microsoft Corporation"
                    },
                    {
                        "@Name": "ChangeType",
                        "#text": "%%16384"
                    },
                    {
                        "@Name": "FilterKey",
                        "#text": "{c79ace17-688c-4e61-9341-f45918268a24}"
                    },
                    {
                        "@Name": "FilterName",
                        "#text": "InternetClientServer Inbound Default Rule"
                    },
                    {
                        "@Name": "FilterType",
                        "#text": "%%16388"
                    },
                    {
                        "@Name": "FilterId",
                        "#text": "72197"
                    },
                    {
                        "@Name": "LayerKey",
                        "#text": "{a3b42c97-9f04-4672-b87e-cee9c483257f}"
                    },
                    {
                        "@Name": "LayerName",
                        "#text": "ALE Receive/Accept v6 Layer"
                    },
                    {
                        "@Name": "LayerId",
                        "#text": "46"
                    },
                    {
                        "@Name": "Weight",
                        "#text": "40532602804765180"
                    },
                    {
                        "@Name": "Conditions",
                        "#text": "Condition ID:\t{71bc78fa-f17c-4997-a602-6abb261f351c}\n\tMatch value:\tNot equal to\n\tCondition value:\t-\n\n\tCondition ID:\t{b235ae9a-1d64-49b8-a44c-5ff3d9095045}\n\tMatch value:\tIn range\n\tCondition value:\tfe80000000000000ffffffffffffffff - ff000000000000000000000000000000\n\n\tCondition ID:\t{46ea1551-2255-492b-8019-aabeee349f40}\n\tMatch value:\tEqual to\n\tCondition value:\t0x00000003\n\n\tCondition ID:\t{ab3033c9-c0e3-4759-937d-5758c65d4ae3}\n\tMatch value:\tEqual to\n\tCondition value:\t0x00000003\n\n\tCondition ID:\t{af043a0a-b34d-4f86-979c-c90371af6e66}\n\tMatch value:\tEqual to\n\tCondition value:\t\nO:LSD:(A;;CC;;;S-1-15-3-2)(A;;CC;;;WD)(A;;CC;;;AN)"
                    },
                    {
                        "@Name": "Action",
                        "#text": "%%16390"
                    },
                    {
                        "@Name": "CalloutKey",
                        "#text": "{00000000-0000-0000-0000-000000000000}"
                    },
                    {
                        "@Name": "CalloutName",
                        "#text": "-"
                    }
                ]
            }
        }
    },
    {
        "Event": {
            "@xmlns": "http://schemas.microsoft.com/win/2004/08/events/event",
            "System": {
                "Provider": {
                    "@Name": "Microsoft-Windows-Security-Auditing",
                    "@Guid": "{54849625-5478-4994-a5ba-3e3b0328c30d}"
                },
                "EventID": {
                    "@Qualifiers": "",
                    "#text": "5447"
                },
                "Version": "0",
                "Level": "0",
                "Task": "13573",
                "Opcode": "0",
                "Keywords": "0x8020000000000000",
                "TimeCreated": {
                    "@SystemTime": "2021-06-03 19:17:46.823793+00:00"
                },
                "EventRecordID": "1965863",
                "Correlation": {
                    "@ActivityID": "{38068009-512d-0000-1d80-06382d51d701}",
                    "@RelatedActivityID": ""
                },
                "Execution": {
                    "@ProcessID": "556",
                    "@ThreadID": "2532"
                },
                "Channel": "Security",
                "Computer": "fs01.offsec.lan",
                "Security": {
                    "@UserID": ""
                }
            },
            "EventData": {
                "Data": [
                    {
                        "@Name": "ProcessId",
                        "#text": "1000"
                    },
                    {
                        "@Name": "UserSid",
                        "#text": "S-1-5-19"
                    },
                    {
                        "@Name": "UserName",
                        "#text": "NT AUTHORITY\\LOCAL SERVICE"
                    },
                    {
                        "@Name": "ProviderKey",
                        "#text": "{4b153735-1049-4480-aab4-d1b9bdc03710}"
                    },
                    {
                        "@Name": "ProviderName",
                        "#text": "Microsoft Corporation"
                    },
                    {
                        "@Name": "ChangeType",
                        "#text": "%%16384"
                    },
                    {
                        "@Name": "FilterKey",
                        "#text": "{11a347df-335c-41cd-ad13-55f01067687c}"
                    },
                    {
                        "@Name": "FilterName",
                        "#text": "InternetClientServer Outbound Default Rule"
                    },
                    {
                        "@Name": "FilterType",
                        "#text": "%%16388"
                    },
                    {
                        "@Name": "FilterId",
                        "#text": "72198"
                    },
                    {
                        "@Name": "LayerKey",
                        "#text": "{c38d57d1-05a7-4c33-904f-7fbceee60e82}"
                    },
                    {
                        "@Name": "LayerName",
                        "#text": "ALE Connect v4 Layer"
                    },
                    {
                        "@Name": "LayerId",
                        "#text": "48"
                    },
                    {
                        "@Name": "Weight",
                        "#text": "42784402618450940"
                    },
                    {
                        "@Name": "Conditions",
                        "#text": "Condition ID:\t{71bc78fa-f17c-4997-a602-6abb261f351c}\n\tMatch value:\tNot equal to\n\tCondition value:\t-\n\n\tCondition ID:\t{b235ae9a-1d64-49b8-a44c-5ff3d9095045}\n\tMatch value:\tIn range\n\tCondition value:\t0x00000000 - 0x0a172a00\n\n\tCondition ID:\t{46ea1551-2255-492b-8019-aabeee349f40}\n\tMatch value:\tEqual to\n\tCondition value:\t0x00000003\n\n\tCondition ID:\t{ab3033c9-c0e3-4759-937d-5758c65d4ae3}\n\tMatch value:\tEqual to\n\tCondition value:\t0x00000003\n\n\tCondition ID:\t{af043a0a-b34d-4f86-979c-c90371af6e66}\n\tMatch value:\tEqual to\n\tCondition value:\t\nO:LSD:(A;;CC;;;S-1-15-3-2)(A;;CC;;;WD)(A;;CC;;;AN)"
                    },
                    {
                        "@Name": "Action",
                        "#text": "%%16390"
                    },
                    {
                        "@Name": "CalloutKey",
                        "#text": "{00000000-0000-0000-0000-000000000000}"
                    },
                    {
                        "@Name": "CalloutName",
                        "#text": "-"
                    }
                ]
            }
        }
    },
    {
        "Event": {
            "@xmlns": "http://schemas.microsoft.com/win/2004/08/events/event",
            "System": {
                "Provider": {
                    "@Name": "Microsoft-Windows-Security-Auditing",
                    "@Guid": "{54849625-5478-4994-a5ba-3e3b0328c30d}"
                },
                "EventID": {
                    "@Qualifiers": "",
                    "#text": "5447"
                },
                "Version": "0",
                "Level": "0",
                "Task": "13573",
                "Opcode": "0",
                "Keywords": "0x8020000000000000",
                "TimeCreated": {
                    "@SystemTime": "2021-06-03 19:17:46.823893+00:00"
                },
                "EventRecordID": "1965864",
                "Correlation": {
                    "@ActivityID": "{38068009-512d-0000-1d80-06382d51d701}",
                    "@RelatedActivityID": ""
                },
                "Execution": {
                    "@ProcessID": "556",
                    "@ThreadID": "2532"
                },
                "Channel": "Security",
                "Computer": "fs01.offsec.lan",
                "Security": {
                    "@UserID": ""
                }
            },
            "EventData": {
                "Data": [
                    {
                        "@Name": "ProcessId",
                        "#text": "1000"
                    },
                    {
                        "@Name": "UserSid",
                        "#text": "S-1-5-19"
                    },
                    {
                        "@Name": "UserName",
                        "#text": "NT AUTHORITY\\LOCAL SERVICE"
                    },
                    {
                        "@Name": "ProviderKey",
                        "#text": "{4b153735-1049-4480-aab4-d1b9bdc03710}"
                    },
                    {
                        "@Name": "ProviderName",
                        "#text": "Microsoft Corporation"
                    },
                    {
                        "@Name": "ChangeType",
                        "#text": "%%16384"
                    },
                    {
                        "@Name": "FilterKey",
                        "#text": "{c562edcd-bfa3-49f8-9642-809450702194}"
                    },
                    {
                        "@Name": "FilterName",
                        "#text": "InternetClientServer Outbound Default Rule"
                    },
                    {
                        "@Name": "FilterType",
                        "#text": "%%16388"
                    },
                    {
                        "@Name": "FilterId",
                        "#text": "72199"
                    },
                    {
                        "@Name": "LayerKey",
                        "#text": "{c38d57d1-05a7-4c33-904f-7fbceee60e82}"
                    },
                    {
                        "@Name": "LayerName",
                        "#text": "ALE Connect v4 Layer"
                    },
                    {
                        "@Name": "LayerId",
                        "#text": "48"
                    },
                    {
                        "@Name": "Weight",
                        "#text": "2252005972116476"
                    },
                    {
                        "@Name": "Conditions",
                        "#text": "Condition ID:\t{71bc78fa-f17c-4997-a602-6abb261f351c}\n\tMatch value:\tNot equal to\n\tCondition value:\t-\n\n\tCondition ID:\t{b235ae9a-1d64-49b8-a44c-5ff3d9095045}\n\tMatch value:\tIn range\n\tCondition value:\t0x0a172aff - 0xe0000000\n\n\tCondition ID:\t{46ea1551-2255-492b-8019-aabeee349f40}\n\tMatch value:\tEqual to\n\tCondition value:\t0x00000003\n\n\tCondition ID:\t{ab3033c9-c0e3-4759-937d-5758c65d4ae3}\n\tMatch value:\tEqual to\n\tCondition value:\t0x00000003\n\n\tCondition ID:\t{af043a0a-b34d-4f86-979c-c90371af6e66}\n\tMatch value:\tEqual to\n\tCondition value:\t\nO:LSD:(A;;CC;;;S-1-15-3-2)(A;;CC;;;WD)(A;;CC;;;AN)"
                    },
                    {
                        "@Name": "Action",
                        "#text": "%%16390"
                    },
                    {
                        "@Name": "CalloutKey",
                        "#text": "{00000000-0000-0000-0000-000000000000}"
                    },
                    {
                        "@Name": "CalloutName",
                        "#text": "-"
                    }
                ]
            }
        }
    },
    {
        "Event": {
            "@xmlns": "http://schemas.microsoft.com/win/2004/08/events/event",
            "System": {
                "Provider": {
                    "@Name": "Microsoft-Windows-Security-Auditing",
                    "@Guid": "{54849625-5478-4994-a5ba-3e3b0328c30d}"
                },
                "EventID": {
                    "@Qualifiers": "",
                    "#text": "5447"
                },
                "Version": "0",
                "Level": "0",
                "Task": "13573",
                "Opcode": "0",
                "Keywords": "0x8020000000000000",
                "TimeCreated": {
                    "@SystemTime": "2021-06-03 19:17:46.823994+00:00"
                },
                "EventRecordID": "1965865",
                "Correlation": {
                    "@ActivityID": "{38068009-512d-0000-1d80-06382d51d701}",
                    "@RelatedActivityID": ""
                },
                "Execution": {
                    "@ProcessID": "556",
                    "@ThreadID": "2532"
                },
                "Channel": "Security",
                "Computer": "fs01.offsec.lan",
                "Security": {
                    "@UserID": ""
                }
            },
            "EventData": {
                "Data": [
                    {
                        "@Name": "ProcessId",
                        "#text": "1000"
                    },
                    {
                        "@Name": "UserSid",
                        "#text": "S-1-5-19"
                    },
                    {
                        "@Name": "UserName",
                        "#text": "NT AUTHORITY\\LOCAL SERVICE"
                    },
                    {
                        "@Name": "ProviderKey",
                        "#text": "{4b153735-1049-4480-aab4-d1b9bdc03710}"
                    },
                    {
                        "@Name": "ProviderName",
                        "#text": "Microsoft Corporation"
                    },
                    {
                        "@Name": "ChangeType",
                        "#text": "%%16384"
                    },
                    {
                        "@Name": "FilterKey",
                        "#text": "{6a1eeb22-3b24-44ae-819f-297475ee5551}"
                    },
                    {
                        "@Name": "FilterName",
                        "#text": "InternetClientServer Outbound Default Rule"
                    },
                    {
                        "@Name": "FilterType",
                        "#text": "%%16388"
                    },
                    {
                        "@Name": "FilterId",
                        "#text": "72200"
                    },
                    {
                        "@Name": "LayerKey",
                        "#text": "{c38d57d1-05a7-4c33-904f-7fbceee60e82}"
                    },
                    {
                        "@Name": "LayerName",
                        "#text": "ALE Connect v4 Layer"
                    },
                    {
                        "@Name": "LayerId",
                        "#text": "48"
                    },
                    {
                        "@Name": "Weight",
                        "#text": "36029003177395196"
                    },
                    {
                        "@Name": "Conditions",
                        "#text": "Condition ID:\t{71bc78fa-f17c-4997-a602-6abb261f351c}\n\tMatch value:\tNot equal to\n\tCondition value:\t-\n\n\tCondition ID:\t{b235ae9a-1d64-49b8-a44c-5ff3d9095045}\n\tMatch value:\tIn range\n\tCondition value:\t0xefffffff - 0xffffffff\n\n\tCondition ID:\t{46ea1551-2255-492b-8019-aabeee349f40}\n\tMatch value:\tEqual to\n\tCondition value:\t0x00000003\n\n\tCondition ID:\t{ab3033c9-c0e3-4759-937d-5758c65d4ae3}\n\tMatch value:\tEqual to\n\tCondition value:\t0x00000003\n\n\tCondition ID:\t{af043a0a-b34d-4f86-979c-c90371af6e66}\n\tMatch value:\tEqual to\n\tCondition value:\t\nO:LSD:(A;;CC;;;S-1-15-3-2)(A;;CC;;;WD)(A;;CC;;;AN)"
                    },
                    {
                        "@Name": "Action",
                        "#text": "%%16390"
                    },
                    {
                        "@Name": "CalloutKey",
                        "#text": "{00000000-0000-0000-0000-000000000000}"
                    },
                    {
                        "@Name": "CalloutName",
                        "#text": "-"
                    }
                ]
            }
        }
    },
