[
    {
        "Event": {
            "@xmlns": "http://schemas.microsoft.com/win/2004/08/events/event",
            "System": {
                "Provider": {
                    "@Name": "Microsoft-Windows-Bits-Client",
                    "@Guid": "{ef1cc15b-46c1-414e-bb95-e76b077bd51e}"
                },
                "EventID": {
                    "@Qualifiers": "",
                    "#text": "3"
                },
                "Version": "0",
                "Level": "4",
                "Task": "0",
                "Opcode": "0",
                "Keywords": "0x4000000000000000",
                "TimeCreated": {
                    "@SystemTime": "2021-10-21 17:52:47.072311+00:00"
                },
                "EventRecordID": "1129",
                "Correlation": {
                    "@ActivityID": "",
                    "@RelatedActivityID": ""
                },
                "Execution": {
                    "@ProcessID": "768",
                    "@ThreadID": "4460"
                },
                "Channel": "Microsoft-Windows-Bits-Client/Operational",
                "Computer": "FS03.offsec.lan",
                "Security": {
                    "@UserID": "S-1-5-18"
                }
            },
            "EventData": {
                "Data": [
                    {
                        "@Name": "string",
                        "#text": "BITS Transfer"
                    },
                    {
                        "@Name": "string2",
                        "#text": "OFFSEC\\admmig"
                    },
                    {
                        "@Name": "string3"
                    }
                ]
            }
        }
    },
    {
        "Event": {
            "@xmlns": "http://schemas.microsoft.com/win/2004/08/events/event",
            "System": {
                "Provider": {
                    "@Name": "Microsoft-Windows-Bits-Client",
                    "@Guid": "{ef1cc15b-46c1-414e-bb95-e76b077bd51e}"
                },
                "EventID": {
                    "@Qualifiers": "",
                    "#text": "5"
                },
                "Version": "0",
                "Level": "4",
                "Task": "0",
                "Opcode": "0",
                "Keywords": "0x4000000000000000",
                "TimeCreated": {
                    "@SystemTime": "2021-10-21 17:52:48.592798+00:00"
                },
                "EventRecordID": "1130",
                "Correlation": {
                    "@ActivityID": "",
                    "@RelatedActivityID": ""
                },
                "Execution": {
                    "@ProcessID": "768",
                    "@ThreadID": "4424"
                },
                "Channel": "Microsoft-Windows-Bits-Client/Operational",
                "Computer": "FS03.offsec.lan",
                "Security": {
                    "@UserID": "S-1-5-21-4230534742-2542757381-3142984815-1111"
                }
            },
            "EventData": {
                "Data": [
                    {
                        "@Name": "User",
                        "#text": "OFFSEC\\admmig"
                    },
                    {
                        "@Name": "jobTitle",
                        "#text": "BITS Transfer"
                    },
                    {
                        "@Name": "jobId",
                        "#text": "{2e340c8c-7f77-401f-90fd-578049749afb}"
                    },
                    {
                        "@Name": "jobOwner",
                        "#text": "OFFSEC\\admmig"
                    },
                    {
                        "@Name": "fileCount",
                        "#text": "1"
                    }
                ]
            }
        }
    },
    {
        "Event": {
            "@xmlns": "http://schemas.microsoft.com/win/2004/08/events/event",
            "System": {
                "Provider": {
                    "@Name": "Microsoft-Windows-Bits-Client",
                    "@Guid": "{ef1cc15b-46c1-414e-bb95-e76b077bd51e}"
                },
                "EventID": {
                    "@Qualifiers": "",
                    "#text": "3"
                },
                "Version": "0",
                "Level": "4",
                "Task": "0",
                "Opcode": "0",
                "Keywords": "0x4000000000000000",
                "TimeCreated": {
                    "@SystemTime": "2021-10-21 17:53:36.643879+00:00"
                },
                "EventRecordID": "1131",
                "Correlation": {
                    "@ActivityID": "",
                    "@RelatedActivityID": ""
                },
                "Execution": {
                    "@ProcessID": "768",
                    "@ThreadID": "1788"
                },
                "Channel": "Microsoft-Windows-Bits-Client/Operational",
                "Computer": "FS03.offsec.lan",
                "Security": {
                    "@UserID": "S-1-5-18"
                }
            },
            "EventData": {
                "Data": [
                    {
                        "@Name": "string",
                        "#text": "BITS Transfer"
                    },
                    {
                        "@Name": "string2",
                        "#text": "OFFSEC\\admmig"
                    },
                    {
                        "@Name": "string3"
                    }
                ]
            }
        }
    },
    {
        "Event": {
            "@xmlns": "http://schemas.microsoft.com/win/2004/08/events/event",
            "System": {
                "Provider": {
                    "@Name": "Microsoft-Windows-Bits-Client",
                    "@Guid": "{ef1cc15b-46c1-414e-bb95-e76b077bd51e}"
                },
                "EventID": {
                    "@Qualifiers": "",
                    "#text": "59"
                },
                "Version": "1",
                "Level": "4",
                "Task": "0",
                "Opcode": "1",
                "Keywords": "0x4000000000000000",
                "TimeCreated": {
                    "@SystemTime": "2021-10-21 17:53:42.530663+00:00"
                },
                "EventRecordID": "1132",
                "Correlation": {
                    "@ActivityID": "{470f04e8-35f7-474f-9d19-3444a2826db1}",
                    "@RelatedActivityID": ""
                },
                "Execution": {
                    "@ProcessID": "768",
                    "@ThreadID": "4256"
                },
                "Channel": "Microsoft-Windows-Bits-Client/Operational",
                "Computer": "FS03.offsec.lan",
                "Security": {
                    "@UserID": "S-1-5-18"
                }
            },
            "EventData": {
                "Data": [
                    {
                        "@Name": "transferId",
                        "#text": "{470f04e8-35f7-474f-9d19-3444a2826db1}"
                    },
                    {
                        "@Name": "name",
                        "#text": "BITS Transfer"
                    },
                    {
                        "@Name": "Id",
                        "#text": "{ebfcb3cd-6489-40ef-8eb7-7e0d6b4dd4ff}"
                    },
                    {
                        "@Name": "url",
                        "#text": "https://releases.ubuntu.com/20.04.3/ubuntu-20.04.3-desktop-amd64.iso"
                    },
                    {
                        "@Name": "peer"
                    },
                    {
                        "@Name": "fileTime",
                        "#text": "2021-08-19 11:06:00+00:00"
                    },
                    {
                        "@Name": "fileLength",
                        "#text": "3071934464"
                    },
                    {
                        "@Name": "bytesTotal",
                        "#text": "3071934464"
                    },
                    {
                        "@Name": "bytesTransferred",
                        "#text": "0"
                    },
                    {
                        "@Name": "bytesTransferredFromPeer",
                        "#text": "0"
                    }
                ]
            }
        }
    },
    {
        "Event": {
            "@xmlns": "http://schemas.microsoft.com/win/2004/08/events/event",
            "System": {
                "Provider": {
                    "@Name": "Microsoft-Windows-Bits-Client",
                    "@Guid": "{ef1cc15b-46c1-414e-bb95-e76b077bd51e}"
                },
                "EventID": {
                    "@Qualifiers": "",
                    "#text": "60"
                },
                "Version": "1",
                "Level": "4",
                "Task": "0",
                "Opcode": "2",
                "Keywords": "0x4000000000000000",
                "TimeCreated": {
                    "@SystemTime": "2021-10-21 18:05:47.899174+00:00"
                },
                "EventRecordID": "1133",
                "Correlation": {
                    "@ActivityID": "{470f04e8-35f7-474f-9d19-3444a2826db1}",
                    "@RelatedActivityID": ""
                },
                "Execution": {
                    "@ProcessID": "768",
                    "@ThreadID": "4424"
                },
                "Channel": "Microsoft-Windows-Bits-Client/Operational",
                "Computer": "FS03.offsec.lan",
                "Security": {
                    "@UserID": "S-1-5-18"
                }
            },
            "EventData": {
                "Data": [
                    {
                        "@Name": "transferId",
                        "#text": "{470f04e8-35f7-474f-9d19-3444a2826db1}"
                    },
                    {
                        "@Name": "name",
                        "#text": "BITS Transfer"
                    },
                    {
                        "@Name": "Id",
                        "#text": "{ebfcb3cd-6489-40ef-8eb7-7e0d6b4dd4ff}"
                    },
                    {
                        "@Name": "url",
                        "#text": "https://releases.ubuntu.com/20.04.3/ubuntu-20.04.3-desktop-amd64.iso"
                    },
                    {
                        "@Name": "peer"
                    },
                    {
                        "@Name": "hr",
                        "#text": "262152"
                    },
                    {
                        "@Name": "fileTime",
                        "#text": "2021-08-19 11:06:00+00:00"
                    },
                    {
                        "@Name": "fileLength",
                        "#text": "3071934464"
                    },
                    {
                        "@Name": "bytesTotal",
                        "#text": "3071934464"
                    },
                    {
                        "@Name": "bytesTransferred",
                        "#text": "2497476607"
                    },
                    {
                        "@Name": "proxy"
                    },
                    {
                        "@Name": "peerProtocolFlags",
                        "#text": "0"
                    },
                    {
                        "@Name": "bytesTransferredFromPeer",
                        "#text": "0"
                    },
                    {
                        "@Name": "AdditionalInfoHr",
                        "#text": "0"
                    },
                    {
                        "@Name": "PeerContextInfo",
                        "#text": "0"
                    },
                    {
                        "@Name": "bandwidthLimit",
                        "#text": "18446744073709551615"
                    },
                    {
                        "@Name": "ignoreBandwidthLimitsOnLan",
                        "#text": "False"
                    }
                ]
            }
        }
    },
    {
        "Event": {
            "@xmlns": "http://schemas.microsoft.com/win/2004/08/events/event",
            "System": {
                "Provider": {
                    "@Name": "Microsoft-Windows-Bits-Client",
                    "@Guid": "{ef1cc15b-46c1-414e-bb95-e76b077bd51e}"
                },
                "EventID": {
                    "@Qualifiers": "",
                    "#text": "5"
                },
                "Version": "0",
                "Level": "4",
                "Task": "0",
                "Opcode": "0",
                "Keywords": "0x4000000000000000",
                "TimeCreated": {
                    "@SystemTime": "2021-10-21 18:05:47.899174+00:00"
                },
                "EventRecordID": "1134",
                "Correlation": {
                    "@ActivityID": "",
                    "@RelatedActivityID": ""
                },
                "Execution": {
                    "@ProcessID": "768",
                    "@ThreadID": "4424"
                },
                "Channel": "Microsoft-Windows-Bits-Client/Operational",
                "Computer": "FS03.offsec.lan",
                "Security": {
                    "@UserID": "S-1-5-21-4230534742-2542757381-3142984815-1111"
                }
            },
            "EventData": {
                "Data": [
                    {
                        "@Name": "User",
                        "#text": "OFFSEC\\admmig"
                    },
                    {
                        "@Name": "jobTitle",
                        "#text": "BITS Transfer"
                    },
                    {
                        "@Name": "jobId",
                        "#text": "{ebfcb3cd-6489-40ef-8eb7-7e0d6b4dd4ff}"
                    },
                    {
                        "@Name": "jobOwner",
                        "#text": "OFFSEC\\admmig"
                    },
                    {
                        "@Name": "fileCount",
                        "#text": "1"
                    }
                ]
            }
        }
    }
]